#Time       v(a0)      v(cout)    v(sum0)    v(sum1)    v(sum2)    v(sum3)    v(sum4)    v(sum5)    v(sum6)    v(sum7)    v(sum8)    v(sum9)    v(sum10)   v(sum11)   v(sum12)   v(sum13)   v(sum14)   v(sum15)  
 0.        -165.E-15   10.552E-9  1.8        1.8        1.8        1.8        1.8        1.8        1.8        1.8        1.8        1.8        1.8        1.8        1.8        1.8        1.8        1.8       
 1.E-9      1.8       -653.13E-9 -0.022288  -0.063368   1.5153     1.7999     1.8        1.8        1.8        1.8        1.7999     1.7999     1.8        1.8        1.8        1.7999     1.7999     1.7999    
 2.E-9      1.8       -8.4039E-6 -580.57E-6 -0.0037134 -0.0036674  0.010741   0.018906  -0.11231    0.63534    1.8        1.8027     1.7999     1.8        1.8        1.8        1.7999     1.7999     1.7999    
 3.E-9      1.8        1.8001     12.23E-6   160.33E-6  44.185E-6 -110.06E-6 -224.64E-9  171.86E-6  13.602E-6  0.0020755 -0.0026796  0.015408  -0.0012262  0.07583   -454.12E-6  0.074973  -0.084484   1.8       
 4.E-9      1.8        1.8       -3.3521E-6  56.228E-6  20.146E-6 -515.47E-9  7.0562E-6  46.77E-6   2.5986E-6  17.87E-6  -443.33E-6  895.9E-6   8.7109E-6  395.38E-6  9.1078E-6  0.003275  -0.0014475  0.011781  
 5.E-9      1.8        1.8        6.0607E-6 -56.678E-6 -21.716E-6 -6.1149E-6 -8.1377E-6 -55.985E-6 -3.3351E-6 -9.0466E-6  388.93E-6 -705.92E-6 -13.056E-6 -209.95E-6 -10.273E-6 -0.0019394  851.35E-6 -0.0057908 
 6.E-9      564.9E-12  1.8        1.7613     1.8354    -22.958E-6 -29.977E-6 -10.371E-6 -80.181E-6 -2.2877E-6 -5.9261E-6  86.171E-6 -228.66E-6 -17.778E-6 -26.006E-6 -11.485E-6 -173.19E-6 -12.389E-6  33.646E-6 
 7.E-9     -2.6924E-9  1.8        1.7997     1.8012     1.8021     0.5489    -0.0062463 -73.994E-6 -1.0544E-6 -5.6534E-6  68.944E-6 -216.19E-6 -15.623E-6 -22.576E-6 -9.1614E-6 -164.67E-6 -20.684E-6  25.542E-6 
 8.E-9     -5.0358E-9  1.1247     1.8        1.7999     1.8001     1.8011     1.7986     1.7977     1.8006    -463.28E-6  1.6442    -64.914E-6  233.65E-6 -22.682E-6  78.482E-6 -163.13E-6 -26.484E-6  20.804E-6 
 9.E-9     -1.8155E-9 -286.28E-6  1.8        1.7998     1.8001     1.7999     1.8        1.8002     1.8001     1.8014     1.7936     1.7763     1.803      1.7579     1.7983     1.4328     1.7092     15.767E-6 
 10.E-9     843.9E-12  22.525E-6  1.8        1.7998     1.8001     1.7999     1.8001     1.7999     1.8        1.8002     1.7994     1.7988     1.8003     1.799      1.7999     1.7888     1.7966     1.8443    
 11.E-9     1.8        15.187E-6 -54.384E-6 -0.0039989  1.0711     1.7999     1.8        1.7999     1.8        1.7999     1.8        1.7998     1.7999     1.8001     1.8        1.8        1.8001     1.8       
 12.E-9     1.8        245.53E-6 -27.864E-6 -440.75E-6  297.28E-6  0.024246   0.026976  -0.081427   0.16819    1.7999     1.8127     1.7997     1.7999     1.8        1.8        1.8        1.8001     1.8       
 13.E-9     1.8        1.8003    -17.448E-6 -157.76E-6  70.37E-6   973.89E-6  239.35E-6 -0.0012692  2.9713E-6 -0.0064262 -0.0095459  0.031499   0.0094902  0.102     -96.982E-6  0.10301    0.015301   1.7997    
 14.E-9     1.8        1.8       -12.762E-6 -115.38E-6  47.718E-6  93.349E-6  12.254E-6 -131.13E-6 -30.272E-6 -171.92E-6 -0.0012176  0.0038069  94.617E-6  0.0020712  9.4536E-6  0.01078    748.2E-6  -0.022213  
 15.E-9     1.8        1.8        13.507E-6  124.85E-6 -50.914E-6 -39.445E-6 -13.495E-6  126.1E-6   32.148E-6  102.66E-6  907.98E-6 -0.0022723 -26.048E-6 -911.56E-6 -5.8103E-6 -0.0062936 -514.75E-6  0.010925  
 16.E-9    -1.4837E-9  1.8        1.7908     1.963      80.924E-6 -129.83E-6  37.356E-6 -119.74E-6 -40.559E-6 -86.262E-6 -216.51E-6 -233.92E-6 -57.872E-6  44.278E-6  809.24E-9 -240.28E-6  19.931E-6  26.716E-6 
 17.E-9    -1.9753E-9  1.8        1.7998     1.7988     1.7997     0.70347   -0.0017931  108.06E-6  35.71E-6   84.794E-6  218.88E-6  260.38E-6  57.679E-6 -45.185E-6 -641.46E-9  267.53E-6 -4.1493E-6 -31.247E-6 
 18.E-9    -8.069E-9   0.5371     1.7999     1.8002     1.8        1.7949     1.7996     1.8471     1.7748    -0.0021737  1.5504    -140.2E-6   85.817E-6  46.739E-6  94.114E-6 -266.08E-6 -3.4426E-6  34.058E-6 
 19.E-9    -2.848E-9   268.45E-6  1.7999     1.7999     1.7999     1.8        1.8001     1.7998     1.7997     1.7977     1.7892     1.7804     1.7982     1.8923     1.8004     1.4654     1.9438     32.813E-6 
 20.E-9     1.4865E-9 -2.7236E-6  1.8001     1.8001     1.8001     1.7999     1.8001     1.7999     1.8        1.7999     1.8006     1.801      1.7999     1.8002     1.8        1.8061     1.7993     1.7759    
#Time       v(a0)      v(cout)    v(sum0)    v(sum1)    v(sum2)    v(sum3)    v(sum4)    v(sum5)    v(sum6)    v(sum7)    v(sum8)    v(sum9)    v(sum10)   v(sum11)   v(sum12)   v(sum13)   v(sum14)   v(sum15)  
 0.        -157.E-15   10.552E-9  1.8        1.8        1.8        1.8        1.8        1.8        1.8        1.8        1.8        1.8        1.8        1.8        1.8        1.8        1.8        1.8       
 250.E-12   1.8        182.37E-9  1.7994     1.7999     1.7999     1.8        1.8001     1.8        1.8        1.8        1.8        1.8        1.7999     1.8        1.7998     1.7999     1.8        1.8       
 500.E-12   1.8        283.65E-9 -0.012138   1.7999     1.7999     1.8        1.8001     1.8        1.8        1.8        1.8        1.8        1.8        1.7999     1.7998     1.7999     1.7999     1.7999    
 750.E-12   1.8        512.2E-9  -219.16E-6  1.7465     1.7998     1.7999     1.8001     1.8        1.8        1.8        1.8        1.8        1.8        1.8        1.7999     1.7999     1.7999     1.8       
 1.E-9      1.8       -661.25E-9  151.46E-6  0.004846   1.8        1.8001     1.7999     1.8        1.8        1.8        1.8        1.8        1.8        1.8        1.8        1.8        1.8001     1.8       
 1.25E-9    1.8       -780.65E-9  128.34E-6  0.0017869  1.8144     1.8001     1.7998     1.8        1.8        1.8        1.8        1.8        1.8        1.8001     1.8001     1.8        1.8001     1.8001    
 1.5E-9     1.8       -872.04E-9  105.18E-6  666.87E-6 -0.1361     1.6973     1.7998     1.8        1.8        1.8        1.8        1.8        1.8        1.8        1.8001     1.8        1.8001     1.8       
 1.75E-9    1.8       -978.35E-9  86.178E-6  305.23E-6 -0.076549  -0.13565    1.8        1.8        1.8        1.8        1.8        1.8        1.8        1.8        1.8        1.8        1.8001     1.8001    
 2.E-9      1.8       -1.0733E-6  70.513E-6  154.89E-6 -0.045056  -0.075381   1.466      1.7997     1.7999     1.8        1.8        1.8        1.8        1.8        1.8001     1.8001     1.8001     1.8001    
 2.25E-9    1.8       -1.4136E-6  57.504E-6  85.623E-6 -0.027137  -0.043481  -0.094714   0.76709    1.7969     1.8        1.8075     1.8        1.8        1.8        1.8001     1.8        1.8        1.8       
 2.5E-9     1.8        0.38581    46.627E-6  53.959E-6 -0.016551  -0.02559   -0.055196   0.027704  -0.14019    1.6328     0.32438    1.7998     1.8        1.8        1.8        1.8001     1.8001     1.8001    
 2.75E-9    1.8        1.8737     37.478E-6  39.797E-6 -0.010166  -0.015228  -0.03305    0.0074371 -0.07926    0.088533   0.023858   0.43726    1.8078     1.8        1.8004     1.8        1.8        1.8       
 3.E-9      1.8        1.8096     29.743E-6  33.731E-6 -0.006271  -0.0091181 -0.020078   0.0020942 -0.046741   0.0042057  0.0033411  0.093084   0.21401    1.7996     0.26062    1.7999     1.8001     1.8001    
 3.25E-9    1.8        1.8029     23.176E-6  31.364E-6 -0.0038805 -0.0054806 -0.01229    610.93E-6 -0.028169   68.212E-6  593.47E-6  0.04791    0.032918   0.51771    0.11067    0.94443    1.8        1.8001    
 3.5E-9     1.8        1.7994    -11.12E-6  -26.313E-6  0.0011888  0.001537   0.0036003 -57.429E-6  0.0081551  27.599E-6  38.411E-6 -0.011494  -387.25E-6 -0.0079105 -0.025555   0.0042816  1.8065     1.8027    
 3.75E-9    1.8        1.8001     5.0852E-6  30.643E-6 -546.62E-6 -617.22E-6 -0.0012144  22.904E-6 -0.0027283  13.201E-6 -13.854E-6  0.0035039 -11.057E-6  574.41E-6  0.007893  -754.96E-6 -0.073128  -0.14064   
 4.E-9      1.8        1.8       -2.721E-6   28.071E-6 -127.E-6   -143.76E-6 -292.6E-6   16.946E-6 -424.63E-6  4.2294E-6 -5.2735E-6  471.08E-6 -2.8363E-6  13.934E-6  714.36E-6  16.817E-6 -0.0073952 -0.011238  
 4.25E-9    1.8        1.8        6.1209E-6 -36.566E-6  52.872E-6  76.108E-6  199.79E-6 -17.034E-6  224.64E-6 -2.3187E-6  2.1003E-6 -236.36E-6 -6.1934E-6 -33.369E-6 -322.72E-6 -55.119E-6  0.0025063  0.0035501 
 4.5E-9     1.8        1.8        8.5125E-6 -40.063E-6  28.203E-6  55.208E-6  177.29E-6 -16.992E-6  171.48E-6 -3.5888E-6  838.56E-9 -171.88E-6 -10.827E-6 -42.92E-6  -248.38E-6 -62.839E-6  0.001566   0.0021487 
 4.75E-9    1.8        1.7999    -10.346E-6  47.484E-6 -20.079E-6 -50.927E-6 -181.39E-6  19.805E-6 -163.78E-6  7.3415E-6  326.24E-9  160.23E-6  17.208E-6  55.138E-6  242.29E-6  73.25E-6  -0.0013934 -0.0019002 
 5.E-9      1.8        1.8        10.824E-6 -45.613E-6  15.261E-6  46.263E-6  174.7E-6  -18.434E-6  152.37E-6 -5.7681E-6 -223.49E-9 -146.19E-6 -15.973E-6 -53.164E-6 -227.26E-6 -71.133E-6  0.0012639  0.0016839 
 5.25E-9    1.9029E-9  1.8       -47.802E-6 -35.611E-6 -50.393E-6 -13.116E-6  76.118E-6 -8.2728E-6  14.523E-6 -9.0121E-6 -3.2094E-6  9.7621E-6 -22.429E-6 -49.35E-6  -84.12E-6  -54.891E-6 -1.8374E-6 -25.43E-6  
 5.5E-9     1.4103E-9  1.8       -0.003     -53.468E-6 -100.63E-6 -33.18E-6   128.57E-6 -11.76E-6   11.47E-6  -5.3516E-6 -3.5986E-6  44.473E-6 -27.426E-6 -40.415E-6 -157.01E-6 -82.449E-6 -98.291E-6 -121.1E-6  
 5.75E-9   -4.0123E-9  1.8        1.7857     134.62E-6  109.26E-6  37.833E-6 -133.69E-6  12.213E-6 -7.866E-6   6.4677E-6  4.5818E-6 -51.759E-6  29.574E-6  60.846E-6  166.38E-6  85.828E-6  126.28E-6  145.38E-6 
 6.E-9      438.E-12   1.8        1.8016     0.073978  -119.83E-6 -42.289E-6  144.87E-6 -14.403E-6  7.3759E-6 -7.3348E-6 -5.4997E-6  58.481E-6 -33.331E-6 -62.882E-6 -132.8E-6  -94.348E-6 -144.3E-6  -164.57E-6 
 6.25E-9    1.0483E-9  1.8        1.8007     1.877     -117.38E-6 -45.751E-6  154.3E-6  -15.939E-6  7.3793E-6 -8.3239E-6 -6.2187E-6  63.307E-6 -36.974E-6 -63.65E-6  -148.62E-6 -59.098E-6 -156.71E-6 -131.87E-6 
 6.5E-9     580.2E-12  1.8        1.8003     1.8101    -219.06E-6 -46.038E-6  153.89E-6 -15.609E-6  7.0269E-6 -7.3007E-6 -5.8501E-6  64.27E-6  -34.689E-6 -60.867E-6 -153.91E-6 -73.414E-6 -158.6E-6  -143.4E-6  
 6.75E-9    418.E-12   1.8        1.8002     1.8015    -0.0074875 -53.676E-6  152.63E-6 -15.408E-6  6.5175E-6 -7.0232E-6 -5.6752E-6  64.717E-6 -33.487E-6 -57.884E-6 -157.77E-6 -78.715E-6 -159.69E-6 -149.03E-6 
 7.E-9      121.4E-12  1.8        1.8001     1.8004     1.8644    -0.0032442  169.83E-6 -15.185E-6  6.1634E-6 -6.827E-6  -5.5108E-6  65.042E-6 -32.747E-6 -53.993E-6 -160.84E-6 -81.783E-6 -160.52E-6 -153.46E-6 
 7.25E-9   -1.5571E-9  1.8        1.8        1.8002     1.8221     1.4822     64.343E-6 -15.05E-6   5.8741E-6 -6.605E-6  -5.4298E-6  65.175E-6 -32.301E-6 -55.122E-6 -163.37E-6 -83.622E-6 -161.26E-6 -157.34E-6 
 7.5E-9    -537.1E-12  1.8        1.8        1.8        1.8075     1.7123    -0.0013771 -21.087E-6  1.5825E-6 -6.5063E-6 -7.5812E-6  65.455E-6 -32.03E-6  -52.955E-6 -120.43E-6 -85.011E-6 -162.02E-6 -160.71E-6 
 7.75E-9   -6.9786E-9  1.8        1.8001     1.8001     1.7996     1.8056     0.19993   -655.77E-6 -46.524E-6  6.4492E-6  87.688E-6 -58.932E-6  28.301E-6  43.443E-6  124.03E-6  75.495E-6  146.27E-6  148.31E-6 
 8.E-9     -6.805E-9   1.8        1.8001     1.8        1.7998     1.8023     1.924      0.53059   -0.0017542  3.3419E-6 -0.0055064 -66.995E-6  36.99E-6   60.771E-6  150.52E-6  94.435E-6  168.12E-6  128.09E-6 
 8.25E-9   -8.3761E-9  1.7114     1.8001     1.8        1.7998     1.801      1.8448     1.8565     0.74768   -0.0011728  1.1352    -77.716E-6  32.844E-6  58.738E-6  154.3E-6   64.466E-6  170.96E-6  142.64E-6 
 8.5E-9    -9.2888E-9 -0.10199    1.8001     1.8001     1.7999     1.8004     1.8166     1.8061     1.8332     0.5263     1.7953    -0.0034493  84.806E-6  55.916E-6  179.9E-6   73.238E-6  172.78E-6  150.86E-6 
 8.75E-9   -6.1082E-9 -0.027569   1.8001     1.8001     1.7999     1.8001     1.8061     1.8014     1.8123     1.703      1.7989     1.5472    -0.0070266  49.548E-6 -0.0012541  79.358E-6  174.35E-6  157.65E-6 
 9.E-9     -8.2077E-9 -0.0078533  1.8001     1.8001     1.8        1.8        1.8024     1.8007     1.8046     1.7995     1.7994     1.7261     1.3568     143.57E-6  0.57517    209.81E-6  184.49E-6  126.65E-6 
 9.25E-9   -4.6203E-9 -0.0022749  1.8001     1.8        1.8        1.7999     1.8011     1.8004     1.8018     1.8        1.7997     1.7748     1.7972     0.073911   1.8713    -0.0029827  87.741E-6  136.47E-6 
 9.5E-9    -3.1846E-9 -661.47E-6  1.8001     1.8001     1.8        1.7999     1.8005     1.8002     1.8008     1.8        1.7998     1.7909     1.7989     1.788      1.8248     1.8381     69.578E-6  157.38E-6 
 9.75E-9   -2.8235E-9 -241.28E-6  1.8001     1.8001     1.8        1.7999     1.8003     1.8001     1.8004     1.8        1.7999     1.7965     1.7994     1.7987     1.8084     1.8048    -435.91E-6 -0.0021727 
 10.E-9    -3.9634E-9 -96.18E-6   1.8001     1.8        1.8        1.7999     1.8001     1.8        1.8002     1.8        1.7999     1.7985     1.7997     1.7997     1.803      1.7996    -0.0017257  1.304     
 10.25E-9   1.8        8.5866E-6  1.7996     1.8        1.8        1.8001     1.8        1.8        1.8        1.8        1.8        1.8001     1.8001     1.8001     1.7997     1.8004     0.10728    1.8112    
 10.5E-9    1.8       -6.9547E-6 -0.038731   1.7998     1.8001     1.7999     1.7999     1.8        1.8        1.8        1.8        1.8001     1.8        1.8        1.8        1.8001     1.7984     1.8       
 10.75E-9   1.8       -10.766E-6 -0.0050782  1.4933     1.8001     1.7999     1.7999     1.8        1.8        1.8        1.8        1.8001     1.8        1.8001     1.8001     1.8        1.7998     1.8001    
 11.E-9     1.8       -14.276E-6 -0.003138  -0.098925   1.8        1.7999     1.7999     1.8        1.8        1.8        1.8        1.8001     1.8        1.8        1.8001     1.8        1.7999     1.8001    
 11.25E-9   1.8       -13.946E-6 -0.0019516 -0.03659    1.7232     1.7999     1.7999     1.8        1.8        1.8        1.8        1.8001     1.8        1.8        1.8001     1.8        1.7999     1.8001    
 11.5E-9    1.8       -13.949E-6 -0.0012271 -0.014119  -0.13471    1.4258     1.7998     1.8        1.8        1.8        1.8        1.8001     1.8        1.8        1.8002     1.8        1.8        1.8001    
 11.75E-9   1.8       -14.132E-6 -869.49E-6 -0.0055463 -0.076914  -0.09182    1.8001     1.8        1.8        1.8        1.8        1.8001     1.8        1.8        1.8001     1.8001     1.8        1.8001    
 12.E-9     1.8       -14.379E-6 -626.39E-6 -0.002204  -0.045569  -0.052793   1.2364     1.7997     1.7998     1.8        1.8        1.8001     1.8        1.8        1.8001     1.8        1.8        1.8001    
 12.25E-9   1.8       -15.14E-6  -460.52E-6 -926.93E-6 -0.027535  -0.031008  -0.056414   0.6395     1.7743     1.8        1.8088     1.8001     1.8        1.8        1.8001     1.8001     1.8001     1.8001    
 12.5E-9    1.8        0.40388   -342.5E-6  -412.38E-6 -0.016817  -0.018431  -0.033431   0.048293  -0.1397     1.6199     0.27958    1.7999     1.7999     1.8        1.8        1.8        1.8001     1.8001    
 12.75E-9   1.8        1.8736    -257.65E-6 -176.08E-6 -0.010336  -0.011027  -0.020205   0.013566  -0.079228   0.076026   0.02212    0.38274    1.8099     1.8        1.8005     1.8001     1.8001     1.8001    
 13.E-9     1.8        1.8097    -195.96E-6 -63.527E-6 -0.0063777 -0.0066213 -0.012334   0.0040426 -0.046787   0.0035086  0.0030329  0.10431    0.17817    1.7996     0.25008    1.7999     1.8001     1.8       
 13.25E-9   1.8        1.803     -150.53E-6 -8.9095E-6 -0.0039473 -0.0039862 -0.0075659  0.0012462 -0.028213  -14.096E-6  523.34E-6  0.05399    0.028695   0.47492    0.10894    0.91838    1.8        1.8001    
 13.5E-9    1.8        1.8015    -116.63E-6  18.257E-6 -0.0024538 -0.002411  -0.0046504  423.98E-6 -0.017204  -88.126E-6  111.52E-6  0.030227   0.0057918  0.06989    0.059307  -0.0017772  1.809      1.8011    
 13.75E-9   1.8        1.8008    -90.956E-6  32.278E-6 -0.0015457 -0.0014654 -0.0028609  154.4E-6  -0.010555  -42.689E-6 -13.667E-6  0.017457   0.0012706  0.0202     0.034022  -0.0029624 -0.020447   0.0055222 
 14.E-9     1.8        1.8004    -71.222E-6  39.914E-6 -0.0010697 -955.73E-6 -0.0017693  56.952E-6 -0.0064972  13.624E-6 -22.178E-6  0.01023    284.77E-6  0.0062303  0.019953  -0.0019192 -0.012772   0.0063861 
 14.25E-9   1.8        1.8002    -55.824E-6  44.404E-6 -753.38E-6 -670.58E-6 -0.0010998  23.708E-6 -0.0040071  17.278E-6 -18.841E-6  0.0060374  31.564E-6  0.0019723  0.011824  -0.0010336 -0.0079133  0.0046825 
 14.5E-9    1.8        1.8001    -43.61E-6   47.291E-6 -542.47E-6 -484.13E-6 -751.24E-6  13.658E-6 -0.0024775  12.231E-6 -14.615E-6  0.0035751 -10.048E-6  670.64E-6  0.0070402 -513.55E-6 -0.0049016  0.0030429 
 14.75E-9   1.8        1.7999     42.086E-6 -58.329E-6  506.49E-6  458.91E-6  710.08E-6 -15.012E-6  0.0022027 -14.778E-6  15.501E-6 -0.0031361  14.216E-6 -525.8E-6  -0.0061795  406.85E-6  0.0043569 -0.0027238 
 15.E-9     1.8        1.8001    -39.236E-6  57.051E-6 -465.16E-6 -423.82E-6 -657.39E-6  14.033E-6 -0.0019584  11.359E-6 -13.319E-6  0.0027559 -14.478E-6  409.46E-6  0.0054424 -330.6E-6  -0.0038639  0.0024278 
 15.25E-9  -4.7511E-9  1.8       -11.422E-6 -78.115E-6 -83.469E-6  51.112E-6  163.83E-6 -6.5326E-6  41.724E-6 -9.2488E-6 -10.263E-6  27.337E-6 -36.886E-6 -79.47E-6  -24.466E-6 -112.93E-6 -139.23E-6 -125.26E-6 
 15.5E-9    3.482E-9   1.8       -0.0028025  52.103E-6  137.23E-6 -59.61E-6  -116.21E-6  26.846E-6 -36.958E-6  292.2E-9   7.8949E-6 -49.402E-6  20.634E-6  52.699E-6  111.5E-6   50.107E-6  120.84E-6  90.16E-6  
 15.75E-9  -6.2414E-9  1.7999     1.786      251.15E-6 -120.64E-6  43.77E-6   136.51E-6 -18.558E-6  23.553E-6  1.3512E-6 -3.822E-6   44.421E-6 -17.755E-6 -31.293E-6 -110.74E-6 -68.899E-6 -140.77E-6 -113.56E-6 
 16.E-9     2.7014E-9  1.8        1.8006     0.098061   163.06E-6 -56.242E-6 -126.33E-6  32.454E-6 -28.473E-6 -325.87E-9  10.623E-6 -56.601E-6  42.711E-6  54.029E-6  159.22E-6  68.671E-6  105.44E-6  115.96E-6 
 16.25E-9   3.4375E-9  1.8        1.8001     1.8847     188.76E-6 -58.926E-6 -158.07E-6  29.627E-6 -29.273E-6 -219.47E-9  11.149E-6 -51.285E-6  36.782E-6  58.835E-6  128.73E-6  81.55E-6   129.03E-6  137.16E-6 
 16.5E-9    2.9676E-9  1.8        1.8001     1.8111    -19.279E-6 -57.673E-6 -169.55E-6  26.999E-6 -28.029E-6 -1.0207E-6  10.508E-6 -48.613E-6  33.311E-6  52.454E-6  141.26E-6  87.205E-6  136.06E-6  147.18E-6 
 16.75E-9   2.8396E-9  1.8        1.8001     1.8018    -0.0074633 -63.706E-6 -142.68E-6  26.288E-6 -26.902E-6 -1.0847E-6  10.192E-6 -49.572E-6  34.447E-6  47.122E-6  147.82E-6  93.573E-6  143.78E-6  146.9E-6  
 17.E-9     2.536E-9   1.8        1.8001     1.8005     1.8497    -0.0030385 -135.91E-6  26.244E-6 -25.957E-6 -1.0056E-6  9.9102E-6 -46.713E-6  31.446E-6  47.202E-6  153.06E-6  96.152E-6  152.04E-6  152.9E-6  
 17.25E-9   860.E-12   1.8        1.8001     1.8002     1.8172     1.4591    -28.127E-6  26.637E-6 -25.183E-6 -1.0563E-6  9.7363E-6 -48.078E-6  31.354E-6  43.594E-6  157.52E-6  95.889E-6  162.1E-6   150.6E-6  
 17.5E-9    1.9461E-9  1.8        1.8002     1.8        1.8055     1.7083    -0.0013847  21.382E-6 -28.473E-6 -1.0726E-6  7.5705E-6 -47.165E-6  32.535E-6  45.184E-6  161.45E-6  98.385E-6  166.35E-6  155.55E-6 
 17.75E-9  -1.3337E-9  1.8        1.8002     1.7999     1.8017     1.7692     0.24277   -386.28E-6  121.16E-6 -1.2007E-6  59.639E-6 -44.271E-6  30.476E-6  43.138E-6  165.03E-6  99.066E-6  172.54E-6  152.74E-6 
 18.E-9    -703.1E-12  1.8        1.8002     1.7999     1.8005     1.7891     1.9313     0.51174   -0.0014848 -7.1723E-6 -0.0056731 -44.73E-6   31.604E-6  45.404E-6  168.37E-6  97.877E-6  174.34E-6  157.42E-6 
 18.25E-9  -2.2177E-9  1.699      1.8002     1.7999     1.8001     1.7959     1.8472     1.8579     0.65196   -991.25E-6  1.1393    -52.456E-6  28.139E-6  43.561E-6  131.52E-6  101.49E-6  178.21E-6  154.4E-6  
 18.5E-9   -2.9842E-9 -0.10899    1.8001     1.8        1.8001     1.7982     1.8175     1.8062     1.8546     0.50014    1.7954    -0.003366   90.183E-6  45.916E-6  198.09E-6  96.767E-6  179.5E-6   159.14E-6 
 18.75E-9   58.86E-12 -0.029474   1.8001     1.8        1.8002     1.7992     1.8064     1.8014     1.82       1.6972     1.7989     1.5416    -0.0069154  41.94E-6  -0.0012132  98.002E-6  178.84E-6  157.76E-6 
 19.E-9    -1.9209E-9 -0.0084271  1.8001     1.8        1.8001     1.7997     1.8025     1.8006     1.8072     1.7995     1.7994     1.7248     1.3754     141.13E-6  0.54542    225.14E-6  190.77E-6  157.04E-6 
 19.25E-9   1.5226E-9 -0.0024493  1.8001     1.8        1.8001     1.7999     1.8011     1.8003     1.8027     1.8001     1.7997     1.7743     1.797      0.09463    1.8776    -0.0042172  93.437E-6  156.94E-6 
 19.5E-9    3.0016E-9 -711.37E-6  1.8001     1.8        1.8002     1.8        1.8006     1.8002     1.8011     1.8        1.7998     1.7908     1.7989     1.8019     1.827      1.8341     70.647E-6  169.46E-6 
 19.75E-9   3.3422E-9 -254.72E-6  1.8001     1.8        1.8002     1.8001     1.8003     1.8001     1.8006     1.8        1.7999     1.7964     1.7994     1.8        1.8095     1.804     -397.95E-6 -0.0021378 
 20.E-9     2.1809E-9 -102.91E-6  1.8001     1.8        1.8002     1.8001     1.8001     1.8        1.8003     1.8        1.7999     1.7985     1.7997     1.7999     1.8034     1.7994    -0.0016888  1.3011    
#Time       v(a0)      v(cout)    v(sum0)    v(sum1)    v(sum2)    v(sum3)    v(sum4)    v(sum5)    v(sum6)    v(sum7)    v(sum8)    v(sum9)    v(sum10)   v(sum11)   v(sum12)   v(sum13)   v(sum14)   v(sum15)  
 0.        -157.E-15   10.552E-9  1.8        1.8        1.8        1.8        1.8        1.8        1.8        1.8        1.8        1.8        1.8        1.8        1.8        1.8        1.8        1.8       
 100.E-12   1.8        26.793E-9  1.8        1.8001     1.8        1.8001     1.7999     1.8        1.8        1.8002     1.8001     1.8        1.8001     1.8        1.8        1.8001     1.8001     1.7999    
 200.E-12   1.8       -101.1E-9   1.7999     1.7999     1.8001     1.8001     1.7998     1.8        1.8        1.8001     1.8        1.8        1.8        1.8        1.8001     1.8        1.8        1.8       
 300.E-12   1.8       -247.62E-9  1.8017     1.8001     1.8001     1.8001     1.7999     1.8        1.8        1.8        1.8        1.8        1.8001     1.8001     1.8001     1.8001     1.8001     1.8001    
 400.E-12   1.8       -358.58E-9  1.4703     1.8        1.8        1.8001     1.7999     1.8        1.8        1.8        1.8        1.8        1.8        1.8001     1.8        1.8001     1.8001     1.8       
 500.E-12   1.8       -421.91E-9  0.0024492  1.7999     1.8002     1.8001     1.7998     1.8        1.8        1.8001     1.8        1.8        1.8        1.8001     1.8002     1.7999     1.7999     1.8002    
 600.E-12   1.8       -552.78E-9  159.83E-6  1.7997     1.8001     1.8001     1.7999     1.8        1.8        1.8        1.8        1.7999     1.8        1.8        1.8001     1.8        1.8001     1.8001    
 700.E-12   1.8       -719.34E-9  94.642E-6  1.81       1.8        1.8001     1.7999     1.8        1.8        1.8        1.7999     1.7999     1.8        1.8001     1.8        1.8        1.8        1.8       
 800.E-12   1.8       -1.1399E-6  75.403E-6  1.2577     1.8001     1.8001     1.8        1.8        1.8        1.8        1.8        1.7999     1.8001     1.8        1.8001     1.8001     1.8001     1.8001    
 900.E-12   1.8        1.8142E-6 -79.61E-6   0.098362   1.8        1.7998     1.8001     1.8        1.8        1.8        1.7999     1.8001     1.7999     1.7999     1.8        1.8        1.8        1.7999    
 1.E-9      1.8       -1.5824E-6  76.396E-6 -0.05061    1.7999     1.8001     1.7999     1.8        1.8        1.8        1.8        1.7999     1.8        1.8        1.8        1.8        1.8        1.8       
 1.1E-9     1.8        1.6971E-6 -73.098E-6  0.027491   1.7999     1.8        1.8        1.8        1.8        1.8        1.8        1.8001     1.8        1.8        1.7999     1.8        1.8        1.8       
 1.2E-9     1.8       -1.6621E-6  70.028E-6 -0.014992   1.8034     1.8001     1.8        1.8        1.8        1.8        1.8        1.7999     1.8        1.8        1.8001     1.8001     1.8        1.8001    
 1.3E-9     1.8        1.7276E-6 -66.541E-6  0.0082863  1.6226     1.7999     1.8001     1.8        1.8        1.8        1.8        1.8001     1.8        1.8        1.8        1.8        1.7999     1.7999    
 1.4E-9     1.8       -1.7437E-6  63.195E-6 -0.0045967  0.24346    1.7994     1.7999     1.8        1.8        1.8        1.8        1.7999     1.8        1.8        1.8        1.8        1.8        1.8       
 1.5E-9     1.8        1.7878E-6 -59.723E-6  0.0025662 -0.13108    1.7901     1.8001     1.8        1.8        1.8        1.8        1.8001     1.8        1.8        1.8        1.8        1.8        1.8       
 1.6E-9     1.8       -1.7695E-6  56.432E-6 -0.0014404  0.096732   0.38724    1.7999     1.8        1.8        1.8        1.8        1.7999     1.8        1.8        1.8001     1.8001     1.8        1.8       
 1.7E-9     1.8        1.8008E-6 -53.161E-6  866.93E-6 -0.066047  -0.14662    1.7999     1.8        1.8        1.8        1.8        1.8001     1.8        1.8        1.8        1.8        1.7999     1.7999    
 1.8E-9     1.8       -1.8131E-6  50.109E-6 -519.94E-6  0.048567   0.10645    1.8002     1.8        1.8        1.8        1.8        1.7999     1.8        1.8        1.8        1.8        1.8        1.8       
 1.9E-9     1.8        1.8674E-6 -47.186E-6  318.58E-6 -0.034753  -0.070039   1.803      1.8        1.8        1.8        1.8        1.8001     1.8        1.8        1.8        1.8        1.8        1.8       
 2.E-9      1.8       -1.859E-6   44.488E-6 -188.66E-6  0.025617   0.050512   1.7409     1.7998     1.7999     1.8        1.8        1.7999     1.8        1.8        1.8001     1.8001     1.8        1.8       
 2.1E-9     1.8        1.8688E-6 -41.89E-6   107.02E-6 -0.018649  -0.035385   0.33534    1.8015     1.7998     1.8        1.7999     1.8001     1.8        1.8        1.8        1.8        1.7999     1.7999    
 2.2E-9     1.8       -1.8305E-6  39.531E-6 -54.551E-6  0.013764   0.025622  -0.13914    1.6368     1.8022     1.8        1.7999     1.7999     1.8        1.8        1.8        1.8        1.8        1.8       
 2.3E-9     1.8        1.3682E-6 -37.3E-6    20.837E-6 -0.010091  -0.018338   0.10283    0.59523    1.7522     1.8        1.8071     1.8001     1.8        1.8        1.8        1.8        1.8        1.8       
 2.4E-9     1.8        225.E-6    35.273E-6  1.2246E-6  0.0074481  0.013311  -0.069613  -0.075278   0.33803    1.7996     1.3888     1.7999     1.8        1.8        1.8001     1.8001     1.8        1.8       
 2.5E-9     1.8       -0.0017796 -33.374E-6 -15.753E-6 -0.0054755 -0.009609   0.051184   0.034482  -0.14224    1.7819     0.45086    1.8001     1.8        1.8        1.8        1.8        1.8        1.7999    
 2.6E-9     1.8        0.63892    31.684E-6  25.575E-6  0.0040371  0.0069817 -0.036548  -0.015882   0.1052     1.3371    -0.021915   1.7993     1.7999     1.8        1.7999     1.8        1.8        1.8       
 2.7E-9    -5.3086E-9  1.5725    -31.034E-6 -32.273E-6 -0.0029679 -0.005057   0.026941   0.0075278 -0.070988   0.47578    0.0058656  1.7034     1.7999     1.8        1.7999     1.8        1.8        1.8       
 2.8E-9    -7.2298E-9  1.7845     28.17E-6  -50.701E-6 -50.584E-6 -48.419E-6  110.21E-6  51.317E-6 -102.56E-6  0.043393   108.45E-6  0.0011564  1.8048     1.8001     1.8019     1.7999     1.7999     1.7999    
 2.9E-9    -8.8416E-9  1.799      248.5E-6  -85.879E-6 -91.672E-6 -86.197E-6  148.66E-6  6.6248E-6 -15.363E-6  0.00253   -33.142E-6  34.104E-6  1.5894     1.7999     1.8174     1.7999     1.7999     1.7999    
 3.E-9     -8.7078E-9  1.7999    -0.0032543  56.629E-6  125.04E-6  114.61E-6 -116.78E-6 -5.9758E-6  11.767E-6  190.96E-6  22.558E-6 -29.29E-6   0.40741    1.7996     0.20233    1.7997     1.8001     1.8001    
 3.1E-9    -6.3218E-9  1.8        0.0010891  97.314E-6  166.83E-6  154.71E-6 -174.3E-6  -8.6752E-6  13.272E-6  32.477E-6  45.563E-6 -36.36E-6  -0.010979   1.8097     0.022316   1.8027     1.7999     1.8       
 3.2E-9    -8.9635E-9  1.8        1.1886     211.54E-6  173.46E-6  163.67E-6 -123.96E-6 -10.322E-6  13.706E-6  24.778E-6  51.399E-6 -39.185E-6  280.59E-6  1.3409     0.0049766  1.5051     1.7999     1.8001    
 3.3E-9    -5.4796E-9  1.8        1.7976    -530.91E-6  128.47E-6  122.07E-6 -111.65E-6 -5.9154E-6  11.128E-6  4.0267E-6  12.666E-6 -29.862E-6  9.2097E-6  0.062225   0.0010505  0.039683   1.8001     1.8       
 3.4E-9    -4.2498E-9  1.8        1.7996    -0.0050102  156.78E-6  149.03E-6 -154.42E-6 -6.7129E-6  11.094E-6  9.9303E-6  19.568E-6 -42.205E-6  19.516E-6  0.001207   390.06E-6  0.0028766  1.8012     1.7996    
 3.5E-9    -4.2209E-9  1.8        1.7999     0.058513   160.73E-6  154.65E-6 -109.45E-6 -7.7016E-6  12.071E-6  13.305E-6  23.563E-6 -45.902E-6  21.876E-6  94.217E-6  238.23E-6  265.79E-6  1.8055     1.8056    
 3.6E-9    -3.4245E-9  1.8        1.7999     0.97382   -199.47E-6 -190.13E-6  144.84E-6  11.192E-6 -14.483E-6 -29.465E-6 -47.897E-6  58.369E-6 -39.038E-6 -74.32E-6  -244.22E-6 -235.8E-6   1.6842     1.1735    
 3.7E-9    -2.7234E-9  1.8        1.8        1.7794     139.09E-6  126.99E-6 -95.789E-6 -9.7178E-6  14.373E-6  17.727E-6 -5.7907E-6 -56.763E-6  30.339E-6  58.797E-6  225.05E-6  168.74E-6  0.3086     0.075709  
 3.8E-9    -773.1E-12  1.8        1.8        1.8053    -18.057E-6 -85.71E-6   116.97E-6  10.195E-6 -15.404E-6 -18.17E-6  -22.752E-6  57.606E-6 -30.499E-6 -48.658E-6 -156.69E-6 -128.38E-6 -0.12973   -0.052528  
 3.9E-9    -3.5204E-9  1.8        1.8        1.7986     109.38E-6  100.29E-6 -124.07E-6 -10.037E-6  15.997E-6  17.315E-6  19.411E-6 -57.83E-6   29.921E-6  46.131E-6  159.38E-6  103.6E-6   0.095709   0.038035  
 4.E-9     -201.4E-12  1.8        1.8        1.8004    -322.52E-6 -107.01E-6  133.57E-6  10.096E-6 -16.493E-6 -17.238E-6 -19.062E-6  58.282E-6 -29.889E-6 -45.311E-6 -153.99E-6 -88.097E-6 -0.065514  -0.027059  
 4.1E-9    -3.0166E-9  1.8        1.8        1.7998    -0.0016344  111.96E-6 -142.06E-6 -10.09E-6   16.853E-6  17.204E-6  19.527E-6 -58.626E-6  29.977E-6  46.414E-6  152.33E-6  79.377E-6  0.048202   0.019617  
 4.2E-9    -390.3E-12  1.8        1.8        1.8001    -0.0057152 -129.32E-6  150.28E-6  10.071E-6 -17.182E-6 -17.237E-6 -20.013E-6  59.043E-6 -30.026E-6 -47.979E-6 -150.97E-6 -74.673E-6 -0.034514  -0.014094  
 4.3E-9    -3.7685E-9  1.8        1.8        1.8        0.10415    360.34E-6 -162.57E-6 -9.9778E-6  17.465E-6  17.233E-6  20.668E-6 -59.392E-6  30.168E-6  49.968E-6  150.66E-6  72.818E-6  0.025446   0.010219  
 4.4E-9    -1.7659E-9  1.8        1.8        1.7999     1.2778    -0.001375   172.73E-6  10.007E-6 -17.636E-6 -17.184E-6 -21.264E-6  59.8E-6   -30.25E-6  -4.6993E-6 -150.73E-6 -72.598E-6 -0.01852   -0.0073718 
 4.5E-9    -3.2313E-9  1.8        1.8        1.8001     1.9254    -0.011252  -124.02E-6 -10.03E-6   17.898E-6  17.261E-6  21.895E-6 -60.154E-6  30.401E-6  29.018E-6  151.35E-6  73.542E-6  0.013668   0.0053401 
 4.6E-9    -3.6854E-9  1.8        1.8        1.7999     1.73       0.89171    167.28E-6  10.044E-6 -18.075E-6 -17.284E-6 -22.453E-6  60.565E-6 -30.504E-6 -36.796E-6 -152.15E-6 -75.06E-6  -0.010018  -0.0038554 
 4.7E-9    -3.5333E-9  1.8        1.8        1.8001     1.8341     1.8092    -106.E-6   -10.002E-6  18.259E-6  17.294E-6  24.596E-6 -60.923E-6  30.664E-6  43.789E-6  153.3E-6   77.02E-6   0.0073938  0.0027876 
 4.8E-9    -1.1283E-9  1.8        1.8        1.7999     1.7817     1.7977     21.04E-6   10.262E-6 -18.319E-6 -17.364E-6 -23.316E-6  61.339E-6 -30.781E-6 -1.6841E-6 -154.5E-6  -28.256E-6 -0.0054356 -0.0020124 
 4.9E-9    -3.5806E-9  1.8        1.8        1.8001     1.8096     1.7995    -827.E-6   -13.416E-6  16.251E-6  17.433E-6  19.55E-6  -61.703E-6  30.951E-6  27.218E-6  155.92E-6  48.534E-6  0.0040083  0.0014548 
 5.E-9     -1.0972E-9  1.8        1.8        1.7999     1.795      1.8014    -0.0021611  14.926E-6 -22.581E-6 -17.42E-6  -27.964E-6  62.123E-6 -31.082E-6 -35.705E-6 -157.31E-6 -55.947E-6 -0.0029474 -0.0010511 
 5.1E-9     1.8        1.8        1.8        1.8001     1.8027     1.7985    -0.0064539  173.43E-6  97.875E-6  17.55E-6   31.319E-6 -62.494E-6  31.263E-6  43.192E-6  158.87E-6  63.599E-6  0.00217    781.46E-6 
 5.2E-9     1.8        1.8        1.7998     1.8        1.7986     1.8013     0.196     -447.27E-6  17.667E-6 -17.632E-6  49.66E-6   62.922E-6 -31.404E-6 -49.057E-6 -160.34E-6 -69.335E-6 -0.0015979 -575.35E-6 
 5.3E-9     1.8        1.8        1.808      1.8001     1.8        1.8001     1.639     -0.0043202 -153.58E-6  10.756E-6  63.98E-6  -52.179E-6  20.882E-6  35.538E-6  77.089E-6  47.098E-6  186.25E-6  155.42E-6 
 5.4E-9     1.8        1.8        0.91982    1.8001     1.8001     1.8001     1.7995     0.017474  -0.0010337 -1.5784E-6 -0.0029953 -53.77E-6   32.444E-6  55.958E-6  116.23E-6  79.883E-6  105.15E-6  99.843E-6 
 5.5E-9     1.8        1.7999    -689.94E-6  1.7998     1.8001     1.8001     1.7997     0.89527   -0.0028244  46.04E-6   322.59E-6 -69.404E-6  30.051E-6  28.981E-6  20.941E-6  52.653E-6  12.093E-6  101.27E-6 
 5.6E-9     1.8        1.7997    -334.04E-6  1.8004     1.8001     1.8        1.7998     1.7004    -0.0073147  218.01E-6  0.5194    -110.22E-6  36.614E-6  38.311E-6  124.31E-6  12.05E-6   117.2E-6   89.771E-6 
 5.7E-9     1.8        1.738     -158.38E-6  1.8165     1.8001     1.8001     1.7999     1.7978     0.47165   -0.0022816  1.2821    -18.697E-6  30.701E-6  47.256E-6  96.34E-6   33.418E-6  89.143E-6  34.281E-6 
 5.8E-9     1.8        0.47302   -79.998E-6  0.7547     1.8001     1.8        1.7999     1.7999     1.802     -0.0010372  1.6729     296.63E-6  93.591E-6  55.006E-6  154.45E-6  61.604E-6  122.61E-6  101.83E-6 
 5.9E-9     1.8       -0.093271   69.134E-6 -0.060076   1.7998     1.7999     1.8001     1.7999     1.7972     0.33368    1.7832    -0.0043801  138.42E-6 -77.064E-6 -16.335E-6 -98.007E-6 -163.89E-6 -70.211E-6 
 6.E-9      1.8        0.041685  -54.513E-6  0.031896   1.7999     1.8        1.7999     1.8        1.8017     1.0024     1.7982     0.038192  -391.92E-6  20.986E-6  65.285E-6  41.366E-6  107.53E-6  91.749E-6 
 6.1E-9     1.8       -0.018659   42.976E-6 -0.016669   1.8        1.8        1.8001     1.8        1.7988     1.5134     1.7999     1.1832    -0.0026763 -45.821E-6 -478.E-6   -13.213E-6 -70.429E-6 -104.7E-6  
 6.2E-9     1.8        0.0086656 -32.652E-6  0.00899    1.8068     1.8001     1.7999     1.8        1.8008     1.7282     1.7999     1.921      0.0037231  37.788E-6 -0.0021264  36.182E-6  90.001E-6  63.807E-6 
 6.3E-9     1.8       -0.0040615  24.059E-6 -0.0048529  1.2586     1.7999     1.8001     1.8        1.7995     1.7869     1.8        1.7363     0.41528   -23.983E-6 -0.0070268 -60.897E-6 -106.52E-6 -87.243E-6 
 6.4E-9     1.8        0.0019241 -16.561E-6  0.002639   0.10334    1.7995     1.7999     1.8        1.8002     1.7977     1.8        1.8288     1.243      165.91E-6  0.28997    209.08E-6  129.48E-6  98.468E-6 
 6.5E-9     1.8       -917.78E-6  10.222E-6 -0.0014322 -0.067485   1.7008     1.8001     1.8        1.7999     1.8        1.8        1.7857     1.7288    -932.3E-6   1.4309    -268.25E-6 -64.437E-6 -111.58E-6 
 6.6E-9     1.8        475.67E-6 -4.5382E-6  776.35E-6  0.049423   0.29071    1.7999     1.8        1.8        1.7998     1.8        1.8069     1.7985    -0.0062775  1.9138    -0.0057177  34.514E-6  69.249E-6 
 6.7E-9     1.8       -248.17E-6 -385.82E-9 -438.8E-6  -0.035036  -0.1476     1.7999     1.8        1.8        1.8001     1.8        1.7968     1.8008     0.20192    1.7396     0.14167   -43.214E-6 -91.503E-6 
 6.8E-9     1.8        127.39E-6  4.704E-6   279.08E-6  0.025763   0.10707    1.8007     1.8        1.7999     1.7999     1.8        1.8015     1.7995     1.0577     1.8289     1.112      44.46E-6   95.75E-6  
 6.9E-9     1.8       -62.768E-6 -8.5087E-6 -176.8E-6  -0.018705  -0.071383   1.8068     1.8        1.8001     1.8001     1.8        1.7993     1.8003     1.7572     1.7851     1.8443    -84.888E-6 -31.269E-6 
 7.E-9      1.8        29.115E-6  12.073E-6  116.3E-6   0.01379    0.051573   1.3888     1.7997     1.7998     1.7999     1.8        1.8003     1.7997     1.805      1.8076     1.7858    -112.97E-6  214.52E-6 
 7.1E-9     1.8       -11.927E-6 -15.255E-6 -80.258E-6 -0.0101    -0.036242   0.15073    1.8101     1.8        1.8        1.7999     1.7998     1.8002     1.8002     1.7961     1.8044    -366.24E-6 -0.0011843 
 7.2E-9     1.8        3.7534E-6  18.107E-6  59.674E-6  0.0074498  0.026269  -0.090574   1.2847     1.8054     1.8        1.8005     1.8002     1.7999     1.7997     1.802      1.7986    -696.32E-6 -0.0072173 
 7.3E-9     1.8       -4.5412E-6 -20.678E-6 -48.376E-6 -0.0054731 -0.018814   0.06642    0.21769    1.4575     1.7999     1.752      1.7998     1.8001     1.8002     1.7989     1.8005    -0.0010782  0.4026    
 7.4E-9     1.8        336.56E-6  23.131E-6  42.863E-6  0.0040326  0.013663  -0.046302  -0.084155   0.17365    1.8001     1.1918     1.8001     1.7999     1.7998     1.8006     1.7997    -0.0018937  1.5274    
 7.5E-9     1.8        0.082874  -25.282E-6 -40.719E-6 -0.002962  -0.0098627  0.034034   0.038636  -0.10355    1.7133     0.29431    1.7998     1.8        1.8001     1.7996     1.8001    -0.0038591  1.9039    
 7.6E-9     1.8        0.89785    27.357E-6  40.653E-6  0.0021772  0.0071655 -0.024559  -0.018073   0.076135   1.1455    -0.033995   1.8005     1.7999     1.8        1.8002     1.8        0.030383   1.7444    
 7.7E-9    -4.5521E-9  1.7181    -30.19E-6  -41.68E-6  -0.0016    -0.0051881  0.018105   0.0086443 -0.052884   0.32235    0.0080338  1.5296     1.8004     1.8        1.7997     1.8        0.75145    1.8277    
 7.8E-9    -14.002E-9  1.7943     187.E-6   -38.292E-6  86.661E-6  96.679E-6 -51.225E-6  21.843E-6  16.627E-6  0.025859   327.65E-6  0.0035611  1.8135     1.8        1.8032     1.8001     1.7748     1.8003    
 7.9E-9    -14.849E-9  1.7996     267.79E-6  65.252E-6  109.77E-6  148.6E-6  -128.73E-6 -17.568E-6  66.075E-6  0.0014518  48.946E-6  30.703E-6  1.2038     1.7999     1.7609     1.8001     1.7993     1.8001    
 8.E-9     -2.7326E-9  1.8       -0.0032481 -79.055E-6 -133.46E-6 -116.64E-6  182.24E-6  15.279E-6 -69.293E-6  136.78E-6 -21.89E-6   32.377E-6  0.12187    1.8003    -0.0013706  1.7998     1.7998     1.7998    
 8.1E-9    -1.987E-9   1.8        0.0012763 -74.443E-6 -173.06E-6 -159.76E-6  212.91E-6  23.269E-6 -85.864E-6 -5.7849E-6 -47.472E-6  35.372E-6 -0.0035585  1.7908    -0.0024728  1.8078     1.8013     1.7999    
 8.2E-9    -3.4819E-9  1.8        1.1907     136.54E-6 -174.01E-6 -184.86E-6  225.77E-6  25.686E-6 -90.181E-6 -24.809E-6 -51.61E-6   39.62E-6   112.92E-6  0.76998   -439.26E-6  1.2951     1.8048     1.7998    
 8.3E-9    -1.073E-9   1.8        1.7976    -408.78E-6 -124.78E-6 -45.723E-6  23.627E-6  14.063E-6 -70.937E-6 -6.1585E-6 -16.967E-6  30.751E-6  5.2455E-6  0.0050096 -169.49E-6 -0.0050343  1.7753     1.8001    
 8.4E-9     354.5E-12  1.8        1.7996    -0.004781  -151.59E-6 -98.713E-6  86.024E-6  17.079E-6 -80.303E-6 -10.903E-6 -13.598E-6  47.739E-6  3.934E-6   107.29E-6 -145.94E-6 -861.46E-6  0.28629    1.7996    
 8.5E-9     745.1E-12  1.8        1.7999     0.051519  -152.17E-6 -125.15E-6  116.4E-6   18.672E-6 -83.129E-6 -14.377E-6 -20.155E-6  55.576E-6 -4.123E-6   18.194E-6 -107.3E-6  -153.93E-6  0.037412   1.8192    
 8.6E-9     147.5E-12  1.8        1.8        1.1362    -165.43E-6 -140.E-6    141.6E-6   19.355E-6 -84.392E-6 -15.281E-6 -21.058E-6  62.23E-6  -9.995E-6  -6.7638E-6 -102.97E-6 -67.825E-6  0.010488   0.67363   
 8.7E-9     2.3106E-9  1.8        1.8        1.7785    -133.77E-6 -139.76E-6  155.45E-6  19.352E-6 -86.196E-6 -15.986E-6 -24.765E-6  68.08E-6  -14.262E-6 -24.147E-6 -109.64E-6 -64.79E-6   0.0030308  0.012999  
 8.8E-9    -5.3141E-9  1.8        1.8        1.8053     184.22E-6  182.02E-6 -189.02E-6 -28.918E-6  104.29E-6  32.451E-6  41.192E-6 -86.779E-6  29.537E-6  50.728E-6  140.72E-6  98.528E-6 -0.0022275 -0.0094682 
 8.9E-9     985.2E-12  1.8        1.8        1.7987     32.409E-6 -179.68E-6  183.75E-6  25.241E-6 -102.E-6   -20.092E-6 -24.107E-6  84.948E-6 -22.516E-6 -45.681E-6 -137.93E-6 -40.308E-6  0.0016652  0.0069235 
 9.E-9     -4.5641E-9  1.8        1.8        1.8003    -282.48E-6  181.E-6   -189.25E-6 -26.071E-6  105.22E-6  21.215E-6  27.405E-6 -86.739E-6  23.384E-6  48.972E-6  142.38E-6  10.082E-6 -0.0012341 -0.0050469 
 9.1E-9     1.337E-9   1.8        1.8        1.7998    -0.0016974 -180.87E-6  185.03E-6  25.778E-6 -106.4E-6  -20.101E-6 -26.201E-6  87.669E-6 -23.048E-6 -50.686E-6 -144.61E-6 -35.593E-6  927.26E-6  0.0036906 
 9.2E-9    -4.7154E-9  1.8        1.8        1.8001    -0.0057928  171.14E-6 -186.73E-6 -25.732E-6  107.66E-6  20.138E-6  21.877E-6 -88.723E-6  23.428E-6  53.097E-6  147.35E-6  49.143E-6 -744.94E-6 -0.002698  
 9.3E-9     529.5E-12  1.8        1.8        1.8        0.11225    65.725E-6  185.37E-6  25.558E-6 -108.65E-6 -19.993E-6 -19.369E-6  89.741E-6 -23.661E-6 -8.5436E-6 -149.61E-6 -60.897E-6  616.22E-6  0.0019822 
 9.4E-9    -6.0318E-9  1.8        1.8        1.8        1.2884    -0.0011902 -172.67E-6 -25.447E-6  109.61E-6  19.905E-6  19.955E-6 -90.666E-6  24.022E-6  32.695E-6  151.96E-6  19.744E-6 -504.17E-6 -0.0014652 
 9.5E-9     1.0095E-9  1.8        1.8        1.8        1.9266    -0.011223   208.72E-6  25.483E-6 -110.24E-6 -19.813E-6 -22.319E-6  91.623E-6 -24.305E-6 -40.413E-6 -154.04E-6 -45.152E-6  418.49E-6  0.0011335 
 9.6E-9    -7.9531E-9  1.8        1.8        1.8        1.7293     0.8815    -87.255E-6 -25.444E-6  110.93E-6  19.839E-6  21.685E-6 -92.488E-6  24.645E-6  47.398E-6  156.22E-6  56.68E-6  -348.47E-6 -891.11E-6 
 9.7E-9     696.4E-12  1.8        1.8        1.8        1.8346     1.8043     38.615E-6  25.502E-6 -111.6E-6  -19.765E-6 -19.615E-6  93.407E-6 -24.918E-6 -51.929E-6 -158.15E-6 -67.39E-6   289.79E-6  698.E-6   
 9.8E-9    -5.3161E-9  1.8        1.8        1.8        1.7814     1.8008    -88.26E-6  -25.339E-6  112.44E-6  19.731E-6  22.398E-6 -94.242E-6  25.237E-6  8.0371E-6  160.2E-6   23.893E-6 -236.86E-6 -551.55E-6 
 9.9E-9     594.6E-12  1.8        1.8        1.8        1.8098     1.7979    -782.37E-6  22.232E-6 -115.41E-6 -19.769E-6 -24.388E-6  95.143E-6 -25.493E-6 -33.207E-6 -162.02E-6 -49.137E-6  194.81E-6  432.7E-6  
 10.E-9    -5.2615E-9  1.8        1.8        1.8        1.7948     1.8022    -0.0021423 -23.376E-6  113.91E-6  19.884E-6  17.225E-6 -95.97E-6   25.796E-6  41.522E-6  164.E-6    60.282E-6 -156.9E-6  -336.04E-6 
#Time       v(a0)      v(cout)    v(sum0)    v(sum1)    v(sum2)    v(sum3)    v(sum4)    v(sum5)    v(sum6)    v(sum7)    v(sum8)    v(sum9)    v(sum10)   v(sum11)   v(sum12)   v(sum13)   v(sum14)   v(sum15)  
 10.05E-9   1.8        0.49391    81.117E-6  59.227E-6  380.41E-6 -854.48E-6 -0.0010111  0.0028636 -0.012773   1.4025     0.0071681  1.7997     1.7999     1.8        1.8        1.8001     1.8001     1.8001    
 10.2E-9    1.8        1.7537     82.033E-6  62.236E-6  277.69E-6 -461.76E-6 -466.34E-6  435.96E-6 -0.0056616  0.1993    -145.17E-9  0.85465    1.8008     1.8        1.7999     1.8001     1.8001     1.8001    
 10.35E-9   1.8        1.8012     82.975E-6  64.881E-6  230.71E-6 -241.28E-6 -312.17E-6  78.6E-6   -0.0025146 -123.87E-6  14.797E-6  0.015412   1.5539     1.8001     1.8194     1.8        1.8001     1.8001    
 10.5E-9    1.8        1.8002     84.436E-6  67.237E-6  159.72E-6 -106.67E-6 -232.27E-6  1.3776E-6 -0.0011304  14.436E-6  17.243E-6  0.0061115  0.11637    1.7999     0.053676   1.7996     1.8001     1.8       
 10.65E-9   1.8        1.8        86.47E-6   69.431E-6  164.41E-6 -20.308E-6 -194.44E-6 -15.313E-6 -584.92E-6  11.268E-6  16.977E-6  0.0025456  0.0031723  1.4419     0.019274   1.7642     1.7999     1.8001    
 10.8E-9    1.8        1.7999     88.388E-6  71.493E-6  104.22E-6  38.02E-6  -178.47E-6 -18.719E-6 -350.16E-6  12.245E-6  17.068E-6  0.001091   106.69E-6 -0.060021   0.0078393  0.035449   1.8011     1.8       
 10.95E-9   1.8        1.8        90.251E-6  73.472E-6  138.39E-6  79.494E-6 -174.18E-6 -18.986E-6 -219.43E-6  13.997E-6  18.428E-6  590.97E-6  17.881E-6 -0.007625   0.0032654  0.0080284  1.8122     1.8003    
 11.1E-9    1.8        1.8        92.808E-6  75.395E-6  90.965E-6  110.46E-6 -175.77E-6 -18.82E-6  -144.98E-6  15.55E-6   19.617E-6  337.73E-6  12.566E-6 -0.0010891  0.0013645  0.0019111  0.3268     0.94702   
 11.25E-9   1.8        1.8        95.215E-6  77.428E-6  131.4E-6   134.66E-6 -180.17E-6 -18.671E-6 -101.48E-6  16.764E-6  20.635E-6  195.29E-6  18.055E-6 -186.44E-6  601.79E-6  486.72E-6  0.071547  -0.0052821 
 11.4E-9    0.9        1.8        84.977E-6  56.741E-6  61.377E-6  95.469E-6 -122.07E-6 -12.364E-6 -66.8E-6   -37.2E-6    7.2692E-6  100.99E-6  8.8385E-6 -22.267E-6  322.91E-6  141.05E-6  0.026748  -0.0019951 
 11.55E-9   5.8873E-9  1.8        254.15E-6  118.44E-6  168.96E-6  156.94E-6 -169.17E-6 -57.372E-6 -44.264E-6  8.5027E-6  87.93E-6  -154.53E-6  118.88E-6  119.23E-6  158.59E-6  124.2E-6   110.71E-6  245.24E-6 
 11.7E-9   -8.0294E-9  1.8       -86.402E-6 -1.0856E-6 -75.892E-6 -36.211E-6  60.282E-6  4.9727E-6  8.7805E-6  4.9991E-6  17.675E-6  57.477E-6  11.685E-6  211.73E-9 -49.872E-6 -4.5546E-6 -16.897E-6 -38.822E-6 
 11.85E-9   5.8259E-9  1.8       -0.013253   51.387E-6  56.036E-6  144.67E-6  4.1073E-6 -52.784E-6 -29.378E-6 -25.656E-6  22.082E-6 -168.86E-6  22.957E-6  63.897E-6  62.074E-6  44.492E-6  148.81E-6  137.55E-6 
 12.E-9    -9.2366E-9  1.8        1.6635     217.13E-6 -116.13E-6 -178.8E-6   123.07E-6  47.386E-6  29.083E-6  26.898E-6 -17.308E-6  108.05E-6 -731.48E-9 -62.968E-6 -114.37E-6 -81.687E-6 -133.64E-6 -124.7E-6  
 12.15E-9  -8.1111E-9  1.8        1.7783    -0.0032682 -118.01E-6 -187.48E-6  120.77E-6  41.992E-6  28.652E-6 -9.9258E-6 -17.908E-6  138.97E-6 -22.157E-6 -61.017E-6 -145.55E-6 -93.582E-6 -138.48E-6 -157.37E-6 
 12.3E-9   -9.1454E-9  1.8        1.7959     0.32493   -107.56E-6 -181.36E-6  120.65E-6  41.502E-6  26.439E-6 -19.085E-6 -11.961E-6  149.47E-6 -23.641E-6 -54.013E-6 -104.3E-6  -87.298E-6 -120.45E-6 -159.08E-6 
 12.45E-9   5.77E-9    1.8        1.8028     1.5712     138.44E-6  206.54E-6 -149.15E-6 -52.485E-6 -29.63E-6   34.913E-6  28.036E-6 -171.85E-6  46.203E-6  74.028E-6  136.12E-6  107.62E-6  138.35E-6  182.59E-6 
 12.6E-9   -9.1585E-9  1.8        1.798      1.8872    -45.116E-6 -179.66E-6  132.11E-6  48.406E-6  28.643E-6 -23.011E-6 -21.757E-6  170.55E-6 -21.814E-6 -65.275E-6 -137.09E-6 -100.E-6   -133.6E-6  -177.85E-6 
 12.75E-9   5.2852E-9  1.8        1.8014     1.7601    -5.6539E-6  160.02E-6 -121.73E-6 -48.153E-6 -27.76E-6   22.169E-6  19.608E-6 -173.E-6    10.751E-6  62.083E-6  123.32E-6  96.949E-6  133.95E-6  176.86E-6 
 12.9E-9   -8.6377E-9  1.8        1.7989     1.819     -0.0020484 -161.98E-6  109.6E-6   44.783E-6  27.023E-6 -18.994E-6 -17.502E-6  171.51E-6 -20.022E-6 -58.942E-6 -112.6E-6  -93.49E-6  -132.67E-6 -174.88E-6 
 13.05E-9   5.1184E-9  1.8        1.8008     1.7906     0.03037    171.31E-6 -100.58E-6 -41.554E-6 -26.293E-6  18.223E-6  15.926E-6 -169.16E-6  23.461E-6  56.621E-6  120.92E-6  90.665E-6  132.83E-6  173.12E-6 
 13.2E-9   -10.157E-9  1.8        1.7994     1.805      1.4067    -592.91E-9  116.24E-6  40.022E-6  25.676E-6 -18.54E-6  -13.696E-6  168.16E-6 -25.395E-6 -54.647E-6 -126.02E-6 -88.062E-6 -132.74E-6 -171.11E-6 
 13.35E-9   4.988E-9   1.8        1.8004     1.797      1.9607     0.0019049 -80.123E-6 -39.229E-6 -25.111E-6  16.769E-6  13.421E-6 -168.77E-6  26.392E-6  52.134E-6  112.87E-6  85.902E-6  133.25E-6  169.34E-6 
 13.5E-9   -11.544E-9  1.8        1.7997     1.8019     1.6844     1.3758     91.67E-6   39.155E-6  24.658E-6 -15.651E-6 -14.389E-6  168.51E-6 -26.749E-6 -51.531E-6 -123.69E-6 -83.916E-6 -133.75E-6 -167.43E-6 
 13.65E-9  -9.6198E-9  1.8        1.7999     1.8005     1.783      1.7682    -196.22E-6  34.454E-6  20.254E-6 -15.308E-6 -9.3488E-6  148.16E-6 -20.117E-6 -42.157E-6 -123.1E-6  -65.571E-6 -122.69E-6 -142.31E-6 
 13.8E-9   -9.501E-9   1.8        1.8        1.8002     1.7972     1.7957    -0.0020086  53.466E-6  20.988E-6 -18.325E-6 -20.845E-6  154.18E-6 -28.732E-6 -51.505E-6 -111.47E-6 -74.506E-6 -126.75E-6 -149.03E-6 
 13.95E-9  -12.315E-9  1.8        1.8        1.8001     1.7995     1.7994    -0.0030773  19.774E-6  69.625E-6 -14.327E-6  31.669E-6  152.69E-6 -28.452E-6 -51.387E-6 -130.05E-6 -76.629E-6 -132.28E-6 -152.31E-6 
 14.1E-9   -14.207E-9  1.8        1.8        1.8        1.7998     1.7998     1.3317    -0.0050435 -94.198E-6 -17.426E-6  100.22E-6  158.71E-6 -27.877E-6 -50.051E-6 -92.254E-6 -76.412E-6 -138.05E-6 -153.23E-6 
 14.25E-9  -12.942E-9  1.8        1.8        1.8        1.7998     1.7999     1.7686     0.41173   -0.0019488 -26.741E-6 -0.0081654  161.45E-6 -27.465E-6 -49.463E-6 -115.34E-6 -82.755E-6 -143.67E-6 -115.32E-6 
 14.4E-9   -14.128E-9  1.7997     1.8        1.8        1.7999     1.7999     1.7947     1.7276    -0.0042144  302.47E-6  0.55991    150.9E-6   2.4111E-6 -54.318E-6 -120.68E-6 -82.238E-6 -149.09E-6 -133.09E-6 
 14.55E-9  -13.9E-9    1.3069     1.8        1.7999     1.7999     1.7999     1.7989     1.8006     1.3493    -0.0053178  1.5437     348.88E-6 -3.4126E-6 -53.163E-6 -103.2E-6  -80.861E-6 -154.26E-6 -123.58E-6 
 14.7E-9   -15.044E-9 -0.063829   1.8        1.8        1.7999     1.7999     1.7996     1.8002     1.7673     0.31998    1.7805    -0.0040299  202.86E-6 -51.892E-6  38.603E-6 -79.957E-6 -159.23E-6 -136.49E-6 
 14.85E-9  -12.824E-9 -0.0074793  1.8        1.7999     1.7999     1.7999     1.7999     1.8        1.7946     1.2992     1.7991     0.61267   -0.0012299 -48.171E-6 -27.005E-6 -79.659E-6 -163.99E-6 -144.75E-6 
 15.E-9    -10.828E-9 -966.04E-6  1.8        1.8        1.7998     1.7999     1.8        1.7999     1.7989     1.7251     1.7999     1.8585    -419.97E-6 -36.457E-6 -0.002076  -69.182E-6 -169.31E-6 -150.05E-6 
 15.15E-9   1.8       -100.43E-6  1.8        1.8        1.7999     1.8        1.8        1.8        1.7997     1.7939     1.8        1.8067     0.86119    298.87E-6  0.0059697  34.957E-6 -152.59E-6 -71.649E-6 
 15.3E-9    1.8       -18.585E-6  1.8086     1.7999     1.7999     1.7998     1.8001     1.8        1.8        1.7992     1.8        1.7999     1.7174    -0.0019097  1.6815    -596.35E-6  46.072E-6 -96.357E-6 
 15.45E-9   1.8        42.734E-6 -0.024139   1.7999     1.7998     1.7998     1.7999     1.8        1.7999     1.7999     1.8        1.8        1.7964     0.018041   1.7997    -0.011064   95.966E-6  116.5E-6  
 15.6E-9    1.8       -39.525E-6  0.0046777  1.8006     1.8001     1.8001     1.8002     1.8        1.8001     1.8        1.8        1.8001     1.7998     1.4279     1.7999     1.3503    -145.61E-6 -87.871E-6 
 15.75E-9   1.8       -57.274E-6  0.002097   1.4043     1.7999     1.8        1.8002     1.8        1.8001     1.8001     1.8        1.8001     1.8        1.8007     1.7999     1.7957    -134.86E-6  179.36E-6 
 15.9E-9    1.8       -54.595E-6  969.84E-6 -0.087551   1.8        1.8        1.8001     1.8        1.8001     1.8        1.8        1.8001     1.8        1.8        1.7999     1.7996    -347.31E-6 -0.0024072 
 16.05E-9   1.8       -49.137E-6  557.E-6   -0.015612   1.7999     1.7999     1.8001     1.8        1.8001     1.8        1.8        1.8001     1.8        1.8        1.7999     1.8       -837.89E-6  0.085412  
 16.2E-9    1.8       -30.03E-6   322.34E-6 -0.0030057  1.8115     1.8        1.8        1.8        1.8001     1.8        1.8        1.8001     1.8        1.8        1.7999     1.8001    -0.0018138  1.8396    
 16.35E-9   1.8       -42.736E-6  182.19E-6 -566.39E-6  0.24865    1.7993     1.8002     1.8        1.8001     1.8        1.8        1.8001     1.8        1.8        1.7999     1.8       -0.0021941  1.8057    
 16.5E-9    1.8       -43.409E-6  95.35E-6  -174.72E-6  0.073996   1.6287     1.8001     1.8        1.8001     1.8        1.8        1.8001     1.8        1.8        1.7999     1.8        0.65258    1.8007    
 16.65E-9   1.8       -52.044E-6  39.245E-6 -75.923E-6  0.030746  -0.13766    1.7999     1.8        1.8001     1.8        1.8        1.8002     1.8        1.8        1.7998     1.8        1.8495     1.8002    
 16.8E-9    1.8       -44.103E-6  1.2878E-6 -57.68E-6   0.013411  -0.053243   1.8008     1.8001     1.8001     1.8        1.8        1.8001     1.8        1.8        1.7998     1.8        1.8082     1.8001    
 16.95E-9   1.8       -49.097E-6 -25.637E-6 -61.346E-6  0.0059627 -0.02186    1.8012     1.7998     1.8        1.8        1.8        1.8001     1.8        1.8        1.7998     1.8        1.8014     1.8       
 17.1E-9    1.8       -52.17E-6  -45.867E-6 -69.881E-6  0.0026894 -0.0091513 -0.010631   1.8155     1.8002     1.8        1.8        1.8001     1.8        1.7999     1.7998     1.7999     1.8003     1.8       
 17.25E-9   1.8       -43.492E-6 -61.898E-6 -48.191E-6  0.0012488 -0.0038409 -0.0058611  0.3822     1.8057     1.8        1.8088     1.8        1.8        1.7999     1.7999     1.7999     1.8        1.7999    
 17.4E-9    1.8        524.93E-6 -74.77E-6  -68.528E-6  703.45E-6 -0.0016064 -0.0027378  0.022047  -0.028993   1.8017     0.99709    1.8001     1.8001     1.8001     1.7999     1.8        1.8        1.7999    
 17.55E-9   1.8        0.49454   -85.265E-6 -49.973E-6  387.84E-6 -662.7E-6  -0.0012724  0.002837  -0.01297    1.4018     0.0069751  1.7996     1.7999     1.8        1.7999     1.7999     1.7999     1.7999    
 17.7E-9    1.8        1.7539    -94.455E-6  21.569E-6  186.2E-6  -404.47E-6 -730.22E-6  429.62E-6 -0.0057673  0.19892    44.896E-6  0.84877    1.8009     1.8        1.8        1.8        1.7999     1.7999    
 17.85E-9   1.8        1.8012    -102.33E-6 -46.792E-6  51.813E-6 -215.44E-6 -429.33E-6  84.259E-6 -0.0025804 -71.295E-6  26.32E-6   0.01657    1.5535     1.8        1.8196     1.7999     1.7999     1.7999    
 18.E-9     1.8        1.8002    -109.39E-6  21.426E-6 -42.25E-6  -142.04E-6 -235.58E-6  19.806E-6 -0.0011766  9.8135E-6  8.1753E-6  0.0065282  0.11617    1.8001     0.053109   1.7995     1.7998     1.7999    
 18.15E-9   1.8        1.8001    -116.19E-6 -47.23E-6  -112.42E-6 -80.608E-6 -105.84E-6  13.977E-6 -678.29E-6 -6.0235E-6 -4.3269E-6  0.0026718  0.0032335  1.4413     0.019154   1.7638     1.8001     1.8       
 18.3E-9    1.8        1.8       -122.58E-6  21.814E-6 -74.501E-6 -59.527E-6 -14.619E-6  19.423E-6 -409.97E-6 -14.291E-6 -13.288E-6  0.0010971  171.36E-6 -0.060026   0.0078591  0.035388   1.8012     1.8       
 18.45E-9   1.8        1.8       -128.64E-6 -47.906E-6 -18.458E-6 -108.13E-6  52.365E-6  25.982E-6 -252.35E-6 -19.647E-6 -19.198E-6  535.13E-6  13.159E-6 -0.0075592  0.0033417  0.0080777  1.8123     1.8004    
 18.6E-9    1.8        1.8       -134.75E-6 -23.788E-6 -86.403E-6 -95.086E-6  103.49E-6  31.745E-6 -157.36E-6 -23.455E-6  19.491E-6  337.92E-6 -18.82E-6  -0.0010168  0.0014596  0.0019828  0.3232     0.94791   
 18.75E-9   1.8        1.8       -140.23E-6 -31.379E-6 -97.862E-6 -61.613E-6  36.883E-6  36.643E-6 -97.917E-6 -23.392E-6 -15.384E-6  249.17E-6 -31.193E-6 -195.55E-6  724.2E-6   587.16E-6  0.071569  -0.005373  
 18.9E-9    0.9        1.8       -132.04E-6 -3.9736E-6 -62.062E-6 -89.5E-6    80.371E-6  26.365E-6 -54.742E-6  33.497E-6 -8.1942E-6  110.4E-6   55.443E-6 -31.282E-6  346.86E-6  161.08E-6  0.026784  -0.0019567 
 19.05E-9   5.4488E-9  1.8        58.179E-6 -26.08E-6   95.618E-6  68.149E-6 -36.137E-6 -16.8E-6   -54.989E-6 -38.976E-6 -38.158E-6 -72.366E-6 -10.873E-6 -31.139E-6  25.505E-6  64.249E-6  174.21E-6  4.1701E-6 
 19.2E-9   -7.7195E-9  1.8001    -11.606E-6 -62.123E-6 -77.14E-6  -124.34E-6  58.822E-6  42.385E-6  57.09E-6  -4.9028E-6 -30.989E-6  111.59E-6  15.09E-6  -42.574E-6 -42.782E-6 -60.764E-6 -123.91E-6 -52.541E-6 
 19.35E-9   5.4912E-9  1.8       -0.013388   39.898E-6  97.178E-6  51.574E-6 -74.79E-6  -46.091E-6 -59.07E-6   4.3917E-6  22.611E-6 -85.312E-6  18.994E-6  9.6147E-6  87.248E-6  19.638E-6  156.78E-6  32.889E-6 
 19.5E-9   -8.8555E-9  1.8        1.6802     226.16E-6 -115.96E-6 -69.002E-6  85.84E-6   3.0679E-6  65.539E-6 -764.31E-9  6.7338E-6  74.64E-6  -23.478E-6 -9.8485E-6 -76.398E-6 -27.939E-6 -127.21E-6 -58.64E-6  
 19.65E-9  -7.7322E-9  1.8        1.7813    -0.0032672 -111.63E-6 -80.003E-6  103.39E-6  29.78E-6   70.453E-6  6.7212E-6 -19.137E-6  81.422E-6 -1.0087E-6 -9.8526E-6 -83.017E-6 -65.711E-6 -126.73E-6 -87.467E-6 
 19.8E-9   -8.7967E-9  1.8        1.7966     0.32533   -85.33E-6  -92.842E-6  76.845E-6  24.862E-6  68.04E-6  -13.803E-6 -15.174E-6  88.01E-6   3.0035E-6 -26.79E-6  -95.074E-6 -61.115E-6 -125.53E-6 -61.084E-6 
 19.95E-9   5.4078E-9  1.8001     1.8023     1.5716     116.06E-6  96.604E-6 -113.32E-6 -45.583E-6 -77.235E-6  11.749E-6  30.202E-6 -119.36E-6  10.073E-6  27.293E-6  123.81E-6  58.76E-6   129.8E-6   68.436E-6 
 20.1E-9   -8.8025E-9  1.8        1.7984     1.8871    -25.742E-6 -87.627E-6  101.17E-6  26.187E-6  75.291E-6 -1.6906E-6 -7.8191E-6  104.19E-6 -17.346E-6 -17.593E-6 -105.65E-6 -46.866E-6 -115.04E-6 -60.09E-6  
 20.25E-9   4.9308E-9  1.8        1.8012     1.7602    -22.335E-6  80.262E-6 -95.678E-6 -14.985E-6 -74.263E-6 -2.8583E-6  1.3401E-6 -93.489E-6  5.6482E-6  11.478E-6  95.979E-6  37.203E-6  105.01E-6  56.408E-6 
 20.4E-9   -8.2856E-9  1.8        1.7991     1.819     -0.0020258 -72.738E-6  86.702E-6  22.562E-6  73.295E-6 -10.012E-6 -12.588E-6  83.381E-6 -975.21E-9 -24.114E-6 -85.642E-6 -29.069E-6 -94.662E-6 -50.892E-6 
 20.55E-9   4.7581E-9  1.8        1.8006     1.7906     0.029935   96.726E-6 -79.919E-6 -27.456E-6 -72.362E-6 -131.28E-9  15.695E-6 -92.675E-6 -2.3788E-6  30.589E-6  94.713E-6  43.698E-6  106.73E-6  46.655E-6 
 20.7E-9   -9.8167E-9  1.8        1.7995     1.805      1.4062     41.728E-6  98.543E-6  13.996E-6  71.56E-6   4.4196E-6 -18.468E-6  100.56E-6 -12.123E-6 -17.4E-6   -81.653E-6 -52.774E-6 -115.72E-6 -43.935E-6 
 20.85E-9   4.5896E-9  1.8        1.8004     1.797      1.9607     0.0077545 -64.372E-6 -23.525E-6 -70.75E-6   9.4146E-6  4.7112E-6 -88.599E-6  18.163E-6  10.909E-6  73.101E-6  40.703E-6  103.62E-6  60.16E-6  
 21.E-9    -11.155E-9  1.8        1.7997     1.8019     1.6844     1.3866     75.844E-6  28.027E-6  70.059E-6  487.85E-9 -14.51E-6   99.245E-6 -5.5016E-6 -5.638E-6  -83.513E-6 -51.752E-6 -93.978E-6 -53.207E-6 
 21.15E-9  -9.283E-9   1.8        1.7999     1.8005     1.783      1.767     -216.56E-6  26.84E-6   60.582E-6 -13.809E-6 -17.729E-6  106.62E-6 -15.889E-6 -30.058E-6 -101.48E-6 -26.082E-6 -112.51E-6 -65.178E-6 
 21.3E-9   -9.1808E-9  1.8        1.8        1.8002     1.7972     1.7954    -0.0020516  42.397E-6  62.005E-6  4.1015E-6 -219.76E-9  99.267E-6 -3.3087E-6  509.63E-9 -83.007E-6 -59.077E-6 -101.6E-6  -45.011E-6 
 21.45E-9  -11.96E-9   1.8        1.8        1.8001     1.7995     1.7993    -0.00227   -1.8293E-6  88.219E-6  6.8877E-6  30.302E-6  63.433E-6  2.7121E-6  3.1858E-6 -88.811E-6 -26.457E-6 -108.73E-6 -66.393E-6 
 21.6E-9   -13.827E-9  1.8        1.8        1.8        1.7998     1.7998     1.3572    -0.005142  -89.491E-6 -12.693E-6  103.02E-6  97.636E-6 -16.992E-6 -3.2131E-6 -57.2E-6   -27.258E-6 -74.022E-6 -53.416E-6 
 21.75E-9  -12.608E-9  1.8        1.8        1.8        1.7998     1.7999     1.768      0.41784   -0.0019749 -6.8054E-6 -0.0082434  96.275E-6  3.4649E-6 -24.25E-6  -58.074E-6 -44.428E-6 -115.41E-6 -59.726E-6 
 21.9E-9   -13.779E-9  1.7998     1.8        1.8        1.7999     1.7999     1.7947     1.7296    -0.0037427  258.8E-6   0.57007    49.298E-6 -2.4955E-6 -2.4002E-6 -76.942E-6 -20.316E-6 -78.782E-6 -79.445E-6 
 22.05E-9  -13.533E-9  1.2986     1.7999     1.8        1.7998     1.7999     1.7989     1.8006     1.366     -0.005407   1.5483     259.57E-6 -5.6177E-6 -5.1169E-6 -69.381E-6 -24.558E-6 -82.585E-6 -55.801E-6 
 22.2E-9   -14.716E-9 -0.063251   1.7999     1.8        1.7998     1.7999     1.7996     1.8002     1.7671     0.32494    1.781     -0.0041891  201.57E-6 -25.872E-6  87.28E-6  -43.341E-6 -96.394E-6 -63.151E-6 
 22.35E-9  -12.497E-9 -0.007405   1.7999     1.8        1.7999     1.7999     1.7999     1.8        1.7945     1.3031     1.7991     0.62502   -0.0012508 -1.2565E-6 -12.104E-6 -19.702E-6 -91.816E-6 -45.772E-6 
 22.5E-9   -10.508E-9 -950.84E-6  1.7999     1.8        1.7998     1.8        1.8        1.7999     1.7989     1.7259     1.7999     1.8565     268.91E-6 -16.957E-6 -0.0020859 -26.827E-6 -104.08E-6 -34.112E-6 
 22.65E-9   1.8       -98.645E-6  1.7999     1.8001     1.8        1.8        1.8001     1.8        1.7997     1.794      1.8        1.8065     0.86716    256.14E-6  0.0069791  58.937E-6 -52.999E-6 -18.901E-6 
 22.8E-9    1.8       -27.778E-6  1.8085     1.7999     1.7999     1.7999     1.8002     1.8        1.8        1.7993     1.8        1.7999     1.7184    -0.0019441  1.688     -611.44E-6  56.514E-6 -91.078E-6 
 22.95E-9   1.8        16.606E-6 -0.024012   1.7999     1.7998     1.7998     1.7998     1.8        1.7999     1.7999     1.8        1.7999     1.7964     0.020143   1.7997    -0.010993   100.07E-6  109.7E-6  
 23.1E-9    1.8        17.169E-6  0.0046906  1.8006     1.8001     1.8001     1.8001     1.8        1.8001     1.8001     1.8        1.8001     1.7998     1.4358     1.7999     1.3567    -66.679E-6 -86.074E-6 
 23.25E-9   1.8       -34.27E-6   0.0021091  1.4056     1.8        1.8        1.8002     1.8        1.8001     1.8        1.8001     1.8001     1.8        1.8007     1.7999     1.7957    -91.255E-6  185.62E-6 
 23.4E-9    1.8       -27.576E-6  0.0010102 -0.087586   1.8        1.8001     1.8001     1.8        1.8001     1.8        1.8        1.8001     1.8        1.8        1.7999     1.7996    -320.21E-6 -0.002392  
 23.55E-9   1.8       -44.602E-6  588.91E-6 -0.015613   1.7999     1.7999     1.8001     1.8        1.8001     1.8        1.8        1.8001     1.8        1.7999     1.7999     1.8001    -809.33E-6  0.089323  
 23.7E-9    1.8       -46.798E-6  345.33E-6 -0.0030024  1.8114     1.8        1.8        1.8        1.8001     1.8001     1.8        1.8        1.8        1.8        1.7999     1.8001    -0.0017903  1.8419    
 23.85E-9   1.8       -47.757E-6  195.07E-6 -565.03E-6  0.24976    1.7993     1.8        1.8        1.8001     1.8        1.8        1.8        1.8        1.8        1.7998     1.8       -0.0020072  1.8061    
 24.E-9     1.8       -53.527E-6  98.318E-6 -169.05E-6  0.074202   1.6315     1.8001     1.8        1.8001     1.8        1.8        1.8        1.8        1.8        1.7999     1.8        0.66242    1.8008    
 24.15E-9   1.8       -47.729E-6  33.078E-6 -71.591E-6  0.030832  -0.13777    1.7999     1.8        1.8001     1.8        1.8        1.8        1.8        1.8        1.7999     1.8        1.8487     1.8002    
 24.3E-9    1.8       -53.166E-6 -12.958E-6 -56.758E-6  0.013453  -0.053271   1.8008     1.8        1.8002     1.8        1.8        1.8        1.8001     1.8        1.7998     1.8        1.8081     1.8001    
 24.45E-9   1.8       -50.942E-6 -47.38E-6  -63.878E-6  0.0059857 -0.021865   1.8018     1.7997     1.8        1.8        1.8        1.8001     1.8        1.8        1.7998     1.8        1.8014     1.8       
 24.6E-9    1.8       -53.025E-6 -73.99E-6  -12.827E-6  0.0027044 -0.0091488 -0.0093165  1.8155     1.8001     1.8        1.8        1.7999     1.8        1.8        1.7999     1.7999     1.8003     1.8       
 24.75E-9   1.8       -51.506E-6 -95.095E-6 -60.93E-6   0.0012587 -0.0038355 -0.0053339  0.38274    1.8059     1.8        1.8087     1.8001     1.8001     1.8        1.7999     1.8        1.8        1.7999    
 24.9E-9    1.8        529.32E-6 -112.44E-6 -31.759E-6  710.23E-6 -0.0016035 -0.0025267  0.022013  -0.028638   1.8017     0.9996     1.8001     1.8        1.8        1.7999     1.8        1.7999     1.7999    
#Time       v(a0)      v(cout)    v(sum0)    v(sum1)    v(sum2)    v(sum3)    v(sum4)    v(sum5)    v(sum6)    v(sum7)    v(sum8)    v(sum9)    v(sum10)   v(sum11)   v(sum12)   v(sum13)   v(sum14)   v(sum15)  
