#Time       v(a0)      v(sum0)    v(sum1)    v(sum2)    v(sum3)    v(sum4)    v(sum5)    v(sum6)    v(sum7)    v(cout)   
 0.        -145.E-15   1.8        1.8        1.8        1.8        1.8        1.8        1.8        1.8        10.552E-9 
 200.E-12   1.8        1.7998     1.8        1.8        1.8        1.8        1.8        1.8        1.8        111.87E-9 
 400.E-12   1.8        1.8001     1.8        1.8        1.8        1.8        1.8        1.8        1.8       -71.297E-9 
 600.E-12   1.8        1.7995     1.8        1.8        1.8        1.8        1.8        1.8        1.8        60.416E-9 
 800.E-12   1.8        0.79966    1.8247     1.8        1.8        1.8        1.8        1.8        1.8        6.0489E-9 
 1.E-9      1.8       -5.3374E-6 -0.0035801  1.7999     1.8        1.8        1.8        1.8        1.8        5.5399E-9 
 1.2E-9     1.8        4.6978E-6  862.37E-6  1.8091     1.8        1.8        1.8        1.8        1.8        16.254E-9 
 1.4E-9     1.8       -16.993E-6  557.55E-6  0.069278   1.7999     1.8        1.8        1.8        1.8        16.222E-9 
 1.6E-9     1.8       -29.146E-6  389.73E-6  0.015105   1.7557     1.8        1.8        1.8        1.8        12.927E-9 
 1.8E-9     1.8       -37.227E-6  281.32E-6  0.0035106 -0.14031    1.8        1.8        1.8        1.8        9.1257E-9 
 2.E-9      1.8       -42.771E-6  208.47E-6  823.29E-6 -0.056493   1.8126     1.8        1.8        1.8        3.8827E-9 
 2.2E-9     1.8       -46.669E-6  158.97E-6  243.5E-6  -0.024131   0.22109    1.7999     1.8        1.8       -2.2925E-9 
 2.4E-9     1.8       -49.486E-6  124.22E-6  73.994E-6 -0.010566   0.033359   1.7651     1.8        1.8       -9.2864E-9 
 2.6E-9     1.8        49.489E-6 -74.676E-6 -11.92E-6   0.0016439 -675.72E-6 -0.057243   1.7999     1.8        39.494E-9 
 2.8E-9     1.8       -52.651E-6  52.053E-6  15.064E-6 -391.75E-6  33.057E-6  0.0044714  1.8162     1.8       -30.226E-9 
 3.E-9      1.8       -48.713E-6  29.191E-6  19.229E-6 -53.758E-6 -59.393E-9  95.422E-6  509.05E-6  1.8       -52.793E-9 
 3.2E-9     1.8       -58.528E-6  25.599E-6  23.423E-6 -18.773E-6  1.1715E-6  9.6614E-6  1.1993E-6  1.8002    -34.455E-6 
 3.4E-9     1.8        64.715E-6 -24.502E-6 -23.222E-6  3.146E-6  -1.9028E-6 -1.3729E-6 -6.527E-6   1.7351     0.33251   
 3.6E-9     1.8       -77.845E-6  31.647E-6  30.397E-6 -2.7463E-6  2.5828E-6  1.8859E-6  10.511E-6  0.038998   1.7682    
 3.8E-9     1.8       -82.497E-6  34.336E-6  31.982E-6 -2.322E-6   2.7808E-6  2.2468E-6  11.159E-6  0.021147   1.7898    
 4.E-9      1.8       -80.898E-6  34.462E-6  29.564E-6 -1.9112E-6  2.4496E-6  2.0821E-6  10.534E-6  0.011515   1.7964    
 4.2E-9     1.8        88.987E-6 -38.314E-6 -37.612E-6  2.0548E-6 -3.3407E-6 -2.6953E-6 -12.538E-6 -0.0098789  1.8028    
 4.4E-9     1.8       -87.502E-6  37.874E-6  34.724E-6 -1.9637E-6  3.0679E-6  2.6656E-6  11.867E-6  0.008528   1.7978    
 4.6E-9     1.8        87.047E-6 -37.915E-6 -33.554E-6  1.9287E-6 -2.9125E-6 -2.5772E-6 -11.584E-6 -0.0073274  1.8018    
 4.8E-9     1.8       -86.406E-6  37.873E-6  32.412E-6 -1.8187E-6  2.8261E-6  2.5486E-6  11.338E-6  0.0063234  1.7986    
 5.E-9      1.8        85.821E-6 -37.78E-6  -31.427E-6  1.7574E-6 -2.6908E-6 -2.5137E-6 -11.078E-6 -0.0054378  1.8011    
 5.2E-9     2.7628E-9  76.991E-6 -34.217E-6 -24.956E-6  1.4338E-6 -2.0862E-6 -2.1311E-6 -9.1946E-6 -0.0029877  1.8003    
 5.4E-9     1.227E-9   106.42E-6 -43.872E-6 -30.474E-6  719.9E-9  -2.226E-6  -3.1897E-6 -10.798E-6  26.976E-6  1.7999    
 5.6E-9     2.0635E-9  100.08E-6 -45.368E-6 -29.811E-6  1.1604E-6 -2.4886E-6 -2.6404E-6 -9.7534E-6  18.473E-6  1.7999    
 5.8E-9    -4.0567E-9 -133.22E-6  51.144E-6  43.445E-6 -2.6439E-6  4.4406E-6  2.8042E-6  12.968E-6 -16.029E-6  1.8001    
 6.E-9     -5.88E-9   -23.481E-6  164.79E-6  35.179E-6 -1.7517E-6  3.409E-6   2.4969E-6  11.277E-6 -14.526E-6  1.8001    
 6.2E-9    -5.154E-9   0.012384  -0.0086375  32.562E-6 -1.7823E-6  2.9747E-6  2.3241E-6  10.372E-6 -12.949E-6  1.8001    
 6.4E-9    -3.925E-9   1.9199     1.6623     29.553E-6 -1.6818E-6  2.8445E-6  2.094E-6   9.8744E-6 -11.665E-6  1.8001    
 6.6E-9    -5.0413E-9  1.8319     1.7652     105.34E-6 -1.6227E-6  2.5888E-6  1.9688E-6  9.3549E-6 -10.542E-6  1.8001    
 6.8E-9    -4.0643E-9  1.8087     1.7904    -0.0085256 -1.5838E-6  2.6531E-6  1.9884E-6  9.1143E-6 -9.5469E-6  1.8001    
 7.E-9      877.6E-12  1.7998     1.8005     1.424     -6.6232E-6 -2.0577E-6 -1.5331E-6 -7.5016E-6  7.145E-6   1.7999    
 7.2E-9     851.5E-12  1.7998     1.8002     1.7964     6.4305E-6 -3.0111E-6 -2.1765E-6 -9.4069E-6  7.0627E-6  1.7999    
 7.4E-9     1.4482E-9  1.7999     1.8        1.7997     0.012949  -2.5433E-6 -1.8889E-6 -9.4753E-6  7.1572E-6  1.7999    
 7.6E-9    -3.5716E-9  1.8        1.8        1.7999     1.8086    -5.1804E-6  1.3392E-6  8.1004E-6 -6.0094E-6  1.8001    
 7.8E-9     1.072E-9   1.8        1.7999     1.8        1.7997    -79.999E-6 -1.5405E-6 -8.894E-6   5.8888E-6  1.7999    
 8.E-9      1.3101E-9  1.8        1.8        1.8        1.8       -0.0092353 -2.9128E-6 -7.7798E-6  5.24E-6    1.7999    
 8.2E-9    -5.355E-9   1.7999     1.8001     1.8        1.7999     1.3984     89.686E-6  10.886E-6 -6.736E-6   1.8001    
 8.4E-9    -3.6577E-9  1.7999     1.8001     1.8        1.8        1.7991    -0.0011907  11.582E-6 -7.8673E-6  1.8001    
 8.6E-9    -4.3926E-9  1.7999     1.8001     1.8        1.8        1.7998     0.31308    11.035E-6 -8.3447E-6  1.8001    
 8.8E-9    -3.9065E-9  1.7999     1.8001     1.8        1.8        1.7999     1.8669     71.635E-6 -8.6409E-6  1.8001    
 9.E-9     -3.5016E-9  1.7999     1.8001     1.8        1.8        1.8        1.8066    -823.22E-6 -8.7316E-6  1.8001    
 9.2E-9    -4.0414E-9  1.7999     1.8001     1.8        1.8        1.8        1.8009     0.075903  -9.2072E-6  1.8001    
 9.4E-9    -4.5149E-9  1.7999     1.8001     1.8        1.8        1.8        1.8002     1.741      27.786E-6  1.8001    
 9.6E-9     988.E-12   1.8001     1.7999     1.8        1.8        1.8        1.8001     1.8002     10.5E-6    1.7999    
 9.8E-9     1.1133E-9  1.8001     1.7999     1.8        1.8        1.8        1.8        1.8       -383.75E-6  1.8006    
 10.E-9    -3.146E-9   1.7999     1.8001     1.8        1.8        1.8        1.8        1.8       -0.0024485 -0.019349  
 10.2E-9    1.8        1.7998     1.8001     1.8        1.8        1.8        1.8        1.8        0.16695   -0.011579  
 10.4E-9    1.8        1.8001     1.7999     1.8        1.8        1.8        1.8        1.8        1.817      0.0028779 
 10.6E-9    1.8        1.7995     1.7996     1.7999     1.8        1.8        1.8        1.8        1.8002     314.24E-6 
 10.8E-9    1.8        0.29493    1.7117     1.8        1.8        1.8        1.8        1.8        1.7999    -25.175E-6 
 11.E-9     1.8        388.65E-6  966.02E-6  1.7998     1.8        1.8        1.8        1.8        1.8        27.301E-6 
 11.2E-9    1.8       -43.009E-6 -75.182E-6  1.7349     1.8        1.8        1.8        1.8        1.8       -44.099E-6 
 11.4E-9    1.8        20.987E-6 -51.119E-6 -0.0073564  1.7997     1.8        1.8        1.8        1.8       -47.737E-6 
 11.6E-9    1.8       -52.992E-6  43.463E-6  26.045E-6  1.5289     1.8        1.8        1.8        1.8        42.715E-6 
 11.8E-9    1.8        81.602E-6 -61.417E-6 -32.159E-6  0.059782   1.7998     1.8        1.8        1.8       -58.62E-6  
 12.E-9     1.8       -71.828E-6  50.097E-6  29.903E-6 -24.205E-6  1.7681     1.8        1.8        1.8        44.575E-6 
 12.2E-9    1.8        105.98E-6 -74.805E-6 -38.69E-6   11.068E-6 -902.61E-6  1.7996     1.8        1.8       -67.395E-6 
 12.4E-9    1.8       -117.8E-6   84.243E-6  43.685E-6 -12.41E-6   4.123E-6   1.0727     1.8        1.8        76.079E-6 
 12.6E-9    1.8       -121.73E-6  87.931E-6  44.872E-6 -12.164E-6 -2.811E-6  -0.017147   1.7998     1.8        80.094E-6 
 12.8E-9    1.8       -119.32E-6  86.882E-6  41.942E-6 -11.754E-6 -1.4873E-6 -0.0061726  1.4377     1.8        79.569E-6 
 13.E-9     1.8       -116.72E-6  85.267E-6  39.901E-6 -11.436E-6  1.3258E-6 -0.0021708 -0.11481    1.7999     78.572E-6 
 13.2E-9    1.8       -84.321E-6  60.419E-6  31.776E-6 -9.5922E-6  9.3206E-6 -249.33E-9 -4.8083E-6  1.8022     611.6E-6  
 13.4E-9    1.8        121.6E-6  -90.237E-6 -42.029E-6  12.036E-6 -11.486E-6  6.5375E-6 -11.828E-6  0.81726    1.4605    
 13.6E-9    1.8       -129.12E-6  98.23E-6   38.429E-6 -11.822E-6  11.453E-6 -7.8018E-6  12.182E-6 -0.0078292  1.8116    
 13.8E-9    1.8       -137.33E-6  105.52E-6  40.261E-6 -12.427E-6  12.403E-6 -9.2658E-6  13.223E-6 -0.0043469  1.8037    
 14.E-9     1.8       -135.38E-6  105.12E-6  33.682E-6 -11.644E-6  11.585E-6 -9.1193E-6  12.859E-6 -0.0023946  1.8012    
 14.2E-9    1.8        149.28E-6 -116.5E-6  -45.21E-6   13.25E-6  -15.384E-6  11.395E-6 -16.413E-6  0.0020664  1.7991    
 14.4E-9    1.8       -147.05E-6  114.91E-6  42.475E-6 -12.801E-6  14.049E-6 -10.96E-6   15.634E-6 -0.0017809  1.8007    
 14.6E-9    1.8        146.65E-6 -114.87E-6 -42.091E-6  12.518E-6 -13.46E-6   10.77E-6  -15.279E-6  0.0015372  1.7995    
 14.8E-9    1.8       -145.81E-6  114.6E-6   39.675E-6 -12.215E-6  12.92E-6  -10.576E-6  14.992E-6 -0.0013266  1.8003    
 15.E-9     1.8        145.07E-6 -114.23E-6 -37.07E-6   11.976E-6 -12.448E-6  10.474E-6 -14.712E-6  0.0011466  1.7998    
 15.2E-9    1.5115E-9  130.84E-6 -103.44E-6 -27.761E-6  10.1E-6   -9.689E-6   8.9083E-6 -12.097E-6  737.38E-6  1.8       
 15.4E-9   -40.46E-12  173.14E-6 -112.91E-6 -20.887E-6  10.871E-6 -10.818E-6  12.326E-6 -15.468E-6  46.093E-6  1.8       
 15.6E-9    833.2E-12  176.93E-6 -133.03E-6 -26.355E-6  11.524E-6 -12.507E-6  15.19E-6  -17.342E-6  45.279E-6  1.8       
 15.8E-9    696.8E-12  79.862E-6 -120.32E-6 -27.06E-6   10.935E-6 -11.319E-6  14.229E-6 -15.974E-6  38.277E-6  1.8       
 16.E-9    -1.1565E-9  115.42E-6  13.869E-6 -27.768E-6  13.035E-6 -15.103E-6  17.837E-6 -20.593E-6  42.98E-6   1.8       
 16.2E-9   -491.7E-12  0.013238  -0.0092529 -23.749E-6  12.112E-6 -13.741E-6  16.754E-6 -19.037E-6  41.566E-6  1.8       
 16.4E-9    790.1E-12  1.9207     1.6985    -25.799E-6  11.428E-6 -12.86E-6   15.964E-6 -18.238E-6  40.124E-6  1.8       
 16.6E-9   -428.9E-12  1.8321     1.7733     95.638E-6  11.085E-6 -12.433E-6  15.56E-6  -17.531E-6  38.836E-6  1.8       
 16.8E-9    447.6E-12  1.8087     1.7924    -0.0086425  10.803E-6 -12.1E-6    15.206E-6 -17.221E-6  37.64E-6   1.8       
 17.E-9    -3.4998E-9  1.7998     1.8006     1.441     -16.901E-6  10.365E-6 -12.891E-6  14.363E-6 -31.751E-6  1.8       
 17.2E-9   -3.4739E-9  1.7998     1.8002     1.7963    -5.0919E-6  13.656E-6 -16.248E-6  18.637E-6 -36.718E-6  1.8       
 17.4E-9   -2.8839E-9  1.7999     1.8001     1.7997     0.015366   13.109E-6 -15.946E-6  18.256E-6 -36.618E-6  1.8       
 17.6E-9    589.5E-12  1.8001     1.8        1.8        1.8086    -17.795E-6  13.289E-6 -14.898E-6  31.875E-6  1.8       
 17.8E-9   -2.9817E-9  1.7999     1.8        1.8        1.7996    -98.498E-6 -15.02E-6   16.536E-6 -34.365E-6  1.8       
 18.E-9     128.8E-12  1.8001     1.8        1.8        1.7999    -0.0069216  14.005E-6 -16.687E-6  34.44E-6   1.8       
 18.2E-9   -4.2851E-9  1.7999     1.8001     1.8        1.8        1.4382     96.989E-6  16.856E-6 -34.886E-6  1.8       
 18.4E-9   -2.5614E-9  1.7998     1.8001     1.8        1.8        1.7988    -0.0015592  19.335E-6 -38.E-6     1.8       
 18.6E-9   -3.5059E-9  1.7998     1.8001     1.8        1.8        1.7998     0.46461    18.427E-6 -38.241E-6  1.8       
 18.8E-9   -2.9399E-9  1.7998     1.8001     1.8        1.8        1.8        1.8669     93.938E-6 -38.207E-6  1.8       
 19.E-9    -2.474E-9   1.7998     1.8001     1.8        1.8        1.8        1.807     -0.0010353 -38.164E-6  1.8       
 19.2E-9   -449.1E-12  1.8002     1.7999     1.8        1.8        1.8        1.7998     0.094049   31.996E-6  1.8       
 19.4E-9   -717.2E-12  1.8001     1.7998     1.8        1.8        1.8        1.8        1.7903     80.38E-6   1.8       
 19.6E-9   -2.5633E-9  1.7998     1.8001     1.8        1.8        1.8        1.7999     1.8       -11.692E-6  1.8001    
 19.8E-9   -2.3538E-9  1.7999     1.8001     1.8        1.8        1.8        1.8        1.8       -416.05E-6  1.801     
 20.E-9     219.7E-12  1.8001     1.7998     1.8        1.8        1.8        1.8        1.8       -0.0025772 -0.044476  
 20.2E-9    1.8        1.7999     1.8002     1.8001     1.8        1.8        1.8        1.8        0.17961    0.0090114 
 20.4E-9    1.8        1.8001     1.8        1.7999     1.8        1.8        1.8        1.8        1.7991    -31.275E-6 
 20.6E-9    1.8        1.7997     1.7998     1.8        1.8        1.8        1.7999     1.8        1.8        27.004E-6 
 20.8E-9    1.8        0.43718    1.5754     1.8        1.8        1.8        1.8001     1.8        1.7999    -30.946E-6 
 21.E-9     1.8       -0.041502   0.061775   1.7997     1.8        1.8        1.8        1.8        1.8        27.874E-6 
 21.2E-9    1.8        0.010392  -0.01413    1.6604     1.8        1.8        1.8001     1.8        1.8       -32.135E-6 
 21.4E-9    1.8       -81.029E-6  78.661E-6  0.0011979  1.7997     1.8001     1.7999     1.8        1.8        24.955E-6 
 21.6E-9    1.8        162.86E-6 -138.9E-6  -20.588E-6  1.3365     1.7999     1.7999     1.7999     1.8       -41.194E-6 
 21.8E-9    1.8       -145.97E-6  128.43E-6  42.857E-6  335.64E-6  1.7998     1.8        1.8        1.8        52.704E-6 
 22.E-9     1.8       -42.172E-6  137.36E-6  50.094E-6 -4.9721E-6  1.6101     1.8001     1.8001     1.8        59.879E-6 
 22.2E-9    1.8       -114.18E-6  162.46E-6  42.416E-6 -11.438E-6  493.75E-6  1.7999     1.8        1.8        73.486E-6 
 22.4E-9    1.8       -161.21E-6  135.37E-6  38.315E-6 -11.345E-6  10.983E-6  0.59303    1.7999     1.8        50.119E-6 
 22.6E-9    1.8       -128.85E-6  139.06E-6  39.676E-6 -13.772E-6  24.886E-6 -74.419E-6  1.7999     1.7999     43.084E-6 
 22.8E-9    1.8        162.26E-6 -121.58E-6 -33.765E-6  14.873E-6 -20.871E-6  44.725E-6  0.85436    1.8001    -33.949E-6 
 23.E-9     1.8       -91.444E-6  157.85E-6  31.982E-6 -15.637E-6  20.829E-6 -45.525E-6 -10.663E-6  1.7997     30.297E-6 
 23.2E-9    1.8        129.12E-6 -69.029E-6 -38.031E-6  24.209E-6 -32.946E-6  70.304E-6 -35.816E-6  1.8077    -0.005658  
 23.4E-9    1.8       -148.47E-6  104.46E-6  37.969E-6 -23.811E-6  36.208E-6 -70.153E-6  39.742E-6  0.014505   1.8811    
 23.6E-9    1.8       -143.66E-6  139.99E-6  45.046E-6 -24.918E-6  38.303E-6 -73.817E-6  42.549E-6  0.0046946  1.823     
 23.8E-9    1.8       -134.96E-6  149.79E-6  36.489E-6 -23.697E-6  34.899E-6 -69.12E-6   40.025E-6  0.0022188  1.8069    
 24.E-9     1.8        156.85E-6 -173.44E-6 -49.937E-6  26.967E-6 -46.286E-6  82.099E-6 -49.637E-6 -0.0018824  1.7947    
 24.2E-9    1.8       -143.13E-6  172.95E-6  46.49E-6  -26.111E-6  41.944E-6 -78.154E-6  46.849E-6  0.0016092  1.8041    
 24.4E-9    1.8        133.59E-6 -157.76E-6 -44.374E-6  25.728E-6 -40.199E-6  76.516E-6 -45.551E-6 -0.0013768  1.7969    
 24.6E-9    1.8       -139.08E-6  159.93E-6  41.552E-6 -25.27E-6   38.616E-6 -74.68E-6   44.35E-6   0.0011822  1.8024    
 24.8E-9    1.8        143.62E-6 -159.41E-6 -39.706E-6  24.892E-6 -37.326E-6  73.122E-6 -43.276E-6 -0.0010158  1.7982    
 25.E-9     1.8       -148.59E-6  159.91E-6  39.072E-6 -24.495E-6  36.286E-6 -71.628E-6  42.403E-6  875.26E-6  1.8014    
 25.2E-9    476.3E-12 -143.95E-6  146.76E-6  26.87E-6  -20.99E-6   28.432E-6 -59.409E-6  34.664E-6  575.94E-6  1.8004    
 25.4E-9   -857.2E-12 -102.65E-6  116.95E-6  47.173E-6 -28.953E-6  31.367E-6 -81.105E-6  49.306E-6 -33.922E-6  1.8001    
 25.6E-9    73.11E-12 -86.079E-6  73.695E-6  50.942E-6 -29.52E-6   35.422E-6 -81.837E-6  50.179E-6 -43.2E-6    1.8001    
 25.8E-9   -30.03E-12 -56.126E-6  91.679E-6  15.638E-6 -20.307E-6  9.7062E-6 -44.18E-6   29.331E-6 -36.098E-6  1.8001    
 26.E-9    -1.8666E-9 -3.6933E-6  207.36E-6  59.946E-6 -31.372E-6  38.103E-6 -83.911E-6  56.386E-6 -51.864E-6  1.8001    
 26.2E-9   -1.1823E-9  0.012738  -0.0090084  50.989E-6 -30.305E-6  33.25E-6  -78.072E-6  52.723E-6 -51.385E-6  1.8001    
 26.4E-9    82.47E-12  1.9208     1.6875     40.727E-6 -28.88E-6   29.19E-6  -69.803E-6  49.473E-6 -50.659E-6  1.8001    
 26.6E-9   -1.0907E-9  1.8322     1.7708     86.666E-6 -27.776E-6  24.206E-6 -61.649E-6  47.146E-6 -49.968E-6  1.8001    
 26.8E-9   -2.3258E-9  1.7992     1.8012    -0.0087709  22.916E-6 -17.765E-6  50.583E-6 -38.414E-6  43.043E-6  1.7999    
 27.E-9    -1.1848E-9  1.8001     1.7999     1.3074    -30.961E-6  21.944E-6 -61.371E-6  45.13E-6  -48.223E-6  1.8001    
 27.2E-9   -2.5659E-9  1.8        1.7999     1.8015    -306.61E-6 -12.111E-6  39.77E-6  -33.809E-6  42.353E-6  1.7999    
 27.4E-9   -2.4589E-9  1.8001     1.7999     1.7999     0.030476  -17.495E-6  42.428E-6 -38.709E-6  41.389E-6  1.7999    
 27.6E-9   -140.2E-12  1.7999     1.8001     1.8        1.8337     49.277E-6 -63.32E-6   51.596E-6 -51.977E-6  1.8001    
 27.8E-9   -2.2862E-9  1.8001     1.7999     1.8        1.7991    -229.35E-6  47.584E-6 -48.342E-6  50.613E-6  1.7999    
 28.E-9    -2.3513E-9  1.8002     1.7999     1.8        1.8001     87.482E-6  44.114E-6 -41.377E-6  43.059E-6  1.7999    
 28.2E-9   -1.7679E-9  1.7999     1.7999     1.8        1.7999     1.5762     101.23E-6  54.969E-6 -53.504E-6  1.8001    
 28.4E-9   -2.2441E-9  1.8001     1.7999     1.8        1.8001     1.7999    -0.0022903 -51.648E-6  52.242E-6  1.7999    
 28.6E-9   -3.347E-9   1.8        1.7999     1.8        1.8        1.8        0.49277   -49.426E-6  44.557E-6  1.7999    
 28.8E-9   -2.7828E-9  1.8001     1.7999     1.8        1.8001     1.8        1.8548     39.866E-6  60.793E-6  1.7998    
 29.E-9    -2.1349E-9  1.8        1.7999     1.8        1.8        1.8        1.806     -0.0017642  60.035E-6  1.7999    
 29.2E-9   -1.1344E-9  1.8        1.8001     1.8        1.8        1.8        1.7998     0.29559   -53.601E-6  1.8001    
 29.4E-9   -3.2281E-9  1.8        1.8        1.8        1.8        1.8        1.7999     1.81       142.29E-6  1.7998    
 29.6E-9   -110.7E-12  1.7999     1.8001     1.7999     1.8        1.8        1.8        1.8       -8.6524E-6  1.8       
 29.8E-9   -2.5044E-9  1.8001     1.7999     1.8        1.8001     1.7999     1.8        1.7999    -605.85E-6  1.8095    
 30.E-9    -1.6105E-9  1.8        1.8        1.8        1.8001     1.8        1.8        1.7999    -0.0034418 -0.014589  
 30.2E-9    1.8        1.8        1.8        1.8        1.8001     1.8        1.8        1.8        0.73463   -0.0049973 
 30.4E-9    1.8        1.7998     1.8        1.8001     1.8        1.8        1.7999     1.8        1.7962     729.33E-6 
 30.6E-9    1.8        1.7996     1.7998     1.8        1.8001     1.8        1.8001     1.8        1.8002    -271.27E-6 
 30.8E-9    1.8        0.56441    1.7475     1.7999     1.7999     1.8        1.8        1.8001     1.7999     160.09E-6 
 31.E-9     1.8        0.10692   -0.14914    1.7998     1.7999     1.8        1.7999     1.8001     1.7999     148.15E-6 
 31.2E-9    1.8        0.053792  -0.073886   1.7473     1.7999     1.8        1.8        1.8001     1.7999     135.53E-6 
 31.4E-9    1.8       -794.44E-6  860.06E-6  0.0026061  1.7997     1.8001     1.7999     1.8001     1.8       -95.472E-6 
 31.6E-9    1.8        133.2E-6  -143.47E-6 -34.925E-6  1.667      1.7999     1.8001     1.7999     1.8001    -108.59E-6 
 31.8E-9    1.8       -121.55E-6  148.89E-6  24.622E-6 -0.007531   1.7998     1.8001     1.7999     1.7999     109.22E-6 
 32.E-9     1.8        594.2E-9   156.26E-6  40.504E-6 -68.51E-6   1.7586     1.8001     1.8001     1.7999     97.026E-6 
 32.2E-9    1.8        131.38E-6 -158.31E-6 -47.634E-6  45.472E-6  0.0045402  1.7996     1.8        1.8001    -85.776E-6 
 32.4E-9    1.8       -133.53E-6  85.425E-6  43.597E-6 -35.902E-6  23.995E-6  0.94556    1.7999     1.7999     69.083E-6 
 32.6E-9    1.8        77.837E-6 -116.29E-6 -42.667E-6  36.468E-6 -37.192E-6  35.526E-6  1.7997     1.8001    -71.689E-6 
 32.8E-9    1.8        72.16E-6  -121.07E-6 -28.222E-6  42.7E-6   -35.579E-6  50.284E-6  1.2274     1.7999    -109.71E-6 
 33.E-9     1.8        82.286E-6 -120.48E-6 -43.596E-6  39.504E-6 -32.294E-6  53.497E-6  101.15E-6  1.7997    -106.29E-6 
 33.2E-9    1.8       -59.371E-6  82.759E-6  31.041E-6 -48.795E-6  36.548E-6 -71.088E-6  39.423E-6  1.8051    -792.85E-6 
 33.4E-9    1.8        107.57E-6 -94.17E-6   2.856E-6   58.258E-6 -43.385E-6  85.962E-6 -50.657E-6  0.14594    1.7853    
 33.6E-9    1.8        121.75E-6 -104.56E-6 -11.254E-6  61.263E-6 -38.039E-6  77.301E-6 -57.18E-6   0.060308   1.7945    
 33.8E-9    1.8        94.331E-6 -108.58E-6 -5.1396E-6  58.437E-6 -31.598E-6  71.297E-6 -55.025E-6  0.03118    1.7979    
 34.E-9     1.8        125.94E-6 -101.91E-6 -19.071E-6  56.212E-6 -30.378E-6  66.504E-6 -53.581E-6  0.016736   1.7991    
 34.2E-9    1.8       -131.77E-6  110.01E-6  20.85E-6  -64.374E-6  43.921E-6 -79.565E-6  67.52E-6  -0.01431    1.8006    
 34.4E-9    1.8        121.58E-6 -100.59E-6 -12.642E-6  62.596E-6 -39.35E-6   74.515E-6 -63.941E-6  0.012349   1.7996    
 34.6E-9    1.8       -113.38E-6  92.891E-6  6.8511E-6 -61.78E-6   38.661E-6 -73.581E-6  62.819E-6 -0.010581   1.8003    
 34.8E-9    1.8        106.51E-6 -86.631E-6 -15.742E-6  60.915E-6 -36.154E-6  72.601E-6 -61.484E-6  0.0091255  1.7998    
 35.E-9     1.8       -114.7E-6   97.558E-6  21.518E-6 -60.021E-6  34.562E-6 -70.004E-6  60.422E-6 -0.0078297  1.8001    
 35.2E-9    1.4484E-9 -95.425E-6  108.35E-6  18.47E-6  -51.489E-6  23.891E-6 -54.672E-6  49.602E-6 -0.0042744  1.8       
 35.4E-9    109.1E-12 -129.39E-6  118.83E-6  33.512E-6 -78.354E-6  49.836E-6 -75.908E-6  59.689E-6 -79.75E-6   1.8002    
 35.6E-9   -3.0368E-9  119.17E-6 -68.157E-6 -5.6915E-6  83.616E-6 -44.861E-6  72.432E-6 -62.386E-6  94.368E-6  1.7998    
 35.8E-9   -3.1332E-9  83.926E-6 -94.567E-6 -46.126E-6  94.497E-6 -55.313E-6  79.746E-6 -85.091E-6  108.33E-6  1.7998    
 36.E-9    -869.7E-12  121.7E-6   1.2766E-6  15.794E-6 -70.283E-6  25.023E-6 -53.143E-6  55.143E-6 -91.832E-6  1.8001    
 36.2E-9   -197.5E-12  0.010313  -0.0090857  1.7712E-6 -76.041E-6  35.491E-6 -59.148E-6  66.085E-6 -99.653E-6  1.8002    
 36.4E-9    1.0563E-9  1.9175     1.6815     12.791E-6 -73.393E-6  29.037E-6 -58.084E-6  60.328E-6 -98.713E-6  1.8002    
 36.6E-9   -153.2E-12  1.8312     1.7696     67.804E-6 -71.067E-6  30.147E-6 -53.142E-6  58.688E-6 -97.736E-6  1.8002    
 36.8E-9    799.9E-12  1.8085     1.7914    -0.0081655 -69.192E-6  27.517E-6 -51.12E-6   54.293E-6 -96.932E-6  1.8001    
 37.E-9    -61.88E-12  1.8023     1.7973     1.2623    -71.577E-6  26.754E-6 -52.362E-6  55.205E-6 -96.288E-6  1.8001    
 37.2E-9    139.E-12   1.8007     1.799      1.7967    -860.68E-9  29.518E-6 -53.096E-6  52.125E-6 -95.804E-6  1.8001    
 37.4E-9    809.8E-12  1.8004     1.7996     1.7993     0.0074363  27.478E-6 -54.903E-6  54.058E-6 -95.458E-6  1.8001    
 37.6E-9   -2.9322E-9  1.7999     1.7999     1.8001     1.8085    -25.774E-6  41.883E-6 -43.506E-6  83.661E-6  1.7999    
 37.8E-9    451.9E-12  1.7999     1.8001     1.8        1.7997    -92.794E-6 -61.742E-6  50.966E-6 -92.352E-6  1.8       
 38.E-9    -3.3386E-9  1.8001     1.7999     1.8        1.7999    -0.0086924  58.502E-6 -50.433E-6  93.386E-6  1.7999    
 38.2E-9   -876.9E-12  1.7999     1.7999     1.8        1.8        1.3552     27.223E-6  50.488E-6 -94.274E-6  1.8001    
 38.4E-9    862.E-12   1.8        1.8001     1.8        1.8        1.7994    -0.001119   58.465E-6 -102.73E-6  1.8       
 38.6E-9    115.1E-12  1.7999     1.8001     1.8        1.8        1.7997     0.29392    54.463E-6 -102.24E-6  1.8001    
 38.8E-9    560.2E-12  1.8        1.8        1.8        1.8        1.7999     1.8658     111.26E-6 -101.62E-6  1.8       
 39.E-9     920.3E-12  1.7999     1.8001     1.8        1.8        1.7999     1.8065    -834.03E-6 -101.09E-6  1.8001    
 39.2E-9    370.E-12   1.7999     1.8001     1.7999     1.8        1.8        1.8009     0.072145  -101.09E-6  1.8001    
 39.4E-9   -149.8E-12  1.8        1.8        1.8        1.8        1.8        1.8002     1.7369    -64.704E-6  1.8       
 39.6E-9    694.2E-12  1.8        1.8001     1.8        1.7999     1.8        1.8001     1.7966    -65.667E-6  1.8001    
 39.8E-9    852.3E-12  1.8        1.8        1.7999     1.7999     1.8        1.8        1.7994    -417.42E-6  1.8001    
 40.E-9    -2.867E-9   1.8001     1.8001     1.8001     1.8001     1.8        1.8001     1.8001    -0.0024433  0.026669  
 40.2E-9    1.8        1.7999     1.8001     1.7999     1.7999     1.8001     1.7999     1.8        0.13539   -0.0047866 
 40.4E-9    1.8        1.8001     1.7999     1.7999     1.8001     1.8        1.7999     1.8        1.7989    -27.482E-6 
 40.6E-9    1.8        1.7997     1.7996     1.8        1.7999     1.8        1.7999     1.8        1.8        142.22E-6 
 40.8E-9    1.8        0.43584    1.5697     1.8001     1.8001     1.8        1.8        1.8        1.7999    -148.4E-6  
 41.E-9     1.8       -0.041524   0.061395   1.7998     1.7999     1.8        1.8001     1.7999     1.8        117.33E-6 
 41.2E-9    1.8        0.010372  -0.014009   1.6565     1.8001     1.8        1.8        1.8        1.8001    -145.52E-6 
 41.4E-9    1.8       -249.61E-6  166.77E-6  582.63E-6  1.7998     1.8        1.8001     1.8001     1.7999     132.48E-6 
 41.6E-9    1.8        127.51E-6 -145.39E-6 -33.878E-6  1.2832     1.7999     1.8001     1.7999     1.8001    -98.121E-6 
 41.8E-9    1.8       -91.837E-6  64.691E-6 -10.568E-6  176.17E-6  1.7996     1.8001     1.8001     1.7999     88.132E-6 
 42.E-9     1.8        77.901E-6 -88.173E-6 -36.354E-6  39.576E-6  1.5898     1.7999     1.8001     1.8001    -124.56E-6 
 42.2E-9    1.8       -90.562E-6  72.944E-6  46.707E-6 -57.429E-6  200.29E-6  1.8001     1.8        1.7999     148.26E-6 
 42.4E-9    1.8        147.27E-6 -123.56E-6 -32.453E-6  60.031E-6 -20.95E-6   0.48207    1.8        1.7999    -144.87E-6 
 42.6E-9    1.8       -73.063E-6  82.336E-6  43.789E-6 -72.062E-6  44.294E-6  90.554E-6  1.8        1.7999     172.32E-6 
 42.8E-9    1.8       -82.544E-6  79.99E-6   41.486E-6 -67.671E-6  42.318E-6 -49.546E-6  0.80754    1.7999     157.29E-6 
 43.E-9     1.8        109.4E-6  -103.57E-6  4.796E-6   72.274E-6 -19.914E-6  49.229E-6  126.53E-6  1.7998    -138.37E-6 
 43.2E-9    1.8        54.97E-6  -63.657E-6  128.29E-6  17.195E-6  7.4218E-6  23.493E-6  5.0935E-6  1.8072    -0.0066735 
 43.4E-9    1.8        37.178E-6 -34.145E-6 -12.233E-6  100.64E-6 -45.354E-9  27.144E-6 -40.964E-6 -0.059473   1.8342    
 43.6E-9    1.8       -82.882E-6  74.107E-6 -3.0448E-6 -98.466E-6  32.693E-6 -57.56E-6   54.469E-6  0.015699   1.7977    
 43.8E-9    1.8       -101.09E-6  71.797E-6  13.365E-6 -103.71E-6  40.716E-6 -78.306E-6  67.154E-6  0.0085873  1.7993    
 44.E-9     1.8       -110.64E-6  78.911E-6  22.565E-6 -98.361E-6  37.62E-6  -78.62E-6   38.861E-6  0.0047318  1.7998    
 44.2E-9    1.8        115.57E-6 -88.742E-6 -24.911E-6  112.33E-6 -52.352E-6  94.454E-6 -58.104E-6 -0.0040794  1.8001    
 44.4E-9    1.8       -107.85E-6  97.36E-6   16.13E-6  -108.75E-6  48.46E-6  -91.024E-6  58.524E-6  0.003528   1.7999    
 44.6E-9    1.8        100.74E-6 -89.292E-6 -9.9113E-6  106.92E-6 -47.958E-6  90.638E-6 -60.805E-6 -0.0030481  1.8       
 44.8E-9    1.8       -94.196E-6  83.914E-6  18.846E-6 -104.95E-6  46.292E-6 -88.062E-6  62.457E-6  0.0026412  1.8       
 45.E-9     1.8        88.975E-6 -79.26E-6  -25.115E-6  103.25E-6 -43.613E-6  85.468E-6 -63.733E-6 -0.002288   1.8       
 45.2E-9    1.8264E-9  104.82E-6 -97.278E-6 -19.408E-6  87.854E-6 -31.218E-6  70.554E-6 -56.973E-6 -0.0013019  1.7999    
 45.4E-9   -3.6472E-9 -74.742E-6  65.096E-6  4.0774E-6 -106.51E-6  41.88E-6  -67.492E-6  58.811E-6 -138.41E-6  1.8001    
 45.6E-9    544.9E-12  63.775E-6 -101.66E-6  128.13E-9  106.97E-6  8.0677E-6  61.842E-6 -52.064E-6  150.62E-6  1.8001    
 45.8E-9   -2.5482E-9 -12.432E-6  131.4E-6   20.661E-6 -141.47E-6  19.844E-6 -96.499E-6  85.981E-6 -188.33E-6  1.8       
 46.E-9    -4.3579E-9  33.383E-6  118.13E-6  10.095E-6 -127.43E-6  18.405E-6 -86.25E-6   65.587E-6 -180.22E-6  1.7999    
 46.2E-9   -3.6651E-9  0.017039  -0.0096291  20.459E-6 -119.78E-6  5.7462E-6 -77.606E-6  57.325E-6 -175.84E-6  1.8       
 46.4E-9   -2.2386E-9  1.9237     1.7257     10.525E-6 -114.67E-6  21.374E-6 -69.846E-6  55.662E-6 -171.73E-6  1.8       
 46.6E-9   -3.4571E-9  1.8332     1.7793     47.359E-6 -110.99E-6  5.8859E-6 -69.497E-6  50.821E-6 -168.09E-6  1.8       
 46.8E-9   -2.5725E-9  1.8092     1.7937    -0.0088491 -108.38E-6  22.719E-6 -65.692E-6  48.745E-6 -165.01E-6  1.8       
 47.E-9    -537.5E-12  1.7997     1.8004     1.463      82.837E-6 -22.62E-6   56.646E-6 -36.92E-6   141.26E-6  1.7999    
 47.2E-9   -550.7E-12  1.7998     1.8001     1.7961     29.854E-6 -16.191E-6  78.246E-6 -58.613E-6  165.21E-6  1.8       
 47.4E-9   -40.43E-12  1.7999     1.8        1.7999     0.017384  -13.673E-6  70.912E-6 -61.436E-6  165.29E-6  1.8001    
 47.6E-9   -2.0789E-9  1.7999     1.8001     1.8        1.843      28.224E-6 -59.505E-6  45.637E-6 -151.73E-6  1.7999    
 47.8E-9   -277.9E-12  1.8001     1.7999     1.8        1.7989    -61.857E-6  63.868E-6 -47.115E-6  153.33E-6  1.8001    
 48.E-9    -2.4959E-9  1.7999     1.8001     1.8        1.8001    -0.0059549 -71.123E-6  47.935E-6 -155.E-6    1.7999    
 48.2E-9   -1.6995E-9  1.8001     1.7999     1.8        1.8001     1.4611     186.32E-6 -48.434E-6  157.15E-6  1.8001    
 48.4E-9   -2.3356E-9  1.7999     1.8001     1.8        1.7999     1.8003    -0.0017118  49.12E-6  -159.37E-6  1.7999    
 48.6E-9   -1.1207E-9  1.8        1.8        1.8        1.8001     1.8        0.37925   -50.857E-6  161.56E-6  1.8001    
 48.8E-9   -2.9844E-9  1.8001     1.8001     1.8        1.7999     1.8        1.8021     190.32E-6 -163.81E-6  1.7999    
 49.E-9    -239.1E-12  1.7999     1.8001     1.8        1.8001     1.8        1.8       -0.0015095  166.4E-6   1.8001    
 49.2E-9   -2.8809E-9  1.7999     1.7999     1.8        1.7999     1.8        1.8        0.2324    -170.35E-6  1.7999    
 49.4E-9   -1.3314E-9  1.8001     1.8        1.8        1.8001     1.8        1.8        1.801      119.43E-6  1.8       
 49.6E-9   -2.0105E-9  1.7999     1.8        1.8        1.7999     1.8        1.8        1.7999     13.532E-6  1.8       
 49.8E-9   -507.6E-12  1.8001     1.7999     1.8        1.8001     1.8        1.8        1.8       -678.84E-6  1.8039    
 50.E-9    -1.6584E-9  1.7999     1.8001     1.8        1.7999     1.8        1.7999     1.8       -0.0031898 -0.080652  
 50.2E-9    1.8        1.8        1.8        1.8        1.7999     1.8        1.7999     1.8        0.62192   -0.040922  
 50.4E-9    1.8        1.8        1.8        1.7999     1.7999     1.8        1.7999     1.8        1.8001    -0.0027214 
 50.6E-9    1.8        1.7995     1.7999     1.8        1.8001     1.8001     1.8001     1.8        1.7999    -87.437E-6 
 50.8E-9    1.8        0.1853     1.6712     1.7999     1.7999     1.8        1.8001     1.7999     1.8001    -92.458E-6 
 51.E-9     1.8       -68.111E-6 -0.0065597  1.7998     1.7999     1.8        1.8001     1.7999     1.8001    -125.4E-6  
 51.2E-9    1.8        69.918E-6 -437.9E-6   1.6752     1.8        1.8        1.7999     1.8001     1.8001    -163.74E-6 
 51.4E-9    1.8       -65.816E-6  190.02E-6 -0.029491   1.7997     1.8        1.8        1.8        1.8        125.9E-6  
 51.6E-9    1.8       -102.16E-6  106.02E-6 -115.76E-6  1.3418     1.8001     1.7999     1.7999     1.7999     129.29E-6 
 51.8E-9    1.8       -99.352E-6  79.396E-6  45.775E-6  5.3147E-6  1.7996     1.7999     1.8        1.7999     103.33E-6 
 52.E-9     1.8       -127.43E-6  117.11E-6  5.8081E-6 -97.922E-6  1.6206     1.8001     1.8        1.7999     169.75E-6 
 52.2E-9    1.8        116.6E-6  -91.557E-6 -17.137E-6  98.97E-6   412.43E-6  1.7998     1.8        1.8001    -98.712E-6 
 52.4E-9    1.8       -130.3E-6   91.847E-6  36.602E-6 -105.02E-6  38.886E-6  0.58447    1.8001     1.8001     153.83E-6 
 52.6E-9    1.8        129.05E-6 -120.72E-6 -45.073E-6  104.92E-6 -45.781E-6  97.057E-6  1.7999     1.8001    -114.61E-6 
 52.8E-9    1.8       -75.429E-6  118.01E-6 -12.516E-6 -100.12E-6  3.3015E-6 -75.783E-6  0.87553    1.8001     67.072E-6 
 53.E-9     1.8        97.727E-6 -131.65E-6 -31.672E-6  95.598E-6 -14.815E-6  68.839E-6  99.445E-6  1.7998    -94.847E-6 
 53.2E-9    1.8       -87.796E-6  88.307E-6  3.4507E-6 -74.189E-6  36.016E-6 -78.512E-6  64.88E-6   1.8076    -0.0053886 
 53.4E-9    1.8        55.085E-6 -106.44E-6  44.916E-6  77.172E-6 -39.328E-6  7.0906E-6  11.04E-6   0.04852    1.8618    
 53.6E-9    1.8        115.23E-6 -96.631E-6 -30.912E-6  94.932E-6 -57.309E-6  66.045E-6 -51.398E-6  0.020102   1.8145    
 53.8E-9    1.8        49.346E-6 -62.508E-6  48.944E-6  60.548E-6 -2.0758E-6  56.927E-6  1.3826E-6  0.010116   1.8033    
 54.E-9     1.8       -94.003E-6  108.16E-6  6.6314E-6 -106.09E-6  38.664E-6 -93.263E-6  44.929E-6 -0.0086454  1.7977    
 54.2E-9    1.8        101.96E-6 -97.203E-6 -11.06E-6   107.05E-6 -35.013E-6  88.763E-6 -46.222E-6  0.0074398  1.8017    
 54.4E-9    1.8       -66.912E-6  92.082E-6  6.0211E-6 -94.425E-6  23.263E-6 -45.951E-6  52.193E-6 -0.0063735  1.7988    
 54.6E-9    1.8        81.969E-6 -85.726E-6 -2.9669E-6  84.099E-6 -29.648E-6  53.973E-6 -56.235E-6  0.0054837  1.8009    
 54.8E-9    1.8       -91.479E-6  79.656E-6 -193.85E-9 -74.862E-6  31.934E-6 -56.573E-6  31.659E-6 -0.0047022  1.7993    
 55.E-9     1.8        86.331E-6 -75.08E-6   3.1389E-6  82.43E-6  -33.356E-6  60.833E-6 -40.997E-6  0.0040439  1.8006    
 55.2E-9    272.5E-12  90.735E-6 -79.365E-6 -12.653E-6  87.388E-6 -22.273E-6  57.899E-6 -47.246E-6  0.0021917  1.8003    
 55.4E-9   -2.1922E-9 -86.771E-6  80.39E-6   2.9091E-6 -40.342E-6  25.439E-6 -63.893E-6  68.69E-6  -149.65E-6  1.7999    
 55.6E-9   -893.E-12   69.469E-6 -49.169E-6 -15.707E-6  32.504E-6 -36.671E-6  19.891E-6 -57.056E-6  152.55E-6  1.7999    
 55.8E-9   -1.0289E-9  29.858E-6 -110.92E-6  58.713E-6  46.267E-6 -31.179E-6  20.421E-6 -67.437E-6  164.19E-6  1.8       
 56.E-9    -2.8563E-9  70.139E-6  68.673E-6 -19.278E-6  65.608E-6 -8.7537E-6  58.434E-6 -74.762E-6  181.52E-6  1.8       
 56.2E-9   -2.1385E-9  0.0041551 -0.010044   19.002E-6 -79.617E-6  24.85E-6  -54.55E-6   52.882E-6 -160.65E-6  1.8       
 56.4E-9   -1.0888E-9  1.8464     1.8069    -27.124E-6  64.851E-6  2.7144E-6  55.852E-6 -54.821E-6  157.92E-6  1.8       
 56.6E-9   -2.0163E-9  1.8137     1.8015     71.432E-6  69.089E-6 -16.357E-6  56.297E-6 -66.478E-6  170.34E-6  1.8       
 56.8E-9   -1.3428E-9  1.8041     1.8003    -0.0064429  42.821E-6  3.5772E-6  64.37E-6  -59.342E-6  167.69E-6  1.8       
 57.E-9    -1.6326E-9  1.7997     1.7999     1.5368    -30.58E-6   30.889E-6 -53.309E-6  45.206E-6 -143.4E-6   1.8001    
 57.2E-9   -1.687E-9   1.8001     1.8        1.8002    -447.01E-6  857.46E-9  38.725E-6 -60.623E-6  156.6E-6   1.7999    
 57.4E-9   -1.3102E-9  1.7999     1.8001     1.8        0.060101  -5.5493E-6 -45.943E-6  61.602E-6 -156.24E-6  1.8001    
 57.6E-9   -1.4317E-9  1.8001     1.7999     1.8        1.8303     15.152E-6  33.437E-6 -63.141E-6  156.53E-6  1.7999    
 57.8E-9   -992.5E-12  1.7999     1.8001     1.8        1.7993    -343.17E-6 -43.796E-6  29.522E-6 -157.1E-6   1.8001    
 58.E-9    -1.7929E-9  1.8001     1.7999     1.8        1.7999     0.0096394  32.214E-6 -56.595E-6  157.93E-6  1.7999    
 58.2E-9   -2.3043E-9  1.8001     1.8001     1.8        1.8        1.5855     139.47E-6  27.463E-6 -158.66E-6  1.8001    
 58.4E-9   -1.7223E-9  1.7999     1.8001     1.8        1.8001     1.7999    -0.0023804 -56.579E-6  159.56E-6  1.8001    
 58.6E-9   -1.8453E-9  1.8001     1.7999     1.8        1.7999     1.7999     0.51153    45.155E-6 -160.37E-6  1.7999    
 58.8E-9   -2.5394E-9  1.8001     1.7999     1.8        1.8001     1.8        1.7988     108.81E-6  161.44E-6  1.8001    
 59.E-9    -757.8E-12  1.7999     1.8        1.7999     1.8        1.8        1.8002    -0.0020113 -162.31E-6  1.8       
 59.2E-9   -2.6722E-9  1.8001     1.8001     1.8        1.8        1.8        1.8        0.32156    150.89E-6  1.7999    
 59.4E-9   -1.7601E-9  1.7999     1.7999     1.8        1.8001     1.8        1.7999     1.8014    -24.048E-6  1.8001    
 59.6E-9   -1.6235E-9  1.8001     1.8001     1.8001     1.8001     1.8        1.8001     1.8001     36.646E-6  1.8       
 59.8E-9   -999.2E-12  1.7999     1.7999     1.8        1.7999     1.8        1.7999     1.8       -723.55E-6  1.8121    
 60.E-9    -1.4376E-9  1.8001     1.8001     1.8001     1.8        1.8        1.8        1.7999    -0.0037053 -0.11906   
 60.2E-9    1.8        1.8        1.8        1.8001     1.8001     1.8001     1.8        1.7999     0.79179   -0.059387  
 60.4E-9    1.8        1.8001     1.8        1.8        1.8        1.7999     1.8        1.8        1.8001    -0.003714  
 60.6E-9    1.8        1.7997     1.7996     1.8001     1.7999     1.7999     1.8002     1.8        1.7998     122.44E-6 
 60.8E-9    1.8        0.17772    1.657      1.7999     1.7999     1.8        1.8001     1.8        1.7999     6.5901E-6 
 61.E-9     1.8        509.34E-6  0.0029117  1.7997     1.7999     1.8        1.8001     1.8        1.7999     76.951E-6 
 61.2E-9    1.8       -123.52E-6  124.87E-6  1.7109     1.7999     1.8001     1.7998     1.8        1.8001     115.75E-6 
 61.4E-9    1.8        74.025E-6 -91.719E-6  453.19E-6  1.7993     1.8        1.7999     1.7999     1.8001    -64.917E-6 
 61.6E-9    1.8       -67.028E-6  68.716E-6  47.936E-6  1.2645     1.7999     1.8001     1.8001     1.7999     99.614E-6 
 61.8E-9    1.8        141.24E-6 -69.508E-6  67.201E-6 -0.0010122  1.7999     1.8        1.7999     1.8001    -79.579E-6 
 62.E-9     1.8        76.841E-6 -134.79E-6 -57.978E-6  88.158E-6  1.6154     1.8        1.8        1.7999    -127.14E-6 
 62.2E-9    1.8       -123.5E-6   130.37E-6  5.4275E-6 -126.58E-6  229.21E-6  1.8        1.7999     1.8        89.08E-6  
 62.4E-9    1.8        137.51E-6 -131.04E-6 -40.505E-6  121.24E-6 -32.479E-6  0.52961    1.8        1.8001    -106.65E-6 
 62.6E-9    1.8       -40.108E-6 -72.47E-6   3.3424E-6  103.49E-6 -37.981E-6  15.422E-6  1.7999     1.7999    -57.966E-6 
 62.8E-9    1.8       -92.593E-6  69.348E-6 -84.721E-6 -48.493E-6 -78.833E-6  26.769E-6  0.85295    1.8001     73.749E-6 
 63.E-9     1.8       -96.144E-6 -57.582E-6 -46.341E-6  100.83E-6 -31.294E-6  58.386E-6 -24.629E-6  1.7998    -132.38E-6 
