#Time       v(a0)      v(b0)      v(a1)      v(sum0)    v(sum1)    v(sum2)    v(sum3)    v(sum4)    v(sum5)    v(sum6)    v(sum7)    v(cout)    v(a1)     
 0.        -145.E-15   1.8       -145.E-15   1.8        1.8        1.8        1.8        1.8        1.8        1.8        1.8        10.552E-9 -145.E-15  
 100.E-12   1.8        1.7998     62.116E-6  1.8        1.8        1.7999     1.8        1.8        1.8        1.8        1.8       -577.99E-9  62.116E-6 
 200.E-12   1.8        1.7998     38.376E-6  1.8001     1.8        1.8        1.8        1.8        1.8        1.8        1.8       -481.43E-9  38.376E-6 
 300.E-12   1.8        1.7998     26.895E-6  1.8001     1.8        1.8        1.8        1.8        1.8        1.8        1.8       -402.6E-9   26.895E-6 
 400.E-12   1.8        1.8001    -32.114E-6  1.7999     1.8        1.8001     1.8        1.8        1.8        1.8        1.8        469.03E-9 -32.114E-6 
 500.E-12   1.8        1.8        14.834E-6  1.8001     1.8        1.8        1.8        1.8        1.8        1.8        1.8       -411.19E-9  14.834E-6 
 600.E-12   1.8        1.8001    -20.537E-6  1.7996     1.8        1.8        1.8        1.8        1.8        1.8        1.8        406.16E-9 -20.537E-6 
 700.E-12   1.8        1.7999     14.979E-6  1.8119     1.7995     1.8        1.8        1.8        1.8        1.8        1.8       -358.25E-9  14.979E-6 
 800.E-12   1.8        1.8       -17.392E-6  0.7908     1.8188     1.8001     1.8        1.8        1.8        1.8        1.8        353.35E-9 -17.392E-6 
 900.E-12   1.8        1.8        15.842E-6 -0.034591   0.57487    1.7999     1.8        1.8        1.8        1.8        1.8       -307.74E-9  15.842E-6 
 1.E-9      1.8        1.8       -14.833E-6  0.024128  -0.097161   1.8        1.8        1.8        1.8        1.8        1.8        306.12E-9 -14.833E-6 
 1.1E-9     1.8        1.8        14.901E-6 -0.016616   0.070469   1.7997     1.8        1.8        1.8        1.8        1.8       -264.09E-9  14.901E-6 
 1.2E-9     1.8        1.8       -15.487E-6  0.012047  -0.047802   1.8044     1.8        1.8        1.8        1.8        1.8        266.45E-9 -15.487E-6 
 1.3E-9     1.8        1.8        14.677E-6 -0.0087425  0.034765   1.4943     1.8        1.8        1.8        1.8        1.8       -228.74E-9  14.677E-6 
 1.4E-9     1.8        1.8       -14.899E-6  0.0064465 -0.024791   0.38622    1.8        1.8        1.8        1.8        1.8        235.19E-9 -14.899E-6 
 1.5E-9     1.8        1.8        14.654E-6 -0.0047548  0.018123  -0.1096     1.7997     1.8        1.8        1.8        1.8       -201.39E-9  14.654E-6 
 1.6E-9     1.8        1.8       -14.541E-6  0.0035372 -0.013132   0.050185   1.8057     1.8        1.8        1.8        1.8        211.8E-9  -14.541E-6 
 1.7E-9     1.8        1.8        14.599E-6 -0.0026383  0.0096207 -0.023081   1.2624     1.8        1.8        1.8        1.8       -181.81E-9  14.599E-6 
 1.8E-9     1.8        1.8       -14.638E-6  0.0019801 -0.0070158  0.010993   0.12844    1.8        1.8        1.8        1.8        195.55E-9 -14.638E-6 
 1.9E-9     1.8        1.8       -18.934E-6  711.27E-6 -0.001957   334.27E-6  0.019934   1.7997     1.8        1.8        1.8        158.86E-9 -18.934E-6 
 2.E-9      1.8        1.8       -17.137E-6  333.17E-6 -569.E-6    41.835E-6  0.0035917  1.8021     1.8        1.8        1.8        163.28E-9 -17.137E-6 
 2.1E-9     1.8        1.8001    -16.443E-6  148.77E-6 -271.64E-6  16.197E-6  670.08E-6  1.6879     1.8        1.8        1.8        170.86E-9 -16.443E-6 
 2.2E-9     1.8        1.8        8.7152E-6  2.7112E-6  63.864E-6 -21.672E-6 -85.749E-6  0.40303    1.8        1.8        1.8       -149.57E-9  8.7152E-6 
 2.3E-9     1.8        1.8001    -19.334E-6 -56.126E-6 -16.899E-6  29.302E-6  35.449E-6  0.0014481  1.7998     1.8        1.8        194.9E-9  -19.334E-6 
 2.4E-9     1.8        1.8001    -13.647E-6 -79.776E-6 -6.5519E-6  35.186E-6  36.362E-6  17.968E-6  1.82       1.8        1.8        227.65E-9 -13.647E-6 
 2.5E-9     1.8        1.8       -16.333E-6 -89.377E-6  2.4337E-6  35.364E-6  35.686E-6  1.8273E-6  0.87237    1.8        1.8        228.26E-9 -16.333E-6 
 2.6E-9     1.8        1.8       -18.263E-6 -95.977E-6  7.2456E-6  35.117E-6  33.736E-6 -1.0008E-6 -0.028696   1.8        1.8        233.18E-9 -18.263E-6 
 2.7E-9    -1.6537E-9  1.7999     53.295E-6  118.77E-6 -9.9742E-6 -54.236E-6 -41.422E-6  2.4014E-6  0.016686   1.7996     1.7999    -268.64E-9  53.295E-6 
 2.8E-9    -2.7597E-9  1.7999     58.661E-6  110.75E-6 -15.917E-6 -33.742E-6 -28.291E-6 -4.3048E-6  37.796E-6  1.8113     1.7999    -281.07E-9  58.661E-6 
 2.9E-9    -4.0052E-9  1.8001     29.522E-6  153.57E-6 -26.32E-6  -36.262E-6 -39.194E-6 -2.9064E-6  6.7652E-6  1.224      1.7999    -526.69E-9  29.522E-6 
 3.E-9     -2.5264E-9  1.8        9.2155E-6  173.21E-6 -33.484E-6 -46.859E-6 -47.395E-6 -4.6508E-6  7.2026E-6 -0.024522   1.7998    -753.47E-9  9.2155E-6 
 3.1E-9    -2.4307E-9  1.8        26.245E-6  179.73E-6 -36.379E-6 -44.428E-6 -48.628E-6 -3.8371E-6  6.2431E-6 -0.0017426  1.7999    -381.8E-9   26.245E-6 
 3.2E-9    -2.454E-9   1.8        36.075E-6  143.24E-6 -37.431E-6 -42.078E-6 -47.095E-6 -3.8507E-6  5.6456E-6 -198.E-6    1.8002    -31.626E-6  36.075E-6 
 3.3E-9    -4.08E-9    1.8       -38.085E-6 -92.098E-6  33.278E-6  33.289E-6  37.082E-6  3.4216E-6 -4.3093E-6  23.397E-6  1.8048    -326.62E-6 -38.085E-6 
 3.4E-9    -4.6857E-9  1.8        55.681E-6  181.2E-6   173.91E-6 -36.643E-6 -38.974E-6 -3.1508E-6  5.1204E-6 -13.237E-6  1.7488     0.26703    55.681E-6 
 3.5E-9    -2.6474E-9  1.8        40.502E-6 -65.465E-6  38.314E-6 -47.105E-6 -45.113E-6 -3.9427E-6  5.3624E-6 -14.32E-6   0.11258    1.8361     40.502E-6 
 3.6E-9    -1.5051E-9  1.8        47.529E-6 -0.0035543 -0.0019186 -34.284E-6 -47.115E-6 -3.3503E-6  5.8512E-6 -12.193E-6  0.022589   1.8034     47.529E-6 
 3.7E-9    -1.6671E-9  1.8        54.37E-6   853.71E-6 -0.010142  -33.57E-6  -38.048E-6 -3.4071E-6  5.9724E-6 -10.978E-6  0.0065062  1.8005     54.37E-6  
 3.8E-9    -3.3427E-9  1.8        59.903E-6  1.2762     0.52641   -33.932E-6 -37.883E-6 -3.339E-6   6.183E-6  -10.505E-6  0.0019218  1.7999     59.903E-6 
 3.9E-9    -612.5E-12  1.8        63.307E-6  1.7956     1.8279    -38.287E-6 -40.466E-6 -3.6461E-6  5.9619E-6 -10.31E-6   589.28E-6  1.7999     63.307E-6 
 4.E-9     -1.7376E-9  1.8        66.832E-6  1.7995     1.8018     201.27E-6 -32.954E-6 -3.0214E-6  6.4475E-6 -10.24E-6   298.61E-6  1.7999     66.832E-6 
 4.1E-9    -1.3678E-9  1.8        69.719E-6  1.7999     1.8001     4.5651E-6 -35.747E-6 -3.4203E-6  6.4427E-6 -10.235E-6  150.87E-6  1.7999     69.719E-6 
 4.2E-9    -904.4E-12  1.8        72.608E-6  1.8        1.8       -0.0024625 -35.153E-6 -3.4622E-6  6.3427E-6 -10.263E-6  94.068E-6  1.7999     72.608E-6 
 4.3E-9    -872.6E-12  1.8        75.777E-6  1.8001     1.8       -0.00874   -24.015E-6 -3.2882E-6  6.7629E-6 -10.331E-6  53.066E-6  1.7999     75.777E-6 
 4.4E-9    -2.0747E-9  1.8        78.798E-6  1.8001     1.8        0.42377   -32.013E-6 -3.4992E-6  7.2241E-6 -10.384E-6  25.374E-6  1.7999     78.798E-6 
 4.5E-9    -1.6458E-9  1.8        81.889E-6  1.8001     1.8        1.5221    -20.882E-6 -3.4848E-6  7.2462E-6 -10.506E-6  6.1142E-6  1.7999     81.889E-6 
 4.6E-9    -1.9477E-9  1.8        85.018E-6  1.8001     1.8        1.7872     100.17E-6 -3.351E-6   8.0024E-6 -10.559E-6 -7.4008E-6  1.7999     85.018E-6 
 4.7E-9    -1.0136E-9  1.8        88.371E-6  1.8001     1.8        1.7998    -651.4E-6  -3.365E-6   8.0698E-6 -10.692E-6 -16.935E-6  1.7999     88.371E-6 
 4.8E-9    -1.0548E-9  1.7999     149.76E-6  1.8001     1.8        1.7999    -0.0062146 -3.6575E-6  8.1885E-6 -10.848E-6 -23.704E-6  1.7999     149.76E-6 
 4.9E-9    -1.4428E-9  1.8        127.56E-6  1.8001     1.8        1.8        0.12499   -3.923E-6   8.5682E-6 -10.885E-6 -28.525E-6  1.7999     127.56E-6 
 5.E-9     -1.2605E-9  1.8       -48.191E-6  1.8001     1.8        1.8        1.518     -9.1216E-6  9.0217E-6 -11.063E-6 -32.079E-6  1.7999    -48.191E-6 
 5.1E-9     1.8        1.8001    -225.23E-6  1.7998     1.8        1.8        1.8861     40.098E-6 -11.966E-6  16.31E-6   40.429E-6  1.8001    -225.23E-6 
 5.2E-9     1.8        1.7999     29.617E-6  1.8001     1.8        1.8        1.7619     118.44E-6  11.057E-6 -14.305E-6 -39.682E-6  1.7999     29.617E-6 
 5.3E-9     1.8        1.7999     135.66E-6  1.8001     1.8        1.8        1.7996    -524.38E-6  10.392E-6 -11.489E-6 -35.259E-6  1.7999     135.66E-6 
 5.4E-9     1.8        1.8001     124.08E-6  1.8001     1.8        1.8        1.8001    -0.0043782  9.9918E-6 -11.4E-6   -36.627E-6  1.7999     124.08E-6 
 5.5E-9     1.8        1.8        249.77E-6  1.8001     1.8        1.8        1.8        0.017111   1.0206E-6 -10.974E-6 -32.916E-6  1.7999     249.77E-6 
 5.6E-9     1.8        1.8        274.64E-6  1.7997     1.7996     1.8        1.8        0.80848   -17.688E-6  13.692E-6  45.491E-6  1.8001     274.64E-6 
 5.7E-9     1.8        1.8        135.93E-6  1.8293     1.8024     1.7999     1.8        1.6526     139.09E-6 -13.275E-6 -40.858E-6  1.7999     135.93E-6 
 5.8E-9     1.8        1.8       -286.12E-6  0.16195    1.6381     1.8001     1.8        1.789     -176.82E-6  5.5982E-6  23.318E-6  1.8001    -286.12E-6 
 5.9E-9     1.8        1.8        243.26E-6  275.56E-6 -0.0033823  1.8001     1.8        1.7992    -0.003526   16.3E-6    46.593E-6  1.8001     243.26E-6 
 6.E-9      1.8        1.8       -156.14E-6  18.291E-6 -169.49E-6  1.7996     1.8        1.7998    -0.0041172  10.156E-6  38.152E-6  1.8001    -156.14E-6 
 6.1E-9     1.8        1.7999     463.78E-6  100.02E-6  43.824E-6  1.8021     1.8        1.8        0.84729   -28.239E-6 -54.602E-6  1.8001     463.78E-6 
 6.2E-9     1.8        1.8       -66.982E-6  97.952E-6  22.512E-6  1.6661     1.8        1.8        1.7546     27.584E-6 -45.417E-6  1.7999    -66.982E-6 
 6.3E-9     1.8        1.8001    -82.917E-6 -116.85E-6 -12.013E-6  0.25594    1.8        1.8        1.7995     77.99E-6   50.84E-6   1.7999    -82.917E-6 
 6.4E-9     1.8        1.8        63.432E-6 -102.68E-6 -4.8783E-6  536.16E-6  1.7997     1.8        1.7999    -418.98E-6  42.455E-6  1.8001     63.432E-6 
 6.5E-9     1.8        1.7999     162.56E-6  130.35E-6  4.0216E-6  13.949E-6  1.809      1.8        1.8       -0.0034709 -47.24E-6   1.8001     162.56E-6 
 6.6E-9     1.8        1.8       -294.23E-6  147.01E-6  3.1805E-6 -13.424E-6  1.1324     1.8        1.8       -0.0033375 -53.274E-6  1.7999    -294.23E-6 
 6.7E-9     1.8        1.7999    -56.374E-6  182.38E-6  4.0192E-6 -27.585E-6 -0.053839   1.8        1.8        0.71366   -66.307E-6  1.8       -56.374E-6 
 6.8E-9     1.8        1.8        238.02E-6  127.01E-6  3.505E-6  -11.926E-6  247.89E-6  1.7998     1.8        1.6996     113.79E-6  1.8001     238.02E-6 
 6.9E-9     1.8        1.8        195.34E-6 -166.93E-6 -4.4467E-6  26.273E-6 -6.1154E-6  1.8053     1.8        1.7967     102.51E-6  1.7999     195.34E-6 
 7.E-9      1.8        1.8002    -348.37E-6 -233.97E-6 -6.0247E-6  53.414E-6  1.1527E-6  1.5135     1.8        1.7998     81.814E-6  1.8002    -348.37E-6 
 7.1E-9     1.8        1.8       -199.99E-6  120.14E-6  4.037E-6  -20.329E-6 -2.1123E-6  0.16427    1.7998     1.7999    -111.55E-6  1.7999    -199.99E-6 
 7.2E-9     1.8        1.8001     430.25E-6 -231.06E-6 -6.8734E-6  57.337E-6  5.6657E-6  868.81E-6  1.8002     1.8       -676.43E-6  1.7995     430.25E-6 
 7.3E-9     1.8        1.8001    -85.706E-6 -165.27E-6 -5.5107E-6  44.842E-6  15.15E-6   45.842E-6  1.7973     1.8       -0.0011436  1.7697    -85.706E-6 
 7.4E-9     1.8        1.7999    -408.13E-6  191.38E-6  6.1311E-6 -39.019E-6 -18.296E-6  4.3556E-6  0.34647    1.8       -0.0023141 -0.044318  -408.13E-6 
 7.5E-9     1.8        1.7999    -153.E-6    138.14E-6  6.4433E-6 -30.422E-6 -22.415E-6 -825.74E-9  0.012559   1.7998    -0.0057676 -0.012692  -153.E-6   
 7.6E-9     1.8        1.8       -242.71E-6 -162.46E-6 -4.9599E-6  15.61E-6   17.448E-6  4.0332E-6  39.214E-6  1.8003     0.090462   116.42E-6 -242.71E-6 
 7.7E-9    -1.8857E-9  1.8        152.88E-6  71.873E-6  4.5956E-6 -22.277E-6 -25.093E-6 -3.1773E-6 -1.8198E-6  1.8125     1.4709    -109.3E-6   152.88E-6 
 7.8E-9    -1.3277E-9  1.8001    -199.33E-6  70.374E-6  15.035E-6  11.189E-6 -11.786E-6 -4.6468E-6 -12.266E-6  0.54207    1.7983    -190.95E-6 -199.33E-6 
 7.9E-9    -6.0775E-9  1.7999     142.43E-6 -97.349E-6 -13.006E-6  153.41E-9 -11.336E-6  1.6377E-6  7.6268E-6  237.61E-6  1.7998     48.399E-6  142.43E-6 
 8.E-9     -5.8758E-9  1.7999    -541.7E-6  -49.389E-6 -24.569E-6  4.6789E-6  33.719E-6  5.6941E-6  22.262E-6  74.838E-6  1.8035     148.42E-6 -541.7E-6  
 8.1E-9    -1.5322E-9  1.8001    -735.72E-9  25.168E-6  24.166E-6 -18.801E-6 -6.9786E-6 -2.9344E-6 -18.009E-6  8.4854E-6  1.8082     75.583E-6 -735.72E-9 
 8.2E-9    -5.2944E-9  1.7998    -431.29E-6 -169.11E-6 -40.841E-6  2.9568E-6  42.524E-6  5.7274E-6  37.19E-6   13.311E-6  0.2502    -0.015223  -431.29E-6 
 8.3E-9    -4.7834E-9  1.8        13.229E-6 -116.43E-6 -50.851E-6 -11.465E-6  30.103E-6  5.564E-6   12.13E-6   15.057E-6  0.038664   1.0281     13.229E-6 
 8.4E-9    -3.9957E-9  1.8001     95.429E-6 -13.327E-6  29.318E-6  20.957E-6  21.602E-6  4.9692E-6  19.671E-6  14.767E-6  0.010975   1.8042     95.429E-6 
 8.5E-9    -4.8263E-9  1.8       -91.835E-6  156.56E-6 -6.2083E-6 -9.7754E-6  19.165E-6  4.7469E-6  9.3223E-6  14.364E-6  0.0031885  1.7998    -91.835E-6 
 8.6E-9    -3.8505E-9  1.7999    -260.39E-6 -0.0022369 -0.0013845 -13.254E-6  24.925E-6  4.7171E-6  12.484E-6  14.067E-6  932.38E-6  1.8       -260.39E-6 
 8.7E-9    -4.0009E-9  1.7999     160.02E-6 -0.011797  -0.0076713  21.312E-6  12.292E-6  4.5894E-6  15.848E-6  13.961E-6  387.82E-6  1.8001     160.02E-6 
 8.8E-9    -5.6104E-9  1.8001     156.62E-6  0.82098    0.27944   -2.1426E-6  21.142E-6  4.5911E-6  5.7913E-6  14.064E-6  220.59E-6  1.8001     156.62E-6 
 8.9E-9     166.E-12   1.8       -97.921E-6  1.8547     1.5386    -42.513E-6 -29.094E-6 -8.4959E-6 -15.712E-6 -21.413E-6 -211.84E-6  1.7998    -97.921E-6 
 9.E-9     -3.5782E-9  1.7999    -95.454E-6  1.7717     1.9041     108.15E-6  31.174E-6  6.7603E-6  16.223E-6  18.741E-6  184.09E-6  1.8001    -95.454E-6 
 9.1E-9    -530.6E-12  1.8        61.691E-6  1.8131     1.7428     121.85E-6 -30.193E-6 -6.1588E-6 -12.542E-6 -18.531E-6 -159.75E-6  1.8        61.691E-6 
 9.2E-9     530.8E-12  1.8001     227.96E-6  1.8        1.7975    -0.0015334 -15.255E-6 -4.1013E-6 -11.062E-6 -14.605E-6 -99.301E-6  1.7999     227.96E-6 
 9.3E-9     494.6E-12  1.8001    -158.16E-6  1.7998     1.7997    -0.0085027 -27.357E-6 -4.7131E-6 -1.1693E-6 -14.542E-6 -75.217E-6  1.7999    -158.16E-6 
 9.4E-9    -472.9E-12  1.8       -167.65E-6  1.8001     1.8        0.24557   -18.628E-6 -4.5251E-6 -7.7301E-6 -14.94E-6  -61.554E-6  1.7998    -167.65E-6 
 9.5E-9    -403.1E-12  1.8001     122.88E-6  1.8001     1.8        1.3593    -31.181E-6 -5.0206E-6 -11.584E-6 -15.326E-6 -53.118E-6  1.7999     122.88E-6 
 9.6E-9    -483.1E-12  1.7999     56.644E-6  1.8001     1.8        1.7749     171.16E-6 -4.3597E-6  3.16E-6   -15.686E-6 -47.668E-6  1.8        56.644E-6 
 9.7E-9     225.3E-12  1.8       -245.65E-6  1.8001     1.8        1.7993    -298.92E-6 -4.7795E-6 -4.4582E-6 -16.057E-6 -44.083E-6  1.7999    -245.65E-6 
 9.8E-9     334.3E-12  1.8001    -36.813E-6  1.8002     1.8        1.7999    -0.0048141 -4.6488E-6 -10.574E-6 -16.425E-6 -41.736E-6  1.8       -36.813E-6 
 9.9E-9     185.3E-12  1.7999     183.76E-6  1.8001     1.8        1.8        0.042568  -4.8715E-6 -3.577E-6  -16.816E-6 -40.229E-6  1.7999     183.76E-6 
 10.E-9    -250.3E-12  1.8002     84.731E-6  1.8001     1.8        1.8        1.3399    -9.7431E-6 -9.075E-6  -17.156E-6 -39.319E-6  1.7999     84.731E-6 
 10.1E-9    1.8        1.8       -234.24E-6  1.8001     1.8        1.8        1.8009     26.728E-6 -13.4E-6   -17.573E-6 -38.853E-6  1.8       -234.24E-6 
 10.2E-9    1.8        1.7999     87.653E-6  1.7998     1.8        1.8        1.7998     88.085E-6  1.2823E-6  16.397E-6  33.146E-6  1.8002     87.653E-6 
 10.3E-9    1.8        1.7999    -5.9618E-6  1.8002     1.8        1.8        1.8       -466.13E-6  7.0323E-6 -17.857E-6 -32.9E-6    1.7998    -5.9618E-6 
 10.4E-9    1.8        1.8001    -380.75E-6  1.8        1.7999     1.8        1.8       -0.0040409 -1.376E-6   23.354E-6  40.67E-6   1.8001    -380.75E-6 
 10.5E-9    1.8        1.7998     148.41E-6  1.7999     1.8001     1.8        1.8        0.010849  -10.135E-6 -36.343E-6 -60.82E-6   1.7999     148.41E-6 
 10.6E-9    1.8        1.8002    -236.62E-6  1.7994     1.8        1.8        1.8        0.74842   -11.105E-6 -36.879E-6 -65.042E-6  1.8       -236.62E-6 
 10.7E-9    1.8        1.7999     18.751E-6  1.8157     1.8006     1.7999     1.8        1.6337     343.29E-6  25.41E-6   49.867E-6  1.8002     18.751E-6 
 10.8E-9    1.8        1.8004    -239.85E-6  0.62852    1.7863     1.8001     1.8        1.7886    -74.76E-6   40.839E-6  60.484E-6  1.7999    -239.85E-6 
 10.9E-9    1.8        1.8001     171.24E-6 -0.0012624 -0.011808   1.7999     1.8        1.7992    -0.003333   41.321E-6  66.653E-6  1.7999     171.24E-6 
 11.E-9     1.8        1.7997     458.28E-6  186.63E-6  569.48E-6  1.8        1.8        1.7998    -0.0057155 -47.495E-6 -70.874E-6  1.7999     458.28E-6 
 11.1E-9    1.8        1.8002    -371.97E-6 -139.58E-6 -22.497E-6  1.8004     1.8        1.8        0.79022    23.721E-6  67.156E-6  1.8002    -371.97E-6 
 11.2E-9    1.8        1.7999     148.19E-6  104.85E-6  49.327E-6  1.7853     1.8        1.8        1.7481     4.2147E-6 -81.317E-6  1.8001     148.19E-6 
 11.3E-9    1.8        1.8001    -343.12E-6 -144.34E-6 -54.682E-6  0.52077    1.7999     1.8        1.7994     72.566E-6  104.36E-6  1.8       -343.12E-6 
 11.4E-9    1.8        1.8001     55.411E-6  85.844E-6  54.761E-6  0.0011828  1.7996     1.8        1.7999    -250.07E-6 -101.96E-6  1.8001     55.411E-6 
 11.5E-9    1.8        1.8001     183.74E-6 -129.97E-6 -53.443E-6  94.706E-6  1.8034     1.8        1.8       -0.0032676  105.23E-6  1.8        183.74E-6 
 11.6E-9    1.8        1.8       -379.41E-6 -77.343E-6 -63.002E-6  49.109E-6  1.5284     1.8        1.8       -0.006233   120.75E-6  1.8001    -379.41E-6 
 11.7E-9    1.8        1.7998     58.969E-6  63.714E-6  71.976E-6 -46.566E-6 -0.020417   1.8        1.8        0.65285   -142.54E-6  1.7999     58.969E-6 
 11.8E-9    1.8        1.8002    -147.68E-6 -148.2E-6  -69.98E-6   54.824E-6  104.75E-6  1.7997     1.8        1.6865     222.61E-6  1.8001    -147.68E-6 
 11.9E-9    1.8        1.7999    -630.94E-6  80.664E-6  74.263E-6 -44.154E-6  546.78E-9  1.802      1.8        1.7963    -9.6246E-6  1.8001    -630.94E-6 
 12.E-9     1.8        1.8        32.961E-6  134.8E-6   83.889E-6 -51.243E-6 -3.1424E-6  1.689      1.8        1.7998    -60.101E-6  1.7999     32.961E-6 
 12.1E-9    1.8        1.8001     59.872E-6 -145.7E-6  -99.53E-6   44.339E-6  13.087E-6  0.36131    1.8        1.7999     38.256E-6  1.7999     59.872E-6 
 12.2E-9    1.8        1.7998     255.82E-6  145.69E-6  106.34E-6 -6.6107E-6 -10.688E-6  0.0026957  1.7997     1.8       -337.8E-6   1.7996     255.82E-6 
 12.3E-9    1.8        1.8        35.436E-6  138.35E-6  65.256E-6 -38.243E-6 -21.091E-6  29.445E-6  1.8221     1.8       -0.0010862  1.7914     35.436E-6 
 12.4E-9    1.8        1.8001     430.76E-6 -80.23E-6  -98.628E-6  52.064E-6  42.793E-6  11.371E-6  0.71994    1.8       -0.0022967 -0.031595   430.76E-6 
 12.5E-9    1.8        1.7999     161.5E-6  -109.85E-6 -90.062E-6  9.8046E-6  31.25E-6   8.2358E-6 -0.015874   1.8       -0.0056426 -0.0096985  161.5E-6  
 12.6E-9    1.8        1.8001     19.932E-6  81.097E-6  61.104E-6  9.6607E-6 -39.465E-6 -2.3944E-6 -58.409E-6  1.7998     0.075675  -5.304E-6   19.932E-6 
 12.7E-9   -5.1406E-9  1.7998     487.83E-6  101.82E-6  66.182E-6 -22.694E-6 -11.148E-6 -4.6791E-6 -1.8995E-6  1.8177     1.4088    -99.429E-6  487.83E-6 
 12.8E-9   -3.8039E-9  1.7996    -140.63E-6 -107.46E-6 -134.21E-6 -24.858E-6  14.968E-6  11.78E-6   30.218E-6  0.94702    1.7979     154.54E-6 -140.63E-6 
 12.9E-9   -4.2111E-9  1.8003    -547.91E-6 -81.091E-6 -114.66E-6  57.188E-6  43.947E-6  20.156E-6  38.545E-6  0.004613   1.7997     111.3E-6  -547.91E-6 
 13.E-9    -3.8034E-9  1.7999    -556.14E-6  132.97E-6  154.08E-6  11.632E-6  28.934E-6 -20.776E-6 -19.889E-6  97.508E-6  1.8021    -61.466E-6 -556.14E-6 
 13.1E-9   -3.1626E-9  1.8004     191.76E-6 -100.63E-6 -133.11E-6  46.701E-6  10.279E-6  13.831E-6  4.963E-6   28.381E-6  1.8167     77.231E-6  191.76E-6 
 13.2E-9   -3.9893E-9  1.7999     385.27E-6 -13.703E-6  90.319E-6 -26.568E-6  35.52E-6  -16.153E-6 -23.999E-6 -4.8938E-6  0.87411   -0.0044792  385.27E-6 
 13.3E-9   -3.1713E-9  1.7999    -24.249E-6  48.73E-6   90.884E-6 -1.5147E-6 -3.5032E-6 -10.726E-6 -30.785E-6 -10.229E-6 -0.019772   0.55163   -24.249E-6 
 13.4E-9   -2.1686E-9  1.8002    -57.211E-6  67.821E-6  196.13E-6  4.9397E-6 -20.054E-6 -15.513E-6 -19.422E-6 -11.472E-6 -0.0058239  1.8403    -57.211E-6 
 13.5E-9   -3.0784E-9  1.8001    -295.02E-6  27.197E-6 -258.11E-9 -31.152E-6 -6.6456E-6 -19.482E-6 -11.422E-6 -11.884E-6 -0.0016853  1.8031    -295.02E-6 
 13.6E-9   -2.1269E-9  1.8001    -62.191E-6 -0.0024068 -0.0013488  69.464E-6  20.039E-6 -14.731E-6 -12.655E-6 -13.111E-6 -484.91E-6  1.8005    -62.191E-6 
 13.7E-9   -2.2998E-9  1.7999     182.63E-6 -0.011993  -0.00777   -14.799E-6 -5.1849E-6 -8.5046E-6 -20.331E-6 -13.616E-6 -268.75E-6  1.8        182.63E-6 
 13.8E-9   -3.9304E-9  1.8       -79.947E-6  0.82521    0.28645    4.586E-6  -4.8794E-6 -13.448E-6 -13.34E-6  -13.782E-6 -173.5E-6   1.8       -79.947E-6 
 13.9E-9   -1.487E-9   1.8002    -214.65E-6  1.8567     1.5449     47.373E-6  12.121E-6  22.61E-6   19.486E-6  22.172E-6  176.86E-6  1.8001    -214.65E-6 
 14.E-9    -1.9403E-9  1.8001    -324.48E-6  1.8025     1.7913     118.71E-6  18.187E-6  9.9425E-6  21.273E-6  14.346E-6  126.2E-6   1.8001    -324.48E-6 
 14.1E-9   -1.9761E-9  1.8        118.8E-6   1.8001     1.7993    -15.596E-6 -23.538E-6  15.998E-6  13.769E-6  13.926E-6  96.827E-6  1.8001     118.8E-6  
 14.2E-9   -1.0807E-9  1.8001     142.45E-6  1.8001     1.7999    -0.001806   11.84E-6   9.6933E-6  10.693E-6  13.977E-6  82.365E-6  1.8001     142.45E-6 
 14.3E-9   -1.1102E-9  1.8001    -75.759E-6  1.8        1.7999    -0.0090478 -178.94E-9  14.044E-6  20.03E-6   14.174E-6  74.295E-6  1.8001    -75.759E-6 
 14.4E-9   -2.1282E-9  1.8       -267.24E-6  1.7999     1.7999     0.27423   -27.737E-6  17.175E-6  26.281E-6  14.394E-6  69.533E-6  1.8001    -267.24E-6 
 14.5E-9   -1.8671E-9  1.8        153.08E-6  1.7999     1.7999     1.3945     3.0691E-6  10.154E-6  13.529E-6  14.623E-6  66.707E-6  1.8001     153.08E-6 
 14.6E-9   -1.9901E-9  1.7999     161.7E-6   1.7998     1.7999     1.7778     184.68E-6  6.0534E-6  21.092E-6  14.819E-6  65.109E-6  1.8001     161.7E-6  
 14.7E-9   -1.2974E-9  1.8001    -141.06E-6  1.7998     1.7999     1.7993    -278.34E-6  12.999E-6  27.191E-6  14.993E-6  64.341E-6  1.8001    -141.06E-6 
 14.8E-9   -1.1217E-9  1.8002    -66.911E-6  1.7999     1.7999     1.7999    -0.0047223  17.314E-6  18.334E-6  15.217E-6  64.141E-6  1.8       -66.911E-6 
 14.9E-9   -1.227E-9   1.8001     240.58E-6  1.8001     1.7999     1.8        0.03801    6.154E-6   14.785E-6  15.395E-6  64.352E-6  1.8        240.58E-6 
 15.E-9    -1.6916E-9  1.7998     33.418E-6  1.7999     1.7999     1.8        1.323      13.899E-6  23.807E-6  15.652E-6  64.867E-6  1.8001     33.418E-6 
 15.1E-9    1.8        1.7999    -205.17E-6  1.7999     1.7999     1.8        1.8012     37.1E-6    29.094E-6  15.842E-6  65.609E-6  1.8001    -205.17E-6 
 15.2E-9    1.8        1.8001     78.691E-6  1.8001     1.7999     1.8        1.7999     93.701E-6  16.286E-6  16.061E-6  66.49E-6   1.8        78.691E-6 
 15.3E-9    1.8        1.8001     138.75E-6  1.8001     1.8001     1.8        1.7999    -418.62E-6 -16.114E-6 -15.229E-6 -58.45E-6   1.7999     138.75E-6 
 15.4E-9    1.8        1.8003    -507.71E-6  1.8        1.7998     1.8        1.8       -0.0039274  2.7192E-6  18.078E-6  59.457E-6  1.7999    -507.71E-6 
 15.5E-9    1.8        1.7999     352.3E-6   1.8        1.7999     1.8        1.8        0.0069928  24.106E-6  19.1E-6    84.947E-6  1.8001     352.3E-6  
 15.6E-9    1.8        1.7999     520.01E-6  1.7995     1.7999     1.8001     1.8        0.73475   -31.81E-6  -21.866E-6 -96.614E-6  1.8        520.01E-6 
 15.7E-9    1.8        1.8002    -259.15E-6  1.8159     1.8007     1.8        1.8        1.628      227.59E-6 -17.881E-6 -83.785E-6  1.7999    -259.15E-6 
 15.8E-9    1.8        1.7997     102.96E-6  0.60648    1.7816     1.7999     1.8        1.7879    -48.23E-6  -25.001E-6 -98.545E-6  1.8001     102.96E-6 
 15.9E-9    1.8        1.8001    -249.21E-6 -0.0014297 -0.01461    1.8001     1.8        1.7992    -0.0032254 -24.701E-6 -115.01E-6  1.8001    -249.21E-6 
 16.E-9     1.8        1.8       -16.203E-6 -589.25E-6 -0.006041   1.7999     1.8        1.7998    -0.00351   -30.265E-6 -139.25E-6  1.8       -16.203E-6 
 16.1E-9    1.8        1.8002    -5.9281E-6  69.325E-6  246.83E-6  1.8006     1.8        1.8        0.77388    17.237E-6  119.2E-6   1.8001    -5.9281E-6 
 16.2E-9    1.8        1.7995    -11.236E-6 -144.39E-6 -50.955E-6  1.7802     1.8        1.8        1.7468     49.889E-6  122.48E-6  1.7999    -11.236E-6 
 16.3E-9    1.8        1.8004     31.842E-6  141.51E-6  127.7E-6   0.50819    1.8        1.8        1.7995     101.14E-6 -146.86E-6  1.8        31.842E-6 
 16.4E-9    1.8        1.7998     170.91E-6 -80.01E-6  -126.76E-6  914.12E-6  1.7997     1.8        1.7999    -262.77E-6  126.83E-6  1.8001     170.91E-6 
 16.5E-9    1.8        1.8004    -511.34E-6 -59.862E-6  105.67E-6  20.002E-6  1.8032     1.8        1.7999    -0.0032484 -157.26E-6  1.7999    -511.34E-6 
 16.6E-9    1.8        1.8       -151.28E-6  78.253E-6  149.56E-6 -41.626E-6  1.5226     1.8        1.8       -0.0066012 -153.13E-6  1.8001    -151.28E-6 
 16.7E-9    1.8        1.8004     134.37E-6  9.3548E-6  55.32E-6   57.052E-6 -0.050554   1.8        1.8        0.62057   -150.14E-6  1.7999     134.37E-6 
 16.8E-9    1.8        1.8001     280.84E-6  73.801E-6  116.22E-6 -33.493E-6 -0.0092124  1.7997     1.8        1.6853    -98.422E-6  1.8001     280.84E-6 
 16.9E-9    1.8        1.7999    -315.19E-6  67.688E-6  164.77E-6  98.89E-6  -43.963E-6  1.8016     1.8        1.7966     10.492E-6  1.8001    -315.19E-6 
 17.E-9     1.8        1.7999     164.E-6   -64.241E-6  137.94E-6 -49.208E-6 -32.662E-6  1.7173     1.8        1.7998    -67.829E-6  1.7999     164.E-6   
 17.1E-9    1.8        1.8002     109.62E-6 -80.336E-6 -152.35E-6  41.305E-6  45.989E-6  0.41394    1.8        1.8        61.551E-6  1.8        109.62E-6 
 17.2E-9    1.8        1.8003     235.01E-6  132.57E-6  157.37E-6 -42.602E-6 -37.973E-6  0.003423   1.7994     1.8       -307.16E-6  1.7995     235.01E-6 
 17.3E-9    1.8        1.8001    -176.01E-6  156.56E-6  62.825E-6 -30.571E-6 -47.791E-6  32.505E-6  1.8207     1.8       -0.0010469  1.7998    -176.01E-6 
 17.4E-9    1.8        1.8002     303.72E-6  82.726E-6  122.94E-6 -854.94E-9 -43.737E-6 -5.5343E-6  0.76159    1.8       -0.0021158 -0.012159   303.72E-6 
 17.5E-9    1.8        1.7999    -94.611E-6  90.737E-6  94.148E-6 -43.358E-6 -17.665E-6 -15.569E-6 -0.019734   1.7999    -0.0054191 -0.0047613 -94.611E-6 
 17.6E-9    1.8        1.7998     249.37E-6 -74.422E-6 -53.851E-6  43.908E-6 -28.07E-6   15.88E-6  -21.307E-6  1.7997     0.064109   61.78E-6   249.37E-6 
 17.7E-9   -4.2149E-9  1.8001     464.32E-6 -148.2E-6  -116.43E-6  43.274E-6 -10.243E-6  18.391E-6  22.319E-6  1.8149     1.3325     142.37E-6  464.32E-6 
 17.8E-9   -5.5062E-9  1.8003    -91.914E-6  104.29E-6  79.658E-6 -17.773E-6 -31.018E-6 -5.9129E-6 -62.564E-6  1.0163     1.7975    -133.24E-6 -91.914E-6 
 17.9E-9   -2.355E-9   1.7999    -461.38E-6 -66.166E-6  30.251E-6 -1.3464E-6 -26.185E-6  34.356E-6  72.391E-6  419.9E-6   1.7997     70.408E-6 -461.38E-6 
 18.E-9    -5.5988E-9  1.8        371.85E-6  55.432E-6  44.392E-6 -27.E-6    -2.2034E-6 -42.827E-6 -59.979E-6  89.351E-6  1.8019    -42.025E-6  371.85E-6 
 18.1E-9   -1.3697E-9  1.8        371.68E-6 -85.692E-6 -53.405E-6 -11.089E-6  14.866E-6  29.512E-6  29.946E-6  24.507E-6  1.8158     40.608E-6  371.68E-6 
 18.2E-9   -5.8672E-9  1.8003    -268.61E-6  73.746E-6  91.187E-6  83.757E-6 -13.756E-6 -28.318E-6 -39.68E-6  -6.107E-6   0.9627    -0.0031399 -268.61E-6 
 18.3E-9   -5.0286E-9  1.8       -400.87E-6  29.599E-6  67.024E-6 -10.023E-6  8.3777E-6 -24.869E-6 -49.575E-6 -9.443E-6  -0.032021   0.50367   -400.87E-6 
 18.4E-9   -4.0084E-9  1.8002    -108.72E-6  50.741E-6  177.68E-6 -689.83E-9 -7.4666E-6 -26.204E-6 -34.976E-6 -9.93E-6   -0.0093238  1.8425    -108.72E-6 
 18.5E-9   -4.9236E-9  1.8001     161.6E-6   20.466E-6 -40.228E-6  1.5698E-6 -8.424E-6  -31.468E-6 -47.561E-6 -9.6774E-6 -0.0026975  1.8034     161.6E-6  
 18.6E-9   -3.9718E-9  1.7998     307.12E-6 -0.0023826 -0.0014284 -241.08E-9  16.792E-6 -25.751E-6 -39.613E-6 -10.518E-6 -781.16E-6  1.8005     307.12E-6 
 18.7E-9   -4.1492E-9  1.8001    -38.272E-6 -0.01205   -0.007824  -26.959E-6 -9.6873E-6 -20.334E-6 -33.243E-6 -10.778E-6 -302.47E-6  1.8       -38.272E-6 
 18.8E-9   -5.7762E-9  1.8       -245.9E-6   0.81353    0.28685    68.811E-6 -9.8901E-6 -29.035E-6 -40.763E-6 -10.853E-6 -177.93E-6  1.8       -245.9E-6  
 18.9E-9   -3.1189E-9  1.7999    -31.782E-6  1.8278     1.769     -22.31E-6   14.564E-6 -25.1E-6   -35.779E-6 -10.943E-6 -126.99E-6  1.8       -31.782E-6 
 19.E-9    -4.0887E-9  1.8002     194.63E-6  1.8018     1.7989     101.07E-6 -11.824E-6 -21.359E-6 -32.004E-6 -11.098E-6 -106.03E-6  1.7999     194.63E-6 
 19.1E-9   -4.0903E-9  1.8       -73.336E-6  1.8002     1.7997     103.04E-6 -11.338E-6 -29.408E-6 -36.134E-6 -11.302E-6 -94.945E-6  1.7999    -73.336E-6 
 19.2E-9   -3.278E-9   1.7998    -114.89E-6  1.8001     1.7999    -0.0017422  13.984E-6  11.563E-6 -46.583E-6 -11.548E-6 -87.71E-6   1.7999    -114.89E-6 
 19.3E-9   -3.3181E-9  1.8004     94.448E-6  1.8001     1.8       -0.0090831 -16.99E-6  -13.097E-6 -41.141E-6 -11.826E-6 -82.991E-6  1.7999     94.448E-6 
 19.4E-9   -4.3697E-9  1.8        278.81E-6  1.8001     1.8001     0.28788   -7.6513E-6  14.17E-6  -41.797E-6 -12.125E-6 -80.046E-6  1.7999     278.81E-6 
 19.5E-9   -4.1235E-9  1.7998    -146.33E-6  1.8001     1.8001     1.4099     21.382E-6 -23.107E-6 -49.356E-6 -12.444E-6 -78.375E-6  1.8001    -146.33E-6 
 19.6E-9   -4.2965E-9  1.8004    -160.27E-6  1.8002     1.8001     1.7792     191.84E-6  17.437E-6 -42.18E-6  -12.762E-6 -77.632E-6  1.7999    -160.27E-6 
 19.7E-9   -3.5747E-9  1.8        140.63E-6  1.8001     1.8002     1.7998    -271.7E-6  -12.595E-6 -44.781E-6 -13.095E-6 -77.566E-6  1.7999     140.63E-6 
 19.8E-9   -3.4743E-9  1.7998     68.892E-6  1.8        1.8002     1.7999    -0.0048442  8.7251E-6 -40.211E-6 -13.44E-6  -78.012E-6  1.8001     68.892E-6 
 19.9E-9   -3.6366E-9  1.8004    -237.5E-6   1.8        1.7999     1.7999     0.044645  -13.365E-6 -48.036E-6 -13.797E-6 -78.805E-6  1.7999    -237.5E-6  
 20.E-9    -4.0434E-9  1.8       -29.911E-6  1.8001     1.8001     1.8        1.3471    -21.801E-6 -43.106E-6 -14.166E-6 -79.891E-6  1.8       -29.911E-6 
 20.1E-9    1.8        1.7998     200.83E-6  1.7999     1.8001     1.8        1.8008     44.516E-6 -46.326E-6 -14.552E-6 -81.21E-6   1.7999     200.83E-6 
 20.2E-9    1.8        1.8       -73.333E-6  1.8001     1.7999     1.8        1.7999     134.23E-6 -42.606E-6 -14.961E-6 -82.67E-6   1.8       -73.333E-6 
 20.3E-9    1.8        1.8       -123.77E-6  1.7998     1.8001     1.8        1.8       -438.46E-6  35.403E-6  14.063E-6  73.019E-6  1.8001    -123.77E-6 
 20.4E-9    1.8        1.7997     503.31E-6  1.8001     1.8001     1.8        1.8       -0.0040032 -65.5E-6   -15.733E-6 -74.421E-6  1.7998     503.31E-6 
 20.5E-9    1.8        1.8002    -366.81E-6  1.7998     1.8001     1.7999     1.8        0.0098085 -21.481E-6 -20.402E-6 -108.76E-6  1.7999    -366.81E-6 
 20.6E-9    1.8        1.8003    -507.26E-6  1.7997     1.7997     1.8001     1.8        0.76065    34.899E-6  25.399E-6  124.84E-6  1.8001    -507.26E-6 
 20.7E-9    1.8        1.7999     96.529E-6  1.8161     1.8008     1.7999     1.8        1.6363     115.66E-6  19.395E-6  108.42E-6  1.7999     96.529E-6 
 20.8E-9    1.8        1.8005    -438.19E-6  0.60585    1.7816     1.8        1.8        1.7888    -93.011E-6  29.319E-6  129.18E-6  1.8002    -438.19E-6 
 20.9E-9    1.8        1.8       -722.66E-6 -0.0012251 -0.014469   1.7999     1.8        1.799     -0.0033699  32.328E-6  151.84E-6  1.8001    -722.66E-6 
 21.E-9     1.8        1.7998     40.247E-6 -296.78E-6 -0.005903   1.7998     1.8        1.7998    -0.0019033  37.586E-6  184.35E-6  1.8        40.247E-6 
 21.1E-9    1.8        1.7997     354.23E-6  110.E-6    107.3E-6   1.8008     1.8        1.7999     0.81064   -39.87E-6  -134.07E-6  1.7999     354.23E-6 
 21.2E-9    1.8        1.8003    -202.92E-6  119.7E-6   138.08E-6  1.7806     1.8        1.8        1.7513     8.2288E-6 -153.03E-6  1.8001    -202.92E-6 
 21.3E-9    1.8        1.7996     171.16E-6 -2.9062E-6 -118.77E-6  0.50957    1.8        1.8        1.7995     64.041E-6  187.33E-6  1.7999     171.16E-6 
 21.4E-9    1.8        1.8003     146.36E-6 -76.305E-6  96.466E-6  0.0010399  1.7997     1.8        1.7999    -300.92E-6 -128.51E-6  1.8001     146.36E-6 
 21.5E-9    1.8        1.7994     376.72E-6 -101.58E-6 -88.931E-6  87.54E-6   1.8032     1.8        1.8       -0.0033772  183.28E-6  1.7999     376.72E-6 
 21.6E-9    1.8        1.8002     30.44E-6  -97.889E-6 -136.36E-6  42.725E-6  1.5238     1.8        1.8       -0.0056057  158.08E-6  1.7999     30.44E-6  
 21.7E-9    1.8        1.7997    -220.27E-6  91.982E-6  164.39E-6 -49.166E-6 -0.020205   1.8        1.7999     0.66823   -75.781E-6  1.8001    -220.27E-6 
 21.8E-9    1.8        1.8003    -274.16E-6 -82.379E-6 -136.95E-6  64.053E-6  84.732E-6  1.7996     1.8        1.6904     146.98E-6  1.8001    -274.16E-6 
 21.9E-9    1.8        1.7999     237.94E-6  60.325E-6  85.348E-6 -62.49E-6  -18.613E-6  1.8019     1.8        1.7964    -48.483E-6  1.7999     237.94E-6 
 22.E-9     1.8        1.8       -318.67E-6  80.481E-6  153.27E-6 -7.3251E-6 -40.565E-6  1.6906     1.7999     1.7998    -114.26E-6  1.7999    -318.67E-6 
 22.1E-9    1.8        1.7999    -469.01E-6 -68.868E-6 -121.01E-6  45.726E-6  61.315E-6  0.3641     1.8        1.7999     104.72E-6  1.7999    -469.01E-6 
 22.2E-9    1.8        1.7999    -280.34E-6 -113.3E-6   72.45E-6  -11.875E-6 -49.961E-6  0.0027025  1.7996     1.8       -308.54E-6  1.7996    -280.34E-6 
 22.3E-9    1.8        1.8003    -519.67E-6  53.582E-6  94.868E-6 -27.828E-6 -38.732E-6  49.947E-6  1.8223     1.8       -0.0010221  1.7876    -519.67E-6 
 22.4E-9    1.8        1.8004     212.4E-6   143.84E-6  57.996E-6 -45.3E-6    25.392E-6 -3.9413E-6  0.70735    1.8       -0.0021565 -0.012437   212.4E-6  
 22.5E-9    1.8        1.7997    -58.612E-6 -97.01E-6  -73.241E-6  978.03E-9  29.1E-6    23.213E-6  0.0012864  1.7999    -0.0056704  737.57E-6 -58.612E-6 
 22.6E-9    1.8        1.8001    -137.28E-6 -118.35E-6 -105.81E-6  90.317E-6  24.593E-6  32.689E-6  60.762E-6  1.7994     0.072064   128.05E-6 -137.28E-6 
 22.7E-9   -5.9736E-9  1.8003     153.19E-6 -89.641E-6  70.277E-6 -18.128E-6  12.148E-6 -27.01E-6  -30.903E-6  1.8174     1.3911    -135.86E-6  153.19E-6 
 22.8E-9   -5.7139E-9  1.8006     242.57E-6 -113.64E-6  81.452E-6  100.54E-6  9.0596E-6 -18.126E-6 -71.689E-6  0.92119    1.7977    -33.388E-6  242.57E-6 
 22.9E-9   -6.1974E-9  1.7999     76.885E-6  79.573E-6  100.51E-6 -30.566E-6  29.105E-6 -24.028E-6 -31.834E-6  0.0031377  1.7998    -71.738E-6  76.885E-6 
 23.E-9    -1.5956E-9  1.7997    -375.4E-6   101.95E-6 -122.14E-6  85.697E-6  21.86E-6   712.96E-9  11.474E-6  118.46E-6  1.8021     44.132E-6 -375.4E-6  
 23.1E-9   -5.5129E-9  1.7994     189.63E-6  89.644E-6  126.52E-6 -5.1336E-6 -18.417E-6 -10.02E-6  -62.742E-6  12.372E-6  1.8178    -59.853E-6  189.63E-6 
 23.2E-9   -1.5538E-9  1.8003     328.05E-6 -82.278E-6 -63.513E-6  44.459E-6  1.1258E-6  3.5344E-6  13.375E-6  15.981E-6  0.78353   -0.0058973  328.05E-6 
 23.3E-9   -796.6E-12  1.7996    -96.711E-6  32.139E-6  17.095E-6 -65.302E-6 -22.339E-6  18.628E-6  37.403E-6  15.191E-6 -0.0079996  0.60543   -96.711E-6 
 23.4E-9    253.9E-12  1.8       -238.35E-6  63.853E-6 -11.316E-6  24.498E-6 -17.936E-6 -9.5776E-6  30.807E-6  14.222E-6 -0.0024565  1.8368    -238.35E-6 
 23.5E-9   -670.9E-12  1.8002     67.746E-6  196.19E-6  47.059E-6  21.68E-6  -34.577E-6  18.582E-6  35.834E-6  13.646E-6 -740.38E-6  1.8027     67.746E-6 
 23.6E-9    291.1E-12  1.7996     73.289E-6 -0.0021959 -0.0011662 -64.813E-6 -1.3399E-6 -13.016E-6  11.413E-6  12.745E-6 -273.E-6    1.8002     73.289E-6 
 23.7E-9    141.9E-12  1.7999     304.39E-6 -0.011751  -0.007504   20.754E-6  3.4169E-6  19.734E-6  36.91E-6   12.63E-6  -132.78E-6  1.8        304.39E-6 
 23.8E-9   -1.4522E-9  1.8002     3.6435E-6  0.81822    0.27568    18.63E-6  -21.358E-6  23.364E-6  38.619E-6  12.753E-6 -62.845E-6  1.8        3.6435E-6 
 23.9E-9    1.1853E-9  1.7996    -231.23E-6  1.8278     1.7639     8.0532E-6 -18.774E-6 -4.2157E-6  12.188E-6  13.009E-6 -26.136E-6  1.8       -231.23E-6 
 24.E-9     275.7E-12  1.8       -77.433E-6  1.8021     1.799      133.19E-6 -5.6853E-6  18.121E-6  38.193E-6  13.346E-6 -2.2613E-6  1.8001    -77.433E-6 
 24.1E-9    260.7E-12  1.8002     206.02E-6  1.8002     1.8       -17.523E-6 -25.737E-6  22.431E-6  38.741E-6  13.729E-6  16.485E-6  1.8        206.02E-6 
 24.2E-9    1.1123E-9  1.7996     7.3246E-6  1.7999     1.7999    -0.0018263  4.6928E-6 -4.3882E-6  12.631E-6  14.15E-6   31.841E-6  1.8        7.3246E-6 
 24.3E-9    1.1029E-9  1.8       -206.12E-6  1.7999     1.7999    -0.0091051 -41.457E-6  18.053E-6  38.15E-6   14.594E-6  43.981E-6  1.8001    -206.12E-6 
 24.4E-9    83.21E-12  1.8003    -327.3E-6   1.7998     1.7999     0.27828   -40.452E-6  22.542E-6  39.538E-6  15.068E-6  53.466E-6  1.8       -327.3E-6  
 24.5E-9    327.4E-12  1.7996     11.293E-6  1.8001     1.7998     1.3991     1.6252E-6 -4.1235E-6  12.871E-6  15.527E-6  60.913E-6  1.8001     11.293E-6 
 24.6E-9    214.9E-12  1.8        93.326E-6  1.7999     1.7999     1.7782     180.64E-6  18.115E-6  38.806E-6  16.015E-6  66.843E-6  1.8001     93.326E-6 
 24.7E-9    934.9E-12  1.8003    -93.372E-6  1.7999     1.7998     1.7993    -299.14E-6  22.766E-6  39.469E-6  16.553E-6  71.662E-6  1.7999    -93.372E-6 
 24.8E-9    1.0779E-9  1.7996    -61.126E-6  1.8001     1.8        1.7999    -0.0048024 -3.9935E-6  13.349E-6  17.054E-6  75.678E-6  1.8001    -61.126E-6 
 24.9E-9    971.4E-12  1.8        89.686E-6  1.7999     1.7999     1.8        0.041208   18.173E-6  38.815E-6  17.613E-6  79.135E-6  1.8001     89.686E-6 
 25.E-9     551.9E-12  1.8003    -100.74E-6  1.8        1.8001     1.8        1.3353     23.497E-6  39.967E-6  18.184E-6  82.191E-6  1.7999    -100.74E-6 
 25.1E-9    1.8        1.7997     105.36E-6  1.7999     1.7999     1.8        1.801      57.569E-6  13.735E-6  18.759E-6  84.961E-6  1.8001     105.36E-6 
 25.2E-9    1.8        1.8        144.68E-6  1.7999     1.7999     1.8        1.7999     65.539E-6  39.186E-6  19.394E-6  87.546E-6  1.8001     144.68E-6 
 25.3E-9    1.8        1.8        63.851E-6  1.8001     1.8001     1.8        1.7999    -325.8E-6  -35.232E-6 -18.009E-6 -78.354E-6  1.7999     63.851E-6 
 25.4E-9    1.8        1.8002     264.33E-6  1.7998     1.8001     1.8        1.8       -0.0040079  46.325E-6  19.159E-6  81.729E-6  1.8        264.33E-6 
 25.5E-9    1.8        1.7999    -330.87E-6  1.8001     1.7999     1.8        1.8        0.0082586  36.93E-6   27.865E-6  118.9E-6   1.8       -330.87E-6 
 25.6E-9    1.8        1.8       -371.77E-6  1.7992     1.7999     1.8001     1.8        0.74702   -3.6146E-6 -34.638E-6 -135.89E-6  1.7999    -371.77E-6 
 25.7E-9    1.8        1.8001     2.4645E-6  1.8159     1.8006     1.8        1.8        1.632      228.04E-6 -27.173E-6 -118.49E-6  1.8001     2.4645E-6 
 25.8E-9    1.8        1.8001    -53.882E-6  0.60601    1.7815     1.8001     1.8        1.7886    -76.903E-6 -32.56E-6  -140.05E-6  1.8       -53.882E-6 
 25.9E-9    1.8        1.8002     173.98E-6 -0.0014415 -0.014664   1.8001     1.8        1.7992    -0.0032408 -23.334E-6 -164.46E-6  1.7999     173.98E-6 
 26.E-9     1.8        1.7996     289.12E-6  305.45E-6  0.0011952  1.7998     1.8        1.7999    -0.0053621  21.453E-6  178.94E-6  1.7999     289.12E-6 
 26.1E-9    1.8        1.7998     71.108E-6 -13.189E-6  86.988E-6  1.8006     1.8        1.7999     0.77262   -21.532E-6 -166.16E-6  1.8001     71.108E-6 
 26.2E-9    1.8        1.8002    -376.36E-6 -108.97E-6 -122.83E-6  1.7786     1.8        1.8        1.746      51.214E-6  134.2E-6   1.8001    -376.36E-6 
 26.3E-9    1.8        1.7996    -136.E-6    109.22E-6  100.35E-6  0.49322    1.8        1.8        1.7994     98.889E-6 -89.217E-6  1.7999    -136.E-6   
 26.4E-9    1.8        1.8002     328.99E-6 -104.1E-6  -79.903E-6  941.84E-6  1.7997     1.8        1.7999    -273.4E-6   78.227E-6  1.7999     328.99E-6 
 26.5E-9    1.8        1.7997     170.31E-6  81.565E-6  103.74E-6  19.809E-6  1.8036     1.8        1.7999    -0.0032978 -147.68E-6  1.8001     170.31E-6 
 26.6E-9    1.8        1.8001    -295.67E-6  74.369E-6  68.033E-6 -38.187E-6  1.4973     1.8        1.7999    -0.0062753 -115.27E-6  1.8001    -295.67E-6 
 26.7E-9    1.8        1.8        144.07E-6 -78.601E-6 -95.29E-6   40.536E-6 -0.018758   1.8        1.8        0.65838    144.05E-6  1.7999     144.07E-6 
 26.8E-9    1.8        1.7999     468.42E-6 -125.24E-6 -57.679E-6  51.848E-6  13.475E-6  1.7996     1.8        1.6861     224.59E-6  1.8001     468.42E-6 
 26.9E-9    1.8        1.8003    -43.261E-6  49.102E-6 -70.323E-6 -53.349E-6 -31.713E-6  1.8021     1.7999     1.7963    -66.362E-6  1.7999    -43.261E-6 
 27.E-9     1.8        1.7997    -128.1E-6   148.23E-6  120.69E-6  10.499E-6 -46.874E-6  1.6769     1.7999     1.7998    -117.83E-6  1.8001    -128.1E-6  
 27.1E-9    1.8        1.8003     143.23E-6 -98.384E-6 -75.78E-6   7.1436E-6  37.315E-6  0.3412     1.8        1.7999     84.392E-6  1.8        143.23E-6 
 27.2E-9    1.8        1.8003     118.56E-6  92.663E-6 -98.294E-6 -67.88E-6   43.768E-6  0.0024699  1.7997     1.8       -290.82E-6  1.7997     118.56E-6 
 27.3E-9    1.8        1.7997    -144.93E-6  77.228E-6  115.09E-6 -15.34E-6  -10.397E-6  45.259E-6  1.8224     1.8       -0.0010135  1.7856    -144.93E-6 
 27.4E-9    1.8        1.8002    -548.01E-6  72.962E-6  73.856E-6  96.603E-6 -22.547E-6 -12.838E-6  0.66647    1.8       -0.0021528 -0.012575  -548.01E-6 
 27.5E-9    1.8        1.8       -309.02E-6  42.97E-6  -76.005E-6 -71.608E-6  9.1331E-6  33.81E-6   0.0012498  1.7999    -0.0057049  735.68E-6 -309.02E-6 
 27.6E-9    1.8        1.8007    -131.43E-6 -141.02E-6 -92.834E-6  70.985E-6  11.487E-6  47.833E-6  72.52E-6   1.7995     0.073469   141.78E-6 -131.43E-6 
 27.7E-9   -6.3354E-9  1.8003     179.98E-6 -93.25E-6  -87.154E-6  89.18E-6   24.351E-6 -39.679E-6 -48.673E-6  1.8181     1.3986    -126.64E-6  179.98E-6 
 27.8E-9   -6.2097E-9  1.8001    -318.19E-6  132.36E-6  176.35E-6  119.34E-6  62.456E-6 -41.44E-6  -43.777E-6  0.88139    1.7978    -90.315E-6 -318.19E-6 
 27.9E-9   -1.6123E-9  1.7997    -311.08E-6 -107.76E-6  62.549E-6 -78.619E-6 -52.77E-6   23.545E-6  43.706E-6  453.35E-6  1.7997     45.843E-6 -311.08E-6 
 28.E-9    -1.202E-9   1.7996    -430.87E-6  111.1E-6  -101.17E-6 -112.68E-6 -229.81E-9  34.269E-6 -18.434E-6  43.551E-6  1.8022     43.786E-6 -430.87E-6 
 28.1E-9   -5.9039E-9  1.8       -43.969E-6  94.339E-6 -89.392E-6 -11.576E-6  6.2483E-6 -38.014E-6 -816.76E-9  10.187E-6  1.8182    -58.896E-6 -43.969E-6 
 28.2E-9   -1.1321E-9  1.7996    -395.36E-6 -96.071E-6  54.382E-6  28.664E-6 -8.9734E-6  20.019E-6  9.3671E-6  16.915E-6  0.71924   -0.0066685 -395.36E-6 
 28.3E-9   -370.6E-12  1.8       -10.008E-6  26.731E-6 -69.999E-6  815.48E-9 -47.521E-6  3.2285E-6  9.3281E-6  14.987E-6  671.05E-6  0.63601   -10.008E-6 
 28.4E-9    646.1E-12  1.8002     94.977E-6  52.541E-6 -35.342E-6 -4.4875E-6 -11.334E-6  17.691E-6  30.728E-6  13.897E-6  99.413E-6  1.8347     94.977E-6 
 28.5E-9   -271.4E-12  1.7996    -101.E-6    198.1E-6   47.374E-6  390.88E-9 -17.872E-6 -5.4925E-6  42.862E-6  13.889E-6  66.219E-6  1.8025    -101.E-6   
 28.6E-9    710.6E-12  1.8001    -299.08E-6 -0.0021549 -0.0011505  6.8722E-6 -39.592E-6  27.523E-6  19.692E-6  13.085E-6  49.653E-6  1.8002    -299.08E-6 
 28.7E-9    541.E-12   1.8003     51.195E-6 -0.011782  -0.0074409  30.425E-6 -7.3719E-6 -3.7288E-6  29.515E-6  12.984E-6  46.267E-6  1.8        51.195E-6 
 28.8E-9   -1.0497E-9  1.7996     105.94E-6  0.80442    0.27164    4.5669E-6 -5.7785E-6  18.27E-6  -1.8478E-6  13.184E-6  48.068E-6  1.8        105.94E-6 
 28.9E-9    1.5983E-9  1.8001    -205.93E-6  1.8287     1.7618     37.195E-6 -30.774E-6  440.5E-9   9.5449E-6  13.462E-6  45.762E-6  1.8       -205.93E-6 
 29.E-9     674.6E-12  1.8003     88.04E-6   1.8021     1.7989     55.539E-6 -27.978E-6  18.235E-6  48.633E-6  13.736E-6  49.064E-6  1.8001     88.04E-6  
 29.1E-9    647.7E-12  1.7996     131.79E-6  1.8002     1.8       -19.267E-6 -16.366E-6  28.403E-6  2.4115E-6  14.021E-6  55.945E-6  1.8        131.79E-6 
 29.2E-9    1.5231E-9  1.8        37.389E-6  1.7999     1.7999    -0.0018203 -35.821E-6  2.823E-6   44.117E-6  14.299E-6  64.057E-6  1.8        37.389E-6 
 29.3E-9    1.5009E-9  1.8003     293.5E-6   1.7999     1.7999    -0.0090883  93.701E-9  19.03E-6   4.7546E-6  14.573E-6  71.553E-6  1.8001     293.5E-6  
 29.4E-9    474.E-12   1.7997     229.92E-6  1.8001     1.7999     0.27691   -10.124E-6  29.144E-6  41.936E-6  14.846E-6  77.999E-6  1.8        229.92E-6 
 29.5E-9    736.1E-12  1.8       -128.21E-6  1.7999     1.7998     1.3976     2.2547E-6  3.4024E-6  3.2802E-6  15.126E-6  83.461E-6  1.8       -128.21E-6 
 29.6E-9    614.1E-12  1.8003    -284.04E-6  1.7999     1.8001     1.7781     164.93E-6  19.091E-6  10.045E-6  15.403E-6  88.125E-6  1.8001    -284.04E-6 
 29.7E-9    1.3172E-9  1.7997    -99.989E-6  1.7998     1.7999     1.7993    -218.27E-6 -7.4379E-6  45.06E-6   15.679E-6  92.188E-6  1.8001    -99.989E-6 
 29.8E-9    1.48E-9    1.8001     181.39E-6  1.7999     1.7999     1.7999    -0.0047721 -6.0904E-6  5.4317E-6  15.962E-6  95.812E-6  1.7999     181.39E-6 
 29.9E-9    1.3692E-9  1.8003     15.08E-6   1.8001     1.7999     1.8        0.04069    24.731E-6  8.9149E-6  16.232E-6  99.125E-6  1.8001     15.08E-6  
 30.E-9     935.8E-12  1.7997    -203.74E-6  1.7999     1.8001     1.8        1.3333    -6.0905E-6  33.066E-6  16.557E-6  102.23E-6  1.8001    -203.74E-6 
 30.1E-9    1.8        1.8        53.05E-6   1.7999     1.7999     1.8        1.801      60.465E-6  46.277E-6  16.878E-6  105.19E-6  1.7999     53.05E-6  
 30.2E-9    1.8        1.8002     116.23E-6  1.8001     1.7999     1.8        1.7999     55.025E-6  23.006E-6  17.228E-6  108.09E-6  1.8001     116.23E-6 
 30.3E-9    1.8        1.8       -33.93E-6   1.8001     1.8001     1.7999     1.7999    -324.06E-6  80.23E-9  -16.431E-6 -96.438E-6  1.7999    -33.93E-6  
 30.4E-9    1.8        1.7999     358.74E-6  1.7998     1.7998     1.8002     1.8       -0.0040101  106.59E-6  18.331E-6  100.33E-6  1.8002     358.74E-6 
 30.5E-9    1.8        1.7998     34.242E-6  1.8        1.7999     1.7999     1.8        0.0080761  25.519E-6  22.323E-6  146.34E-6  1.8001     34.242E-6 
 30.6E-9    1.8        1.8001    -187.3E-6   1.7992     1.7999     1.8        1.8        0.74538   -5.7493E-6 -25.815E-6 -167.65E-6  1.8001    -187.3E-6  
 30.7E-9    1.8        1.7995    -33.751E-6  1.8163     1.8006     1.7999     1.8        1.6334     251.69E-6  18.42E-6   135.86E-6  1.7999    -33.751E-6 
 30.8E-9    1.8        1.7995    -231.33E-6  0.60681    1.7834     1.7998     1.8        1.7868    -31.211E-6  26.395E-6  98.707E-6  1.7998    -231.33E-6 
 30.9E-9    1.8        1.8003    -185.2E-6  -0.0010481 -0.013742   1.8        1.8        1.7989    -0.0033484  33.544E-6  95.673E-6  1.8001    -185.2E-6  
 31.E-9     1.8        1.7996    -185.83E-6 -331.49E-6 -0.0057184  1.7998     1.8        1.7998    -0.0027988  41.795E-6  131.15E-6  1.7999    -185.83E-6 
 31.1E-9    1.8        1.8003     273.78E-6  124.6E-6   85.004E-6  1.8008     1.8        1.7999     0.79195   -43.265E-6 -130.12E-6  1.7999     273.78E-6 
 31.2E-9    1.8        1.7996     26.444E-6  130.16E-6  149.36E-6  1.7789     1.8001     1.8        1.7491    -5.0824E-6 -165.77E-6  1.8001     26.444E-6 
 31.3E-9    1.8        1.8003    -54.E-6    -25.902E-6 -137.18E-6  0.502      1.8        1.8        1.7994     65.44E-6   102.5E-6   1.7999    -54.E-6    
 31.4E-9    1.8        1.7997     194.6E-6   59.426E-6  78.627E-6  989.97E-6  1.7997     1.8        1.7999    -285.11E-6 -73.941E-6  1.8001     194.6E-6  
