#Time       v(a0)      v(sum0)    v(sum1)    v(sum2)    v(sum3)    v(sum4)    v(sum5)    v(sum6)    v(sum7)    v(cout)   
 0.        -145.E-15   1.8        1.8        1.8        1.8        1.8        1.8        1.8        1.8        10.552E-9 
 100.E-12   1.8        1.8        1.8        1.7999     1.8        1.8        1.8        1.8        1.8       -577.99E-9 
 200.E-12   1.8        1.8001     1.8        1.8        1.8        1.8        1.8        1.8        1.8       -481.43E-9 
 300.E-12   1.8        1.8001     1.8        1.8        1.8        1.8        1.8        1.8        1.8       -402.6E-9  
 400.E-12   1.8        1.7999     1.8        1.8001     1.8        1.8        1.8        1.8        1.8        469.03E-9 
 500.E-12   1.8        1.8001     1.8        1.8        1.8        1.8        1.8        1.8        1.8       -411.19E-9 
 600.E-12   1.8        1.7996     1.8        1.8        1.8        1.8        1.8        1.8        1.8        406.16E-9 
 700.E-12   1.8        1.8119     1.7995     1.8        1.8        1.8        1.8        1.8        1.8       -358.25E-9 
 800.E-12   1.8        0.7908     1.8188     1.8001     1.8        1.8        1.8        1.8        1.8        353.35E-9 
 900.E-12   1.8       -0.034591   0.57487    1.7999     1.8        1.8        1.8        1.8        1.8       -307.74E-9 
 1.E-9      1.8        0.024128  -0.097161   1.8        1.8        1.8        1.8        1.8        1.8        306.12E-9 
 1.1E-9     1.8       -0.016616   0.070469   1.7997     1.8        1.8        1.8        1.8        1.8       -264.09E-9 
 1.2E-9     1.8        0.012047  -0.047802   1.8044     1.8        1.8        1.8        1.8        1.8        266.45E-9 
 1.3E-9     1.8       -0.0087425  0.034765   1.4943     1.8        1.8        1.8        1.8        1.8       -228.74E-9 
 1.4E-9     1.8        0.0064465 -0.024791   0.38622    1.8        1.8        1.8        1.8        1.8        235.19E-9 
 1.5E-9     1.8       -0.0047548  0.018123  -0.1096     1.7997     1.8        1.8        1.8        1.8       -201.39E-9 
 1.6E-9     1.8        0.0035372 -0.013132   0.050185   1.8057     1.8        1.8        1.8        1.8        211.8E-9  
 1.7E-9     1.8       -0.0026383  0.0096207 -0.023081   1.2624     1.8        1.8        1.8        1.8       -181.81E-9 
 1.8E-9     1.8        0.0019801 -0.0070158  0.010993   0.12844    1.8        1.8        1.8        1.8        195.55E-9 
 1.9E-9     1.8        711.27E-6 -0.001957   334.27E-6  0.019934   1.7997     1.8        1.8        1.8        158.86E-9 
 2.E-9      1.8        333.17E-6 -569.E-6    41.835E-6  0.0035917  1.8021     1.8        1.8        1.8        163.28E-9 
 2.1E-9     1.8        148.77E-6 -271.64E-6  16.197E-6  670.08E-6  1.6879     1.8        1.8        1.8        170.86E-9 
 2.2E-9     1.8        2.7112E-6  63.864E-6 -21.672E-6 -85.749E-6  0.40303    1.8        1.8        1.8       -149.57E-9 
 2.3E-9     1.8       -56.126E-6 -16.899E-6  29.302E-6  35.449E-6  0.0014481  1.7998     1.8        1.8        194.9E-9  
 2.4E-9     1.8       -79.776E-6 -6.5519E-6  35.186E-6  36.362E-6  17.968E-6  1.82       1.8        1.8        227.65E-9 
 2.5E-9     1.8       -89.377E-6  2.4337E-6  35.364E-6  35.686E-6  1.8273E-6  0.87237    1.8        1.8        228.26E-9 
 2.6E-9     1.8       -95.977E-6  7.2456E-6  35.117E-6  33.736E-6 -1.0008E-6 -0.028696   1.8        1.8        233.18E-9 
 2.7E-9     1.8        118.78E-6 -9.9741E-6 -54.236E-6 -41.422E-6  2.4014E-6  0.016686   1.7996     1.7999    -268.61E-9 
 2.8E-9     1.8       -115.98E-6  10.668E-6  45.326E-6  39.094E-6 -220.85E-9 -0.009658   1.8132     1.8001     283.47E-9 
 2.9E-9     1.8        117.44E-6 -12.56E-6  -43.942E-6 -39.882E-6 -103.77E-9  0.0056497  1.1603     1.7999    -267.06E-9 
 3.E-9      1.8       -117.67E-6  13.67E-6   41.863E-6  39.665E-6  1.1444E-6 -0.0033041  0.11818    1.8001     289.37E-9 
 3.1E-9     1.8        117.96E-6 -14.483E-6 -40.644E-6 -39.368E-6 -1.6041E-6  0.0019397 -0.059267   1.7998    -271.25E-9 
 3.2E-9     2.0221E-9 -118.19E-6  15.193E-6  39.627E-6  38.83E-6   2.3334E-6 -0.001142   0.031767   1.8       -1.3085E-6 
 3.3E-9     1.6601E-9 -123.81E-6  15.115E-6  32.647E-6  30.327E-6  3.7852E-6  6.7639E-6  68.599E-6  1.8025     686.69E-6 
 3.4E-9    -8.5647E-9  156.63E-6 -25.403E-6 -42.971E-6 -40.545E-6 -5.6414E-6 -12.267E-6 -5.6156E-6  1.8191    -0.022709  
 3.5E-9    -7.4703E-9  148.61E-6 -27.987E-6 -43.32E-6  -43.391E-6 -4.6508E-6 -11.919E-6 -4.9119E-6  0.68749    1.506     
 3.6E-9    -5.5599E-9  155.39E-6 -28.896E-6 -41.124E-6 -42.886E-6 -4.1588E-6 -10.677E-6 -3.7447E-6  0.0053739  1.7887    
 3.7E-9    -5.5954E-9  122.46E-6 -29.889E-6 -38.364E-6 -41.204E-6 -4.1097E-6 -9.6682E-6 -3.9033E-6  0.0015108  1.7989    
 3.8E-9    -5.4522E-9  85.976E-6 -35.18E-6  -37.212E-6 -39.318E-6 -3.4101E-6 -9.1065E-6 -3.7695E-6  462.04E-6  1.8       
 3.9E-9    -6.7258E-9  177.96E-6  111.25E-6 -36.129E-6 -37.239E-6 -3.3926E-6 -8.89E-6   -3.7185E-6  237.54E-6  1.8001    
 4.E-9     -7.1129E-9  19.275E-6 -6.3335E-6 -35.87E-6  -36.745E-6 -3.3719E-6 -8.1651E-6 -3.7302E-6  128.01E-6  1.8001    
 4.1E-9    -6.2986E-9 -0.0035279 -0.0018968 -35.778E-6 -35.856E-6 -3.126E-6  -8.2834E-6 -3.7023E-6  69.103E-6  1.8001    
 4.2E-9    -6.4183E-9  901.29E-6 -0.01003   -35.868E-6 -36.017E-6 -2.9639E-6 -8.3361E-6 -3.6992E-6  30.599E-6  1.8001    
 4.3E-9    -8.0293E-9  1.2766     0.51515   -38.442E-6 -36.479E-6 -3.5108E-6 -7.8708E-6 -3.6942E-6  6.775E-6   1.8001    
 4.4E-9    -5.2645E-9  1.7956     1.8269    -41.006E-6 -37.26E-6  -2.8396E-6 -8.4913E-6 -3.5305E-6 -5.641E-6   1.8001    
 4.5E-9     1.9573E-9  1.8024     1.7851     149.36E-6  47.198E-6  5.2708E-6  11.314E-6  6.0971E-6  12.917E-6  1.7999    
 4.6E-9    -6.0845E-9  1.7986     1.8079     57.194E-6 -45.035E-6 -4.2593E-6 -10.341E-6 -4.8904E-6 -13.052E-6  1.8001    
 4.7E-9     2.8916E-9  1.8009     1.7957    -0.002164   47.122E-6  3.9199E-6  10.661E-6  3.9031E-6  15.06E-6   1.7999    
 4.8E-9    -5.3635E-9  1.7994     1.8023    -0.0070101 -47.423E-6 -3.6238E-6 -10.442E-6 -3.4853E-6 -15.747E-6  1.8001    
 4.9E-9     1.7247E-9  1.8004     1.7987     0.48216    46.622E-6  3.5369E-6  10.427E-6  3.3588E-6  16.905E-6  1.7999    
 5.E-9      2.2858E-9  1.8        1.7998     1.5313     44.193E-6  2.8441E-6  8.8033E-6  2.7048E-6  16.898E-6  1.7999    
 5.1E-9     1.8871E-9  1.7999     1.8        1.7877     199.24E-6  3.1086E-6  8.4488E-6  4.033E-6   18.837E-6  1.7999    
 5.2E-9     2.5943E-9  1.7999     1.8        1.7997    -331.57E-6  3.2363E-6  8.7687E-6  3.996E-6   20.484E-6  1.7999    
 5.3E-9     2.6779E-9  1.7999     1.8        1.7999    -0.0049866  2.9843E-6  8.5297E-6  4.0864E-6  21.782E-6  1.7999    
 5.4E-9     2.4922E-9  1.7999     1.8        1.8        0.049905   2.9237E-6  9.1717E-6  4.1963E-6  22.794E-6  1.7999    
 5.5E-9     2.1335E-9  1.7999     1.8        1.8        1.3647    -2.0517E-6  9.5656E-6  3.7447E-6  23.586E-6  1.7999    
 5.6E-9     2.6169E-9  1.7999     1.8        1.8        1.8004     35.586E-6  9.4494E-6  3.4275E-6  24.238E-6  1.7999    
 5.7E-9    -6.2141E-9  1.8002     1.8        1.7999     1.8        165.85E-6 -13.36E-6  -5.9642E-6 -29.536E-6  1.8001    
 5.8E-9    -5.2871E-9  1.8001     1.8        1.8        1.8001    -297.76E-6 -10.983E-6 -2.2724E-6 -25.458E-6  1.8001    
 5.9E-9    -5.1954E-9  1.8001     1.8        1.8        1.7999    -0.0036217 -10.103E-6 -2.838E-6  -25.441E-6  1.8001    
 6.E-9     -5.3657E-9  1.8        1.8        1.8        1.8        0.0067379 -13.159E-6 -2.946E-6  -25.759E-6  1.8001    
 6.1E-9     1.8        1.8001     1.8        1.8        1.8        0.66191   -17.372E-6 -2.9064E-6 -26.109E-6  1.8001    
 6.2E-9     1.8        1.8        1.8        1.8        1.8        1.5983     160.86E-6 -2.3034E-6 -26.465E-6  1.8001    
 6.3E-9     1.8        1.7998     1.8        1.8001     1.8        1.7856     12.47E-6   3.1733E-6  23.31E-6   1.7999    
 6.4E-9     1.8        1.8001     1.8        1.7999     1.8        1.7989    -0.0028515 -4.5778E-6 -23.175E-6  1.8001    
 6.5E-9     1.8        1.8        1.8        1.8        1.8        1.7998    -0.0098165 -85.65E-9  -31.478E-6  1.8001    
 6.6E-9     1.8        1.7995     1.7998     1.8        1.8        1.7999     0.60773   -2.2601E-6 -39.239E-6  1.8002    
 6.7E-9     1.8        1.816      1.8006     1.7999     1.8        1.8        1.7196     18.121E-6  31.108E-6  1.7999    
 6.8E-9     1.8        0.6119     1.7846     1.8001     1.8001     1.8        1.799      140.27E-6  37.318E-6  1.7999    
 6.9E-9     1.8        0.0029251 -0.011959   1.8        1.7999     1.8        1.7998    -141.28E-6 -43.919E-6  1.8001    
 7.E-9      1.8       -202.93E-6  991.77E-6  1.7998     1.8001     1.8        1.8       -0.0029869  43.212E-6  1.7999    
 7.1E-9     1.8        136.29E-6 -21.216E-6  1.8005     1.7999     1.8        1.8       -0.0090906 -41.133E-6  1.8001    
 7.2E-9     1.8       -135.17E-6  34.564E-6  1.7846     1.8001     1.8        1.8        0.56193    40.485E-6  1.8001    
 7.3E-9     1.8        169.97E-6 -34.374E-6  0.51838    1.7999     1.8        1.8        1.671      7.017E-6   1.7999    
 7.4E-9     1.8       -158.15E-6  31.538E-6  0.0021155  1.7995     1.8        1.8        1.7971     109.85E-6  1.8001    
 7.5E-9     1.8        150.59E-6 -28.625E-6  33.787E-6  1.8035     1.8        1.8        1.7998    -6.4922E-6  1.8001    
 7.6E-9     1.8       -199.66E-6  37.712E-6  44.903E-6  1.5257     1.8001     1.8        1.8       -2.4314E-6  1.8       
 7.7E-9     1.8        141.01E-6 -41.313E-6 -31.599E-6 -0.020256   1.8        1.8        1.8       -250.78E-6  1.7995    
 7.8E-9     1.8       -161.31E-6  39.81E-6   35.673E-6  71.126E-6  1.7996     1.8        1.8       -966.96E-6  1.825     
 7.9E-9     1.8       -196.81E-6  38.315E-6  30.567E-6  62.964E-6  1.8019     1.8        1.8       -0.0020284  0.033767  
 8.E-9      1.8       -125.53E-6  40.627E-6  39.517E-6  59.923E-6  1.6986     1.8        1.8       -0.0049187  66.912E-6 
 8.1E-9     1.8       -134.56E-6  55.214E-6  46.725E-6  77.658E-6  0.4097     1.8        1.8        0.042249  -6.5024E-6 
 8.2E-9     1.8        131.82E-6 -48.522E-6 -41.017E-6 -63.934E-6  0.0016261  1.7997     1.8        1.1769     50.885E-6 
 8.3E-9     1.8        155.84E-6 -47.705E-6 -36.388E-6 -62.604E-6  29.726E-6  1.8211     1.8        1.7976     81.853E-6 
 8.4E-9     1.8        187.57E-6 -52.033E-6 -37.945E-6 -66.038E-6 -5.527E-6   0.78765    1.8        1.7997     95.611E-6 
 8.5E-9     1.8        159.29E-6 -68.004E-6 -47.925E-6 -86.212E-6 -15.585E-6 -0.021926   1.7999     1.7999     123.71E-6 
 8.6E-9     1.8       -144.85E-6  58.791E-6  29.338E-6  69.308E-6  15.897E-6 -2.6988E-6  1.7997     1.8       -104.2E-6  
 8.7E-9     1.8       -100.E-6    70.695E-6  45.048E-6  82.232E-6  17.163E-6  31.674E-6  1.8147     1.8       -118.32E-6 
 8.8E-9     1.8        205.65E-6 -101.55E-6 -60.341E-6 -120.62E-6 -35.363E-6 -34.891E-6  1.0805     1.7999     165.47E-6 
 8.9E-9     1.8        109.06E-6 -102.6E-6  -46.121E-6 -104.07E-6 -24.24E-6  -29.791E-6 -0.030774   1.7999     153.41E-6 
 9.E-9      1.8        143.44E-6 -104.05E-6 -29.805E-6 -57.839E-6 -19.988E-6 -22.601E-6 -7.0591E-6  1.7997     129.22E-6 
 9.1E-9     1.8       -123.95E-6  66.014E-6  33.828E-6  46.648E-6  19.847E-6  25.557E-6  24.001E-6  1.8026    -204.15E-6 
 9.2E-9     679.9E-12 -108.85E-6  71.552E-6  24.394E-6  72.922E-6  22.038E-6  28.719E-6  15.231E-6  1.8181    -0.0042561 
 9.3E-9     1.0215E-9 -45.032E-6  77.356E-6  35.551E-6  70.24E-6   8.8294E-6  42.957E-6  9.3275E-6  0.51277    0.60295   
 9.4E-9    -6.2702E-9 -23.91E-6  -116.4E-6  -2.9101E-6 -105.51E-6 -11.808E-6 -60.396E-6 -8.667E-6   0.0081172  1.8021    
 9.5E-9     2.8943E-9 -99.424E-6  87.566E-6  25.546E-6  72.568E-6  9.6136E-6  35.496E-6  3.5157E-6 -337.03E-6  1.8001    
 9.6E-9    -5.3593E-9  67.613E-6 -91.634E-6 -2.6733E-6 -91.178E-6 -23.783E-6 -45.298E-6 -7.3145E-6  201.5E-6   1.8       
 9.7E-9     3.2341E-9 -125.85E-6  102.06E-6 -3.0476E-6  88.281E-6  21.3E-6    38.479E-6  7.0128E-6 -40.101E-6  1.7999    
 9.8E-9     3.2397E-9 -94.874E-6  99.667E-6  38.156E-6  92.255E-6  16.656E-6  30.221E-6  7.6895E-6 -28.306E-6  1.7999    
 9.9E-9    -6.378E-9   210.88E-6 -89.622E-6 -36.998E-6 -125.05E-6 -41.801E-6 -45.153E-6 -11.755E-6  38.545E-6  1.8001    
 10.E-9    -7.2968E-9  65.198E-6  49.385E-6 -35.798E-6 -93.134E-6 -20.047E-6 -22.558E-6 -5.5761E-6  13.791E-6  1.8001    
 10.1E-9   -6.3603E-9 -0.0025117 -0.0012923  604.93E-9 -89.599E-6 -21.63E-6  -33.E-6    -6.0894E-6  14.237E-6  1.8001    
 10.2E-9   -6.5268E-9 -0.011632  -0.0076089 -33.485E-6 -85.001E-6 -15.027E-6 -25.698E-6 -5.7528E-6  8.3049E-6  1.8001    
 10.3E-9   -8.1462E-9  0.87541    0.27763   -25.694E-6 -94.039E-6 -12.28E-6  -26.298E-6 -5.9877E-6  2.639E-6   1.8001    
 10.4E-9    2.7908E-9  1.872      1.537      51.843E-6  114.1E-6   34.648E-6  41.568E-6  9.8933E-6  599.95E-9  1.7998    
 10.5E-9   -6.1223E-9  1.7616     1.9046     47.627E-6 -107.54E-6 -28.855E-6 -32.804E-6 -8.0046E-6 -1.3228E-6  1.8001    
 10.6E-9    2.011E-9   1.8183     1.7425     78.663E-6  110.65E-6  24.834E-6  31.813E-6  6.8887E-6  2.9847E-6  1.7999    
 10.7E-9    3.1285E-9  1.8008     1.7974    -0.0015647  90.063E-6  15.383E-6  19.899E-6  3.9662E-6  5.3524E-6  1.7999    
 10.8E-9    3.0959E-9  1.8002     1.7997    -0.0083848  83.987E-6  22.71E-6   28.709E-6  4.7608E-6  7.6222E-6  1.7999    
 10.9E-9    2.1779E-9  1.8001     1.8        0.23201    91.043E-6  14.574E-6  30.875E-6  5.1319E-6  9.6834E-6  1.7999    
 11.E-9     2.2447E-9  1.8        1.8001     1.3411     86.275E-6  15.63E-6   24.629E-6  4.6391E-6  11.376E-6  1.7999    
 11.1E-9    2.1966E-9  1.7999     1.8001     1.7731     193.57E-6  23.36E-6   32.011E-6  4.5561E-6  12.784E-6  1.7999    
 11.2E-9   -5.9739E-9  1.8001     1.7999     1.7989    -298.18E-6 -15.047E-6 -40.211E-6 -4.4517E-6 -12.492E-6  1.8001    
 11.3E-9   -5.8753E-9  1.8        1.7999     1.7998    -0.004653  -25.746E-6 -33.839E-6 -3.6065E-6 -15.093E-6  1.7999    
 11.4E-9    3.0322E-9  1.7999     1.8001     1.8        0.029501   20.521E-6  35.5E-6    2.2944E-6  18.802E-6  1.8001    
 11.5E-9    2.5637E-9  1.8        1.8002     1.8        1.3285     28.96E-6   38.664E-6  4.5109E-6  22.891E-6  1.7999    
 11.6E-9    3.2232E-9  1.8        1.8001     1.8        1.8011     47.676E-6  32.554E-6  847.52E-9  23.861E-6  1.7999    
 11.7E-9    2.3146E-9  1.7999     1.8001     1.8        1.7998     78.829E-6  39.179E-6  642.65E-9  23.841E-6  1.8       
 11.8E-9    3.2422E-9  1.8        1.8001     1.8        1.8       -388.42E-6  39.33E-6   574.9E-9   23.729E-6  1.7999    
 11.9E-9    3.3233E-9  1.7999     1.8002     1.8        1.8       -0.0039288  32.3E-6    415.47E-9  23.748E-6  1.7999    
 12.E-9     3.1264E-9  1.8        1.8001     1.8        1.8001     0.012907   37.044E-6 -23.403E-9  23.867E-6  1.8       
 12.1E-9    1.8        1.7999     1.8002     1.8        1.8001     0.71981    35.011E-6  329.79E-9  24.146E-6  1.7999    
 12.2E-9    1.8        1.8        1.8002     1.8001     1.8001     1.6216     164.33E-6 -596.25E-9  24.541E-6  1.8       
 12.3E-9    1.8        1.8001     1.7998     1.7999     1.7999     1.7876    -35.332E-6  156.82E-9 -21.553E-6  1.7999    
 12.4E-9    1.8        1.7997     1.8001     1.8        1.8001     1.799     -0.0030354  2.52E-6    21.143E-6  1.7999    
 12.5E-9    1.8        1.8001     1.8001     1.8        1.8001     1.7999    -0.0087959 -6.8281E-6  32.921E-6  1.7999    
 12.6E-9    1.8        1.7997     1.7999     1.8        1.8001     1.8        0.66538   -10.476E-6  42.128E-6  1.8001    
 12.7E-9    1.8        1.8158     1.8007     1.8        1.7999     1.8        1.7298    -2.2439E-6 -34.433E-6  1.8001    
 12.8E-9    1.8        0.61368    1.7846     1.8        1.7999     1.7999     1.7991     223.24E-6 -45.775E-6  1.8001    
 12.9E-9    1.8        0.0031358 -0.012123   1.8        1.8        1.8        1.7999    -175.57E-6  54.232E-6  1.8001    
 13.E-9     1.8       -231.87E-6  0.0010447  1.7998     1.8001     1.8        1.7999    -0.0031196 -54.955E-6  1.7999    
 13.1E-9    1.8       -91.841E-6  20.28E-6   1.8005     1.8        1.8        1.8       -0.008036   48.607E-6  1.7999    
 13.2E-9    1.8        17.51E-6  -93.753E-6  1.7838     1.8001     1.8001     1.8        0.61168   -66.92E-6   1.7999    
 13.3E-9    1.8        17.233E-6  149.06E-6  0.51449    1.7999     1.8        1.8        1.6854     169.55E-6  1.8001    
 13.4E-9    1.8        131.96E-6 -156.72E-6  0.0011542  1.7998     1.8001     1.8        1.7975     15.885E-6  1.7999    
 13.5E-9    1.8       -105.54E-6  168.07E-6  71.495E-6  1.8032     1.7999     1.8        1.7998     49.232E-6  1.8001    
 13.6E-9    1.8       -151.6E-6   121.74E-6  44.4E-6    1.5252     1.8        1.8        1.7999    -14.272E-6  1.8       
 13.7E-9    1.8       -23.495E-6  146.21E-6  58.336E-6 -0.050671   1.8        1.8        1.8       -253.29E-6  1.7997    
 13.8E-9    1.8        119.45E-6 -110.23E-6 -51.033E-6  293.55E-6  1.7998     1.7999     1.8       -993.39E-6  1.8074    
 13.9E-9    1.8        128.54E-6 -136.84E-6 -48.511E-6 -3.2438E-6  1.8016     1.7999     1.8       -0.0020967 -0.0050768 
 14.E-9     1.8        70.881E-6 -155.81E-6 -51.812E-6 -71.611E-6  1.7165     1.7999     1.8       -0.0053354 -34.61E-6  
 14.1E-9    1.8        84.751E-6 -152.63E-6  48.698E-6 -112.48E-6  0.45111    1.8        1.8        0.057577  -71.923E-6 
 14.2E-9    1.8       -134.07E-6  150.2E-6   46.682E-6  107.17E-6  0.0023125  1.7997     1.8        1.2926    -1.9054E-6 
 14.3E-9    1.8        165.27E-6 -131.93E-6 -69.268E-6 -109.71E-6  32.765E-6  1.8196     1.8        1.7975     91.283E-6 
 14.4E-9    1.8        90.78E-6  -149.71E-6 -29.247E-6 -51.571E-6 -23.264E-6  0.85264    1.8        1.7997     149.68E-6 
 14.5E-9    1.8        124.26E-6 -136.91E-6 -46.561E-6 -109.87E-6 -34.83E-6  -0.027026   1.7999     1.7999     80.937E-6 
 14.6E-9    1.8       -85.356E-6  107.8E-6   39.299E-6  90.164E-6  36.302E-6 -12.375E-6  1.7997     1.7999    -78.561E-6 
 14.7E-9    1.8        139.75E-6 -91.393E-6 -52.236E-6 -99.905E-6 -40.546E-6  3.5676E-6  1.8131     1.8        124.39E-6 
 14.8E-9    1.8        78.089E-6 -66.608E-6 -38.691E-6 -113.34E-6 -33.807E-6 -24.281E-6  1.1252     1.8        145.33E-6 
 14.9E-9    1.8        72.707E-6 -91.63E-6  -12.549E-6 -133.4E-6  -42.326E-6 -39.643E-6 -0.030093   1.7999     90.608E-6 
 15.E-9     1.8       -145.5E-6   112.53E-6  44.163E-6  83.194E-6  31.228E-6  36.523E-6  6.0698E-6  1.7996    -119.67E-6 
 15.1E-9    1.8        48.792E-6 -45.94E-6   20.617E-6 -115.55E-6 -37.161E-6 -41.579E-6 -1.2744E-6  1.8022     76.704E-6 
 15.2E-9   -9.1126E-9  67.892E-6 -121.25E-6 -21.597E-6 -79.298E-6 -40.742E-6 -46.148E-6 -2.6268E-6  1.8173    -0.0022929 
 15.3E-9   -8.8538E-9  83.658E-6 -49.293E-6 -81.899E-6 -64.198E-6 -26.609E-6 -85.094E-6 -680.16E-9  0.76598    0.43098   
 15.4E-9    3.4806E-9 -74.85E-6   72.01E-6   36.845E-6  61.356E-6  32.027E-6  81.029E-6 -1.2093E-6  0.010639   1.7989    
 15.5E-9   -6.9172E-9  91.892E-6 -115.33E-6 -35.414E-6 -50.245E-6 -23.505E-6 -72.327E-6  1.1186E-6 -486.56E-6  1.8       
 15.6E-9    4.4686E-9 -35.544E-6  123.38E-6  32.225E-6  8.225E-6   35.07E-6   64.53E-6  -1.3839E-6  116.04E-6  1.7999    
 15.7E-9   -6.6009E-9  57.617E-6 -95.058E-6  11.182E-6 -18.764E-6 -35.7E-6   -61.768E-6  2.1791E-6 -7.5776E-6  1.8001    
 15.8E-9   -6.5861E-9  82.543E-6 -74.102E-6  1.6021E-6 -49.46E-6  -32.112E-6 -78.702E-6  2.7603E-6 -7.4301E-6  1.8001    
 15.9E-9    3.4729E-9 -56.89E-6   166.56E-6  21.362E-6  47.784E-6  27.934E-6  109.43E-6 -3.4412E-6  20.625E-6  1.7998    
 16.E-9     2.5461E-9  152.7E-6   36.465E-6 -4.308E-6   11.206E-6  21.649E-6  57.433E-6 -7.5853E-6  3.7999E-6  1.7999    
 16.1E-9    3.495E-9  -0.0023795 -0.0013428 -9.0873E-6  21.946E-6  29.051E-6  63.921E-6 -6.0725E-6  11.178E-6  1.7999    
 16.2E-9    3.3452E-9 -0.0114    -0.007708   27.157E-6  46.863E-6  37.742E-6  59.499E-6 -5.9863E-6  11.265E-6  1.7999    
 16.3E-9    1.7324E-9  0.88017    0.27736   -3.8669E-6  20.604E-6  34.119E-6  67.617E-6 -5.9906E-6  10.471E-6  1.7998    
 16.4E-9    4.3913E-9  1.8235     1.7644     29.155E-6  69.431E-6  28.085E-6  29.327E-6 -6.3587E-6  9.7264E-6  1.7998    
 16.5E-9    3.4849E-9  1.8017     1.7988     123.7E-6   21.262E-6  27.793E-6  50.5E-6   -6.8743E-6  9.2114E-6  1.7999    
 16.6E-9    3.4092E-9  1.8002     1.7997    -8.3473E-6  69.35E-6   24.631E-6  64.952E-6 -7.4277E-6  8.9311E-6  1.7999    
 16.7E-9    4.3063E-9  1.7999     1.7999    -0.0017474  25.856E-6 -1.618E-6   72.066E-6 -7.7349E-6  8.8463E-6  1.8       
 16.8E-9    4.2695E-9  1.7999     1.8       -0.0088913  23.185E-6 -6.9371E-6  64.255E-6 -8.5162E-6  8.9107E-6  1.7999    
 16.9E-9    3.2724E-9  1.7999     1.8001     0.26362    46.843E-6  22.141E-6  60.205E-6 -9.1873E-6  9.0846E-6  1.8       
 17.E-9     3.48E-9    1.7998     1.8001     1.3819     78.605E-6 -8.997E-6   55.381E-6 -9.492E-6   9.3448E-6  1.7999    
 17.1E-9    3.377E-9   1.7999     1.8001     1.7767     162.03E-6  22.774E-6  56.994E-6 -10.181E-6  9.672E-6   1.7999    
 17.2E-9    4.0628E-9  1.7999     1.8001     1.7993    -317.2E-6  -10.091E-6  62.115E-6 -15.776E-6  10.043E-6  1.8       
 17.3E-9    4.2312E-9  1.7999     1.8001     1.7999    -0.0047296 -6.4174E-6  41.521E-6 -2.8748E-6  10.446E-6  1.7999    
 17.4E-9    4.1313E-9  1.7999     1.8002     1.8        0.036112  -12.524E-6  15.768E-6 -4.531E-6   10.905E-6  1.7999    
 17.5E-9    3.6397E-9  1.7999     1.8001     1.8        1.3151     21.466E-6  50.158E-6 -6.688E-6   11.369E-6  1.8       
 17.6E-9    4.3106E-9  1.7999     1.8001     1.8        1.8013     55.421E-6  55.299E-6 -7.0628E-6  11.866E-6  1.7999    
 17.7E-9    3.4062E-9  1.8001     1.8001     1.8        1.7998     54.46E-6   48.585E-6  3.1392E-6  12.358E-6  1.8001    
 17.8E-9    4.3358E-9  1.7999     1.8001     1.8        1.8       -411.18E-6  54.115E-6  311.96E-9  12.882E-6  1.7999    
 17.9E-9    4.4079E-9  1.8        1.7999     1.8        1.8       -0.0039527  55.964E-6 -3.4044E-6  13.42E-6   1.7999    
 18.E-9     4.2174E-9  1.7999     1.8001     1.8        1.8001     0.012943   46.537E-6  5.4509E-6  13.991E-6  1.8       
 18.1E-9    1.8        1.8        1.8        1.7999     1.8001     0.72005    50.96E-6   1.1167E-6  14.557E-6  1.7999    
 18.2E-9    1.8        1.7999     1.8001     1.8        1.8001     1.6217     137.57E-6 -3.2692E-6  15.15E-6   1.8       
 18.3E-9    1.8        1.8001     1.7999     1.8        1.7999     1.7877    -38.463E-6  7.7446E-6 -13.597E-6  1.8001    
 18.4E-9    1.8        1.7998     1.8001     1.8        1.8002     1.7991    -0.0030572  17.379E-6  13.867E-6  1.7999    
 18.5E-9    1.8        1.8        1.8001     1.8001     1.7999     1.7999    -0.0088344  11.999E-6  23.37E-6   1.7999    
 18.6E-9    1.8        1.7997     1.7998     1.7999     1.8001     1.8        0.66446    4.5536E-6  30.502E-6  1.8       
 18.7E-9    1.8        1.8158     1.8007     1.8        1.8001     1.8        1.7296     11.553E-6 -25.763E-6  1.8001    
 18.8E-9    1.8        0.61328    1.7843     1.7999     1.8        1.7999     1.7992     221.09E-6 -35.067E-6  1.8001    
 18.9E-9    1.8        0.00313   -0.012516   1.7999     1.7999     1.8        1.7999    -178.24E-6  42.156E-6  1.7999    
 19.E-9     1.8       -233.91E-6  0.0010841  1.7999     1.8001     1.8        1.7999    -0.0031166 -42.572E-6  1.8001    
 19.1E-9    1.8       -106.81E-6  50.322E-6  1.8005     1.7999     1.8        1.8       -0.0080675  37.707E-6  1.7998    
 19.2E-9    1.8        135.74E-6 -145.75E-6  1.7838     1.7999     1.8001     1.7999     0.6103    -54.596E-6  1.7999    
 19.3E-9    1.8       -116.54E-6  112.04E-6  0.51407    1.7999     1.7999     1.8001     1.685      151.57E-6  1.8001    
 19.4E-9    1.8        72.065E-6 -160.29E-6  0.0011569  1.7998     1.8001     1.7999     1.7975     29.439E-6  1.7999    
 19.5E-9    1.8       -104.19E-6  75.044E-6  73.724E-6  1.8032     1.8        1.8001     1.7998     44.448E-6  1.8001    
 19.6E-9    1.8       -100.94E-6  129.44E-6  47.819E-6  1.5242     1.7999     1.8        1.7999    -19.101E-6  1.7999    
 19.7E-9    1.8       -3.6164E-6  121.1E-6  -50.004E-6 -0.051043   1.7999     1.8001     1.8       -256.19E-6  1.7997    
 19.8E-9    1.8       -67.375E-6  143.83E-6  33.668E-6 -0.0093502  1.7997     1.8001     1.8       -0.0010101  1.7995    
 19.9E-9    1.8       -61.583E-6  85.954E-6  48.966E-6 -26.19E-6   1.8015     1.8        1.8       -0.0021234  0.0058979 
 20.E-9     1.8       -62.723E-6  87.092E-6  56.856E-6  93.539E-6  1.7174     1.8001     1.8       -0.005374   106.88E-6 
 20.1E-9    1.8        124.37E-6 -114.5E-6  -48.586E-6 -62.169E-6  0.4147     1.7999     1.8        0.056328   29.585E-6 
 20.2E-9    1.8       -51.736E-6  133.8E-6   63.221E-6  109.91E-6  0.0032158  1.7995     1.8        1.2941    -99.511E-6 
 20.3E-9    1.8       -50.279E-6  75.899E-6 -21.411E-6  39.569E-6  53.168E-6  1.8212     1.8        1.7976    -74.764E-6 
 20.4E-9    1.8       -153.27E-6  95.965E-6  46.421E-6  101.89E-6  41.498E-6  0.7849     1.8        1.7997    -153.17E-6 
 20.5E-9    1.8       -86.059E-6  110.73E-6  12.426E-6  75.221E-6  48.549E-6 -0.021661   1.8        1.7999    -113.14E-6 
 20.6E-9    1.8        68.782E-6 -112.15E-6 -51.206E-6 -97.028E-6 -35.287E-6 -46.965E-6  1.7996     1.7999     126.49E-6 
 20.7E-9    1.8       -60.761E-6 -68.927E-6 -22.017E-6 -79.839E-6 -43.E-6    -47.103E-6  1.8145     1.7999     142.13E-6 
 20.8E-9    1.8        8.0268E-6  124.94E-6  73.107E-6  134.14E-6  93.463E-6  108.4E-6   1.0923     1.8001    -212.09E-6 
 20.9E-9    1.8       -76.734E-6  71.045E-6  9.7422E-6  60.481E-6  37.879E-6  84.05E-6  -0.030727   1.8       -142.35E-6 
 21.E-9     1.8       -68.335E-6  72.752E-6  13.934E-6  71.243E-6  48.13E-6   70.168E-6 -4.2727E-6  1.7998    -146.79E-6 
 21.1E-9    1.8        125.94E-6 -139.94E-6 -10.426E-6 -50.879E-6 -26.512E-6 -68.514E-6  7.499E-6   1.8026     55.572E-6 
 21.2E-9   -10.427E-9  83.857E-6 -105.22E-6 -37.341E-6 -31.171E-6 -39.971E-6 -77.28E-6  -2.6871E-6  1.8183    -0.0042143 
 21.3E-9    3.6514E-9 -86.303E-6  67.206E-6 -5.2844E-6 -121.24E-6 -17.288E-6  68.179E-6  10.639E-6  0.56827    0.59401   
 21.4E-9    5.0195E-9 -134.65E-6  98.796E-6  6.8659E-6  74.457E-6  50.729E-6  54.616E-6  12.973E-6  525.17E-6  1.7958    
 21.5E-9   -8.4354E-9  77.63E-6  -43.329E-6 -9.5014E-6 -40.579E-6 -25.64E-6  -16.189E-6 -10.66E-6   55.706E-6  1.7998    
 21.6E-9    5.9944E-9 -31.602E-6  22.741E-6 -25.052E-6 -64.69E-9  -411.2E-9   41.756E-6  4.4864E-6  85.13E-6   1.8       
 21.7E-9    5.9265E-9 -152.82E-6  74.587E-6  974.41E-9 -32.976E-6 -10.501E-6  25.581E-6  10.902E-6  79.481E-6  1.7999    
 21.8E-9    5.9502E-9 -49.608E-6  105.51E-6  25.112E-6  32.561E-6  26.252E-6  36.626E-6  9.4915E-6  63.093E-6  1.7999    
 21.9E-9    4.9286E-9  31.033E-6  182.95E-6  34.036E-6  37.608E-6 -5.134E-6   17.33E-6   8.8196E-6  52.689E-6  1.7999    
 22.E-9     4.0822E-9  175.45E-6 -35.905E-6  2.3619E-6  62.69E-6   16.736E-6  48.566E-6  8.591E-6   42.496E-6  1.7999    
 22.1E-9    5.0544E-9 -0.0022126 -0.0013742 -4.1329E-6  25.536E-6 -6.7306E-6  39.088E-6  8.4445E-6  37.237E-6  1.7998    
 22.2E-9    4.8786E-9 -0.011772  -0.0076697  32.764E-6  17.248E-6  27.28E-6   12.516E-6  8.3307E-6  37.016E-6  1.7998    
 22.3E-9    3.2831E-9  0.81955    0.27042    2.0198E-6  35.261E-6 -4.8841E-6 -2.8572E-6  8.2448E-6  38.997E-6  1.7999    
 22.4E-9    5.9234E-9  1.8277     1.7609     35.996E-6  61.868E-6  17.728E-6  47.381E-6  8.3026E-6  41.453E-6  1.7999    
 22.5E-9    5.0017E-9  1.802      1.7987     56.324E-6  31.92E-6  -12.345E-6  40.181E-6  8.1125E-6  43.78E-6   1.7999    
 22.6E-9    4.9726E-9  1.8002     1.7996    -18.426E-6  34.719E-6 -3.5536E-6  18.227E-6  7.8497E-6  45.828E-6  1.7999    
 22.7E-9    5.8442E-9  1.8        1.7999    -0.0018183  19.775E-6  16.762E-6  51.004E-6  7.6526E-6  47.596E-6  1.7999    
 22.8E-9    5.8133E-9  1.7999     1.8       -0.0090816  79.343E-6 -10.095E-6 -2.1325E-6  7.5016E-6  49.142E-6  1.8       
 22.9E-9    4.7877E-9  1.7998     1.8001     0.27681    37.664E-6 -1.9897E-6  33.351E-6  7.1914E-6  50.513E-6  1.7999    
 23.E-9     5.0436E-9  1.7999     1.8001     1.3974     88.96E-6   17.732E-6  2.5559E-6  7.0365E-6  51.756E-6  1.7999    
 23.1E-9    4.9168E-9  1.7998     1.8001     1.7781     154.42E-6 -9.068E-6   39.721E-6  6.6427E-6  52.915E-6  1.8       
 23.2E-9    5.6274E-9  1.7998     1.8001     1.7993    -356.24E-6 -3.0539E-6  1.0859E-6  6.5454E-6  54.013E-6  1.7999    
 23.3E-9    5.7826E-9  1.7999     1.8001     1.7999    -0.0048664 -10.745E-6  11.794E-6  6.4009E-6  55.068E-6  1.8       
 23.4E-9    5.662E-9   1.8        1.8001     1.8        0.040361   24.756E-6  45.79E-6   6.1472E-6  56.11E-6   1.7999    
 23.5E-9    5.2267E-9  1.7999     1.8001     1.8        1.3319    -6.8719E-6  5.2572E-6  5.8503E-6  57.151E-6  1.7999    
 23.6E-9    5.8569E-9  1.7999     1.8001     1.8        1.801      59.287E-6  8.5089E-6  5.8153E-6  58.179E-6  1.8       
 23.7E-9    4.9618E-9  1.8001     1.8001     1.8        1.7998     49.737E-6  31.732E-6  5.3734E-6  59.239E-6  1.7999    
 23.8E-9    5.9014E-9  1.7999     1.8001     1.8        1.8       -437.9E-6   615.56E-9  5.3258E-6  60.287E-6  1.8       
 23.9E-9    5.9793E-9  1.7999     1.7999     1.8        1.8       -0.0040349  11.544E-6  5.0175E-6  61.35E-6   1.7999    
 24.E-9     5.774E-9   1.8001     1.8001     1.7999     1.8001     0.014759   48.802E-6  4.5321E-6  62.417E-6  1.8       
 24.1E-9    1.8        1.7999     1.8001     1.7999     1.8001     0.73523    43.911E-6  4.3475E-6  63.526E-6  1.7999    
 24.2E-9    1.8        1.8        1.7999     1.8        1.8001     1.6274     126.5E-6   4.1289E-6  64.671E-6  1.8       
 24.3E-9    1.8        1.8001     1.8001     1.7999     1.7999     1.7881    -53.172E-6 -4.1702E-6 -57.186E-6  1.8001    
 24.4E-9    1.8        1.7997     1.8001     1.8002     1.7999     1.7991    -0.0031257  7.4398E-6  58.484E-6  1.7998    
 24.5E-9    1.8        1.8        1.8001     1.7999     1.8001     1.7999    -0.0083949 -1.0852E-6  82.237E-6  1.7999    
 24.6E-9    1.8        1.7993     1.7997     1.8        1.8001     1.7999     0.71114   -2.8712E-6 -92.859E-6  1.7999    
 24.7E-9    1.8        1.8157     1.8008     1.8        1.7999     1.8        1.7364     11.104E-6 -80.616E-6  1.7999    
 24.8E-9    1.8        0.6139     1.7819     1.7999     1.7999     1.8        1.7992     165.33E-6 -93.892E-6  1.8002    
 24.9E-9    1.8        0.011719  -923.41E-6  1.7999     1.7999     1.8001     1.7999    -165.32E-6  115.26E-6  1.8001    
 25.E-9     1.8       -721.19E-6  547.93E-6  1.7999     1.7999     1.7999     1.7999    -0.0031632 -111.15E-6  1.7999    
 25.1E-9    1.8       -64.918E-6  111.41E-6  1.8005     1.8        1.8        1.8       -0.0076418  102.98E-6  1.7999    
 25.2E-9    1.8        136.34E-6 -92.313E-6  1.7831     1.8001     1.8001     1.7999     0.6272    -127.45E-6  1.8001    
 25.3E-9    1.8        39.713E-6  82.395E-6  0.5112     1.7999     1.8        1.8001     1.6895     171.88E-6  1.7999    
 25.4E-9    1.8        78.132E-6 -62.554E-6  0.0011448  1.7998     1.8        1.7999     1.7976     19.596E-6  1.7999    
 25.5E-9    1.8       -111.92E-6  103.52E-6  78.358E-6  1.8032     1.7999     1.8001     1.7998     104.25E-6  1.8001    
 25.6E-9    1.8       -64.166E-6  64.859E-6  54.567E-6  1.5185     1.8001     1.8        1.7999     48.516E-6  1.8       
 25.7E-9    1.8        13.329E-6  126.4E-6  -52.542E-6 -0.052879   1.8        1.7999     1.8       -259.36E-6  1.7997    
 25.8E-9    1.8       -63.659E-6  77.676E-6  20.905E-6 -0.0096509  1.7997     1.8001     1.8       -0.0010391  1.7923    
 25.9E-9    1.8       -58.398E-6  135.75E-6  53.324E-6 -27.455E-6  1.8015     1.8        1.8       -0.0021782 -668.93E-6 
 26.E-9     1.8       -122.8E-6   123.44E-6  24.393E-6  101.54E-6  1.7149     1.8001     1.8       -0.0054856  92.659E-6 
 26.1E-9    1.8        61.405E-6 -115.48E-6 -50.997E-6 -98.308E-6  0.4104     1.7999     1.8        0.060511   35.411E-6 
 26.2E-9    1.8       -78.009E-6  117.05E-6  74.329E-6  96.938E-6  0.0031479  1.7995     1.8        1.3232    -116.86E-6 
 26.3E-9    1.8       -89.96E-6   64.971E-6 -5.9332E-6  46.13E-6   68.814E-6  1.8214     1.8        1.798     -90.881E-6 
 26.4E-9    1.8       -79.516E-6  78.293E-6  53.915E-6  46.121E-6  48.216E-6  0.76565    1.8        1.7997    -91.357E-6 
 26.5E-9    1.8       -22.914E-6  109.73E-6 -53.97E-6   65.218E-6 -14.2E-6   -0.020176   1.7999     1.7999    -55.955E-6 
 26.6E-9    1.8        83.964E-6 -50.819E-6 -59.663E-6 -106.81E-6 -43.069E-6 -48.97E-6   1.7996     1.7999     140.05E-6 
 26.7E-9    1.8        83.605E-6 -113.84E-6 -6.4359E-6 -45.243E-6 -11.959E-6 -54.888E-6  1.8148     1.7999     89.279E-6 
 26.8E-9    1.8        7.0757E-6  61.55E-6   4.6999E-6  55.407E-6 -74.553E-6 -3.913E-6   1.0376     1.8001    -180.05E-6 
 26.9E-9    1.8       -69.528E-6  111.15E-6  28.208E-6  69.864E-6  31.817E-6  61.481E-6 -0.030613   1.8       -180.88E-6 
 27.E-9     1.8       -69.734E-6  56.654E-6 -15.903E-6  86.049E-6  67.531E-6  78.076E-6 -14.936E-6  1.7998    -136.3E-6  
 27.1E-9    1.8        58.765E-6 -73.445E-6  6.6332E-6 -71.817E-6 -49.422E-6 -25.856E-6 -1.6905E-6  1.8026     47.671E-6 
 27.2E-9   -12.131E-9  72.173E-6 -67.046E-6 -9.3855E-6 -44.051E-6 -48.227E-6 -58.588E-6 -14.846E-6  1.8183    -0.0040855 
 27.3E-9   -12.021E-9 -121.2E-6  -62.52E-6   99.749E-6 -34.307E-6 -19.745E-6 -55.356E-6 -25.559E-6  0.57116    0.58301   
 27.4E-9   -10.732E-9  72.841E-6 -63.5E-6   -31.612E-6 -24.307E-6 -15.839E-6  20.535E-6 -30.279E-6  235.16E-6  1.7957    
 27.5E-9    7.3097E-9 -57.064E-6  86.878E-6 -2.6657E-6  45.705E-6 -7.713E-6   1.0441E-6  34.879E-6  40.55E-6   1.7999    
 27.6E-9   -9.7836E-9  85.955E-6 -35.656E-6  20.727E-6 -7.7721E-6  22.88E-6   26.309E-6 -20.724E-6  60.125E-6  1.8       
 27.7E-9   -9.8492E-9  7.1347E-6 -88.042E-6 -4.8766E-6  27.382E-6  1.5118E-6 -36.831E-6 -37.076E-6  22.854E-6  1.8001    
 27.8E-9   -9.8496E-9 -16.371E-6 -55.347E-6 -16.613E-6 -37.965E-6 -24.855E-6 -6.2938E-6 -35.637E-6 -3.2853E-6  1.8001    
 27.9E-9   -10.854E-9  124.83E-6 -36.433E-6 -7.8869E-6 -19.958E-6  1.2224E-6 -4.6507E-6 -34.446E-6 -18.938E-6  1.8001    
 28.E-9    -11.726E-9  44.246E-6  50.308E-6 -32.802E-6 -15.198E-6 -32.795E-6 -28.375E-6 -33.833E-6 -31.88E-6   1.8001    
 28.1E-9   -10.766E-9 -0.0023822 -0.0011196 -35.57E-6  -54.808E-6 -789.7E-9  -11.521E-6 -33.62E-6  -43.166E-6  1.8002    
 28.2E-9   -10.94E-9  -0.012042  -0.0073476 -5.1542E-6  56.56E-6  -25.936E-6 -43.015E-6 -33.652E-6 -50.167E-6  1.8002    
 28.3E-9   -12.538E-9  0.8169     0.25871   -5.3434E-6 -42.021E-6 -916.77E-9 -14.839E-6 -33.872E-6 -53.955E-6  1.8001    
 28.4E-9   -9.9409E-9  1.8275     1.7555    -37.163E-6 -26.081E-6  2.7596E-6 -33.243E-6 -34.191E-6 -56.346E-6  1.8002    
 28.5E-9   -10.844E-9  1.8018     1.7988     118.95E-6  45.441E-6 -25.068E-6  1.7562E-6 -34.568E-6 -58.146E-6  1.8001    
 28.6E-9   -10.912E-9  1.8002     1.8        112.04E-6 -49.265E-6  3.1304E-6 -12.165E-6 -34.973E-6 -59.67E-6   1.8       
 28.7E-9   -10.042E-9  1.8001     1.7999    -0.0016398 -30.138E-6 -33.376E-6 -31.147E-6 -35.457E-6 -61.088E-6  1.8001    
 28.8E-9   -10.087E-9  1.8001     1.7999    -0.0088193 -37.894E-6 -2.3241E-6 -1.3459E-6 -35.918E-6 -62.453E-6  1.8001    
 28.9E-9   -11.113E-9  1.8001     1.7999     0.26791   -64.365E-6 -24.756E-6 -40.566E-6 -36.435E-6 -63.827E-6  1.8       
 29.E-9    -10.911E-9  1.8002     1.7998     1.3873    -40.436E-6  637.04E-9 -15.543E-6 -36.947E-6 -65.18E-6   1.8001    
 29.1E-9   -11.046E-9  1.8001     1.8001     1.7773     212.98E-6  2.7999E-6 -34.761E-6 -37.55E-6  -66.556E-6  1.8       
 29.2E-9   -10.374E-9  1.8001     1.7999     1.7994    -78.492E-6 -25.731E-6 -151.82E-9 -38.125E-6 -67.952E-6  1.8001    
 29.3E-9   -10.232E-9  1.8002     1.7999     1.7999    -0.0045858 -1.9435E-6 -14.285E-6 -38.729E-6 -69.35E-6   1.8001    
 29.4E-9   -10.359E-9  1.8001     1.7999     1.7999     0.037409   807.2E-9  -33.07E-6  -39.301E-6 -70.808E-6  1.8       
 29.5E-9   -10.856E-9  1.7999     1.8001     1.7999     1.3202    -30.059E-6 -5.0148E-6 -39.95E-6  -72.273E-6  1.8001    
 29.6E-9   -10.224E-9  1.8001     1.7999     1.8        1.8014     23.352E-6 -12.182E-6 -40.723E-6 -73.785E-6  1.8       
 29.7E-9   -11.156E-9  1.8001     1.8001     1.8        1.8        163.41E-6 -36.864E-6 -41.237E-6 -75.333E-6  1.8001    
 29.8E-9   -10.251E-9  1.7999     1.7999     1.8        1.8       -308.53E-6 -2.7205E-6 -42.089E-6 -76.929E-6  1.8001    
 29.9E-9   -10.206E-9  1.8        1.8001     1.8        1.7999    -0.0038633 -16.645E-6 -42.552E-6 -78.501E-6  1.7999    
 30.E-9    -10.432E-9  1.8        1.7999     1.8001     1.7999     0.013378  -37.959E-6 -43.133E-6 -80.154E-6  1.8001    
 30.1E-9    1.8        1.8001     1.8001     1.8        1.7999     0.72345   -12.026E-6 -43.574E-6 -81.832E-6  1.7999    
 30.2E-9    1.8        1.7999     1.8        1.8        1.7999     1.6231     213.9E-6  -44.345E-6 -83.544E-6  1.8001    
 30.3E-9    1.8        1.8        1.7999     1.8001     1.8001     1.7876    -45.292E-6  41.676E-6  74.09E-6   1.7999    
 30.4E-9    1.8        1.8        1.8001     1.7999     1.8001     1.799     -0.0031204  44.637E-6  83.702E-6  1.7999    
 30.5E-9    1.8        1.8        1.7999     1.8        1.7998     1.7999    -0.0086975  47.363E-6  93.852E-6  1.8       
 30.6E-9    1.8        1.7992     1.7996     1.8        1.8001     1.7999     0.69903   -58.771E-6 -111.08E-6  1.7999    
 30.7E-9    1.8        1.8158     1.8008     1.7999     1.8001     1.8        1.7345    -4.4769E-6 -100.18E-6  1.7999    
 30.8E-9    1.8        0.61217    1.782      1.7999     1.8001     1.8        1.7992     214.2E-6  -120.66E-6  1.7999    
 30.9E-9    1.8        0.011632  -771.24E-6  1.7999     1.7998     1.8        1.7999    -149.96E-6  149.38E-6  1.8001    
 31.E-9     1.8       -721.85E-6  554.29E-6  1.7999     1.8001     1.8        1.7999    -0.003105  -146.24E-6  1.7999    
 31.1E-9    1.8       -77.637E-6  129.82E-6  1.8005     1.8001     1.8        1.8       -0.0079944  136.02E-6  1.7999    
 31.2E-9    1.8       -98.074E-6  106.28E-6  1.7832     1.8        1.8        1.7999     0.61398   -119.1E-6   1.8       
 31.3E-9    1.8        44.801E-6 -49.958E-6  0.5117     1.7999     1.8        1.8001     1.686      141.26E-6  1.8       
 31.4E-9    1.8        72.551E-6  58.708E-6  0.0011486  1.7998     1.8        1.7999     1.7975     29.747E-6  1.7999    
 31.5E-9    1.8       -118.49E-6  80.585E-6  84.065E-6  1.8032     1.7999     1.7999     1.7998     107.58E-6  1.7999    
 31.6E-9    1.8        89.112E-6  70.333E-6  61.713E-6  1.519      1.8001     1.8001     1.8        56.513E-6  1.8       
 31.7E-9    1.8       -44.552E-6 -48.327E-6 -49.644E-6 -0.019811   1.8001     1.7999     1.7999    -270.56E-6  1.7996    
 31.8E-9    1.8       -119.96E-6  98.642E-6  40.034E-6  16.492E-6  1.7996     1.8001     1.8       -0.0010624  1.8044    
 31.9E-9    1.8        78.099E-6  67.094E-6  100.02E-6 -92.426E-6  1.802      1.8        1.8       -0.0020587 -0.0082253 
 32.E-9     1.8        66.635E-6 -58.394E-6 -53.95E-6  -96.142E-6  1.6883     1.8001     1.8       -0.0053388 -58.765E-6 
 32.1E-9    1.8       -81.528E-6  55.858E-6  41.919E-6  82.379E-6  0.36009    1.7999     1.8        0.057535   60.194E-6 
 32.2E-9    1.8        66.347E-6  105.72E-6 -11.464E-6 -48.238E-6  0.0027178  1.7997     1.8001     1.3008     115.1E-6  
 32.3E-9    1.8        88.508E-6 -98.926E-6  2.8835E-6 -48.987E-6  20.114E-6  1.8221     1.7999     1.798      88.04E-6  
 32.4E-9    1.8       -93.214E-6  79.649E-6  13.564E-6  66.119E-6  53.624E-6  0.72164    1.7999     1.7997    -77.792E-6 
 32.5E-9    1.8        5.0806E-6 -12.305E-6  12.287E-6  84.835E-6  57.137E-6 -0.01611    1.7999     1.7999    -116.72E-6 
 32.6E-9    1.8        74.436E-6 -55.098E-6 -61.075E-6 -65.551E-6 -46.546E-6 -45.87E-6   1.7998     1.7999     139.86E-6 
 32.7E-9    1.8        52.456E-6 -81.819E-6 -11.419E-6 -54.37E-6  -46.357E-6 -60.77E-6   1.8171     1.7999     94.115E-6 
 32.8E-9    1.8        60.103E-6 -66.435E-6 -73.09E-6  -39.908E-6 -62.279E-6 -77.95E-6   0.98165    1.7999     58.976E-6 
 32.9E-9    1.8       -6.4821E-6 -81.109E-6  54.904E-6 -56.064E-6  51.883E-6  35.216E-6 -0.029505   1.7998     125.58E-6 
 33.E-9     1.8        119.33E-6 -107.03E-6  103.53E-6 -15.651E-6 -49.147E-6 -7.1311E-6 -45.225E-6  1.7997     146.08E-6 
 33.1E-9    1.8        120.57E-6 -69.4E-6   -20.269E-6 -29.883E-6  12.017E-6 -75.491E-6 -16.72E-6   1.8028     86.647E-6 
 33.2E-9    9.5686E-9 -77.615E-6  69.503E-6  17.205E-6  75.811E-6 -61.756E-6  59.618E-6  43.95E-6   1.8181    -0.0046818 
 33.3E-9   -15.401E-9  92.852E-6  108.19E-6  5.517E-6  -27.083E-6  103.78E-6 -20.038E-6 -46.064E-6  0.48271    0.64442   
 33.4E-9    10.11E-9  -80.671E-6 -45.305E-6  30.945E-6  50.067E-6 -74.62E-6   45.587E-6  67.069E-6 -29.753E-6  1.7992    
 33.5E-9   -13.499E-9  68.184E-6  62.22E-6   6.7685E-6 -25.91E-6   80.721E-6 -36.05E-6  -54.53E-6   269.36E-6  1.8001    
 33.6E-9    11.034E-9  62.E-6    -62.569E-6 -3.5684E-6  25.515E-6 -79.063E-6  47.799E-6  53.073E-6 -12.14E-6   1.8       
 33.7E-9   -13.152E-9 -69.726E-6  61.165E-6 -36.31E-6  -26.158E-6  77.083E-6 -5.0923E-6 -52.466E-6  23.165E-6  1.8001    
 33.8E-9   -13.152E-9  60.992E-6 -72.73E-6   65.021E-6 -23.219E-6 -19.208E-6 -2.6247E-6 -61.034E-6 -2.9171E-6  1.8001    
 33.9E-9   -14.153E-9  74.471E-6  17.999E-6 -19.393E-6 -59.178E-6 -23.782E-6 -35.057E-6 -57.633E-6 -18.096E-6  1.8001    
 34.E-9     9.0922E-9  188.01E-6  146.65E-6 -36.048E-6  62.129E-6  50.292E-6  39.485E-6  87.512E-6  29.377E-6  1.7998    
 34.1E-9    10.078E-9 -0.0018674 -905.44E-6  23.49E-6   36.68E-6  -7.2552E-6  41.841E-6  56.958E-6  40.411E-6  1.7998    
 34.2E-9    9.8752E-9 -0.011474  -0.0065257  3.0252E-6 -48.079E-6  1.0314E-6  11.379E-6  54.988E-6  42.079E-6  1.7998    
 34.3E-9    8.4919E-9  0.687      0.14949   -69.358E-6  45.27E-6  -3.87E-6    7.536E-6   54.834E-6  46.481E-6  1.8001    
 34.4E-9   -14.148E-9  1.805      1.4122    -23.07E-6  -64.767E-6 -18.177E-6 -32.462E-6 -84.931E-6 -58.672E-6  1.8001    
 34.5E-9    10.6E-9    1.7999     1.9294     83.092E-6  53.123E-6  3.6253E-6  21.312E-6  73.073E-6  58.571E-6  1.7999    
 34.6E-9   -14.626E-9  1.7986     1.7289     128.79E-6 -41.578E-6 -543.92E-9 -38.977E-6 -69.892E-6 -60.152E-6  1.8001    
 34.7E-9   -13.313E-9  1.799      1.7963    -0.0011192 -53.287E-6 -27.174E-6 -3.1263E-6 -52.649E-6 -55.148E-6  1.8001    
 34.8E-9   -13.377E-9  1.7997     1.7998    -0.0070656 -26.959E-6 -3.7305E-6 -11.978E-6 -54.191E-6 -57.417E-6  1.8002    
 34.9E-9   -14.125E-9  1.8        1.7999     0.1619    -36.315E-6 -1.5834E-6 -38.36E-6  -55.145E-6 -60.134E-6  1.8001    
 35.E-9    -14.363E-9  1.8001     1.7999     1.2319    -70.575E-6  2.6006E-6 -9.2566E-6 -55.891E-6 -62.656E-6  1.8       
 35.1E-9   -14.302E-9  1.8001     1.7999     1.7619     217.16E-6 -28.416E-6 -17.533E-6 -56.616E-6 -64.96E-6   1.8001    
 35.2E-9   -13.741E-9  1.8002     1.7999     1.799     -62.6E-6   -3.3811E-6 -42.293E-6 -57.695E-6 -67.07E-6   1.8001    
 35.3E-9   -13.466E-9  1.7999     1.7999     1.8       -0.0039993 -2.5512E-6 -12.834E-6 -57.646E-6 -69.09E-6   1.8001    
 35.4E-9   -13.491E-9  1.8001     1.7999     1.8        0.016465  -30.498E-6 -10.115E-6 -58.81E-6  -71.01E-6   1.8001    
 35.5E-9   -14.274E-9  1.8001     1.8        1.8        1.2081    -4.117E-6  -4.6125E-6 -59.393E-6 -72.898E-6  1.8       
 35.6E-9   -13.304E-9  1.7999     1.8001     1.7999     1.8045     4.3324E-6 -22.891E-6 -59.685E-6 -74.757E-6  1.8001    
 35.7E-9   -14.333E-9  1.8001     1.7999     1.7999     1.8        162.03E-6 -42.71E-6  -60.197E-6 -76.581E-6  1.8001    
 35.8E-9   -13.489E-9  1.7999     1.7999     1.7999     1.7999    -133.03E-6 -14.292E-6 -61.106E-6 -78.45E-6   1.8       
 35.9E-9   -13.404E-9  1.8001     1.8001     1.7999     1.7999    -0.0033546 -21.696E-6 -61.113E-6 -80.312E-6  1.8001    
 36.E-9    -13.536E-9  1.7999     1.7999     1.8001     1.7999     0.0027236 -10.885E-6 -61.974E-6 -82.221E-6  1.8       
 36.1E-9    1.8        1.8        1.8001     1.8        1.7999     0.61278   -65.526E-6 -62.406E-6 -84.134E-6  1.8001    
 36.2E-9    1.8        1.8001     1.7999     1.8        1.7999     1.5764     135.95E-6 -62.91E-6  -86.087E-6  1.8001    
 36.3E-9    1.8        1.7998     1.8001     1.8001     1.8001     1.7837     62.643E-6  59.917E-6  76.423E-6  1.7999    
 36.4E-9    1.8        1.8001     1.7998     1.7998     1.8001     1.7986    -0.0025096 -69.105E-6 -78.338E-6  1.8002    
 36.5E-9    1.8        1.7999     1.7999     1.8001     1.8        1.7998    -0.010648  -38.993E-6 -115.12E-6  1.8       
 36.6E-9    1.8        1.7997     1.7999     1.8        1.8001     1.8        0.5488     63.79E-6   132.46E-6  1.8001    
 36.7E-9    1.8        1.8159     1.8006     1.8001     1.7998     1.7999     1.7063    -45.507E-6 -106.42E-6  1.7998    
 36.8E-9    1.8        0.61513    1.784      1.8002     1.8001     1.8001     1.798      226.26E-6 -158.17E-6  1.7999    
 36.9E-9    1.8        0.011615   432.07E-6  1.7999     1.7998     1.7999     1.7998    -148.71E-6  92.627E-6  1.8001    
 37.E-9     1.8       -639.45E-6  445.44E-6  1.8        1.8001     1.8001     1.7999    -0.0026977 -96.868E-6  1.7999    
 37.1E-9    1.8       -72.199E-6  102.74E-6  1.8006     1.7999     1.8        1.8       -0.0099837  146.13E-6  1.8001    
 37.2E-9    1.8       -98.891E-6  106.06E-6  1.7812     1.7999     1.7999     1.7999     0.49229   -132.11E-6  1.7998    
 37.3E-9    1.8        46.305E-6 -51.507E-6  0.50335    1.7999     1.7999     1.8001     1.647      183.39E-6  1.7999    
 37.4E-9    1.8       -54.423E-6 -7.5536E-6  0.0011051  1.7998     1.8        1.7999     1.796      92.145E-6  1.8001    
 37.5E-9    1.8       -109.23E-6  109.52E-6  85.855E-6  1.8033     1.7999     1.8        1.7997     107.53E-6  1.7999    
 37.6E-9    1.8       -75.609E-6  63.255E-6  37.558E-6  1.5094     1.8001     1.8        1.7999     79.721E-6  1.8001    
 37.7E-9    1.8        69.971E-6 -84.166E-6 -60.484E-6 -0.019309   1.8001     1.7999     1.7999    -231.56E-6  1.7995    
 37.8E-9    1.8       -73.149E-6  71.308E-6  72.458E-6  9.5489E-6  1.7996     1.8001     1.8       -998.01E-6  1.8294    
 37.9E-9    1.8       -76.762E-6  64.004E-6  47.935E-6  92.729E-6  1.802      1.7999     1.8       -0.002051   0.063294  
 38.E-9     1.8       -73.518E-6  140.84E-6  10.395E-6  82.494E-6  1.6865     1.8001     1.8       -0.0049957  248.2E-6  
 38.1E-9    1.8        62.042E-6 -84.709E-6 -51.673E-6 -74.883E-6  0.35734    1.7999     1.8001     0.038339   5.6755E-6 
 38.2E-9    1.8       -83.014E-6 -106.81E-6  14.933E-6  31.741E-6  0.0025938  1.7995     1.8001     1.1358    -135.79E-6 
 38.3E-9    1.8       -87.806E-6  104.15E-6  19.01E-6   56.618E-6  65.673E-6  1.8223     1.7999     1.7974    -139.19E-6 
 38.4E-9    1.8        129.5E-6  -150.07E-6 -63.091E-6 -126.26E-6 -81.973E-6  0.7404     1.8        1.7998     133.48E-6 
 38.5E-9    1.8        35.805E-6 -39.073E-6 -42.37E-6  -18.656E-6 -40.528E-6 -0.017126   1.7999     1.8        108.9E-6  
 38.6E-9    1.8       -81.69E-6   79.549E-6  68.477E-6  79.607E-6 -47.331E-6 -24.931E-6  1.7995     1.8       -163.57E-6 
 38.7E-9    1.8       -86.997E-6  71.695E-6  4.485E-6   20.565E-6  89.793E-6  72.882E-6  1.8181     1.8001    -69.328E-6 
 38.8E-9    1.8        53.851E-6  24.739E-6  19.332E-6  87.993E-6 -83.428E-6 -78.465E-6  0.94504    1.8001    -128.49E-6 
 38.9E-9    1.8       -79.253E-6  64.769E-6 -53.484E-6  48.437E-6  35.408E-6  52.794E-6 -0.028466   1.8       -175.35E-6 
 39.E-9     1.8       -66.134E-6  152.73E-6 -104.11E-6  67.94E-6   6.0555E-6  11.977E-6  896.78E-9  1.7999    -68.316E-6 
 39.1E-9    1.8        67.552E-6  82.644E-6 -1.4995E-6  104.35E-6 -18.257E-6 -86.56E-6  -49.005E-6  1.8029     51.577E-6 
 39.2E-9    12.768E-9 -66.969E-6 -62.463E-6  49.263E-6 -67.855E-6  52.372E-6  50.022E-6  71.641E-6  1.8163    -0.0052863 
 39.3E-9   -18.3E-9    62.308E-6 -53.615E-6  2.805E-6  -38.96E-6  -2.9322E-6 -20.941E-6 -28.244E-6  0.39566    0.69571   
 39.4E-9    13.063E-9 -64.52E-6   51.992E-6  34.874E-6  40.293E-6  20.831E-6  54.254E-6  11.391E-6 -0.0030054  1.7993    
 39.5E-9   -16.443E-9  80.045E-6 -60.478E-6  79.518E-6 -55.102E-6  4.6696E-6 -43.857E-6 -8.8873E-6  255.17E-6  1.8       
 39.6E-9    13.977E-9 -67.954E-6  60.544E-6 -76.714E-6  8.7219E-6 -354.92E-9  12.878E-6  7.077E-6   7.6441E-6  1.8       
 39.7E-9   -16.09E-9   67.728E-6  50.466E-6  76.695E-6 -17.939E-6 -50.279E-6 -12.8E-6   -9.0136E-6 -5.228E-6   1.8001    
 39.8E-9   -16.064E-9  25.234E-6 -79.422E-6 -29.019E-6  39.71E-6   56.255E-6 -47.823E-6  53.E-6    -34.621E-6  1.8001    
 39.9E-9   -17.059E-9  45.193E-6 -38.456E-6 -29.473E-6 -27.911E-6 -19.56E-6  -13.12E-6  -32.622E-6 -58.212E-6  1.8001    
 40.E-9     11.998E-9  219.17E-6  185.82E-6  60.398E-6  52.301E-6  32.386E-6  32.568E-6  84.418E-6  67.409E-6  1.7998    
 40.1E-9    12.98E-9  -0.0018464 -892.97E-6  36.637E-6  27.274E-6  38.303E-6  45.001E-6  50.221E-6  50.649E-6  1.7999    
 40.2E-9    12.781E-9 -0.011445  -0.0065126 -58.396E-6 -54.402E-6  13.506E-6 -53.232E-6 -53.368E-6  50.189E-6  1.7999    
 40.3E-9    11.393E-9  0.68379    0.14824    28.31E-6   47.656E-6  1.3018E-6  36.124E-6  28.331E-6  58.552E-6  1.8       
 40.4E-9   -17.058E-9  1.8036     1.4109     26.933E-6  14.046E-6 -20.994E-6  21.767E-6 -76.059E-6 -76.82E-6   1.8001    
 40.5E-9    13.497E-9  1.8006     1.9296     49.297E-6 -162.84E-9  9.0161E-6  18.916E-6 -5.8432E-6  77.513E-6  1.7998    
 40.6E-9   -17.518E-9  1.7982     1.7289     194.85E-6 -26.273E-6 -8.8602E-6 -31.887E-6 -5.3218E-6 -80.596E-6  1.8       
 40.7E-9   -16.205E-9  1.799      1.7963    -0.0011188 -4.8249E-6 -32.557E-6 -41.993E-6 -33.73E-6  -76.269E-6  1.8001    
 40.8E-9   -16.275E-9  1.7997     1.7998    -0.0070519 -38.069E-6 -9.2176E-6  53.887E-6 -18.322E-6 -82.286E-6  1.8002    
 40.9E-9   -17.004E-9  1.8        1.7999     0.16062   -15.184E-6 -6.9858E-6 -35.251E-6 -49.512E-6 -88.155E-6  1.8001    
 41.E-9    -17.242E-9  1.8001     1.7999     1.2296    -24.137E-6  1.2127E-6 -12.421E-6 -50.539E-6 -93.195E-6  1.8       
 41.1E-9   -17.185E-9  1.8001     1.7999     1.7616     226.01E-6 -25.523E-6 -22.984E-6 -24.429E-6 -97.482E-6  1.8001    
 41.2E-9   -16.619E-9  1.8001     1.7999     1.799     -54.21E-6   59.203E-6 -21.918E-6 -46.913E-6 -101.22E-6  1.8001    
 41.3E-9   -16.332E-9  1.8        1.7999     1.8       -0.0039839 -26.494E-6 -46.278E-6 -49.154E-6 -104.57E-6  1.8       
 41.4E-9   -16.367E-9  1.8001     1.7999     1.8        0.01622   -27.651E-6 -17.084E-6 -23.99E-6  -107.62E-6  1.8001    
 41.5E-9   -17.142E-9  1.8001     1.8001     1.8        1.2063     60.999E-6 -14.734E-6 -47.491E-6 -110.52E-6  1.8       
 41.6E-9   -16.17E-9   1.7999     1.7999     1.8        1.8045    -22.008E-6 -18.72E-6  -54.862E-6 -113.28E-6  1.8001    
 41.7E-9   -17.207E-9  1.8001     1.7999     1.8        1.8        156.47E-6  59.344E-6 -18.025E-6 -115.95E-6  1.8       
 41.8E-9   -16.351E-9  1.7999     1.8001     1.8        1.7999    -134.93E-6 -32.29E-6  -54.186E-6 -118.6E-6   1.8001    
 41.9E-9   -16.265E-9  1.8001     1.7999     1.8        1.7999    -0.003356  -21.808E-6 -44.758E-6 -121.22E-6  1.8001    
 42.E-9    -16.4E-9    1.7999     1.8001     1.8        1.7999     0.0026582  57.466E-6 -21.55E-6  -123.85E-6  1.8       
 42.1E-9    1.8        1.8        1.7999     1.8001     1.8        0.61185   -38.146E-6 -52.509E-6 -126.51E-6  1.8001    
 42.2E-9    1.8        1.8001     1.8001     1.8        1.7999     1.5759     130.53E-6 -44.022E-6 -129.21E-6  1.8       
 42.3E-9    1.8        1.7998     1.7999     1.8        1.8001     1.7836     64.377E-6  47.543E-6  114.64E-6  1.7999    
 42.4E-9    1.8        1.8001     1.7999     1.8        1.7998     1.7986    -0.0025032 -94.181E-6 -117.71E-6  1.7999    
 42.5E-9    1.8        1.7998     1.8001     1.8001     1.7999     1.7998    -0.01065   -13.03E-6  -169.44E-6  1.8001    
 42.6E-9    1.8        1.7997     1.7999     1.7999     1.8001     1.8        0.54731    21.471E-6  154.23E-6  1.8       
 42.7E-9    1.8        1.8159     1.8006     1.8001     1.7999     1.8        1.7057    -3.0086E-6  153.03E-6  1.7998    
 42.8E-9    1.8        0.62714    1.7797     1.7999     1.7999     1.8001     1.7983     38.312E-6  79.606E-6  1.8001    
 42.9E-9    1.8        0.010764   0.002855   1.8001     1.8001     1.8        1.7998    -68.469E-6 -101.61E-6  1.8       
 43.E-9     1.8       -406.32E-6  180.63E-6  1.7998     1.8001     1.8        1.8       -0.0028206  109.94E-6  1.7999    
 43.1E-9    1.8        114.65E-6 -120.68E-6  1.8006     1.8        1.7999     1.7999    -0.0098971 -50.535E-6  1.7999    
 43.2E-9    1.8        112.24E-6  101.82E-6  1.7823     1.7999     1.8        1.8001     0.48709    65.273E-6  1.8       
 43.3E-9    1.8       -53.652E-6 -88.767E-6  0.50819    1.8001     1.8        1.7999     1.6452    -34.601E-6  1.8       
 43.4E-9    1.8        61.024E-6  54.88E-6   0.0010265  1.7996     1.8001     1.8001     1.7958     89.897E-6  1.8       
 43.5E-9    1.8        134.73E-6 -82.465E-6  25.098E-6  1.8035     1.8        1.8        1.7996    -107.1E-6   1.8001    
 43.6E-9    1.8       -91.577E-6 -57.588E-6 -43.782E-6  1.5146     1.8        1.7999     1.7999    -85.275E-6  1.8       
 43.7E-9    1.8       -68.677E-6  62.297E-6  48.903E-6 -0.019785   1.8        1.8001     1.8       -347.61E-6  1.7996    
 43.8E-9    1.8       -77.167E-6  134.67E-6  61.183E-6  53.147E-6  1.7996     1.8001     1.8       -0.0010325  1.8309    
 43.9E-9    1.8        72.226E-6 -63.401E-6 -58.734E-6 -65.043E-6  1.8021     1.7999     1.7999    -0.0019245  0.052633  
 44.E-9     1.8       -70.664E-6  16.928E-6 -29.648E-6  17.346E-6  1.6904     1.8        1.7999    -0.0048051  168.04E-6 
 44.1E-9    1.8        54.68E-6  -52.24E-6  -37.338E-6  80.935E-6  0.35874    1.8        1.8001     0.036879   22.791E-6 
 44.2E-9    1.8       -67.907E-6  65.018E-6  93.068E-6  98.11E-6   0.0026194  1.7995     1.7998     1.1218    -140.74E-6 
 44.3E-9    1.8       -87.427E-6  85.734E-6  20.786E-6  36.585E-6  63.714E-6  1.8223     1.8        1.7974    -65.111E-6 
 44.4E-9    1.8        84.608E-6 -87.144E-6  15.722E-6  34.55E-6   59.021E-6  0.69345    1.8001     1.7996    -127.72E-6 
 44.5E-9    1.8       -73.948E-6  72.643E-6 -49.522E-6 -25.059E-6 -44.419E-6 -0.013919   1.7999     1.7998    -34.37E-6  
 44.6E-9    1.8        65.676E-6 -64.439E-6 -57.93E-6  -25.968E-6 -58.663E-6 -45.825E-6  1.7997     1.7999     145.54E-6 
 44.7E-9    1.8        91.503E-6 -76.064E-6 -58.15E-6  -69.791E-6 -69.27E-6  -70.876E-6  1.8176     1.7999     110.32E-6 
 44.8E-9    1.8       -60.334E-6  63.9E-6    73.121E-6 -38.243E-6 -73.089E-6 -71.345E-6  0.96377    1.7999     112.88E-6 
 44.9E-9    1.8        74.302E-6 -70.472E-6 -34.823E-6 -45.773E-6  46.45E-6   41.557E-6 -0.028937   1.7997     90.716E-6 
 45.E-9     1.8        74.446E-6 -67.027E-6 -22.152E-6 -74.221E-6 -44.679E-6  3.0198E-6 -63.376E-6  1.7997     126.5E-6  
 45.1E-9    1.8        76.008E-6 -49.848E-6 -18.073E-6 -59.796E-6 -45.425E-6  123.62E-6 -44.277E-6  1.8029     37.108E-6 
 45.2E-9    15.416E-9 -87.161E-6  70.885E-6  67.969E-6  67.774E-6  48.837E-6  29.217E-6  65.452E-6  1.817     -0.0050152 
 45.3E-9   -20.937E-9 -95.833E-6 -64.813E-6  111.55E-6 -66.98E-6   30.192E-9 -37.575E-6 -31.393E-6  0.42658    0.67264   
 45.4E-9    15.67E-9   44.411E-6  60.635E-6 -69.402E-6  52.18E-6   25.988E-6  15.985E-6  41.31E-6  -0.0020717  1.7993    
 45.5E-9   -19.052E-9  118.08E-6 -68.609E-6 -8.1799E-6 -52.892E-6 -22.696E-6 -21.781E-6 -7.2272E-6  220.61E-6  1.8001    
 45.6E-9    16.584E-9 -99.339E-6  71.055E-6  42.934E-6  44.507E-6  22.602E-6  20.16E-6   8.0679E-6  20.589E-6  1.8       
 45.7E-9   -18.696E-9  72.325E-6 -73.52E-6  -39.415E-6 -42.429E-6 -22.048E-6 -13.64E-6  -8.6932E-6 -9.1355E-6  1.8001    
 45.8E-9   -18.68E-9   27.615E-6 -55.052E-6 -35.896E-6 -27.155E-6 -29.614E-6  59.911E-6 -10.08E-6  -37.139E-6  1.8001    
 45.9E-9   -19.681E-9  43.875E-6  9.3872E-6  56.722E-6  52.706E-6 -13.026E-6 -38.455E-6 -18.292E-6 -59.562E-6  1.8001    
 46.E-9    -20.548E-9  13.577E-6  72.377E-6 -31.161E-6 -41.894E-6 -32.469E-6 -26.517E-6 -13.213E-6 -44.656E-6  1.8002    
 46.1E-9   -19.571E-9 -0.0023848 -0.0010991 -32.151E-6 -27.24E-6  -7.4965E-6  58.6E-6    61.499E-6 -52.263E-6  1.8001    
 46.2E-9   -19.744E-9 -0.012086  -0.0072925  53.832E-6  52.39E-6  -6.2825E-6 -36.052E-6 -38.542E-6 -63.454E-6  1.7999    
 46.3E-9   -21.321E-9  0.8089     0.25607   -31.578E-6 -41.5E-6   -35.724E-6 -24.923E-6 -23.837E-6 -73.351E-6  1.8001    
 46.4E-9   -18.72E-9   1.828      1.754     -37.445E-6 -26.537E-6 -9.1911E-6  58.423E-6 -13.714E-6 -81.562E-6  1.8002    
 46.5E-9   -19.622E-9  1.8018     1.7988     117.35E-6  55.41E-6  -7.5887E-6 -35.337E-6 -4.1537E-6 -88.302E-6  1.8001    
 46.6E-9   -19.676E-9  1.8002     1.8        104.32E-6 -46.367E-6 -37.019E-6 -24.612E-6  63.743E-6 -93.873E-6  1.8001    
 46.7E-9   -18.795E-9  1.8001     1.7999    -0.0016452 -30.444E-6 -5.8208E-6  58.47E-6  -38.942E-6 -98.598E-6  1.8       
 46.8E-9   -18.843E-9  1.8001     1.7999    -0.0088055  51.549E-6 -7.4637E-6 -34.801E-6 -24.532E-6 -102.69E-6  1.8001    
 46.9E-9   -19.856E-9  1.8001     1.7999     0.26742   -44.969E-6 -8.7575E-6 -24.98E-6   64.401E-6 -106.34E-6  1.8001    
 47.E-9    -19.642E-9  1.8001     1.7998     1.3866    -35.434E-6 -37.619E-6  58.219E-6 -38.33E-6  -109.72E-6  1.8       
 47.1E-9   -19.776E-9  1.8001     1.8001     1.7773     225.59E-6 -11.438E-6 -34.231E-6 -24.465E-6 -112.84E-6  1.8001    
 47.2E-9   -19.097E-9  1.8001     1.7999     1.7994    -73.783E-6  59.617E-6 -24.826E-6  64.927E-6 -115.87E-6  1.8001    
 47.3E-9   -18.937E-9  1.8        1.7999     1.7999    -0.0045758 -34.282E-6  57.972E-6 -38.758E-6 -118.79E-6  1.8       
 47.4E-9   -19.061E-9  1.8001     1.7999     1.7999     0.037277  -33.391E-6 -33.828E-6 -24.106E-6 -121.7E-6   1.8       
 47.5E-9   -19.556E-9  1.7999     1.8001     1.7999     1.3195     55.367E-6 -24.677E-6 -10.461E-6 -124.57E-6  1.8001    
 47.6E-9   -18.905E-9  1.8        1.7999     1.7999     1.8014    -6.8545E-6  57.976E-6 -446.58E-9 -127.44E-6  1.8       
 47.7E-9   -19.833E-9  1.7999     1.8001     1.7999     1.8        162.82E-6 -33.426E-6  741.52E-9 -130.36E-6  1.8001    
 47.8E-9   -18.923E-9  1.8        1.7999     1.7999     1.8       -315.47E-6 -24.459E-6  728.6E-9  -133.3E-6   1.8       
 47.9E-9   -18.864E-9  1.7999     1.8001     1.8        1.7999    -0.0038642 -22.013E-6  237.37E-9 -136.3E-6   1.8001    
 48.E-9    -19.085E-9  1.8        1.8001     1.8001     1.7999     0.013317  -3.1527E-6 -734.65E-9 -139.32E-6  1.8       
 48.1E-9    1.8        1.7999     1.7999     1.8        1.7999     0.72283   -54.158E-6 -1.2456E-6 -142.4E-6   1.8001    
 48.2E-9    1.8        1.7999     1.8001     1.7999     1.7999     1.6228     219.59E-6 -2.2544E-6 -145.53E-6  1.8       
 48.3E-9    1.8        1.7998     1.8001     1.8001     1.8001     1.7876    -56.829E-6  51.656E-6  129.15E-6  1.8001    
 48.4E-9    1.8        1.7999     1.7999     1.7999     1.8001     1.799     -0.0031277  41.066E-6  146.57E-6  1.7999    
 48.5E-9    1.8        1.8        1.7999     1.8        1.7998     1.7999    -0.0086957  14.274E-6  164.75E-6  1.8001    
 48.6E-9    1.8        1.7992     1.7996     1.8        1.8001     1.8        0.69955    81.836E-6 -87.642E-6  1.7999    
 48.7E-9    1.8        1.8158     1.8008     1.8001     1.8001     1.8        1.7346    -28.935E-6 -141.86E-6  1.7999    
 48.8E-9    1.8        0.61163    1.7819     1.7998     1.7999     1.8        1.7992     189.44E-6 -127.85E-6  1.7999    
 48.9E-9    1.8        0.011619  -920.79E-6  1.8        1.7999     1.8        1.7999    -264.8E-6   83.13E-6   1.8       
 49.E-9     1.8       -736.26E-6  573.07E-6  1.7997     1.8001     1.8        1.7999    -0.0030693 -84.305E-6  1.7999    
 49.1E-9    1.8       -98.458E-6  138.1E-6   1.8005     1.8001     1.8        1.8       -0.0080533  160.82E-6  1.8       
 49.2E-9    1.8       -118.75E-6  122.43E-6  1.7831     1.8        1.8        1.8001     0.61335   -142.17E-6  1.8001    
 49.3E-9    1.8        53.497E-6 -66.526E-6  0.51126    1.7999     1.8        1.7999     1.6858     127.78E-6  1.7999    
 49.4E-9    1.8       -57.641E-6 -46.657E-6  0.0011427  1.7998     1.7999     1.8001     1.7976     86.532E-6  1.8001    
 49.5E-9    1.8       -102.71E-6  77.356E-6  95.955E-6  1.8032     1.8        1.7999     1.7998     135.01E-6  1.8001    
 49.6E-9    1.8        102.E-6    59.667E-6  44.408E-6  1.5181     1.7999     1.8001     1.8        99.226E-6  1.7999    
 49.7E-9    1.8       -51.834E-6 -66.268E-6  29.726E-6 -0.01976    1.8        1.7999     1.7999    -268.11E-6  1.7996    
 49.8E-9    1.8       -54.408E-6  77.324E-6  82.436E-6  6.3433E-6  1.7996     1.8001     1.8001    -0.0010859  1.8044    
 49.9E-9    1.8       -57.019E-6 -44.774E-6 -75.822E-6 -95.385E-6  1.802      1.8        1.8001    -0.002033  -0.0082658 
 50.E-9     1.8        61.041E-6 -64.852E-6 -14.7E-6   -94.8E-6    1.6881     1.8001     1.7999    -0.0053097 -75.071E-6 
 50.1E-9    1.8       -64.686E-6  56.078E-6  16.508E-6  92.517E-6  0.35977    1.7999     1.8        0.057251   53.035E-6 
 50.2E-9    1.8       -115.08E-6 -35.679E-6 -30.934E-6 -80.185E-6  0.0027128  1.7997     1.7999     1.299      139.69E-6 
 50.3E-9    1.8        61.92E-6  -79.767E-6 -2.8546E-6 -41.162E-6  11.202E-6  1.8221     1.7999     1.798      79.332E-6 
 50.4E-9    1.8       -78.128E-6  82.301E-6  46.158E-6 -42.027E-6 -61.008E-6  0.72094    1.8        1.7997    -140.59E-6 
 50.5E-9    1.8        14.754E-6  45.579E-6  29.9E-6    68.591E-6  44.592E-6 -0.016055   1.7999     1.7999    -159.42E-6 
 50.6E-9    1.8        118.3E-6  -77.592E-6 -15.141E-6 -49.345E-6  1.4596E-6 -34.25E-6   1.7997     1.7999     71.902E-6 
 50.7E-9    1.8       -115.19E-6 -78.227E-6 -15.286E-6 -38.604E-6 -34.574E-6 -65.998E-6  1.8172     1.7999     95.211E-6 
 50.8E-9    1.8        82.524E-6  81.939E-6  72.699E-6 -42.228E-6 -42.791E-6 -79.711E-6  0.98104    1.7998     147.63E-6 
 50.9E-9    1.8       -4.0751E-6 -72.165E-6 -37.167E-6  26.879E-6 -39.737E-6  41.51E-6  -0.029449   1.7997     111.29E-6 
 51.E-9     1.8        88.473E-6 -86.506E-6 -14.621E-6 -21.514E-6 -87.606E-6 -38.117E-6 -60.249E-6  1.7997     124.29E-6 
 51.1E-9    1.8        85.125E-6 -30.102E-6 -23.832E-6  120.07E-6 -78.306E-6 -26.947E-6 -49.222E-6  1.8028     93.876E-6 
 51.2E-9    17.858E-9 -25.863E-6  57.955E-6 -73.707E-6 -69.496E-6  56.581E-6  19.824E-6  55.021E-6  1.8181    -0.0046733 
 51.3E-9   -23.245E-9 -96.933E-6  99.E-6     31.185E-6  116.76E-6 -10.066E-6 -15.281E-6 -27.204E-6  0.4825     0.64623   
 51.4E-9   -21.885E-9  104.77E-6 -77.027E-6 -73.071E-6 -73.461E-6 -6.6044E-6 -28.621E-6 -10.011E-6  575.12E-6  1.7965    
 51.5E-9    18.472E-9 -63.089E-6  54.046E-6  42.33E-6   40.062E-6  778.19E-9 -63.5E-6    35.781E-6 -4.917E-6   1.7999    
 51.6E-9   -20.9E-9    61.651E-6 -42.145E-6 -38.831E-6 -34.533E-6 -11.646E-6  96.712E-6 -38.191E-6  60.029E-6  1.8       
 51.7E-9   -20.955E-9 -11.502E-6  14.221E-6  54.311E-6  29.659E-6 -28.459E-6 -42.281E-6  56.237E-6  6.934E-6   1.8001    
 51.8E-9   -20.947E-9  37.7E-6   -55.798E-6 -22.967E-6 -32.251E-6  57.026E-6 -22.734E-6 -27.403E-6 -25.613E-6  1.8001    
 51.9E-9    17.803E-9 -24.716E-6  150.25E-6  35.763E-6  52.891E-6  33.83E-6   61.438E-6  39.494E-6  56.681E-6  1.7998    
 52.E-9     16.899E-9  188.9E-6   10.061E-6  31.026E-6  27.83E-6  -56.418E-6 -8.5542E-6  28.593E-6  46.964E-6  1.7999    
 52.1E-9    17.833E-9 -0.0023577 -0.0013962 -58.071E-6 -55.801E-6  28.758E-6  16.994E-6 -65.32E-6   66.271E-6  1.7998    
 52.2E-9    17.66E-9  -0.011295  -0.007853   35.596E-6  22.121E-6  31.784E-6  1.2236E-6  40.794E-6  78.588E-6  1.7999    
 52.3E-9    16.035E-9  0.88471    0.28879    32.79E-6   23.575E-6 -56.592E-6  50.708E-6  26.24E-6   88.195E-6  1.7998    
 52.4E-9    18.705E-9  1.8232     1.77      -53.124E-6  26.899E-6  30.525E-6  21.192E-6 -63.271E-6  95.915E-6  1.7999    
 52.5E-9    17.758E-9  1.8017     1.7989     128.82E-6  62.011E-6  33.188E-6  23.822E-6  35.548E-6  102.27E-6  1.7999    
 52.6E-9    17.719E-9  1.8002     1.7997    -8.1847E-6  33.25E-6  -56.744E-6  18.962E-6  24.351E-6  107.63E-6  1.8       
 52.7E-9    18.577E-9  1.7999     1.7999    -0.0017985  13.323E-6  34.117E-6 -59.375E-6 -63.872E-6  112.29E-6  1.7999    
 52.8E-9    18.532E-9  1.7999     1.8       -0.0090479  12.775E-6  4.7775E-6  42.443E-6  35.836E-6  116.46E-6  1.8       
 52.9E-9    17.511E-9  1.7999     1.8001     0.27459    60.55E-6   2.0468E-6  22.935E-6  24.762E-6  120.29E-6  1.7999    
 53.E-9     17.74E-9   1.7999     1.8001     1.395      29.545E-6  7.6771E-6 -59.126E-6 -59.676E-6  123.89E-6  1.7999    
 53.1E-9    17.605E-9  1.7999     1.8001     1.7779     149.67E-6  10.333E-6  36.178E-6  27.458E-6  127.32E-6  1.8       
 53.2E-9    18.312E-9  1.8        1.8001     1.7993    -364.77E-6  39.873E-6  28.077E-6  1.9314E-6  130.67E-6  1.7999    
 53.3E-9    18.451E-9  1.7999     1.8001     1.7999    -0.0048674  38.76E-6  -58.193E-6  1.627E-6   133.96E-6  1.7999    
 53.4E-9    18.326E-9  1.7999     1.8001     1.8        0.039662  -56.844E-6  37.963E-6 -62.246E-6  137.24E-6  1.8       
 53.5E-9    17.879E-9  1.8001     1.8001     1.8        1.3295     33.045E-6  27.238E-6  32.684E-6  140.53E-6  1.7999    
 53.6E-9    18.494E-9  1.7999     1.7999     1.8        1.801      38.021E-6 -58.459E-6  21.857E-6  143.83E-6  1.7999    
 53.7E-9    17.592E-9  1.8001     1.8001     1.8        1.7998     55.764E-6  37.468E-6  11.92E-6   147.19E-6  1.8       
 53.8E-9    18.528E-9  1.7999     1.8001     1.8001     1.8       -430.14E-6  27.834E-6 -3.5281E-6  150.58E-6  1.8       
 53.9E-9    18.582E-9  1.8001     1.7999     1.8        1.8       -0.0040268 -58.067E-6  40.268E-6  154.01E-6  1.7999    
 54.E-9     18.372E-9  1.7999     1.8001     1.8001     1.8        0.014354   39.758E-6  11.987E-6  157.51E-6  1.8       
 54.1E-9    1.8        1.8001     1.8001     1.8001     1.8001     0.7322     14.502E-6  11.239E-6  161.11E-6  1.8       
 54.2E-9    1.8        1.8        1.7999     1.8        1.8001     1.6263     124.76E-6  36.717E-6  164.72E-6  1.7999    
 54.3E-9    1.8        1.8001     1.7999     1.7999     1.7999     1.788     -59.016E-6 -44.698E-6 -146.15E-6  1.8001    
 54.4E-9    1.8        1.7999     1.8001     1.8001     1.8001     1.7992    -0.003017  -18.729E-6 -165.98E-6  1.8001    
 54.5E-9    1.8        1.8        1.7999     1.8        1.7999     1.7998    -0.0082637  91.438E-6 -148.68E-6  1.7999    
 54.6E-9    1.8        1.7997     1.7999     1.8        1.8001     1.8        0.71006    12.269E-6  85.704E-6  1.8001    
 54.7E-9    1.8        1.816      1.8006     1.8001     1.7999     1.8        1.7361     24.011E-6  154.02E-6  1.7999    
 54.8E-9    1.8        0.61317    1.7823     1.8001     1.8        1.8        1.7991     9.3838E-6  154.1E-6   1.8001    
 54.9E-9    1.8        0.011447  -6.7125E-6  1.7999     1.8001     1.8        1.7999    -200.47E-6 -104.3E-6   1.7999    
 55.E-9     1.8       -491.86E-6  325.65E-6  1.7998     1.7999     1.8001     1.8       -0.0032331  98.837E-6  1.8001    
