mktextfm ptmr8t
mktextfm ptmr8t
mktextfm ptmr8t
mktextfm ptmb8t
mktextfm nullfont
mktextfm ptmro8t
mktextfm ptmr8t
mktextfm ptmb8t
mktextfm nullfont
mktextfm ptmri8t
mktextfm ptmb8t
mktextfm nullfont
mktextfm phvb8t
mktextfm nullfont
mktextfm phvb8t
mktextfm nullfont
mktextfm phvb8t
mktextfm nullfont
mktextfm phvbc8t
mktextfm nullfont
mktextfm ptmro8t
mktextfm ptmr8t
mktextfm ptmr8t
mktextfm ptmr8t
mktextfm ptmb8t
mktextfm nullfont
mktextfm pcrr8t
mktextfm ptmr8t
mktextfm ptmri8t
mktextfm ptmr8t
mktextfm ptmr8t
mktextfm ptmr8t
mktextfm ptmb8t
mktextfm nullfont
mktextfm ptmro8t
mktextfm ptmr8t
mktextfm ptmb8t
mktextfm nullfont
mktextfm ptmri8t
mktextfm ptmb8t
mktextfm nullfont
mktextfm phvb8t
mktextfm nullfont
mktextfm phvb8t
mktextfm nullfont
mktextfm phvb8t
mktextfm nullfont
mktextfm phvbc8t
mktextfm nullfont
mktextfm ptmro8t
mktextfm ptmr8t
mktextfm ptmr8t
mktextfm ptmr8t
mktextfm ptmb8t
mktextfm nullfont
mktextfm pcrr8t
mktextfm ptmr8t
mktextfm ptmri8t
