#Time       v(a0)      v(cout)    v(sum0)    v(sum1)    v(sum2)    v(sum3)    v(sum4)    v(sum5)    v(sum6)    v(sum7)   
 0.        -78.E-15    10.552E-9  1.8        1.8        1.8        1.8        1.8        1.8        1.8        1.8       
 250.E-12   1.8        98.648E-6  1.7993     1.7999     1.8        1.8        1.8        1.8        1.7999     1.7998    
 500.E-12   1.8       -58.71E-6   970.27E-6  1.8003     1.8        1.8        1.8        1.8        1.8001     1.8001    
 750.E-12   1.8       -92.299E-6  46.616E-6 -0.046373   1.8        1.8001     1.8        1.8        1.8001     1.8001    
 1.E-9      1.8        69.042E-6 -25.343E-6  0.015049   1.7175     1.7999     1.8        1.8        1.7998     1.8       
 1.25E-9    1.8        81.279E-6 -20.609E-6  0.0092354 -0.073104   1.7996     1.7999     1.8        1.7998     1.7999    
 1.5E-9     1.8        77.596E-6 -14.983E-6  0.0056915 -0.015698   0.075428   1.6973     1.8        1.7999     1.8       
 1.75E-9    1.8        0.78053   -9.946E-6   0.0035175 -0.003648   0.045398  -0.04752    1.7996     1.7997     1.7999    
 2.E-9      1.8        1.8251    -5.5051E-6  0.0021875 -849.08E-6  0.027624  -0.010184   0.41051    0.92316    1.8       
 2.25E-9    1.8        1.8124    -1.6186E-6  0.0013769 -171.14E-6  0.016931  -0.0022901  0.084737  -0.0025033  1.3019    
 2.5E-9     1.8        1.7976    -4.2956E-6 -578.19E-6 -20.49E-6  -0.0049868  68.549E-6 -0.0050882  0.0013634  0.031056  
 2.75E-9    1.4174E-9  1.8       -46.373E-6 -10.809E-6  632.02E-9  33.692E-6  1.6658E-6 -48.466E-6  74.217E-6  40.297E-6 
 3.E-9     -3.027E-9   1.8001    -0.0025402  16.204E-6 -11.157E-6 -55.745E-6 -2.1925E-6 -10.58E-6  -87.163E-6 -84.649E-6 
 3.25E-9    49.14E-12  1.8        1.6606    -0.003572   16.628E-6  79.609E-6  4.7117E-6  15.868E-6  119.65E-6  138.61E-6 
 3.5E-9    -2.8224E-9  1.8001     1.8106     1.7084    -25.606E-6 -85.901E-6 -5.3468E-6 -16.541E-6 -122.5E-6  -151.62E-6 
 3.75E-9    270.3E-12  1.7999     1.7986     1.8086    -0.0017029  79.975E-6  4.5645E-6  13.359E-6  109.09E-6  141.46E-6 
 4.E-9     -1.2924E-9  1.8        1.7994     1.8034     0.72558    84.569E-6  3.2465E-6  17.218E-6  123.77E-6  161.96E-6 
 4.25E-9   -1.365E-9   1.7999     1.7998     1.8015     1.8205    -745.19E-6  102.69E-6  16.612E-6  122.E-6    162.92E-6 
 4.5E-9    -1.5653E-9  1.7999     1.8        1.8007     1.8009     1.3081    -0.0047218  16.313E-6  120.29E-6  163.21E-6 
 4.75E-9   -3.7333E-9  1.4468     1.8        1.8003     1.8003     1.6953     1.217      45.826E-6  141.76E-6  163.32E-6 
 5.E-9      299.2E-12 -0.11271    1.8001     1.8001     1.8001     1.7656     1.797     -0.0034192 -290.24E-6  163.69E-6 
 5.25E-9    1.8        0.016241   1.7996     1.8        1.8        1.8019     1.8003     1.3126     0.0050093 -5.8604E-6 
 5.5E-9     1.8       -51.112E-6  0.01339    1.8026     1.8        1.8        1.8        1.7997     1.7998    -0.0083216 
 5.75E-9    1.8       -94.638E-6  0.0015999 -0.030495   1.8        1.8001     1.8        1.8        1.8        1.8346    
 6.E-9      1.8       -81.466E-6  0.0010456 -0.018295   1.4874     1.8001     1.8        1.8        1.8        1.8125    
 6.25E-9    1.8       -99.216E-6  724.09E-6 -0.011136  -0.11499    1.7999     1.7999     1.8        1.8001     1.8047    
 6.5E-9     1.8       -104.93E-6  518.32E-6 -0.0068324 -0.023986   0.053942   1.674      1.8        1.8001     1.8019    
 6.75E-9    1.8        0.81452    376.02E-6 -0.0042097 -0.0056005  0.03393   -0.063435   1.7997     1.7998     1.8008    
 7.E-9      1.8        1.8161     277.01E-6 -0.0026033 -0.0014009  0.021047  -0.013657   0.36956    0.62941    1.8003    
 7.25E-9    1.8        1.8108     207.38E-6 -0.0016263 -379.54E-6  0.013013  -0.0031293  0.084922   0.052435   1.1331    
 7.5E-9     1.8        1.7976    -104.79E-6  645.74E-6 -33.2E-6   -0.0038523  88.83E-6  -0.0051698 -0.011991   0.018946  
 7.75E-9    1.2354E-9  1.8001    -10.172E-6 -16.016E-6 -686.7E-9  -5.3483E-6  481.83E-9 -41.173E-6 -30.762E-6  130.4E-6  
 8.E-9      600.E-12   1.7999    -0.0023697  17.591E-6  9.4402E-6  54.418E-6  6.7165E-6  26.28E-6   61.93E-6   164.7E-6  
 8.25E-9   -118.6E-12  1.7998     1.5714    -0.0034455  17.541E-6  82.957E-6  11.447E-6  36.388E-6  88.824E-6  153.04E-6 
 8.5E-9    -2.7069E-9  1.8001     1.8164     1.7444    -19.012E-6 -86.918E-6 -8.8757E-6 -30.077E-6 -87.169E-6 -163.22E-6 
 8.75E-9   -3.7193E-9  1.8        1.806      1.7792    -0.0010882 -95.835E-6 -9.901E-6  -32.609E-6 -94.479E-6 -135.34E-6 
 9.E-9     -5.0014E-9  1.8001     1.8024     1.7919     0.70834   -102.84E-6 -11.86E-6  -31.339E-6 -94.578E-6 -149.56E-6 
 9.25E-9   -4.965E-9   1.8001     1.801      1.7966     1.8209    -454.02E-6  78.026E-6 -30.424E-6 -94.583E-6 -157.07E-6 
 9.5E-9    -5.2156E-9  1.8        1.8004     1.7985     1.801      1.2681    -0.0040803 -29.728E-6 -94.587E-6 -163.19E-6 
 9.75E-9   -7.4014E-9  1.4874     1.8001     1.7993     1.8003     1.7019     1.1113    -8.3828E-6 -73.293E-6 -168.33E-6 
 10.E-9    -3.2764E-9 -0.12054    1.8        1.7997     1.8002     1.7685     1.801     -0.0028689 -308.19E-6 -172.83E-6 
 10.25E-9   1.8        0.017228   1.7995     1.8        1.8        1.8015     1.8002     1.2619    -359.99E-6  154.19E-6 
 10.5E-9    1.8        23.28E-6   0.013382   1.8026     1.8        1.7999     1.8        1.7997     1.7999    -0.0068245 
 10.75E-9   1.8        77.129E-6  0.0016032 -0.030394   1.7999     1.7999     1.8        1.8        1.8        1.85      
 11.E-9     1.8        103.51E-6  0.0010477 -0.018236   1.4842     1.7998     1.8        1.8        1.7999     1.8179    
 11.25E-9   1.8        109.64E-6  723.8E-6  -0.011101  -0.11487    1.7997     1.7999     1.8        1.7999     1.8065    
 11.5E-9    1.8        113.86E-6  515.99E-6 -0.006812  -0.02395    0.055253   1.6724     1.8        1.7999     1.8025    
 11.75E-9   1.8        0.81531    371.9E-6  -0.0041981 -0.0055739  0.034683  -0.064439   1.7997     1.7997     1.8011    
 12.E-9     1.8        1.8159     271.22E-6 -0.0025994 -0.0013611  0.021504  -0.013872   0.36726    0.61057    1.8005    
 12.25E-9   1.8        1.8106     200.16E-6 -0.0016236 -320.64E-6  0.013302  -0.003179   0.084868   0.056155   1.1347    
 12.5E-9    1.8        1.7977    -96.46E-6   644.58E-6 -31.561E-6 -0.0039598  87.268E-6 -0.0051902 -0.012912   0.019017  
 12.75E-9  -2.9986E-9  1.8003    -11.808E-6 -40.72E-6  -30.511E-6 -104.13E-6 -5.5387E-6 -66.206E-6 -175.39E-6  18.481E-6 
 13.E-9    -3.7021E-9  1.8001    -0.0023667 -29.307E-6 -20.693E-6 -144.01E-6 -10.895E-6 -17.303E-6 -139.31E-6 -111.96E-6 
 13.25E-9  -4.4663E-9  1.8002     1.5719    -0.0034815 -36.081E-6 -171.81E-6 -17.399E-6 -27.83E-6  -162.86E-6 -171.6E-6  
 13.5E-9    1.6643E-9  1.7999     1.8163     1.7485     17.313E-6  164.E-6    14.657E-6  23.649E-6  152.33E-6  173.67E-6 
 13.75E-9  -4.2016E-9  1.8001     1.7982     1.8055    -0.0013148 -164.27E-6 -14.423E-6 -23.265E-6 -147.11E-6 -166.04E-6 
 14.E-9    -5.7239E-9  1.8        1.7992     1.8024     0.69015   -176.6E-6  -18.366E-6 -25.936E-6 -155.8E-6  -172.84E-6 
 14.25E-9  -5.7197E-9  1.8        1.7997     1.8011     1.8222    -425.01E-6  69.133E-6 -25.436E-6 -153.78E-6 -172.04E-6 
 14.5E-9   -5.9734E-9  1.8        1.7999     1.8005     1.8011     1.2635    -0.0039497 -24.83E-6  -151.66E-6 -168.84E-6 
 14.75E-9  -8.1413E-9  1.5048     1.8        1.8002     1.8004     1.7024     1.0805    -6.237E-6  -129.91E-6 -164.24E-6 
 15.E-9    -4.0204E-9 -0.124      1.8001     1.8        1.8002     1.7686     1.8023    -0.0026937 -320.61E-6 -163.34E-6 
#Time       v(a0)      v(cout)    v(sum0)    v(sum1)    v(sum2)    v(sum3)    v(sum4)    v(sum5)    v(sum6)    v(sum7)   
 15.E-9    -2.6697E-9  0.0010253  1.8        1.7998     1.8        1.8002     1.8        1.8        1.8048     1.7912    
 15.25E-9   1.8       -230.88E-6  1.7995     1.8001     1.8        1.7999     1.8        1.8        1.7998     1.8011    
 15.5E-9    1.8       -4.7317E-6 -0.036575   1.8026     1.8        1.8        1.8        1.8        1.8        1.7999    
 15.75E-9   1.8        12.232E-6  0.011333  -0.14183    1.7999     1.8        1.8        1.8        1.7999     1.8       
 16.E-9     1.8       -17.816E-6 -0.003554   0.042923   1.5054     1.8        1.8        1.8        1.8001     1.8       
 16.25E-9   1.8        21.96E-6   0.0011374 -0.013793   0.0032586  1.8009     1.7999     1.8        1.7999     1.7999    
 16.5E-9    1.8        104.79E-6  810.07E-6 -0.0084797  0.0010344 -0.012378   1.5765     1.8        1.7998     1.7999    
 16.75E-9   1.8        1.0608     581.6E-6  -0.0052235  336.57E-6 -0.0037754 -0.10669    1.7999     1.8        1.7999    
 17.E-9     1.8        1.7522     424.85E-6 -0.0032205  70.521E-6 -0.0012093 -0.022785   0.26228    0.28194    1.7996    
 17.25E-9   1.8        1.7927     316.7E-6  -0.001995  -5.1056E-6 -413.92E-6 -0.0053298  0.07383    0.11307    0.2975    
 17.5E-9    1.8        1.7998     241.46E-6 -0.0012464 -20.397E-6 -156.46E-6 -0.0013264  0.025391   0.06108    0.11538   
 17.75E-9   1.8        1.8007     188.72E-6 -889.76E-6 -27.044E-6 -120.81E-6 -311.78E-6  0.0091855  0.034975   0.061534  
 18.E-9     1.8        1.8006     151.12E-6 -649.95E-6 -31.157E-6 -125.8E-6  -58.342E-6  0.0034012  0.020526   0.035058  
 18.25E-9   1.8        1.8004     124.2E-6  -489.24E-6 -33.867E-6 -117.73E-6  7.104E-6   0.0013213  0.012197   0.020531  
 18.5E-9    1.8        1.8002     104.54E-6 -377.16E-6 -35.695E-6 -102.75E-6  20.842E-6  541.74E-6  0.007299   0.012185  
 18.75E-9   1.8        1.7998    -106.47E-6  367.59E-6  49.033E-6  102.69E-6 -26.396E-6 -437.82E-6 -0.0064183 -0.010685  
 19.E-9    -3.4677E-9  1.7999     58.668E-6 -137.04E-6 -79.297E-6 -298.25E-9  7.7462E-6 -43.449E-6 -240.05E-6 -204.16E-6 
 19.25E-9   1.8181E-9  1.8001    -0.0021454  185.95E-6  32.018E-6 -23.885E-6  5.4481E-6  26.75E-6   151.22E-6  117.03E-6 
 19.5E-9   -4.6141E-9  1.7999     1.7082    -0.0035472 -26.982E-6  30.17E-6  -5.6139E-6 -22.388E-6 -142.6E-6  -138.74E-6 
 19.75E-9   2.005E-9   1.8001     1.8069     1.723      27.857E-6 -38.527E-6  7.8124E-6  27.553E-6  60.77E-6   175.19E-6 
 20.E-9     1.0767E-9  1.8        1.8024     1.7715    -0.0012659 -43.303E-6  9.2627E-6  29.47E-6   104.09E-6  185.22E-6 
 20.25E-9  -194.8E-12  1.8        1.8009     1.789      0.73839   -50.314E-6  7.4487E-6  27.849E-6  123.87E-6  183.9E-6  
 20.5E-9   -172.9E-12  1.8        1.8005     1.7954     1.8193    -668.34E-6  100.86E-6  26.798E-6  139.71E-6  180.47E-6 
 20.75E-9  -348.9E-12  1.8        1.8002     1.798      1.8007     1.3018    -0.0041799  26.215E-6  128.06E-6  177.49E-6 
 21.E-9    -2.5667E-9  1.4774     1.8001     1.7991     1.8002     1.6963     1.1317     49.069E-6  148.17E-6  173.98E-6 
 21.25E-9   1.5494E-9 -0.11864    1.8        1.7997     1.8001     1.766      1.8001    -0.00315   -245.06E-6  170.83E-6 
 21.5E-9   -284.8E-12 -0.05456    1.8        1.7999     1.8        1.7885     1.7994     1.0483     0.010306   181.48E-6 
 21.75E-9   2.4515E-9 -0.025991   1.8        1.8        1.7999     1.796      1.7996     1.7857     1.9351    -0.0045519 
 22.E-9     2.3324E-9 -0.01261    1.8        1.8001     1.8        1.7986     1.7998     1.7987     1.8441     1.6612    
 22.25E-9   2.8096E-9 -0.0061831  1.7999     1.8001     1.8        1.7995     1.7999     1.7999     1.8147     1.7538    
 22.5E-9    2.9724E-9 -0.003054   1.7999     1.8001     1.8        1.7997     1.8        1.7999     1.8046     1.7838    
 22.75E-9   1.8        562.38E-6  1.7995     1.8        1.8        1.8001     1.8        1.8        1.7999     1.8017    
 23.E-9     1.8       -5.9139E-6 -0.069889   1.8025     1.8        1.7999     1.8        1.8        1.8001     1.8002    
 23.25E-9   1.8       -11.932E-6  0.021102  -0.14167    1.7999     1.8001     1.8        1.8        1.7999     1.7999    
 23.5E-9    1.8        14.705E-6 -0.0065482  0.042864   1.5199     1.7999     1.8        1.8        1.8001     1.8002    
 23.75E-9   1.8       -14.441E-6  0.0020691 -0.013765   966.89E-6  1.8007     1.7998     1.8        1.7998     1.7999    
 24.E-9     1.8        60.596E-6  0.0012575 -0.0084581  532.37E-6 -0.0059676  1.5801     1.8        1.7999     1.8       
 24.25E-9   1.8        1.0543     874.84E-6 -0.0052056  221.72E-6 -28.207E-6 -0.1058     1.7999     1.8        1.7999    
 24.5E-9    1.8        1.7536     621.98E-6 -0.0032047  42.23E-6   0.00103   -0.0226     0.26409    0.28288    1.7997    
 24.75E-9   1.8        1.7932     455.02E-6 -0.0019802 -9.1624E-6  950.2E-6  -0.0052822  0.074119   0.11315    0.30073   
 25.E-9     1.8        1.8        340.54E-6 -0.0012314 -20.175E-6  692.76E-6 -0.0013147  0.025472   0.061114   0.11543   
 25.25E-9   1.8        1.8008     261.57E-6 -843.42E-6 -19.711E-6  430.91E-6 -310.48E-6  0.0092111  0.034994   0.061502  
 25.5E-9    1.8        1.8007     206.69E-6 -616.06E-6 -23.93E-6   281.76E-6 -57.899E-6  0.0034092  0.02054    0.035032  
 25.75E-9   1.8        1.8004     168.3E-6  -467.E-6   -26.73E-6   191.44E-6  5.8457E-6  0.0013065  0.012208   0.020516  
 26.E-9     1.8        1.8002     141.17E-6 -365.36E-6 -26.896E-6  137.07E-6  18.246E-6  535.09E-6  0.0073082  0.01218   
 26.25E-9   1.8        1.7998    -143.95E-6  359.98E-6  39.93E-6  -131.56E-6 -21.966E-6 -432.18E-6 -0.0064276 -0.010682  
 26.5E-9   -8.231E-9   1.7998     90.067E-6 -208.01E-6 -110.96E-6  73.648E-6 -4.7528E-6 -37.977E-6 -257.81E-6 -252.39E-6 
 26.75E-9   6.5252E-9  1.8       -0.0021795  143.49E-6  36.377E-6 -110.97E-6  6.9715E-6  20.766E-6  103.74E-6  149.87E-6 
 27.E-9    -9.1444E-9  1.8001     1.7317    -0.0034351 -22.021E-6  75.489E-6 -7.4686E-6 -14.582E-6 -95.612E-6 -162.52E-6 
 27.25E-9   6.5735E-9  1.8        1.8052     1.72       30.105E-6 -88.029E-6  5.4049E-6  17.054E-6  76.032E-6  124.68E-6 
 27.5E-9    5.6383E-9  1.8001     1.8018     1.7705    -0.0012627 -86.203E-6 -1.5329E-6  18.028E-6  93.172E-6  144.96E-6 
 27.75E-9   4.3618E-9  1.8        1.8007     1.7887     0.73753   -87.591E-6 -2.4705E-6  16.257E-6  76.665E-6  135.92E-6 
 28.E-9     4.3623E-9  1.8        1.8004     1.7953     1.8193    -738.16E-6  90.636E-6  15.325E-6  106.48E-6  146.79E-6 
 28.25E-9   4.1939E-9  1.8001     1.8002     1.7979     1.8007     1.3087    -0.0041858  14.887E-6  84.304E-6  150.6E-6  
 28.5E-9    1.956E-9   1.4784     1.8001     1.7991     1.8002     1.6956     1.1324     37.29E-6   135.88E-6  141.19E-6 
 28.75E-9   6.0688E-9 -0.11884    1.8        1.7997     1.8001     1.7655     1.8001    -0.0029803 -256.92E-6  146.14E-6 
 29.E-9     4.2065E-9 -0.054641   1.8        1.7999     1.8        1.7883     1.7993     1.0349     0.010746   145.43E-6 
 29.25E-9   6.9475E-9 -0.026027   1.8        1.8        1.7999     1.7959     1.7996     1.7868     1.9355    -0.0045572 
 29.5E-9    6.8051E-9 -0.012628   1.7999     1.8001     1.8        1.7985     1.7998     1.7988     1.8443     1.6589    
 29.75E-9   7.277E-9  -0.0061919  1.7999     1.8002     1.8        1.7995     1.7999     1.8        1.8147     1.7532    
 30.E-9     7.4326E-9 -0.0030585  1.7999     1.8001     1.8        1.7997     1.8        1.8        1.8047     1.7835    
#Time       v(a0)      v(cout)    v(sum0)    v(sum1)    v(sum2)    v(sum3)    v(sum4)    v(sum5)    v(sum6)    v(sum7)   
 30.E-9     10.598E-9 -762.35E-6  1.8        1.8002     1.8        1.7998     1.8        1.7999     1.8005     1.7971    
 30.25E-9   1.8       -442.33E-6  1.7997     1.8002     1.8        1.7999     1.8001     1.7999     1.8002     1.7989    
 30.5E-9    1.8        133.81E-6 -0.05513    1.8006     1.8        1.8001     1.8        1.8        1.7999     1.8       
 30.75E-9   1.8        50.947E-6 -0.0059739 -0.1206     1.8        1.8001     1.8        1.8        1.7998     1.7999    
 31.E-9     1.8       -64.945E-6  0.0018646  0.036824   1.7156     1.7999     1.8        1.8        1.8001     1.8       
 31.25E-9   1.8        60.515E-6 -677.63E-6 -0.011856  -0.025738   1.7993     1.7999     1.8        1.8        1.7999    
 31.5E-9    1.8       -67.965E-6  316.01E-6  0.0034935  351.63E-6 -0.10837    1.7614     1.8        1.8001     1.8001    
 31.75E-9   1.8        1.3095     113.29E-6  605.22E-6 -9.2251E-6 -0.013831  -0.0040512  1.8005     1.8001     1.8001    
 32.E-9     1.8        1.811     -63.827E-6 -311.55E-6  16.22E-6   0.0046247  101.22E-6  0.1074     0.38372    1.7997    
 32.25E-9   1.8        1.804     -47.105E-6 -241.15E-6  19.798E-6  0.0028512  51.672E-6  0.035197   0.13454    0.35315   
 32.5E-9    1.8        1.7993     17.017E-6  135.53E-6 -18.312E-6 -962.87E-6 -7.9241E-6 -0.0033209 -0.03507   -0.04476   
 32.75E-9   1.8        1.8001     2.4902E-6 -86.633E-6  19.3E-6    492.76E-6 -10.096E-6  389.15E-6  0.010827   0.013484  
 33.E-9     1.8        1.8        4.8251E-6 -76.533E-6  22.49E-6   382.95E-6 -20.36E-6   163.85E-6  0.0064899  0.0080496 
 33.25E-9   1.8        1.8001    -6.2788E-6  77.973E-6 -29.504E-6 -368.17E-6  31.62E-6  -125.14E-6 -0.0057093 -0.0070735 
 33.5E-9    1.8        1.7999     5.8931E-6 -74.813E-6  27.578E-6  343.48E-6 -30.495E-6  95.956E-6  0.0050383  0.0062406 
 33.75E-9   1.8        1.8001    -7.0316E-6  72.368E-6 -27.183E-6 -320.82E-6  31.189E-6 -71.309E-6 -0.0044361 -0.0054897 
 34.E-9     1.8        1.7999     7.6124E-6 -69.977E-6  26.79E-6   299.99E-6 -31.733E-6  51.257E-6  0.0039155  0.0048441 
 34.25E-9   1.8        1.8001    -7.4548E-6  67.813E-6 -26.448E-6 -280.55E-6  32.437E-6 -34.763E-6 -0.0034505 -0.0042652 
 34.5E-9    1.8        1.7999     7.6856E-6 -65.743E-6  26.207E-6  262.64E-6 -33.108E-6  21.262E-6  0.0030476  0.0037645 
 34.75E-9   1.8        1.8001    -8.0327E-6  63.845E-6 -25.965E-6 -245.95E-6  33.86E-6  -10.131E-6 -0.0026902 -0.0033174 
 35.E-9     1.8        1.7999     9.0612E-6 -61.997E-6  25.817E-6  230.57E-6 -34.539E-6  1.0068E-6  0.0023797  0.0029294 
 35.25E-9   9.5245E-9  1.7996     68.892E-6  41.689E-6 -51.209E-6 -93.569E-6  151.25E-6  104.79E-6  156.22E-6  261.51E-6 
 35.5E-9   -11.097E-9  1.8001    -0.0021264 -65.87E-6   26.679E-6  30.383E-6 -29.57E-6  -43.2E-6   -163.42E-6 -77.249E-6 
 35.75E-9   8.2624E-9  1.8001     1.7007    -0.0034791 -20.44E-6  -36.703E-6  14.791E-6  27.613E-6  135.24E-6  102.8E-6  
 36.E-9     8.9702E-9  1.8        1.7992     1.7565    -27.44E-6  -42.907E-6  29.664E-6  30.543E-6  170.46E-6  132.42E-6 
 36.25E-9  -11.402E-9  1.8        1.8002     1.8043    -0.0017007  47.873E-6 -28.397E-6 -33.932E-6 -119.9E-6  -149.72E-6 
 36.5E-9   -12.983E-9  1.8        1.8001     1.8018     0.73059    47.159E-6 -33.024E-6 -40.285E-6 -147.05E-6 -157.32E-6 
 36.75E-9  -13.069E-9  1.8        1.8        1.8009     1.8202    -913.21E-6  66.748E-6 -35.965E-6 -154.93E-6 -150.76E-6 
 37.E-9    -13.212E-9  1.8        1.8        1.8004     1.8009     1.3316    -0.0044129 -35.801E-6 -160.82E-6 -149.16E-6 
 37.25E-9  -15.443E-9  1.464      1.8        1.8002     1.8003     1.6936     1.1811    -5.7242E-6 -72.011E-6 -145.12E-6 
 37.5E-9    8.1602E-9  0.034231   1.8        1.8        1.7999     1.8066     1.8001    -0.0032331 -334.36E-6  125.41E-6 
 37.75E-9   6.5341E-9  0.016452   1.8        1.8        1.8        1.8024     1.8002     1.0745     0.014214   166.97E-6 
 38.E-9     9.4107E-9  0.0080403  1.8        1.8001     1.8        1.801      1.8001     1.7827     1.9387    -0.0054509 
 38.25E-9   9.5193E-9  0.0039726  1.8        1.8001     1.8        1.8005     1.8001     1.7981     1.8452     1.7458    
 38.5E-9    9.8024E-9  0.0019832  1.8        1.8001     1.8        1.8003     1.8        1.7997     1.815      1.7792    
 38.75E-9   9.8865E-9  0.0010404  1.8        1.8001     1.8        1.8001     1.8        1.8        1.8047     1.7914    
 39.E-9    -9.9502E-9 -909.7E-6   1.8        1.7999     1.8        1.7999     1.8001     1.8        1.7964     1.807     
 39.25E-9   9.9293E-9  784.04E-6  1.8        1.8001     1.8        1.8001     1.8        1.8        1.8027     1.7943    
 39.5E-9   -9.9322E-9 -677.42E-6  1.8        1.7999     1.8        1.8        1.8        1.8        1.798      1.8047    
 39.75E-9   9.9322E-9  583.99E-6  1.8        1.8001     1.8        1.8        1.8        1.8        1.8015     1.7961    
 40.E-9    -9.9373E-9 -501.96E-6  1.8        1.7999     1.8        1.8        1.8        1.8        1.7989     1.8032    
 40.25E-9   1.8       -260.35E-6  1.7997     1.7999     1.8        1.8        1.8        1.8        1.7997     1.8015    
 40.5E-9    1.8        9.8898E-6 -0.054153   1.8006     1.8        1.8        1.8        1.8        1.8001     1.7997    
 40.75E-9   1.8       -36.821E-6 -0.0059012 -0.12384    1.8        1.7999     1.8        1.8001     1.8002     1.8001    
 41.E-9     1.8        30.713E-6 -406.43E-6 -0.0078701  1.7453     1.8        1.8        1.8        1.7999     1.8001    
 41.25E-9   1.8        35.216E-6  243.99E-6  0.0026578 -0.030475   1.7994     1.7999     1.7999     1.8        1.8       
 41.5E-9    1.8       -103.19E-6 -118.08E-6 -960.7E-6   782.53E-6 -0.053136   1.7425     1.8001     1.8        1.8001    
 41.75E-9   1.8        0.8784     62.825E-6  465.15E-6 -33.684E-6  0.015977  -0.04514    1.8001     1.7999     1.7999    
 42.E-9     1.8        1.7498     50.971E-6  346.14E-6  3.6711E-6  0.0097066 -0.010087   0.27081    0.65477    1.7999    
 42.25E-9   1.8        1.7891     42.239E-6  253.4E-6   16.474E-6  0.0059501 -0.0023749  0.075202   0.04736    1.0941    
 42.5E-9    1.8        1.7977     36.286E-6  185.65E-6  21.752E-6  0.0036627 -602.64E-6  0.025788   0.02546   -0.03316   
 42.75E-9   1.8        1.7995     32.317E-6  135.54E-6  25.969E-6  0.0022574 -149.71E-6  0.0093173  0.01456   -0.020598  
 43.E-9     1.8        1.7998     29.756E-6  97.969E-6  24.351E-6  0.0013924 -31.477E-6  0.00345    0.0085611 -0.012556  
 43.25E-9   1.8        1.7999     28.207E-6  69.343E-6  26.177E-6  860.42E-6 -6.5444E-6  0.0013244  0.0051094 -0.0075912 
 43.5E-9    1.8        1.8001    -30.218E-6 -63.194E-6 -33.908E-6 -808.24E-6  11.775E-6 -0.0010719 -0.004495   0.0067016 
 43.75E-9   1.8        1.7999     29.865E-6  57.131E-6  30.652E-6  747.66E-6 -11.475E-6  857.05E-6  0.0039656 -0.0058978 
 44.E-9     1.8        1.8       -30.036E-6 -51.171E-6 -30.25E-6  -693.66E-6  12.803E-6 -684.58E-6 -0.0034936  0.0052038 
 44.25E-9   1.8        1.8        30.187E-6  45.62E-6   29.879E-6  644.61E-6 -14.376E-6  548.11E-6  0.0030844 -0.0045804 
 44.5E-9    1.8        1.8       -30.32E-6  -40.33E-6  -28.425E-6 -599.41E-6  16.305E-6 -437.28E-6 -0.0027212  0.0040397 
 44.75E-9   1.8        1.8        30.509E-6  35.393E-6  26.943E-6  558.39E-6 -18.311E-6  347.03E-6  0.0024057 -0.0035556 
 45.E-9     1.8        1.8       -30.662E-6 -30.709E-6 -26.102E-6 -520.45E-6  20.46E-6  -273.66E-6 -0.0021271  0.0031341 
 45.25E-9  -10.701E-9  1.8       -19.995E-6 -54.39E-6   44.705E-6  126.89E-6 -110.79E-6 -203.38E-6 -190.71E-6 -235.65E-6 
 45.5E-9    9.0187E-9  1.8       -0.0021627  124.28E-6 -19.884E-6 -123.82E-6  19.522E-6  55.693E-6  110.87E-6  58.946E-6 
 45.75E-9  -11.808E-9  1.7999     1.7003    -0.003487   13.199E-6  80.864E-6  12.11E-6  -34.921E-6 -118.7E-6  -106.74E-6 
 46.E-9    -11.082E-9  1.8001     1.7992     1.7566     8.8837E-6  97.593E-6 -19.998E-6 -56.289E-6 -158.24E-6 -148.72E-6 
 46.25E-9   8.6337E-9  1.8        1.8002     1.8043    -0.001657  -106.63E-6  19.655E-6  55.081E-6  163.11E-6  161.72E-6 
 46.5E-9    7.0481E-9  1.7999     1.8001     1.8018     0.72748   -118.68E-6  7.9806E-6  58.308E-6  172.82E-6  172.81E-6 
 46.75E-9   6.9572E-9  1.8        1.8001     1.8008     1.8203    -0.0010702  86.803E-6  53.986E-6  165.99E-6  169.21E-6 
 47.E-9     6.8236E-9  1.8        1.8001     1.8004     1.8009     1.3356    -0.0045234  51.151E-6  162.05E-6  162.81E-6 
 47.25E-9   4.6014E-9  1.4595     1.8001     1.8002     1.8003     1.6935     1.1895     75.843E-6  179.72E-6  162.18E-6 
 47.5E-9   -11.898E-9  0.033906   1.8        1.8        1.7999     1.8066     1.8002    -0.0032947 -349.21E-6 -135.83E-6 
 47.75E-9   6.939E-9  -0.006426   1.8        1.8        1.8        1.7994     1.7998     1.3127     0.0051247  201.13E-6 
 48.E-9     9.5873E-9 -0.0031371  1.8        1.8        1.8        1.7996     1.7999     1.7712     1.9361    -0.0069388 
 48.25E-9   10.029E-9 -0.0015304  1.8        1.8        1.8        1.7998     1.8        1.7963     1.8445     1.8234    
 48.5E-9    10.121E-9 -764.03E-6  1.8        1.8        1.8        1.7998     1.8        1.7991     1.8148     1.8049    
 48.75E-9   10.16E-9  -454.54E-6  1.8        1.8        1.8        1.7999     1.8        1.7996     1.8047     1.7998    
 49.E-9     10.167E-9 -290.45E-6  1.8        1.8        1.8        1.7999     1.8        1.7998     1.8015     1.799     
 49.25E-9   10.175E-9 -160.82E-6  1.8        1.8        1.8        1.7999     1.8        1.7999     1.8004     1.7991    
 49.5E-9    10.182E-9 -134.76E-6  1.8        1.8        1.8        1.7999     1.8        1.8        1.8002     1.7994    
 49.75E-9   10.189E-9 -46.821E-6  1.8        1.8        1.8        1.7999     1.8        1.8        1.8001     1.7996    
 50.E-9     10.194E-9 -71.661E-6  1.8        1.8        1.8        1.7999     1.8        1.8001     1.8001     1.7998    
#Time       v(a0)      v(cout)    v(sum0)    v(sum1)    v(sum2)    v(sum3)    v(sum4)    v(sum5)    v(sum6)    v(sum7)   
 50.E-9     601.8E-12 -130.4E-6   1.7999     1.7999     1.8001     1.8        1.8        1.8        1.7994     1.8034    
 50.5E-9    1.8       -86.144E-6 -0.045814   1.8024     1.8        1.7999     1.8        1.8        1.7999     1.7999    
 51.E-9     1.8        62.248E-6  0.0013374  0.037858   1.5794     1.8001     1.8        1.8        1.8001     1.8002    
 51.5E-9    1.8        98.145E-6  613.89E-6  0.013541  -0.013772   0.013509   1.4864     1.8        1.8001     1.8002    
 52.E-9     1.8        1.7816     270.28E-6  0.004263  -373.09E-6  0.0059899 -0.0075959  0.26993    0.15168    1.7997    
 52.5E-9    1.8        1.7996    -126.49E-6 -959.22E-6 -19.639E-6 -0.0013817  56.811E-6 -0.0068364 -0.01996    0.049305  
 53.E-9     1.8        1.8002     101.61E-6  662.74E-6  5.1277E-6  825.67E-6  8.4995E-6  0.002118   0.010874  -0.026375  
 53.5E-9    1.8        1.8001     92.664E-6  567.79E-6 -4.5285E-6  676.6E-6   12.204E-6  0.00126    0.0082446 -0.020025  
 54.E-9     1.8        1.8001     80.227E-6  477.06E-6 -6.1663E-6  569.99E-6  11.027E-6  782.91E-6  0.0062581 -0.015225  
 54.5E-9    1.8        1.8       -81.567E-6 -469.98E-6  14.645E-6 -564.16E-6 -9.1694E-6 -712.35E-6 -0.0058581  0.014334  
 55.E-9     1.8        1.8        79.314E-6  453.08E-6 -15.175E-6  532.11E-6  8.2663E-6  640.34E-6  0.0055018 -0.013399  
 55.5E-9    1.8        1.8       -77.15E-6  -436.97E-6  16.268E-6 -501.92E-6 -7.4123E-6 -575.88E-6 -0.0051513  0.01261   
 56.E-9     1.8        1.8        75.098E-6  421.81E-6 -17.243E-6  485.79E-6  6.5616E-6  518.33E-6  0.0048371 -0.011794  
 56.5E-9   -373.2E-12  1.7999    -50.566E-6 -94.829E-6  44.844E-6 -134.89E-6  36.036E-6 -71.084E-6 -42.917E-6 -108.86E-6 
 57.E-9    -1.8449E-9  1.8001     1.6506    -0.003364  -31.873E-6  156.88E-6 -15.808E-6  62.736E-6  96.852E-6  79.133E-6 
 57.5E-9   -1.6763E-9  1.8        1.8044     1.8092    -0.0013788 -135.59E-6  15.42E-6  -48.035E-6 -111.53E-6 -78.258E-6 
 58.E-9    -2.8818E-9  1.8        1.7983     1.7983     1.8731     268.91E-6  26.927E-6  64.814E-6  119.55E-6  79.952E-6 
 58.5E-9   -4.4521E-9  1.8135     1.7998     1.8003     1.801      1.7514     0.98129    58.503E-6  119.31E-6  67.532E-6 
 59.E-9    -3.1104E-9 -0.030194   1.7999     1.8        1.7998     1.802      1.8001     0.88969   -0.0066112 -76.368E-6 
 59.5E-9   -1.9627E-9  0.013144   1.8002     1.7999     1.8001     1.7992     1.8        1.795      1.6895     1.4359    
 60.E-9     320.1E-12 -0.0057356  1.7999     1.8001     1.8        1.8003     1.8        1.8014     1.826      1.8634    
 60.5E-9    42.85E-12 -0.0013865  1.7999     1.8001     1.8        1.8        1.8        1.8004     1.8023     1.8061    
 61.E-9     33.3E-12  -996.83E-6  1.7998     1.8001     1.8001     1.8        1.8        1.8003     1.8012     1.8033    
 61.5E-9    23.39E-12 -731.16E-6  1.7998     1.8001     1.8        1.8        1.8        1.8002     1.8006     1.8017    
 62.E-9    -18.96E-12  690.42E-6  1.8002     1.7999     1.7999     1.8        1.8        1.7998     1.7995     1.7985    
 62.5E-9    19.88E-12 -645.19E-6  1.7998     1.8001     1.8001     1.8        1.8        1.8002     1.8004     1.8012    
 63.E-9     1.8       -73.481E-6 -0.045755   1.8024     1.8        1.7999     1.8        1.8        1.8001     1.8001    
 63.5E-9    1.8        28.168E-6  0.0015715  0.033698   1.5403     1.8        1.8        1.8        1.8        1.8       
 64.E-9     1.8       -29.575E-6 -448.91E-6 -0.007125   0.0027088 -0.10198    1.6441     1.8        1.8        1.8       
 64.5E-9    1.8        1.7708     173.87E-6  0.0015604 -3.8919E-6  0.018785   708.52E-6  0.11375    0.38823    1.7998    
 65.E-9     1.8        1.7992     62.661E-6  334.22E-6 -2.2925E-6  0.0020058 -30.669E-6  879.44E-6  0.016465  -0.056502  
 65.5E-9    1.8        1.8        36.417E-6  146.63E-6 -34.225E-6  321.78E-6 -30.41E-6   40.901E-6  0.0014305 -0.0048347 
 66.E-9     1.8        1.8001     37.044E-6  150.19E-6 -48.242E-6  301.17E-6 -37.903E-6  51.352E-6  0.0011259 -0.003758  
 66.5E-9    1.8        1.8        33.427E-6  142.16E-6 -45.845E-6  271.46E-6 -31.767E-6  50.432E-6  935.12E-6 -0.0029265 
 67.E-9     1.8        1.8       -33.48E-6  -145.23E-6  52.56E-6  -271.84E-6  35.476E-6 -57.299E-6 -900.84E-6  0.0027517 
 67.5E-9    1.8        1.8        32.572E-6  143.22E-6 -50.17E-6   265.53E-6 -33.506E-6  56.973E-6  860.75E-6 -0.0025849 
 68.E-9     1.8        1.8       -31.596E-6 -141.38E-6  48.294E-6 -259.77E-6  31.932E-6 -57.05E-6  -822.39E-6  0.002431  
 68.5E-9    1.8        1.8        30.689E-6  139.69E-6 -46.459E-6  254.42E-6 -30.471E-6  57.303E-6  788.27E-6 -0.0022844 
 69.E-9    -948.6E-12  1.7997    -60.554E-6 -157.33E-6  77.736E-6 -219.94E-6  70.331E-6 -167.43E-6 -164.53E-6 -111.15E-6 
 69.5E-9   -1.3142E-9  1.8        1.6495    -0.0035214 -26.395E-6  112.03E-6 -18.611E-6  66.097E-6  147.81E-6  71.95E-6  
 70.E-9    -2.2183E-9  1.8        1.8043     1.812     -0.0014383 -135.1E-6   26.368E-6 -73.469E-6 -153.71E-6 -72.934E-6 
 70.5E-9   -2.3396E-9  1.8        1.7983     1.7974     1.8723     258.04E-6  15.63E-6   74.904E-6  159.33E-6  75.013E-6 
 71.E-9    -3.9107E-9  1.8139     1.7998     1.8002     1.801      1.7514     0.98101    58.033E-6  149.06E-6  63.747E-6 
 71.5E-9   -3.669E-9  -0.029321   1.7999     1.8001     1.7998     1.802      1.8001     0.89552   -0.0064377 -73.278E-6 
 72.E-9    -1.3819E-9  0.012771   1.8001     1.7999     1.8001     1.7992     1.8        1.7957     1.6874     1.4494    
 72.5E-9   -233.E-12  -0.0055724  1.7999     1.8001     1.8        1.8003     1.8        1.8013     1.8265     1.8646    
 73.E-9    -504.7E-12 -0.0013423  1.7999     1.8001     1.8        1.8        1.8        1.8004     1.8024     1.8069    
 73.5E-9   -516.4E-12 -963.51E-6  1.7998     1.8001     1.8        1.7999     1.8        1.8003     1.8013     1.8038    
 74.E-9    -524.3E-12 -683.25E-6  1.7998     1.8001     1.8        1.7999     1.8        1.8002     1.8006     1.8021    
 74.5E-9    528.7E-12  646.79E-6  1.8002     1.7999     1.8        1.8001     1.8        1.7998     1.7994     1.7982    
 75.E-9    -527.4E-12 -604.64E-6  1.7998     1.8001     1.8        1.7999     1.8        1.8002     1.8005     1.8016    
#Time       v(a0)      v(cout)    v(sum0)    v(sum1)    v(sum2)    v(sum3)    v(sum4)    v(sum5)    v(sum6)    v(sum7)   
 75.E-9    -7.4746E-9  495.39E-6  1.7999     1.8001     1.8        1.8        1.8        1.8001     1.7998     1.7988    
 75.5E-9    1.8       -55.541E-6 -0.078882   1.8002     1.8        1.8001     1.8        1.7999     1.7999     1.8       
 76.E-9     1.8        52.232E-6 -0.0068049 -0.024642   1.7318     1.8        1.8        1.7999     1.7998     1.7999    
 76.5E-9    1.8        68.053E-6 -0.0024565 -0.0092574 -0.011263   0.1148     1.7211     1.7999     1.7998     1.8       
 77.E-9     1.8        1.8391    -945.29E-6 -0.0035178 -623.75E-6  0.038697  -0.0061812  0.47481    1.2483     1.8       
 77.5E-9    1.8        1.8068    -472.12E-6 -0.0013597 -7.864E-6   0.014356  -292.26E-6  0.026385  -0.035249  -0.093278  
 78.E-9     1.8        1.8018    -250.87E-6 -655.22E-6  22.4E-6    0.0054741 -37.1E-6    0.0033822 -0.012338  -0.031352  
 78.5E-9    1.8        1.7991     182.4E-6   473.05E-6 -21.193E-6 -0.0032094  16.154E-6 -0.0011738  0.0069168  0.017547  
 79.E-9     1.8        1.7993     160.56E-6  416.56E-6 -21.65E-6  -0.0025386  11.437E-6 -753.94E-6  0.005346   0.013561  
 79.5E-9    1.8        1.7995     139.7E-6   364.76E-6 -20.162E-6 -0.0020122  7.2735E-6 -482.58E-6  0.0041321  0.010497  
 80.E-9     1.8        1.8004    -137.39E-6 -359.22E-6  22.982E-6  0.0019001 -6.0042E-6  429.07E-6 -0.0038705 -0.0098262 
 80.5E-9    1.8        1.7996     132.72E-6  347.94E-6 -22.193E-6 -0.0017938  5.0111E-6 -381.58E-6  0.0036338  0.0092412 
 81.E-9     1.8        1.8004    -128.22E-6 -337.26E-6  21.803E-6  0.0017004 -3.9457E-6  338.56E-6 -0.0034049 -0.0086545 
 81.5E-9    1.8        1.7996     123.98E-6  327.22E-6 -21.393E-6 -0.0016113  2.9746E-6 -299.88E-6  0.0031965  0.0081379 
 82.E-9     1.8        1.8003    -119.83E-6 -317.47E-6  21.084E-6  0.0015274 -2.0026E-6  264.96E-6 -0.0029957 -0.0076244 
 82.5E-9    1.8        1.7997     115.93E-6  308.32E-6 -20.764E-6 -0.0014475  1.108E-6  -233.53E-6  0.0028123  0.0071682 
 83.E-9    -3.8925E-9  1.8       -0.0021504  150.92E-6 -25.804E-6  134.28E-6 -13.517E-6  48.541E-6  134.62E-6 -121.E-6   
 83.5E-9   -3.8381E-9  1.8        1.7967     1.7412    -17.413E-6  69.569E-6 -7.7436E-6  54.015E-6  119.33E-6 -133.73E-6 
 84.E-9    -207.7E-12  1.8        1.8002     1.803      0.7352    -120.21E-6  9.8541E-6 -51.416E-6 -127.76E-6  124.E-6   
 84.5E-9   -472.E-12   1.8        1.8001     1.8006     1.801      1.2182    -0.00417   -56.991E-6 -127.76E-6  130.38E-6 
 85.E-9     1.2635E-9 -0.072584   1.8        1.8        1.8        1.7752     1.7967    -0.0038857 -362.21E-6  109.16E-6 
 85.5E-9    2.366E-9  -0.016665   1.8        1.7999     1.8        1.798      1.7996     1.7861     1.932     -0.0074733 
 86.E-9     2.9768E-9 -0.0039909  1.8        1.7999     1.8        1.8        1.7999     1.8003     1.8139     1.8222    
 86.5E-9   -3.0286E-9  0.0018284  1.8        1.8002     1.8        1.8        1.8        1.7998     1.7962     1.795     
 87.E-9    -3.0093E-9  0.0013176  1.8        1.8002     1.8        1.8        1.8        1.7998     1.7978     1.7977    
 87.5E-9   -3.001E-9   971.07E-6  1.8        1.8002     1.8        1.8        1.8        1.7999     1.7988     1.7992    
 88.E-9     3.0055E-9 -904.92E-6  1.8        1.7998     1.8        1.8        1.8        1.8001     1.8011     1.8006    
 88.5E-9   -3.0033E-9  839.56E-6  1.8        1.8002     1.8        1.8        1.8        1.7999     1.7991     1.7996    
 89.E-9     3.0009E-9 -779.98E-6  1.8        1.7998     1.8        1.8        1.8        1.8001     1.8008     1.8003    
 89.5E-9   -3.001E-9   724.76E-6  1.8        1.8002     1.8        1.8        1.8        1.7999     1.7993     1.7999    
 90.E-9     3.0021E-9 -672.89E-6  1.8        1.7998     1.8        1.8        1.8        1.8001     1.8006     1.8       
 90.5E-9    1.8       -55.889E-6  0.011193   1.802      1.8        1.8001     1.8        1.8001     1.8        1.7999    
 91.E-9     1.8       -76.702E-6  161.33E-6  0.034143   1.5297     1.8001     1.8        1.8001     1.8002     1.7999    
 91.5E-9    1.8        138.85E-6 -82.609E-6 -0.0067714 -141.63E-6  0.0042524  1.5737     1.8001     1.7998     1.8001    
 92.E-9     1.8        1.7513    -59.879E-6 -0.0025777 -19.273E-6  0.0046784 -0.022976   0.25229    0.28478    1.7998    
 92.5E-9    1.8        1.7991     14.437E-6  141.44E-6  6.2833E-6 -201.53E-6 -583.99E-6  0.0079587  0.0033864  0.011504  
 93.E-9     1.8        1.8001    -44.591E-6 -194.02E-6  3.1826E-6  131.15E-6  34.525E-6 -311.95E-6 -471.71E-6 -0.0015402 
 93.5E-9    1.8        1.8       -46.813E-6 -196.8E-6   9.9013E-6  101.62E-6  40.049E-6 -218.94E-6 -417.27E-6 -0.0011922 
 94.E-9     1.8        1.8        48.535E-6  202.49E-6 -14.005E-6 -91.838E-6 -43.826E-6  205.46E-6  415.1E-6   0.0011301 
 94.5E-9    1.8        1.8       -48.015E-6 -200.13E-6  14.607E-6  84.678E-6  41.698E-6 -187.7E-6  -396.05E-6 -0.0010795 
 95.E-9     1.8        1.8        47.646E-6  198.49E-6 -15.067E-6 -77.38E-6  -40.28E-6   172.33E-6  366.04E-6  0.0010313 
 95.5E-9    1.8        1.8       -47.212E-6 -196.71E-6  15.211E-6  70.21E-6   38.791E-6 -158.61E-6 -350.05E-6 -984.69E-6 
 96.E-9     1.8        1.8        46.845E-6  195.19E-6 -15.15E-6  -63.141E-6 -37.295E-6  146.64E-6  341.57E-6  940.5E-6  
 96.5E-9    1.8        1.8       -46.419E-6 -193.56E-6  15.246E-6  56.19E-6   36.296E-6 -135.97E-6 -333.11E-6 -897.86E-6 
 97.E-9     1.8        1.8        46.061E-6  192.16E-6 -15.487E-6 -49.335E-6 -35.43E-6   126.73E-6  325.55E-6  859.12E-6 
 97.5E-9    1.8        1.8       -45.646E-6 -190.66E-6  15.681E-6  42.603E-6  34.449E-6 -118.5E-6  -311.31E-6 -821.65E-6 
 98.E-9     6.8547E-9  1.8       -0.0021679 -130.12E-6  22.94E-6  -70.338E-6  22.509E-6 -52.162E-6 -64.923E-6  145.62E-6 
 98.5E-9   -9.1299E-9  1.8        1.8292     1.6353    -24.448E-6  65.367E-6 -28.098E-6  40.742E-6  101.9E-6  -103.34E-6 
 99.E-9    -11.21E-9   1.8        1.803      1.783      0.76638    57.837E-6 -28.191E-6  40.841E-6  134.91E-6 -127.06E-6 
 99.5E-9   -11.051E-9  1.8001     1.8002     1.799      1.798      1.5627    -0.0043871 -10.989E-6  95.115E-6 -89.063E-6 
 100.E-9   -9.3219E-9 -0.11305    1.8001     1.7998     1.8002     1.7788     1.7964    -0.0019064 -351.81E-6 -97.506E-6 
 100.5E-9  -8.3605E-9 -0.02491    1.8        1.8001     1.8        1.7977     1.7995     1.8073     1.9449    -0.0090402 
 101.E-9   -7.8769E-9 -0.0058958  1.8        1.8001     1.8        1.7997     1.7999     1.8008     1.8162     1.8248    
 101.5E-9   7.8511E-9  0.0025695  1.8        1.7998     1.8        1.8002     1.8        1.7997     1.7956     1.7944    
 102.E-9    7.8773E-9  0.0018026  1.8        1.7998     1.8        1.8002     1.8        1.7998     1.7974     1.7973    
 102.5E-9  -7.8848E-9 -0.0016497  1.8        1.8002     1.8        1.7998     1.8        1.8002     1.8022     1.8022    
 103.E-9    7.8848E-9  0.001517   1.8        1.7998     1.8        1.8002     1.8        1.7998     1.798      1.7982    
 103.5E-9  -7.8853E-9 -0.0013942  1.8        1.8002     1.8        1.7998     1.8        1.8002     1.8017     1.8015    
 104.E-9    7.8864E-9  0.0012813  1.8        1.7998     1.8        1.8002     1.8        1.7998     1.7985     1.7988    
 104.5E-9  -7.8888E-9 -0.0011771  1.8        1.8002     1.8        1.7999     1.8        1.8001     1.8013     1.8009    
 105.E-9    7.89E-9    0.0010812  1.8        1.7998     1.8        1.8001     1.8        1.7999     1.7989     1.7993    
