#Time       v(a0)      v(sum7)    v(sum0)    v(sum1)    v(sum2)    v(sum3)    v(sum4)    v(sum5)    v(sum6)    v(cout)   
 0.        -62.E-15    1.8        1.8        1.8        1.8        1.8        1.8        1.8        1.8        10.552E-9 
 50.E-12    0.9        1.8001     1.8        1.7999     1.8001     1.8        1.8001     1.8        1.8       -151.31E-6 
 100.E-12   1.8        1.8        1.7999     1.7999     1.8001     1.8001     1.8001     1.8        1.8       -89.657E-6 
 150.E-12   1.8        1.7999     1.8002     1.8001     1.7999     1.7998     1.7999     1.8        1.8        131.26E-6 
 200.E-12   1.8        1.7999     1.8002     1.8001     1.7999     1.7998     1.7999     1.8        1.8        96.591E-6 
 250.E-12   1.8        1.8001     1.7998     1.7998     1.8001     1.8002     1.8001     1.8        1.8       -113.78E-6 
 300.E-12   1.8        1.7999     1.8        1.8001     1.8001     1.8        1.8001     1.8        1.8        80.799E-6 
 350.E-12   1.8        1.8001     1.8        1.7999     1.8        1.8        1.8        1.8        1.8       -111.08E-6 
 400.E-12   1.8        1.7999     1.8001     1.8001     1.7999     1.7999     1.8        1.8        1.8        97.818E-6 
 450.E-12   1.8        1.8001     1.8001     1.7998     1.8        1.8001     1.8        1.8        1.8       -99.203E-6 
 500.E-12   1.8        1.7999     1.7998     1.8002     1.8        1.8        1.8        1.8        1.8        111.63E-6 
 550.E-12   1.8        1.8001     1.7995     1.7999     1.8001     1.8001     1.8001     1.8        1.8       -120.6E-6  
 600.E-12   1.8        1.7999     1.8023     1.7999     1.8001     1.8        1.8        1.8        1.8        113.56E-6 
 650.E-12   1.8        1.8001     1.8276     1.7998     1.8        1.7999     1.8        1.8        1.8       -111.14E-6 
 700.E-12   1.8        1.7999     1.4089     1.8021     1.7999     1.7999     1.7999     1.8        1.8        71.011E-6 
 750.E-12   1.8        1.8001     0.28835    1.8219     1.8        1.8        1.8        1.8        1.8       -97.899E-6 
 800.E-12   1.8        1.7999    -0.090791   1.5773     1.8        1.8001     1.8        1.8        1.8        92.269E-6 
 850.E-12   1.8        1.8001     0.048154   0.51855    1.8001     1.8001     1.8001     1.8        1.8       -95.421E-6 
 900.E-12   1.8        1.7999    -0.025264  -0.065369   1.8        1.8001     1.8        1.8        1.8        58.968E-6 
 950.E-12   1.8        1.8001     0.013719   0.034746   1.7999     1.7999     1.8        1.8        1.8       -88.397E-6 
 1.E-9      1.8        1.7999    -0.0074312 -0.018027   1.7998     1.7999     1.7999     1.8        1.8        85.023E-6 
 1.05E-9    1.8        1.8001     0.0040729  0.0095635  1.7997     1.8001     1.8        1.8        1.8       -90.098E-6 
 1.1E-9     1.8        1.7999    -0.0022412 -0.0050622  1.8025     1.8        1.8        1.8        1.8        54.734E-6 
 1.15E-9    1.8        1.8001     0.0012568  0.0027067  1.8179     1.7999     1.8001     1.8        1.8       -85.949E-6 
 1.2E-9     1.8        1.7999    -814.66E-6 -0.0014524  1.6291     1.7999     1.8        1.8        1.8        83.607E-6 
 1.25E-9    1.8        1.8001     538.45E-6  792.93E-6  0.99664    1.8001     1.7999     1.8        1.8       -95.85E-6  
 1.3E-9     1.8        1.7999    -367.E-6   -546.52E-6  0.26912    1.8        1.8        1.8        1.8        57.497E-6 
 1.35E-9    1.8        1.8001     244.42E-6  365.39E-6 -0.012155   1.7998     1.8        1.8        1.8       -72.079E-6 
 1.4E-9     1.8        1.7999    -158.09E-6 -251.74E-6  0.0024976  1.7997     1.8        1.8        1.8        75.307E-6 
 1.45E-9    1.8        1.8001     95.846E-6  169.82E-6 -526.36E-6  1.8009     1.7999     1.8        1.8       -44.13E-6  
 1.5E-9     1.8        1.7999    -49.586E-6 -113.98E-6  90.772E-6  1.8141     1.8        1.8        1.8        77.633E-6 
 1.55E-9    1.8        1.8002     14.391E-6  74.13E-6  -8.1889E-6  1.6999     1.8        1.8        1.8       -77.744E-6 
 1.6E-9     1.8        1.8002    -44.192E-6  4.3456E-6  43.071E-6  0.85306    1.8001     1.8        1.8       -61.597E-6 
 1.65E-9    1.8        1.8002    -79.201E-6 -23.509E-6  42.363E-6  0.014617   1.8        1.8        1.8       -35.235E-6 
 1.7E-9     1.8        1.8001    -101.28E-6 -40.663E-6  42.26E-6   578.79E-6  1.8        1.8        1.8       -76.683E-6 
 1.75E-9    1.8        1.7999    -118.18E-6 -50.413E-6  43.083E-6  4.6025E-6  1.7999     1.8        1.8       -54.583E-6 
 1.8E-9     1.8        1.7998     169.17E-6  75.291E-6 -78.062E-6  93.874E-6  1.7998     1.7999     1.8        108.04E-6 
 1.85E-9    1.8        1.8001    -159.4E-6  -71.239E-6  54.301E-6  9.3332E-6  1.8012     1.8001     1.8       -64.707E-6 
 1.9E-9     1.8        1.8        165.53E-6  74.334E-6 -56.496E-6 -3.9294E-6  1.811      1.7999     1.8        39.589E-6 
 1.95E-9    1.8        1.8001    -165.44E-6 -74.529E-6  53.344E-6  26.266E-6  1.7217     1.8001     1.8       -50.584E-6 
 2.E-9      1.8        1.7999     167.64E-6  75.915E-6 -53.273E-6 -26.077E-6  1.2641     1.7999     1.8        65.608E-6 
 2.05E-9    1.8        1.8       -168.64E-6 -76.219E-6  52.627E-6  38.557E-6  0.51531    1.8001     1.8       -33.101E-6 
 2.1E-9     1.8        1.7999     170.09E-6  77.307E-6 -52.435E-6 -42.259E-6  0.057354   1.7996     1.8        53.779E-6 
 2.15E-9    1.8        1.8001    -171.76E-6 -78.714E-6  52.564E-6  50.68E-6  -0.0044426  1.7997     1.8       -18.506E-6 
 2.2E-9     1.8        1.8        173.66E-6  79.571E-6 -52.573E-6 -56.169E-6  589.E-6    1.8024     1.8        7.8772E-6 
 2.25E-9    1.8        1.7999    -175.49E-6 -80.328E-6  52.853E-6  62.151E-6 -110.84E-6  1.8197     1.8       -30.749E-6 
 2.3E-9     1.8        1.7999     177.32E-6  81.412E-6 -53.018E-6 -66.775E-6  19.961E-6  1.6117     1.8        52.148E-6 
 2.35E-9    1.8        1.8001    -178.82E-6 -82.5E-6    53.372E-6  71.364E-6  12.346E-6  0.84665    1.8       -24.029E-6 
 2.4E-9     1.8        1.8        180.81E-6  83.566E-6 -53.746E-6 -74.963E-6 -15.507E-6  0.11364    1.8        47.656E-6 
 2.45E-9    1.8        1.7999    -183.21E-6 -84.49E-6   54.112E-6  78.582E-6  26.453E-6 -0.02614    1.7999    -13.754E-6 
 2.5E-9     1.8        1.7999     90.55E-6   85.19E-6  -54.345E-6 -81.473E-6 -25.905E-6  0.0079943  1.7996     4.3163E-6 
 2.55E-9    1.8        1.8001    -125.11E-6 -86.106E-6  54.977E-6  84.273E-6  31.085E-6 -0.0025157  1.7998    -29.262E-6 
 2.6E-9     1.8        1.8        130.04E-6  87.282E-6 -55.581E-6 -86.645E-6 -32.635E-6  821.28E-6  1.8028     51.749E-6 
 2.65E-9    1.8        1.8001    -141.95E-6 -87.912E-6  56.33E-6   89.123E-6  35.582E-6 -338.14E-6  1.8191    -26.214E-6 
 2.7E-9     1.8        1.7999    -141.77E-6 -78.959E-6  56.424E-6  83.205E-6  40.08E-6  -21.04E-6   1.6465    -50.665E-6 
 2.75E-9    1.8        1.8001    -158.9E-6  -82.646E-6  55.149E-6  89.753E-6  40.365E-6  11.591E-6  0.86546   -62.836E-6 
 2.8E-9     1.8        1.8       -175.56E-6 -88.075E-6 -41.013E-6  96.322E-6  42.295E-6  20.249E-6  0.1008    -5.3012E-6 
 2.85E-9    1.8        1.7998     247.37E-6  122.56E-6 -70.261E-6 -145.89E-6 -80.806E-6 -36.453E-6 -0.017542   38.308E-6 
 2.9E-9     1.8        1.7998    -71.657E-6 -113.29E-6  45.861E-6  127.87E-6 -17.875E-6  29.834E-6  0.0044035 -47.213E-6 
 2.95E-9    1.8        1.8        39.06E-6   117.19E-6  14.359E-6 -40.722E-6 -41.992E-6 -30.351E-6 -0.0011473  28.66E-6  
 3.E-9      1.8        1.7999    -76.672E-6 -116.8E-6   39.537E-6  78.828E-6  37.28E-6   30.447E-6  313.56E-6 -33.34E-6  
 3.05E-9    1.8        1.8009     99.07E-6   117.62E-6 -43.983E-6 -83.823E-6 -45.133E-6 -30.881E-6 -127.8E-6   61.298E-6 
 3.1E-9     1.8        1.8028    -119.43E-6 -117.17E-6  52.744E-6  94.452E-6  44.924E-6  31.617E-6  52.313E-6  0.0010198 
 3.15E-9    1.8        1.8092     136.44E-6  117.43E-6 -55.392E-6 -99.765E-6 -46.856E-6 -32.002E-6 -24.564E-6 -0.012904  
 3.2E-9     1.8        1.8039    -151.06E-6 -118.23E-6 -14.003E-6  105.23E-6  47.658E-6  32.723E-6  13.288E-6  0.14292   
 3.25E-9    1.8        1.3701     163.57E-6  119.26E-6 -42.012E-6 -108.69E-6 -48.216E-6 -33.145E-6 -4.0267E-6  1.038     
 3.3E-9     1.8        0.30081   -174.44E-6 -119.69E-6  44.174E-6  112.32E-6  49.101E-6  33.662E-6  1.1817E-6  1.7815    
 3.35E-9    1.8       -0.078508   87.734E-6  120.34E-6 -53.851E-6 -116.12E-6  19.565E-6 -33.773E-6  2.0696E-6  1.8016    
 3.4E-9     1.8        0.042481  -129.94E-6 -121.59E-6  57.014E-6  119.13E-6  35.243E-6  34.405E-6 -3.3279E-6  1.8008    
 3.45E-9    1.8       -0.022377   141.01E-6  122.58E-6  13.319E-6 -121.25E-6 -34.757E-6 -35.206E-6  5.1318E-6  1.7994    
 3.5E-9     1.8        0.012138  -158.59E-6 -123.56E-6  43.534E-6  35.95E-6   42.644E-6  35.816E-6 -5.9623E-6  1.8004    
 3.55E-9    1.8       -0.0064962  171.05E-6  124.99E-6 -46.685E-6 -79.401E-6 -43.7E-6   -35.967E-6  7.1639E-6  1.7998    
 3.6E-9     1.8        0.003529  -86.682E-6 -126.01E-6  56.605E-6  86.04E-6   46.326E-6  36.616E-6 -7.7724E-6  1.8001    
 3.65E-9    1.8       -0.0018862  130.71E-6  127.58E-6  13.242E-6 -98.473E-6 -47.643E-6 -37.269E-6  8.6089E-6  1.8       
 3.7E-9     1.8        0.0010187 -143.06E-6 -129.26E-6  44.235E-6  105.79E-6  48.991E-6  37.853E-6 -9.0578E-6  1.8       
 3.75E-9    1.8       -536.47E-6  162.11E-6  130.57E-6 -47.253E-6 -112.56E-6  19.536E-6 -38.165E-6  9.6651E-6  1.8       
 3.8E-9     1.8        323.71E-6 -124.3E-6  -132.32E-6  57.44E-6   117.15E-6  36.423E-6  38.812E-6 -9.9908E-6  1.7999    
 3.85E-9    1.8       -239.86E-6  155.72E-6  134.33E-6  7.8318E-6 -121.82E-6 -35.72E-6  -39.647E-6  10.434E-6  1.8       
 3.9E-9     1.8        195.97E-6 -117.87E-6 -135.93E-6  44.428E-6  37.226E-6  43.846E-6  39.915E-6 -10.683E-6  1.8       
 3.95E-9    1.8       -168.21E-6  151.83E-6  137.74E-6 -40.091E-6 -81.898E-6 -45.559E-6 -40.348E-6  11.016E-6  1.8001    
 4.E-9      1.8        144.73E-6 -115.01E-6 -139.74E-6  52.203E-6  89.841E-6  48.34E-6   41.009E-6 -11.206E-6  1.8       
 4.05E-9    1.8       -127.31E-6  98.915E-6  141.64E-6 -55.644E-6 -104.04E-6  19.39E-6  -41.365E-6  11.479E-6  1.8       
 4.1E-9     1.8        124.7E-6  -131.66E-6 -143.53E-6 -6.6207E-6  111.75E-6  36.544E-6  42.158E-6 -11.634E-6  1.7999    
 4.15E-9    1.8       -119.17E-6  151.72E-6  145.64E-6 -44.026E-6 -118.8E-6  -36.318E-6 -42.439E-6  11.89E-6   1.8001    
 4.2E-9     1.8        122.08E-6 -21.413E-6 -147.53E-6  40.042E-6  36.235E-6  45.036E-6  42.904E-6 -11.983E-6  1.8       
 4.25E-9    1.8       -122.22E-6  89.508E-6  149.91E-6 -57.444E-6 -82.678E-6 -47.225E-6 -43.592E-6  12.12E-6   1.8       
 4.3E-9     1.8        126.47E-6 -108.31E-6 -152.26E-6  55.46E-6   91.682E-6  49.949E-6  43.739E-6 -12.16E-6   1.7999    
 4.35E-9    1.8       -128.83E-6  137.44E-6  154.57E-6 -53.867E-6 -106.81E-6  18.981E-6 -44.429E-6  12.393E-6  1.8001    
 4.4E-9     1.8        133.07E-6 -105.22E-6 -157.18E-6  64.282E-6  115.73E-6  38.329E-6  45.656E-6 -12.805E-6  1.8       
 4.45E-9    1.8       -136.15E-6  90.348E-6  159.63E-6 -66.226E-6 -35.583E-6 -38.375E-6 -46.176E-6  13.05E-6   1.8       
 4.5E-9     1.8        140.09E-6 -126.75E-6 -161.72E-6  56.851E-6  82.551E-6  47.287E-6  46.262E-6 -12.728E-6  1.7999    
 4.55E-9    1.8       -143.26E-6  97.042E-6  164.32E-6 -59.247E-6 -93.484E-6 -49.306E-6 -46.922E-6  12.666E-6  1.8001    
 4.6E-9     1.8        146.84E-6 -84.777E-6 -167.02E-6  58.192E-6  109.03E-6 -18.668E-6  47.975E-6 -12.748E-6  1.7999    
 4.65E-9    1.8       -149.92E-6  123.64E-6  169.6E-6  -55.29E-6  -118.14E-6 -39.2E-6   -48.385E-6  12.588E-6  1.8       
 4.7E-9     1.8        153.14E-6 -94.924E-6 -172.58E-6 -46.769E-6  37.941E-6  39.741E-6  48.854E-6 -12.777E-6  1.7999    
 4.75E-9    1.8       -156.03E-6  89.677E-6  175.73E-6 -33.456E-6 -85.948E-6 -48.333E-6 -49.852E-6  13.072E-6  1.8001    
 4.8E-9     1.8        159.11E-6 -124.05E-6 -178.21E-6  30.695E-6  96.703E-6 -18.763E-6  50.579E-6 -12.816E-6  1.7999    
 4.85E-9    1.8       -161.81E-6  138.1E-6   181.42E-6 -53.577E-6 -113.27E-6 -39.258E-6 -51.066E-6  12.815E-6  1.8       
 4.9E-9     1.8        164.79E-6 -112.24E-6 -184.64E-6  53.034E-6  123.22E-6  39.887E-6  51.99E-6  -13.135E-6  1.7999    
 4.95E-9    1.8       -167.56E-6  143.87E-6  187.4E-6  -18.884E-6  7.5976E-6 -49.587E-6 -52.439E-6  13.095E-6  1.8       
 5.E-9      1.8        75.413E-6 -153.12E-6 -96.101E-6  52.871E-6  65.226E-6 -17.972E-6  52.773E-6 -13.207E-6  1.7999    
 5.05E-9    1.8       -110.52E-6  26.81E-6   132.86E-6 -44.122E-6 -79.274E-6 -40.25E-6  -53.757E-6  13.7E-6    1.8001    
 5.1E-9     1.8        115.66E-6 -89.222E-6 -138.71E-6  52.945E-6  102.64E-6  41.434E-6  54.971E-6 -13.587E-6  1.7999    
 5.15E-9    0.9       -127.82E-6  99.601E-6  152.2E-6  -58.102E-6 -115.91E-6  13.361E-6 -55.512E-6  13.737E-6  1.8001    
 5.2E-9    -1.1264E-9  135.81E-6 -128.39E-6 -161.09E-6  51.46E-6  -11.571E-6  37.339E-6  56.379E-6 -14.138E-6  1.7999    
 5.25E-9   -602.5E-12 -143.86E-6  100.93E-6  169.99E-6 -16.791E-6 -62.689E-6 -32.621E-6 -57.356E-6  14.484E-6  1.8001    
 5.3E-9    -856.5E-12 -300.16E-6  226.07E-6  346.93E-6 -101.95E-6 -149.51E-6 -181.51E-6 -133.1E-6   33.87E-6   1.7998    
 5.35E-9   -2.3831E-9 -11.62E-6   124.34E-6  100.41E-6 -51.261E-6 -109.36E-6 -89.778E-6 -112.04E-6  27.356E-6  1.8001    
 5.4E-9    -3.2763E-9  93.089E-6 -132.09E-6 -102.39E-6  88.137E-6  100.93E-6  59.443E-6  127.39E-6 -34.388E-6  1.8001    
 5.45E-9   -1.6221E-9 -111.97E-6  111.97E-6  123.62E-6  42.82E-6   9.3109E-6  49.321E-6 -101.2E-6   29.57E-6   1.7999    
 5.5E-9    -1.4863E-9  140.11E-6 -84.843E-6 -143.24E-6  33.588E-6  57.57E-6   41.152E-6  96.127E-6 -31.237E-6  1.7999    
 5.55E-9   -1.7269E-9 -60.744E-6  129.18E-6  104.03E-6 -27.02E-6  -55.815E-6 -23.297E-6 -81.93E-6   29.734E-6  1.8001    
 5.6E-9    -2.099E-9   108.86E-6 -194.07E-6 -128.79E-6  12.55E-6   88.345E-6  34.95E-6   87.573E-6 -29.569E-6  1.8       
 5.65E-9   -1.8842E-9  135.64E-6  15.697E-6 -132.43E-6  31.582E-6  94.092E-6  42.676E-6  62.498E-6 -24.918E-6  1.7999    
 5.7E-9    -2.907E-9  -193.74E-6  323.09E-6  165.6E-6  -30.579E-6 -93.662E-6 -82.59E-6  -97.854E-6  35.16E-6   1.8       
 5.75E-9   -4.4256E-9  95.724E-6  202.37E-6  217.66E-6  13.172E-6  69.163E-6  23.151E-6  89.07E-6  -30.636E-6  1.8001    
 5.8E-9    -4.2668E-9 -143.15E-6 -0.0049958  245.86E-6 -38.542E-6 -91.446E-6 -51.14E-6  -95.842E-6  33.578E-6  1.8001    
 5.85E-9   -2.8036E-9  141.19E-6 -0.018502  -0.0030042  3.7579E-6  92.237E-6  40.044E-6  79.28E-6  -31.82E-6   1.7999    
 5.9E-9    -3.6375E-9 -158.45E-6  0.33056   -0.01272   -5.3617E-6 -62.816E-6 -47.781E-6 -72.67E-6   32.112E-6  1.8       
 5.95E-9   -3.9842E-9  175.E-6    1.2907     0.060746   29.173E-6  50.139E-6  14.939E-6  78.097E-6 -32.047E-6  1.8       
 6.E-9     -3.1021E-9 -181.66E-6  1.8317     0.78179   -4.7509E-6 -73.167E-6 -35.939E-6 -74.212E-6  32.247E-6  1.8001    
 6.05E-9   -1.7445E-9  180.8E-6   1.79       1.6495     721.39E-9  89.472E-6  40.644E-6  68.545E-6 -32.2E-6    1.8       
 6.1E-9    -1.7228E-9 -95.807E-6  1.8028     1.8273    -28.814E-6 -58.775E-6 -49.446E-6 -77.646E-6  32.318E-6  1.7999    
 6.15E-9   -3.2033E-9  131.25E-6  1.799      1.7928     279.61E-6  81.E-6     46.152E-6  74.033E-6 -32.868E-6  1.7999    
 6.2E-9    -2.9403E-9 -130.62E-6  1.8002     1.8019     297.41E-6 -94.307E-6 -46.29E-6  -69.051E-6  33.068E-6  1.8       
 6.25E-9   -1.5365E-9  153.81E-6  1.7999     1.7993    -0.0020883  61.767E-6  44.704E-6  78.942E-6 -33.395E-6  1.8       
 6.3E-9    -1.7694E-9 -160.01E-6  1.8        1.8001    -0.0092943 -83.694E-6 -39.945E-6 -75.577E-6  34.306E-6  1.8001    
 6.35E-9   -2.134E-9   162.45E-6  1.8        1.8        0.019647   48.716E-6  7.5097E-6  75.643E-6 -34.763E-6  1.7999    
 6.4E-9    -3.0263E-9 -179.89E-6  1.8        1.8        0.34374   -43.04E-6  -6.6398E-6 -74.073E-6  35.486E-6  1.8       
 6.45E-9   -2.7278E-9  190.81E-6  1.8        1.8        0.98049    63.871E-6  27.595E-6  68.551E-6 -36.124E-6  1.8       
 6.5E-9    -2.6665E-9 -184.26E-6  1.8        1.8        1.5009    -70.22E-6  -37.216E-6 -79.488E-6  36.707E-6  1.8001    
 6.55E-9   -3.4483E-9  187.67E-6  1.8        1.8        1.7254     427.83E-6  9.0202E-6  81.7E-6   -37.657E-6  1.8       
 6.6E-9    -2.9234E-9 -188.45E-6  1.8001     1.8        1.7861     172.76E-6 -32.838E-6 -71.26E-6   38.217E-6  1.8       
 6.65E-9   -1.5421E-9  191.47E-6  1.7999     1.8        1.7981    -0.0038159  39.511E-6  72.078E-6 -38.908E-6  1.7999    
 6.7E-9    -1.7918E-9 -200.08E-6  1.8001     1.8        1.7998    -0.015527  -9.8381E-6 -70.16E-6   40.108E-6  1.8001    
 6.75E-9   -2.3951E-9  190.65E-6  1.7999     1.7999     1.7999     0.14541    34.362E-6  71.186E-6 -40.745E-6  1.8       
 6.8E-9    -2.9459E-9  163.69E-6  1.7998     1.7999     1.8        0.96326    49.299E-6  53.27E-6  -38.872E-6  1.7999    
 6.85E-9   -1.2564E-9 -216.37E-6  1.8001     1.8002     1.7999     1.668     -76.913E-6 -88.26E-6   55.088E-6  1.8       
 6.9E-9    -1.9394E-9  54.165E-6  1.7999     1.7998     1.8        1.8072     33.401E-6  86.687E-6 -53.455E-6  1.8       
 6.95E-9   -2.9795E-9 -131.48E-6  1.8001     1.8001     1.7999     1.7991     277.41E-6 -96.013E-6  58.494E-6  1.7999    
 7.E-9     -2.992E-9   125.94E-6  1.7999     1.7999     1.8        1.8001     186.41E-6  87.161E-6 -41.733E-6  1.7999    
 7.05E-9   -1.6065E-9 -146.87E-6  1.8001     1.8001     1.8        1.7998    -0.001792  -76.773E-6  35.296E-6  1.8       
 7.1E-9    -2.1412E-9  161.98E-6  1.7999     1.7999     1.8        1.8       -0.0082747  77.047E-6 -35.696E-6  1.8001    
 7.15E-9   -1.9846E-9 -161.4E-6   1.8001     1.8001     1.8        1.7999     0.009208  -82.517E-6  42.061E-6  1.8001    
 7.2E-9    -2.7959E-9 -152.14E-6  1.8002     1.8002     1.7999     1.7999     0.29514   -69.88E-6   26.21E-6   1.8001    
 7.25E-9   -3.4019E-9  218.84E-6  1.8        1.8001     1.7999     1.8001     0.89406    89.356E-6 -47.757E-6  1.7998    
 7.3E-9    -3.9822E-9 -64.465E-6  1.7999     1.7999     1.8001     1.7999     1.4143     161.13E-6  48.255E-6  1.7999    
 7.35E-9   -3.7882E-9  122.4E-6   1.7999     1.8        1.8001     1.8001     1.6808     291.04E-6 -55.914E-6  1.8       
 7.4E-9    -1.6784E-9 -117.4E-6   1.8001     1.8001     1.8        1.7999     1.7713    -0.0015129  39.646E-6  1.8001    
 7.45E-9   -1.9298E-9  137.37E-6  1.8        1.8001     1.7999     1.8001     1.7953    -0.0079197 -39.132E-6  1.7999    
 7.5E-9    -1.8755E-9 -154.56E-6  1.8        1.8001     1.7999     1.8        1.7992     0.0012478  35.343E-6  1.8       
 7.55E-9   -3.0397E-9  162.09E-6  1.7999     1.7999     1.8        1.8001     1.7998     0.34913   -35.703E-6  1.8       
 7.6E-9    -2.4459E-9 -161.65E-6  1.8        1.7999     1.8001     1.8        1.8        1.1152     31.257E-6  1.8001    
 7.65E-9   -1.9443E-9  120.59E-6  1.8        1.8001     1.8001     1.8        1.8        1.6612    -36.609E-6  1.7999    
 7.7E-9    -2.7083E-9 -152.42E-6  1.8001     1.8001     1.8        1.8        1.8        1.7885     225.99E-6  1.8       
 7.75E-9   -3.3332E-9  156.84E-6  1.8        1.7999     1.7999     1.8001     1.8        1.8        265.38E-6  1.8       
 7.8E-9    -1.6519E-9 -165.49E-6  1.8        1.7999     1.8        1.8        1.8        1.7998    -700.43E-6  1.8001    
 7.85E-9   -1.7928E-9  163.84E-6  1.7999     1.7999     1.8001     1.8        1.8        1.8       -0.0047199  1.7999    
 7.9E-9    -1.8245E-9 -121.36E-6  1.8        1.8001     1.8001     1.7999     1.8        1.8001    -0.014022   1.8       
 7.95E-9   -2.7083E-9  153.14E-6  1.8        1.8        1.8        1.7999     1.8        1.7999     0.15199    1.8       
 8.E-9     -2.8128E-9 -162.84E-6  1.8001     1.8        1.8        1.7999     1.8        1.8        0.72948    1.8001    
 8.05E-9   -2.7622E-9  168.8E-6   1.7999     1.7999     1.8        1.8001     1.8        1.8        1.3985     1.8       
 8.1E-9    -3.2763E-9 -57.269E-6  1.7999     1.8        1.8        1.8001     1.8        1.8        1.7225     1.8       
 8.15E-9   -3.4523E-9  153.2E-6   1.8001     1.8        1.8        1.8001     1.8        1.8        1.7913     1.7999    
 8.2E-9    -1.9254E-9 -17.921E-6  1.8001     1.8001     1.8        1.7999     1.8        1.8        1.8005     1.8001    
 8.25E-9   -1.9587E-9  48.703E-6  1.8        1.8        1.8        1.7999     1.7999     1.8        1.8        1.8001    
 8.3E-9    -1.8535E-9 -410.75E-6  1.8        1.8        1.8        1.7999     1.7999     1.8        1.8        1.7996    
 8.35E-9   -1.6835E-9 -0.00134    1.7999     1.7999     1.8        1.8        1.7999     1.8        1.8        1.7993    
 8.4E-9    -2.2789E-9 -0.0027561  1.8        1.8        1.8        1.8001     1.8        1.7999     1.8        1.8176    
 8.45E-9   -2.8415E-9 -0.0053944  1.8        1.8001     1.8        1.8001     1.8        1.8001     1.8        1.5953    
 8.5E-9    -1.8071E-9 -0.0095759  1.8001     1.8001     1.7999     1.7999     1.8001     1.7999     1.8        0.51438   
 8.55E-9   -1.4703E-9  0.073783   1.8        1.8        1.7999     1.7999     1.8001     1.8001     1.8       -0.078316  
 8.6E-9    -2.1553E-9  0.69343    1.8        1.8        1.8        1.8        1.8        1.7999     1.8        0.040291  
 8.65E-9   -1.3354E-9  1.5582     1.7999     1.7999     1.8001     1.8001     1.7999     1.8001     1.8       -0.020478  
 8.7E-9    -646.1E-12  1.8326     1.8        1.8001     1.8        1.8        1.7999     1.8        1.8        0.010655  
 8.75E-9   -453.5E-12  1.7912     1.8001     1.8        1.7999     1.8        1.8        1.8001     1.8       -0.0055181 
 8.8E-9    -617.1E-12  1.8023     1.8001     1.8        1.8        1.7999     1.8001     1.8        1.8        0.0028649 
 8.85E-9   -260.7E-12  1.7992     1.8        1.7999     1.8        1.8        1.8        1.7999     1.8       -0.0014818 
 8.9E-9    -517.7E-12  1.8003     1.8        1.8        1.8001     1.8        1.8        1.7999     1.8        764.82E-6 
 8.95E-9   -109.9E-12  1.7999     1.7999     1.8        1.8        1.8001     1.7999     1.8001     1.8       -429.81E-6 
 9.E-9     -438.5E-12  1.8        1.8        1.8001     1.7999     1.8        1.8        1.7999     1.8        316.95E-6 
 9.05E-9    4.052E-12  1.8        1.8        1.8        1.8        1.8        1.8        1.8        1.8       -240.46E-6 
 9.1E-9    -391.8E-12  1.7999     1.8001     1.8        1.8001     1.7999     1.8        1.7999     1.8        204.83E-6 
 9.15E-9    93.52E-12  1.8001     1.8        1.7999     1.8        1.8        1.8        1.8001     1.8       -93.679E-6 
 9.2E-9    -354.2E-12  1.7998     1.8        1.8        1.7999     1.8        1.8        1.8        1.8        126.24E-6 
 9.25E-9    166.1E-12  1.8001     1.7999     1.8001     1.7999     1.8001     1.8        1.8001     1.8       -134.67E-6 
 9.3E-9    -335.2E-12  1.7998     1.8        1.8001     1.8        1.8        1.8        1.8        1.8        61.699E-6 
 9.35E-9    224.7E-12  1.8002     1.8        1.8        1.8001     1.8        1.8001     1.8        1.8       -107.89E-6 
 9.4E-9    -336.9E-12  1.7998     1.8001     1.8        1.8001     1.7999     1.8001     1.7999     1.8        112.94E-6 
 9.45E-9    254.9E-12  1.8002     1.8        1.7999     1.8        1.8        1.8        1.8001     1.8       -51.332E-6 
 9.5E-9    -336.7E-12  1.7999     1.8        1.8001     1.7999     1.8        1.7999     1.8        1.8        95.565E-6 
 9.55E-9    290.E-12   1.8002     1.7999     1.8        1.7999     1.8001     1.7999     1.8        1.8       -103.33E-6 
 9.6E-9    -353.3E-12  1.7998     1.8        1.8        1.8        1.8        1.8        1.7999     1.8001     139.23E-6 
 9.65E-9    320.4E-12  1.8002     1.8        1.7999     1.8        1.8        1.8001     1.8        1.8       -150.02E-6 
 9.7E-9    -363.8E-12  1.8        1.8001     1.8        1.8        1.7999     1.8001     1.8        1.8        61.53E-6  
 9.75E-9    344.6E-12  1.8001     1.8        1.8        1.8        1.8        1.8        1.8001     1.7999    -122.75E-6 
 9.8E-9    -378.7E-12  1.7999     1.7999     1.8001     1.7999     1.8        1.7999     1.7999     1.8        131.58E-6 
 9.85E-9    369.3E-12  1.8001     1.7999     1.8        1.7999     1.8001     1.8        1.8        1.8       -150.75E-6 
 9.9E-9    -395.7E-12  1.7998     1.8        1.8        1.8        1.8        1.8001     1.8        1.8001     161.93E-6 
 9.95E-9    397.2E-12  1.8002     1.8        1.7999     1.8001     1.8        1.8        1.8001     1.8       -68.91E-6  
 10.E-9    -418.3E-12  1.8        1.8001     1.8        1.8001     1.7999     1.8        1.8        1.8        35.902E-6 
 10.05E-9   0.9        1.8001     1.8        1.8        1.8        1.8        1.7999     1.8        1.7999    -78.302E-6 
 10.1E-9    1.8        1.8        1.7999     1.8001     1.7999     1.8        1.8        1.7999     1.8001     91.933E-6 
 10.15E-9   1.8        1.8        1.7999     1.8        1.7999     1.8001     1.8001     1.8        1.8       -131.28E-6 
 10.2E-9    1.8        1.7999     1.8        1.8        1.8        1.8        1.8001     1.8        1.8001     151.1E-6  
 10.25E-9   1.8        1.8        1.8        1.7999     1.8001     1.8        1.8        1.8001     1.7999    -153.14E-6 
 10.3E-9    1.8        1.8001     1.7999     1.7998     1.8        1.7999     1.7999     1.8001     1.7999    -82.409E-6 
 10.35E-9   1.8        1.8        1.8        1.8        1.8001     1.8001     1.8001     1.8        1.7999    -82.743E-6 
 10.4E-9    1.8        1.7998     1.8002     1.8002     1.8        1.8        1.8001     1.7999     1.8001     162.52E-6 
 10.45E-9   1.8        1.8        1.8003     1.8        1.7999     1.7999     1.8        1.8        1.8001     155.31E-6 
 10.5E-9    1.8        1.8001     1.7998     1.8        1.8001     1.8        1.8001     1.8001     1.8001    -57.006E-6 
 10.55E-9   1.8        1.8        1.7995     1.7998     1.8        1.8002     1.8        1.8        1.7999    -78.397E-6 
 10.6E-9    1.8        1.8001     1.803      1.7998     1.7999     1.8        1.8        1.8001     1.7999    -67.938E-6 
 10.65E-9   1.8        1.7998     1.8307     1.7998     1.8001     1.7999     1.7999     1.7999     1.7999    -60.56E-6  
 10.7E-9    1.8        1.8001     1.4181     1.8035     1.8        1.8001     1.8        1.8001     1.8       -131.E-6   
 10.75E-9   1.8        1.8002     0.14226    1.8283     1.7999     1.8001     1.8001     1.8        1.8       -73.358E-6 
 10.8E-9    1.8        1.7998     0.0063205  1.4713     1.8001     1.8        1.8        1.8001     1.7999    -60.09E-6  
 10.85E-9   1.8        1.7999     467.94E-6  0.20911    1.8        1.7999     1.8        1.8001     1.8       -101.22E-6 
 10.9E-9    1.8        1.8       -181.41E-6 -0.069764   1.7999     1.8        1.8        1.7999     1.8001     112.44E-6 
 10.95E-9   1.8        1.8001     211.54E-6  0.036192   1.7999     1.8001     1.8        1.7999     1.7999    -3.6033E-6 
 11.E-9     1.8        1.7999     68.465E-6 -59.724E-6  1.7998     1.7999     1.7999     1.7999     1.8        65.583E-6 
 11.05E-9   1.8        1.8002     151.37E-6  31.866E-6  1.8        1.8        1.8        1.8        1.8001     76.269E-6 
 11.1E-9    1.8        1.7999     94.299E-6  83.189E-6  1.8049     1.8001     1.8        1.8001     1.8001     101.1E-6  
 11.15E-9   1.8        1.8001     161.66E-6  131.13E-6  1.8093     1.7999     1.8        1.7999     1.8        47.118E-6 
 11.2E-9    1.8        1.8001     101.15E-6  18.902E-6  1.4663     1.8        1.8001     1.8001     1.7999     129.74E-6 
 11.25E-9   1.8        1.7999     81.096E-6  136.18E-6  0.66814    1.8001     1.7999     1.7999     1.8001     67.201E-6 
 11.3E-9    1.8        1.8       -111.56E-6 -4.1165E-6  0.10493    1.8        1.8        1.8        1.7999    -166.18E-6 
 11.35E-9   1.8        1.8001    -92.92E-6  -118.17E-6  0.0048903  1.7995     1.8001     1.8001     1.7999    -61.466E-6 
 11.4E-9    1.8        1.7997     153.02E-6  147.45E-6  379.42E-6  1.7997     1.7999     1.7999     1.8001     135.03E-6 
 11.45E-9   1.8        1.8002    -62.001E-6 -32.8E-6    77.993E-6  1.8029     1.8001     1.8002     1.7999    -50.196E-6 
 11.5E-9    1.8        1.8        80.824E-6  73.774E-6  9.2246E-6  1.8263     1.8        1.8        1.8        64.794E-6 
 11.55E-9   1.8        1.8001     124.91E-6  112.37E-6 -26.016E-6  1.5061     1.8001     1.8001     1.7999     114.51E-6 
 11.6E-9    1.8        1.8       -120.56E-6 -195.26E-6  97.728E-6  0.43265    1.8        1.8002     1.7999    -119.14E-6 
 11.65E-9   1.8        1.7999     460.85E-9  45.778E-6 -22.354E-6 -0.062997   1.8        1.8001     1.7999     4.8582E-6 
 11.7E-9    1.8        1.8       -35.751E-6 -104.96E-6 -49.47E-6   0.026604   1.7999     1.8        1.8       -70.076E-6 
 11.75E-9   1.8        1.8001     144.39E-6  93.706E-6 -48.249E-6  209.43E-6  1.7998     1.7999     1.7999     96.26E-6  
 11.8E-9    1.8        1.7999     57.823E-6  96.952E-6  82.721E-6  10.938E-6  1.7998     1.8        1.7999     78.579E-6 
 11.85E-9   1.8        1.8001     112.93E-6  46.186E-6 -1.7498E-6 -45.812E-6  1.8029     1.7999     1.8001     64.314E-6 
 11.9E-9    1.8        1.7999     64.537E-6  118.54E-6  11.042E-6 -82.618E-6  1.8177     1.8        1.8        109.55E-6 
 11.95E-9   1.8        1.8        59.339E-6  63.628E-6 -43.243E-6 -115.97E-6  1.6054     1.8001     1.7999     70.21E-6  
 12.E-9     1.8        1.8001    -94.446E-6 -139.2E-6   87.228E-6 -10.856E-6  0.94778    1.8        1.8       -147.88E-6 
 12.05E-9   1.8        1.8        110.18E-6  95.713E-6  43.621E-6 -61.629E-6  0.26731    1.7998     1.8001     7.8299E-6 
 12.1E-9    1.8        1.8       -87.717E-6 -92.426E-6  6.2052E-6  82.887E-6 -0.0019499  1.7996     1.7999    -44.688E-6 
 12.15E-9   1.8        1.8001    -90.941E-6 -107.03E-6  44.375E-6  104.61E-6  78.56E-6   1.8003     1.7999    -99.67E-6  
 12.2E-9    1.8        1.7999    -52.622E-6 -61.673E-6  14.455E-6  49.85E-6   86.656E-6  1.8077     1.8001    -67.022E-6 
 12.25E-9   1.8        1.7999    -53.563E-6 -56.584E-6  33.588E-6  96.487E-6  35.905E-6  1.7949     1.8001    -73.611E-6 
 12.3E-9    1.8        1.8001    -99.411E-6 -94.377E-6  48.773E-6  105.31E-6  44.975E-6  1.2485     1.7999    -31.952E-6 
 12.35E-9   1.8        1.8        108.57E-6  103.5E-6  -86.892E-6 -88.334E-6 -68.27E-6   0.32225    1.8       -40.103E-6 
 12.4E-9    1.8        1.8       -91.94E-6  -87.199E-6  29.723E-6 -19.284E-6 -42.545E-6 -0.044824   1.8       -34.466E-6 
 12.45E-9   1.8        1.7999     72.455E-6  73.522E-6 -16.424E-6 -57.608E-6 -38.53E-6   0.013934   1.7998     54.956E-6 
 12.5E-9    1.8        1.8       -55.901E-6 -96.738E-6  32.764E-6  56.454E-6  26.947E-6 -0.0044268  1.7998    -57.243E-6 
 12.55E-9   1.8        1.8001     52.365E-6  68.422E-6 -38.62E-6  -85.359E-6 -42.466E-6  0.0014535  1.8007     57.299E-6 
 12.6E-9    1.8        1.8001     123.38E-6  88.316E-6 -48.768E-6 -89.842E-6 -51.696E-6  87.916E-6  1.8074     115.92E-6 
 12.65E-9   1.8        1.8001     41.225E-6  51.93E-6  -16.209E-6 -52.745E-6 -58.931E-6 -33.33E-6   1.7961     79.746E-6 
 12.7E-9    1.8        1.7999     43.487E-6  52.456E-6 -26.86E-6  -80.548E-6 -6.8281E-6 -73.446E-6  1.3173    -63.469E-6 
 12.75E-9   1.8        1.7998     62.3E-6    98.428E-6 -5.2371E-6 -40.127E-6  3.2401E-6 -68.696E-6  0.39388    60.601E-6 
 12.8E-9    1.8        1.8002    -91.043E-6 -113.04E-6  62.035E-6  107.29E-6  43.513E-6  90.603E-6 -0.017581  -111.77E-6 
 12.85E-9   1.8        1.7997     87.961E-6  110.05E-6 -4.583E-6  -59.709E-6 -44.653E-6 -14.945E-6  103.24E-6  113.95E-6 
 12.9E-9    1.8        1.8        88.673E-6  97.385E-6 -3.5013E-6 -40.707E-6 -19.495E-6  89.507E-6  34.573E-6  74.664E-6 
 12.95E-9   1.8        1.7998     100.49E-6  64.958E-6 -24.14E-6  -69.607E-6 -25.017E-6 -22.131E-6  63.06E-6  -95.834E-6 
 13.E-9     1.8        1.8004     66.622E-6  107.03E-6 -2.8862E-6 -31.57E-6  -43.324E-6 -64.233E-6  42.817E-6 -17.657E-6 
 13.05E-9   1.8        1.802      66.509E-6  65.445E-6  7.9661E-6 -25.57E-6  -6.1711E-6 -32.29E-6   62.139E-6  811.7E-6  
 13.1E-9    1.8        1.8054    -107.49E-6 -141.02E-6  25.694E-6  59.702E-6  71.926E-6  106.99E-6 -101.46E-6 -0.004454  
 13.15E-9   1.8        1.8179     73.411E-6  4.6315E-6  5.7224E-6 -72.715E-6 -12.881E-6 -48.931E-6  11.574E-6 -0.0076883 
 13.2E-9    1.8        1.6719    -72.339E-6 -38.528E-6  1.2876E-6  50.262E-6  19.278E-6  47.983E-6 -63.717E-6  0.64962   
 13.25E-9   1.8        0.81549    66.042E-6  64.153E-6 -38.244E-6 -41.309E-6 -30.434E-6 -56.926E-6  54.498E-6  1.5983    
 13.3E-9    1.8        0.032978  -99.065E-6 -50.816E-6  34.75E-6   63.992E-6  38.084E-6  60.624E-6 -67.996E-6  1.8331    
 13.35E-9   1.8       -0.011233   76.049E-6  50.081E-6 -8.1386E-6 -37.127E-6 -10.543E-6 -35.515E-6  71.806E-6  1.7912    
 13.4E-9    1.8        0.0060375 -71.391E-6 -85.811E-6  5.1014E-6  32.611E-6  35.252E-6  72.493E-6  1.0023E-6  1.8026    
 13.45E-9   1.8       -0.0031725  56.034E-6  63.357E-6 -27.039E-6 -61.301E-6 -4.5583E-6 -70.585E-6  54.924E-6  1.7991    
 13.5E-9    1.8        0.0017195 -51.433E-6 -64.829E-6  517.05E-9  35.414E-6  6.9508E-6  38.233E-6 -61.96E-6   1.8005    
 13.55E-9   1.8       -879.29E-6  52.257E-6  97.241E-6 -2.0589E-6 -32.238E-6 -29.571E-6 -31.139E-6 -2.7967E-6  1.7997    
 13.6E-9    1.8        459.26E-6 -93.319E-6 -68.351E-6  29.75E-6   62.156E-6  3.219E-6   53.758E-6 -53.217E-6  1.8       
 13.65E-9   1.8       -332.95E-6  72.455E-6  64.575E-6 -1.3671E-6 -36.091E-6 -5.7363E-6 -68.57E-6   62.037E-6  1.8001    
 13.7E-9    1.8        188.2E-6  -73.817E-6 -98.387E-6  5.7649E-6  32.965E-6  28.957E-6  39.403E-6  2.2077E-6  1.8001    
 13.75E-9   1.8       -169.45E-6  107.76E-6  72.507E-6 -30.187E-6 -62.629E-6 -2.6183E-6 -62.008E-6  54.297E-6  1.8       
 13.8E-9    1.8        170.92E-6 -79.483E-6 -71.707E-6 -759.97E-9  36.174E-6  5.4551E-6  30.31E-6  -63.041E-6  1.7999    
 13.85E-9   1.8       -171.93E-6  75.689E-6  103.76E-6 -1.9711E-6 -33.05E-6  -29.085E-6 -27.28E-6  -40.247E-6  1.8       
 13.9E-9    1.8        168.19E-6 -58.937E-6 -73.149E-6  29.415E-6  63.617E-6  2.6517E-6  50.764E-6 -40.155E-6  1.8       
 13.95E-9   1.8       -161.64E-6  54.525E-6  68.409E-6 -1.227E-6  -36.907E-6 -5.1569E-6 -67.166E-6  46.341E-6  1.8       
 14.E-9     1.8        71.02E-6  -50.253E-6 -51.613E-6  5.7728E-6  33.658E-6  29.23E-6   38.349E-6 -65.112E-6  1.7999    
 14.05E-9   1.8       -111.53E-6  48.78E-6   46.729E-6 -30.626E-6 -69.627E-6 -2.5673E-6 -67.38E-6   72.709E-6  1.7999    
 14.1E-9    1.8        36.845E-6 -52.619E-6 -47.721E-6 -596.17E-9  39.664E-6  5.1104E-6  67.65E-6   34.61E-6   1.7999    
 14.15E-9   1.8       -92.265E-6  96.002E-6  87.61E-6  -2.1112E-6 -29.027E-6 -29.285E-6 -34.518E-6  41.926E-6  1.8001    
 14.2E-9    1.8        118.46E-6 -79.212E-6 -65.716E-6  30.099E-6  58.643E-6  2.57E-6    28.643E-6 -38.827E-6  1.8001    
 14.25E-9   1.8       -42.439E-6  75.661E-6  67.55E-6  -1.8873E-6 -32.506E-6 -5.0909E-6 -52.888E-6  58.912E-6  1.8001    
 14.3E-9    1.8        5.2539E-6 -107.45E-6 -101.47E-6  6.1638E-6  30.11E-6   29.4E-6    25.379E-6 -65.879E-6  1.7999    
 14.35E-9   1.8       -64.414E-6  83.394E-6  72.522E-6 -30.476E-6 -66.852E-6 -2.3858E-6 -23.785E-6  36.829E-6  1.7999    
 14.4E-9    1.8        99.276E-6  13.556E-6 -68.514E-6 -420.82E-9  37.887E-6  5.1504E-6  49.27E-6  -66.059E-6  1.7999    
 14.45E-9   1.8       -32.636E-6  53.695E-6  52.414E-6 -2.6376E-6 -27.711E-6 -29.658E-6 -23.359E-6  65.956E-6  1.8001    
 14.5E-9    1.8        558.73E-9 -74.153E-6 -47.925E-6  30.545E-6  57.842E-6  2.5325E-6  22.616E-6 -37.403E-6  1.8001    
 14.55E-9   1.8       -61.563E-6 -26.201E-6  49.437E-6 -4.5629E-6 -31.779E-6 -5.1311E-6 -48.577E-6  66.367E-6  1.7999    
 14.6E-9    1.8        97.596E-6 -55.811E-6 -90.08E-6   4.7414E-6  29.63E-6   34.253E-6  23.012E-6 -66.431E-6  1.7999    
 14.65E-9   1.8       -33.556E-6  78.259E-6  71.64E-6  -27.966E-6 -62.359E-6 -39.666E-6 -22.253E-6  37.286E-6  1.8       
 14.7E-9    1.8        97.288E-6  25.067E-6 -69.007E-6  1.2829E-6  38.948E-6  6.4187E-6  53.717E-6 -24.629E-6  1.8       
 14.75E-9   1.8       -31.34E-6   58.554E-6  99.639E-6 -5.4924E-6 -34.539E-6 -38.545E-6 -65.432E-6  52.231E-6  1.8001    
 14.8E-9    1.8        97.641E-6 -86.661E-6 -75.426E-6  31.058E-6  59.973E-6  40.066E-6  74.6E-6   -28.139E-6  1.8       
 14.85E-9   1.8       -126.64E-6  78.571E-6  74.573E-6  234.84E-9 -33.892E-6 -6.582E-6  -35.476E-6  60.811E-6  1.8       
 14.9E-9    1.8       -3.1169E-6 -63.398E-6 -106.97E-6  2.867E-6   34.19E-6   1.3293E-6  66.005E-6 -62.711E-6  1.7999    
 14.95E-9   1.8       -79.732E-6  47.515E-6  77.285E-6 -31.268E-6 -64.038E-6 -27.93E-6  -71.353E-6  37.7E-6    1.8       
 15.E-9     1.8        109.47E-6 -53.259E-6 -76.544E-6  5.0727E-6  33.483E-6  215.83E-9  34.42E-6  -64.728E-6  1.8       
 15.05E-9   1.8        12.065E-6  49.334E-6  108.81E-6 -5.1945E-6 -30.62E-6  -3.4517E-6 -21.695E-6  60.775E-6  1.8001    
 15.1E-9    1.8        71.655E-6 -39.205E-6 -78.961E-6  28.842E-6  63.457E-6  29.866E-6  48.374E-6 -33.89E-6   1.8       
 15.15E-9   0.9       -103.34E-6  50.043E-6  77.69E-6  -1.7613E-6 -39.615E-6 -1.3708E-6 -20.852E-6  26.429E-6  1.7999    
 15.2E-9    67.14E-12 -15.562E-6 -47.888E-6 -109.78E-6  6.146E-6   35.073E-6  6.7978E-6  19.968E-6 -49.215E-6  1.8001    
 15.25E-9  -1.7939E-9 -68.823E-6  44.975E-6  80.026E-6 -32.102E-6 -61.818E-6 -30.264E-6 -48.258E-6  55.647E-6  1.8001    
 15.3E-9    256.1E-12  114.94E-6  152.91E-6 -80.566E-6 -8.544E-6  -11.631E-6 -60.732E-6  733.98E-9 -53.238E-6  1.8       
 15.35E-9  -3.6587E-9 -30.008E-6 -80.672E-6  16.944E-6  9.4993E-6 -30.957E-6  2.7169E-6 -39.41E-6   4.5978E-6  1.8       
 15.4E-9   -4.3083E-9 -157.38E-6  145.12E-6  162.06E-6 -57.247E-6 -112.31E-6 -59.658E-6 -47.699E-6  82.601E-6  1.8002    
 15.45E-9  -2.8011E-9 -63.876E-6  100.42E-6  37.563E-6  4.9492E-6 -68.452E-6 -56.478E-6 -44.636E-6  58.492E-6  1.8       
 15.5E-9   -2.7005E-9 -59.982E-6  72.248E-6  44.057E-6  1.2998E-6  84.963E-6  82.338E-6  84.368E-6  32.221E-6  1.7999    
 15.55E-9  -3.0381E-9 -101.44E-6  13.547E-6  100.6E-6  -33.052E-6 -67.905E-6 -2.6962E-6 -23.93E-6  -4.527E-6   1.8001    
 15.6E-9   -772.2E-12  113.49E-6 -2.0891E-6 -121.99E-6  46.655E-6  99.007E-6 -58.758E-6  71.088E-6 -41.468E-6  1.8       
 15.65E-9  -2.9995E-9 -95.924E-6  37.07E-6   97.028E-6  52.82E-6  -51.455E-6 -28.374E-6 -29.116E-6  43.422E-6  1.8       
 15.7E-9   -1.9509E-9  81.346E-6  419.97E-6 -63.15E-6   24.809E-6  38.285E-6  22.951E-6  15.558E-6 -22.879E-6  1.8001    
 15.75E-9  -5.5807E-9 -105.62E-6  22.074E-6  454.25E-6 -25.078E-6 -32.516E-6 -3.3806E-6 -13.631E-6  16.556E-6  1.8001    
 15.8E-9   -3.0632E-9  76.386E-6 -0.0052994  150.47E-6 -60.656E-6  20.325E-6  5.0084E-6  46.074E-6 -37.635E-6  1.8       
 15.85E-9  -3.8468E-9 -69.287E-6 -0.018401  -0.0034823 -27.855E-6 -18.362E-6 -25.071E-6 -21.595E-6  11.58E-6   1.7999    
 15.9E-9   -2.6344E-9  106.46E-6  0.36919   -0.01378    27.898E-6  21.684E-6 -3.6022E-6  19.785E-6 -11.742E-6  1.7999    
 15.95E-9  -5.0565E-9 -76.815E-6  1.3372     0.089433   57.804E-6 -59.943E-6 -2.4451E-6 -45.242E-6  39.22E-6   1.8       
 16.E-9    -4.4198E-9 -106.34E-6  1.7854     0.97765   -28.406E-6 -83.935E-6  9.477E-6  -4.1679E-6  68.799E-6  1.8001    
 16.05E-9  -168.2E-12  110.38E-6  1.8031     1.7419     45.826E-6  72.91E-6   21.721E-6  27.082E-6 -90.856E-6  1.8       
 16.1E-9   -3.2054E-9 -83.208E-6  1.7993     1.8114     4.9141E-6  30.643E-6  8.2597E-6 -22.413E-6 -42.902E-6  1.7999    
 16.15E-9  -1.994E-9   70.381E-6  1.8002     1.7973     226.21E-6  44.485E-6  1.0568E-6  13.123E-6 -9.4765E-6  1.7999    
 16.2E-9   -4.0702E-9 -101.26E-6  1.7997     1.8006     261.51E-6 -64.414E-6 -66.376E-9 -7.8152E-6  25.176E-6  1.8001    
 16.25E-9  -203.8E-12  73.157E-6  1.8001     1.7999    -0.002515   49.733E-6  25.87E-6   11.215E-6 -44.114E-6  1.8       
 16.3E-9   -3.1137E-9 -67.803E-6  1.8        1.8001    -0.01052   -31.537E-6 -1.8103E-6 -44.567E-6  16.848E-6  1.8       
 16.35E-9  -924.4E-12  55.399E-6  1.8        1.7999     0.034953   22.731E-6  2.9464E-6  21.9E-6   -3.8642E-6  1.7999    
 16.4E-9   -1.8752E-9  108.05E-6  1.7999     1.7999     0.4379     68.567E-6 -5.459E-6   50.58E-6  -50.595E-6  1.8001    
 16.45E-9  -3.7924E-9 -115.64E-6  1.8002     1.8002     1.0912    -74.376E-6 -23.481E-6 -49.351E-6  36.357E-6  1.8001    
 16.5E-9   -1.5987E-9  1.3031E-6  1.7999     1.7999     1.5573     94.635E-6 -1.941E-6  -46.707E-6 -25.105E-6  1.8       
 16.55E-9  -4.6533E-9 -25.092E-6  1.7999     1.8001     1.7434     392.54E-6 -493.87E-9 -33.663E-6  14.082E-6  1.8       
 16.6E-9   -1.5427E-9  52.238E-6  1.7999     1.7999     1.7894    -41.955E-6 -8.0855E-6  46.533E-6 -39.643E-6  1.7999    
 16.65E-9  -2.6607E-9 -38.353E-6  1.8001     1.8001     1.7986    -0.0044791  5.4837E-6 -29.919E-6  11.001E-6  1.8       
 16.7E-9   -679.9E-12  39.822E-6  1.8001     1.7999     1.7997    -0.016958   1.672E-6   14.083E-6 -13.465E-6  1.8001    
 16.75E-9  -3.6964E-9 -77.468E-6  1.7999     1.8        1.7999     0.22067   -29.218E-6 -7.0343E-6  39.868E-6  1.8001    
 16.8E-9   -3.925E-9  -39.143E-6  1.8001     1.8001     1.7999     1.1029    -7.6684E-6 -52.261E-6  57.097E-6  1.7999    
 16.85E-9  -15.08E-12  116.08E-6  1.8001     1.7997     1.8001     1.7204     68.531E-6  48.728E-6 -42.269E-6  1.7999    
 16.9E-9   -3.3564E-9 -82.452E-6  1.7998     1.7999     1.8        1.8063     30.322E-6  47.365E-6  28.363E-6  1.8       
 16.95E-9  -1.9758E-9  84.894E-6  1.8        1.8001     1.8        1.7993     208.33E-6  33.449E-6 -48.265E-6  1.8       
 17.E-9    -3.8548E-9 -109.36E-6  1.8001     1.8        1.8        1.8001     132.16E-6 -46.704E-6  13.734E-6  1.8001    
 17.05E-9  -530.E-12   76.69E-6   1.8001     1.7999     1.8        1.7998    -0.0025223  30.017E-6 -15.119E-6  1.8       
 17.1E-9   -3.2165E-9 -69.363E-6  1.7998     1.7999     1.8        1.8       -0.010181  -13.554E-6  40.299E-6  1.7999    
 17.15E-9  -993.4E-12  56.119E-6  1.8        1.8001     1.8001     1.8        0.031117   4.9105E-6 -9.9366E-6  1.7999    
 17.2E-9   -1.6221E-9  110.64E-6  1.8002     1.7999     1.8        1.8001     0.39467    54.275E-6 -45.502E-6  1.8001    
 17.25E-9  -4.7199E-9 -123.51E-6  1.8001     1.7999     1.8        1.7999     1.0061    -99.376E-6  38.225E-6  1.8001    
 17.3E-9   -2.7425E-9  104.39E-6  1.8001     1.8002     1.7999     1.8        1.4815     330.76E-6 -24.238E-6  1.8       
 17.35E-9  -2.0512E-9  34.177E-6  1.7999     1.7999     1.7999     1.8001     1.7011     102.63E-6 -60.464E-6  1.7999    
 17.4E-9   -317.8E-12  56.334E-6  1.8002     1.8001     1.8001     1.7998     1.7737    -0.0022155 -7.3802E-6  1.8001    
 17.45E-9  -637.9E-12  99.727E-6  1.7999     1.8001     1.8        1.8        1.793     -0.0095433 -6.4748E-6  1.8001    
 17.5E-9   -718.3E-12  65.561E-6  1.8001     1.8001     1.7999     1.8001     1.7981     0.0028962 -38.521E-6  1.7999    
 17.55E-9  -1.5913E-9  70.971E-6  1.8001     1.8001     1.8001     1.7998     1.7994     0.44603   -9.5406E-6  1.8001    
 17.6E-9   -819.4E-12  102.52E-6  1.7999     1.7999     1.8        1.8001     1.7998     1.2746    -15.422E-6  1.8001    
 17.65E-9  -696.E-12   68.583E-6  1.8001     1.8001     1.7999     1.8002     1.8        1.6974    -37.845E-6  1.7999    
 17.7E-9   -1.6076E-9  75.211E-6  1.8001     1.8001     1.7999     1.7998     1.8        1.7863     472.32E-6  1.8001    
 17.75E-9  -1.3172E-9  107.21E-6  1.8001     1.8001     1.8        1.8001     1.8        1.7982     207.82E-6  1.8001    
 17.8E-9    52.63E-12  73.391E-6  1.7999     1.7999     1.8        1.8        1.8001     1.7996    -0.0015259  1.7999    
 17.85E-9  -372.4E-12 -78.584E-6  1.8        1.8        1.7999     1.7999     1.7999     1.7999    -0.0071041  1.8       
 17.9E-9   -317.5E-12  91.375E-6  1.7999     1.8001     1.8001     1.7999     1.7998     1.8       -0.010218   1.8001    
 17.95E-9  -1.2069E-9  77.754E-6  1.8001     1.7999     1.8        1.8001     1.8        1.8        0.24591    1.7999    
 18.E-9    -1.0248E-9  72.677E-6  1.8001     1.8001     1.8        1.8        1.8        1.8001     0.98773    1.8       
 18.05E-9  -1.2848E-9  93.085E-6  1.7999     1.8001     1.8001     1.7999     1.8        1.8001     1.561      1.8001    
 18.1E-9   -1.8172E-9  75.037E-6  1.8001     1.7999     1.8        1.8001     1.8        1.8001     1.7523     1.7999    
 18.15E-9  -676.7E-12  50.172E-6  1.8001     1.8001     1.7999     1.8        1.8        1.7998     1.7921     1.8       
 18.2E-9   -240.3E-12  100.98E-6  1.7999     1.8001     1.7999     1.7999     1.8        1.8        1.7987     1.8001    
 18.25E-9   152.E-12  -51.17E-6   1.8001     1.7999     1.7999     1.8001     1.8001     1.8001     1.7996     1.7999    
 18.3E-9    218.7E-12 -780.43E-6  1.8001     1.8001     1.8        1.8        1.8        1.7998     1.7998     1.7995    
 18.35E-9   175.4E-12 -0.0020365  1.7999     1.8001     1.8        1.7999     1.7999     1.8001     1.7999     1.8023    
 18.4E-9   -545.4E-12 -0.0037455  1.8001     1.7999     1.8        1.8001     1.8        1.8        1.7999     1.8305    
 18.45E-9  -26.12E-12 -0.0075742  1.8001     1.8        1.8        1.8        1.8001     1.8        1.7999     1.11      
 18.5E-9    726.5E-12 -0.0017557  1.8001     1.7999     1.7999     1.7999     1.8        1.7999     1.7999     0.0011459 
 18.55E-9   478.8E-12  0.23241    1.8001     1.7998     1.8001     1.8001     1.7999     1.8001     1.8002     176.98E-6 
 18.6E-9    236.2E-12  1.1865     1.7999     1.8002     1.8        1.8        1.7999     1.8        1.8001     74.213E-6 
 18.65E-9  -3.0712E-9  1.7867     1.8        1.8002     1.8        1.7998     1.7999     1.7999     1.8        89.35E-6  
 18.7E-9    1.7185E-9  1.8018     1.8        1.7999     1.8        1.8        1.7999     1.7999     1.8       -68.757E-6 
 18.75E-9  -2.8599E-9  1.7997     1.7999     1.8        1.8        1.8001     1.8001     1.8        1.8        27.426E-6 
 18.8E-9    1.9076E-9  1.7999     1.7999     1.8001     1.8001     1.8001     1.8        1.8001     1.7999    -75.363E-6 
 18.85E-9  -2.7483E-9  1.8001     1.8        1.7999     1.8001     1.7999     1.8        1.8001     1.7999     99.605E-6 
 18.9E-9    2.0559E-9  1.8        1.8001     1.7999     1.8        1.8        1.8        1.8        1.8       -37.957E-6 
 18.95E-9  -2.6633E-9  1.7999     1.7999     1.7999     1.8        1.8        1.8        1.7999     1.8001     97.11E-6  
 19.E-9     2.1726E-9  1.8        1.8001     1.8001     1.8        1.8001     1.8        1.7999     1.8001    -117.68E-6 
 19.05E-9  -2.6067E-9  1.7999     1.8001     1.8001     1.8        1.8        1.7999     1.8        1.7999     148.96E-6 
 19.1E-9    2.2744E-9  1.8001     1.8        1.8        1.8        1.8        1.7999     1.7999     1.7999    -157.16E-6 
 19.15E-9  -2.5616E-9  1.7999     1.7999     1.7999     1.8        1.7999     1.8        1.8        1.7999     16.158E-6 
 19.2E-9    2.3577E-9  1.8001     1.7999     1.8001     1.8        1.7999     1.8        1.8001     1.8       -95.696E-6 
 19.25E-9  -2.5504E-9  1.7998     1.8        1.7999     1.8        1.8001     1.8        1.8001     1.8        107.73E-6 
 19.3E-9    2.4066E-9  1.8002     1.8001     1.7999     1.8        1.7999     1.8001     1.8        1.8       -125.03E-6 
 19.35E-9  -2.5533E-9  1.7999     1.7999     1.8        1.8        1.8001     1.8001     1.8001     1.8        7.0301E-6 
 19.4E-9    2.4592E-9  1.8001     1.7999     1.8001     1.8        1.7999     1.8        1.7999     1.8       -73.936E-6 
 19.45E-9  -2.5522E-9  1.7999     1.8        1.8001     1.8        1.7999     1.7999     1.7999     1.8        83.747E-6 
 19.5E-9    2.5064E-9  1.8001     1.8001     1.8        1.8        1.8        1.7999     1.7999     1.8       -76.67E-6  
 19.55E-9  -2.5655E-9  1.7998     1.8001     1.7999     1.8        1.8        1.8        1.8        1.8        109.92E-6 
 19.6E-9    2.5315E-9  1.7999     1.8        1.7999     1.8        1.8001     1.8        1.7999     1.7999    -121.61E-6 
 19.65E-9  -2.5969E-9  1.7999     1.7999     1.8        1.8        1.8        1.8        1.7999     1.7999     5.5843E-6 
 19.7E-9    2.5757E-9  1.8001     1.8001     1.8001     1.8        1.7999     1.8        1.7999     1.8001    -71.953E-6 
 19.75E-9  -2.6057E-9  1.7998     1.7999     1.7999     1.8        1.8001     1.8        1.8        1.8001     81.232E-6 
 19.8E-9    2.6079E-9  1.8002     1.8001     1.8001     1.8        1.7999     1.8        1.8001     1.8001    -73.989E-6 
 19.85E-9  -2.6346E-9  1.8        1.8001     1.8001     1.8        1.7999     1.8        1.8001     1.8        110.21E-6 
 19.9E-9    2.6285E-9  1.8001     1.8        1.8        1.8001     1.8        1.8001     1.8        1.8       -127.68E-6 
 19.95E-9  -2.6619E-9  1.8        1.7999     1.7999     1.8001     1.8        1.8001     1.8001     1.8        101.13E-6 
 20.E-9     2.6616E-9  1.8        1.7999     1.7999     1.8        1.8001     1.8        1.7999     1.8       -126.96E-6 
 20.05E-9   0.9        1.7999     1.8        1.8        1.7999     1.8        1.8        1.8001     1.8        92.411E-6 
 20.1E-9    1.8        1.8        1.8001     1.8001     1.8        1.8        1.8        1.8001     1.8       -82.125E-6 
 20.15E-9   1.8        1.8001     1.7999     1.8001     1.8001     1.7999     1.8        1.8001     1.8        108.26E-6 
 20.2E-9    1.8        1.8001     1.8001     1.8        1.8        1.8        1.8        1.8        1.8       -80.048E-6 
 20.25E-9   1.8        1.7999     1.8001     1.7999     1.8        1.8        1.7999     1.7999     1.8        72.867E-6 
 20.3E-9    1.8        1.7998     1.8001     1.8001     1.8        1.8001     1.8        1.8        1.8001     113.66E-6 
 20.35E-9   1.8        1.8001     1.7999     1.7999     1.8001     1.8001     1.8001     1.8001     1.8        70.436E-6 
 20.4E-9    1.8        1.8002     1.8        1.7999     1.8002     1.8002     1.8        1.8        1.7999    -140.29E-6 
 20.45E-9   1.8        1.8        1.8002     1.8        1.8        1.8        1.7999     1.7999     1.8       -67.764E-6 
 20.5E-9    1.8        1.7999     1.7997     1.8001     1.7999     1.7999     1.8        1.8001     1.8001    -58.39E-6  
 20.55E-9   1.8        1.8        1.7991     1.8        1.7998     1.8        1.7999     1.8        1.8        159.63E-6 
 20.6E-9    1.8        1.7998     1.8028     1.7994     1.8        1.8001     1.7999     1.7999     1.7999     112.9E-6  
 20.65E-9   1.8        1.8002     1.8313     1.7998     1.8001     1.7999     1.8001     1.8002     1.8001    -115.29E-6 
 20.7E-9    1.8        1.7998     1.4124     1.8035     1.7999     1.8001     1.8        1.7999     1.8001     51.109E-6 
 20.75E-9   1.8        1.8001     0.13796    1.8284     1.8        1.8        1.7999     1.8        1.8001    -61.232E-6 
 20.8E-9    1.8        1.7999     0.0061982  1.466      1.8001     1.7999     1.8001     1.8        1.7999    -109.68E-6 
 20.85E-9   1.8        1.7999     460.05E-6  0.2043     1.8        1.8001     1.8        1.7999     1.8       -61.244E-6 
 20.9E-9    1.8        1.8       -177.28E-6 -0.068675   1.7999     1.7998     1.7999     1.8        1.8001     141.42E-6 
 20.95E-9   1.8        1.7999     208.6E-6   0.035636   1.7999     1.7999     1.7999     1.8001     1.8001    -2.9706E-6 
 21.E-9     1.8        1.8001     64.202E-6 -55.054E-6  1.7998     1.7999     1.8        1.7999     1.8        37.624E-6 
 21.05E-9   1.8        1.8002    -175.55E-6 -57.776E-6  1.7998     1.8        1.8001     1.8001     1.8       -124.55E-6 
 21.1E-9    1.8        1.7999     112.73E-6 -77.457E-6  1.8052     1.8        1.8        1.8        1.7998     96.363E-6 
 21.15E-9   1.8        1.8001    -25.643E-6 -118.34E-6  1.8144     1.8        1.7999     1.8001     1.8001    -56.297E-6 
 21.2E-9    1.8        1.7998    -74.215E-6  62.178E-6  1.464      1.7999     1.7999     1.8        1.7999    -32.923E-6 
 21.25E-9   1.8        1.8       -54.998E-6 -8.1953E-6  0.66273    1.7999     1.8        1.8001     1.7999    -107.75E-6 
 21.3E-9    1.8        1.7998     90.343E-6  69.457E-6  0.10275    1.8        1.7999     1.8        1.8        97.526E-6 
 21.35E-9   1.8        1.8        117.04E-6  53.987E-6  0.0048428  1.7998     1.7998     1.7999     1.8001     77.742E-6 
 21.4E-9    1.8        1.7999    -132.4E-6  -61.305E-6  296.94E-6  1.7994     1.8001     1.8001     1.7999    -105.89E-6 
 21.45E-9   1.8        1.8001     118.64E-6 -85.615E-6  56.415E-6  1.8035     1.8        1.7999     1.8        92.99E-6  
 21.5E-9    1.8        1.7999    -57.15E-6  -65.618E-6  76.497E-6  1.8255     1.8001     1.8001     1.7999    -33.501E-6 
 21.55E-9   1.8        1.7999    -114.66E-6 -77.714E-6  29.85E-6   1.4914     1.7999     1.8        1.8       -105.86E-6 
 21.6E-9    1.8        1.8001    -70.11E-6  -100.45E-6  39.355E-6  0.34667    1.8        1.8001     1.8       -87.705E-6 
 21.65E-9   1.8        1.8        155.15E-6  110.46E-6 -100.29E-6 -0.06729    1.8        1.8001     1.7999     125.2E-6  
 21.7E-9    1.8        1.8       -14.416E-6 -89.437E-6  34.319E-6  0.028134   1.7999     1.8        1.8        5.99E-6   
 21.75E-9   1.8        1.8001     135.75E-6  132.35E-6 -39.722E-6  246.62E-6  1.7998     1.8001     1.7999     38.785E-6 
 21.8E-9    1.8        1.7999    -40.964E-6 -43.301E-6  61.059E-6  71.87E-6   1.7996     1.7999     1.8        112.71E-6 
 21.85E-9   1.8        1.8001     72.262E-6  33.358E-6 -48.513E-6 -92.912E-6  1.8033     1.8001     1.8       -95.147E-6 
 21.9E-9    1.8        1.7999    -73.497E-6 -45.312E-6  45.414E-6  23.712E-6  1.8181     1.7999     1.8       -44.329E-6 
 21.95E-9   1.8        1.8001     63.521E-6 -108.08E-6  29.751E-6  53.384E-6  1.5917     1.8        1.8       -46.606E-6 
 22.E-9     1.8        1.8       -82.437E-6 -76.272E-6  32.587E-6  92.959E-6  0.8976     1.8        1.7999    -63.911E-6 
 22.05E-9   1.8        1.7999    -59.916E-6 -80.212E-6  53.642E-6  65.434E-6  0.20533    1.7998     1.8001    -94.276E-6 
 22.1E-9    1.8        1.8001     48.934E-6  48.863E-6  20.506E-6 -93.176E-6  0.018029   1.7997     1.7999     118.03E-6 
 22.15E-9   1.8        1.7999    -65.176E-6 -60.667E-6  2.7922E-6  105.69E-6  0.0013805  1.8004     1.8001    -36.653E-6 
 22.2E-9    1.8        1.7999     93.543E-6  41.483E-6 -22.754E-6 -23.371E-6  157.94E-6  1.8093     1.8       -118.31E-6 
 22.25E-9   1.8        1.8001    -121.76E-6 -110.01E-6  11.967E-6  32.753E-6  66.734E-6  1.7893     1.8001     97.973E-6 
 22.3E-9    1.8        1.8001    -95.562E-6 -81.965E-6  3.4707E-6  48.013E-6  59.363E-6  1.1749     1.7999    -60.594E-6 
 22.35E-9   1.8        1.7998    -72.128E-6  62.669E-6  29.25E-6   68.879E-6  49.246E-6  0.2158     1.8       -55.887E-6 
 22.4E-9    1.8        1.7998    -25.394E-6  64.302E-6 -36.425E-6 -80.402E-6 -84.259E-6 -0.038234   1.8001     103.65E-6 
 22.45E-9   1.8        1.8001    -127.69E-6 -95.32E-6   18.673E-6  76.094E-6  17.275E-6 -256.59E-6  1.7998    -64.917E-6 
 22.5E-9    1.8        1.7999     96.468E-6  24.402E-6 -36.572E-6 -18.703E-6  3.6552E-6 -63.507E-6  1.7994     70.919E-6 
 22.55E-9   1.8        1.8        46.769E-6  53.618E-6 -9.4888E-6 -73.982E-6 -44.851E-6 -38.435E-6  1.8011     27.096E-6 
 22.6E-9    1.8        1.8001     62.05E-6  -81.375E-6 -5.5942E-6 -38.176E-6 -2.8175E-6 -51.505E-6  1.8113     15.312E-6 
 22.65E-9   1.8        1.7999     111.76E-6  89.947E-6 -32.37E-6  -32.171E-6 -46.059E-6 -68.865E-6  1.758      36.762E-6 
 22.7E-9    1.8        1.8002    -122.86E-6 -130.04E-6  37.52E-6   72.439E-6  78.198E-6  73.313E-6  1.1857    -115.4E-6  
 22.75E-9   1.8        1.8001     11.599E-6  86.259E-6 -18.839E-6 -42.34E-6  -28.58E-6  -35.06E-6   0.32906    75.224E-6 
 22.8E-9    1.8        1.7999    -68.061E-6 -74.559E-6  12.823E-6  37.993E-6  19.763E-6  30.694E-6 -0.029318  -76.568E-6 
 22.85E-9   1.8        1.7996     104.93E-6  37.457E-6 -40.112E-6 -103.18E-6 -23.003E-6 -68.217E-6 -717.99E-6  32.322E-6 
 22.9E-9    1.8        1.7999    -111.52E-6 -62.638E-6  32.447E-6  76.3E-6    41.162E-6  18.143E-6 -55.656E-6 -53.664E-6 
 22.95E-9   1.8        1.8        43.682E-6  63.043E-6  14.613E-6 -69.129E-6 -46.911E-6 -19.511E-6  57.235E-6  19.4E-6   
 23.E-9     1.8        1.8005     97.935E-6 -49.863E-6 -80.482E-6 -87.499E-6 -40.647E-6 -59.754E-6  116.08E-6  136.47E-6 
 23.05E-9   1.8        1.8023     62.665E-6  41.688E-6 -27.406E-6  115.66E-6  18.37E-6  -60.789E-6 -85.526E-6  0.0010968 
 23.1E-9    1.8        1.8073    -172.25E-6 -136.25E-6  90.512E-6  89.047E-6  105.12E-6  107.79E-6 -66.999E-6 -0.01134   
 23.15E-9   1.8        1.8177     10.002E-6 -3.0751E-6  52.99E-6  -69.166E-6 -10.516E-6  29.514E-6  29.945E-6  0.096408  
 23.2E-9    1.8        1.5503     42.122E-6 -35.922E-6  13.488E-6 -32.878E-6  28.542E-6  9.1346E-6 -57.518E-6  0.95127   
 23.25E-9   1.8        0.53291    10.725E-6  64.852E-6 -21.094E-6 -41.154E-6 -32.268E-6 -31.092E-6  59.904E-6  1.7516    
 23.3E-9    1.8       -0.046185  -41.061E-6 -53.249E-6  41.043E-6  62.216E-6  31.39E-6   56.554E-6 -26.093E-6  1.8079    
 23.35E-9   1.8        0.026952   40.394E-6  59.422E-6 -13.347E-6 -46.141E-6 -7.7126E-6 -23.121E-6  17.447E-6  1.7996    
 23.4E-9    1.8       -0.014443  -47.345E-6 -98.204E-6  4.1358E-6  36.724E-6  6.407E-6   16.087E-6 -52.128E-6  1.7999    
 23.45E-9   1.8        0.0079244  89.929E-6  72.04E-6  -3.1754E-6 -29.277E-6 -30.291E-6 -10.123E-6  21.127E-6  1.8       
 23.5E-9    1.8       -0.0042988 -75.065E-6  23.446E-6  7.2013E-6  69.363E-6  2.6103E-6  13.668E-6 -15.788E-6  1.8001    
 23.55E-9   1.8        0.0024     74.037E-6  46.582E-6 -37.926E-6 -41.76E-6  -4.7578E-6 -52.409E-6  52.16E-6   1.8       
 23.6E-9    1.8       -0.0013356 -105.14E-6 -75.818E-6  9.9629E-6  33.913E-6  28.102E-6  17.743E-6 -20.874E-6  1.8       
 23.65E-9   1.8        780.15E-6 -9.9288E-6  69.947E-6 -14.98E-6  -71.863E-6 -1.6134E-6 -13.284E-6  21.074E-6  1.8       
 23.7E-9    1.8       -505.02E-6 -73.462E-6 -56.997E-6  40.831E-6  43.338E-6  4.0723E-6  13.215E-6 -51.722E-6  1.8       
 23.75E-9   1.8        347.45E-6  87.63E-6   49.031E-6 -8.9245E-6 -34.767E-6 -27.643E-6 -51.912E-6  56.084E-6  1.8001    
 23.8E-9    1.8       -212.96E-6 -75.772E-6 -51.647E-6  11.828E-6  73.385E-6  1.4318E-6  17.044E-6 -23.826E-6  1.7999    
 23.85E-9   1.8        124.01E-6  70.698E-6  43.433E-6 -1.5592E-6 -44.376E-6 -3.7534E-6 -18.278E-6  15.307E-6  1.8001    
 23.9E-9    1.8       -65.453E-6 -104.13E-6 -43.865E-6  3.6763E-6  35.626E-6  27.564E-6  52.579E-6 -10.233E-6  1.7999    
 23.95E-9   1.8        22.019E-6  83.59E-6   52.368E-6 -7.3762E-6 -74.228E-6 -1.2094E-6 -17.442E-6  54.726E-6  1.7999    
 24.E-9     1.8        30.114E-6 -77.984E-6 -94.053E-6  39.009E-6  45.03E-6   3.82E-6    18.273E-6 -61.832E-6  1.7999    
 24.05E-9   1.8       -64.361E-6  110.8E-6   70.239E-6 -13.226E-6 -36.01E-6  -27.698E-6 -52.592E-6  22.599E-6  1.8       
 24.1E-9    1.8        104.05E-6  7.1784E-6  25.232E-6  14.027E-6  27.817E-6  1.2678E-6  17.338E-6 -20.109E-6  1.8001    
 24.15E-9   1.8       -34.466E-6  69.227E-6  46.46E-6  -37.919E-6 -69.916E-6 -3.7366E-6 -18.224E-6  50.156E-6  1.8001    
 24.2E-9    1.8        3.0948E-6 -90.338E-6 -70.046E-6  11.002E-6  42.093E-6  28.042E-6  53.063E-6 -54.783E-6  1.7999    
 24.25E-9   1.8       -61.81E-6  -16.487E-6 -33.292E-6 -15.325E-6 -34.637E-6 -1.2291E-6 -17.278E-6  27.647E-6  1.7999    
 24.3E-9    1.8        98.356E-6 -61.912E-6 -58.828E-6  41.716E-6  27.188E-6  3.8381E-6  18.51E-6  -16.236E-6  1.7999    
 24.35E-9   1.8       -34.223E-6  79.581E-6  77.401E-6 -10.095E-6 -69.672E-6 -28.162E-6 -10.075E-6  44.209E-6  1.8001    
 24.4E-9    1.8        98.044E-6  24.15E-6   27.176E-6  13.01E-6   42.309E-6  1.3087E-6  45.202E-6 -20.523E-6  1.8001    
 24.45E-9   1.8       -32.13E-6   56.312E-6  53.847E-6 -6.9045E-6 -34.893E-6 -3.8045E-6 -23.101E-6  53.465E-6  1.8001    
 24.5E-9    1.8        98.518E-6 -85.947E-6 -83.042E-6  39.422E-6  27.381E-6  28.461E-6  20.436E-6 -55.672E-6  1.7999    
 24.55E-9   1.8       -75.527E-6  78.43E-6  -20.333E-6 -10.659E-6 -18.081E-6 -1.2205E-6 -46.997E-6  28.075E-6  1.7999    
 24.6E-9    1.8       -27.992E-6 -63.775E-6 -52.933E-6 -56.687E-6  18.143E-6  3.9196E-6  14.104E-6 -16.006E-6  1.8001    
 24.65E-9   1.8       -53.346E-6  54.024E-6  81.138E-6 -23.204E-6 -23.565E-6 -28.669E-6 -14.763E-6  44.863E-6  1.8001    
 24.7E-9    1.8        88.296E-6 -53.815E-6 -73.256E-6  32.331E-6  17.253E-6  1.3011E-6  50.441E-6 -20.689E-6  1.8       
 24.75E-9   1.8        23.331E-6  44.642E-6  58.918E-6 -14.001E-6 -19.375E-6 -3.8632E-6 -20.741E-6  12.743E-6  1.7999    
 24.8E-9    1.8        60.125E-6 -44.336E-6 -49.601E-6  4.4488E-6  24.976E-6  28.972E-6  19.208E-6 -42.059E-6  1.7999    
 24.85E-9   1.8       -93.21E-6   48.231E-6  54.912E-6 -4.4315E-6 -18.579E-6 -1.2534E-6 -44.826E-6  19.471E-6  1.8       
 24.9E-9    1.8       -21.424E-6 -41.765E-6 -94.818E-6  8.3672E-6  20.677E-6  4.0689E-6  12.746E-6 -16.767E-6  1.8001    
 24.95E-9   1.8       -62.539E-6  42.922E-6  69.342E-6 -1.5551E-6 -26.176E-6 -29.089E-6 -13.726E-6  40.443E-6  1.8001    
 25.E-9     1.8        95.988E-6 -50.884E-6  25.353E-6  3.7542E-6  19.845E-6  1.307E-6   55.275E-6 -47.996E-6  1.7999    
 25.05E-9   1.8        21.045E-6  93.993E-6  45.756E-6 -8.0136E-6 -21.783E-6 -4.0564E-6 -59.715E-6  22.323E-6  1.7999    
 25.1E-9    1.8        11.614E-6 -70.913E-6 -69.182E-6  1.8376E-6  27.487E-6  33.877E-6  27.236E-6 -17.258E-6  1.8001    
 25.15E-9   0.9       -63.072E-6 -22.533E-6 -33.836E-6 -4.0456E-6 -20.825E-6 -1.965E-6  -20.868E-6  40.905E-6  1.8001    
 25.2E-9    3.4391E-9  51.634E-6 -47.63E-6  -58.546E-6  8.2849E-6  22.599E-6  36.391E-6  46.834E-6 -48.377E-6  1.8       
 25.25E-9  -5.1612E-9 -50.278E-6  77.096E-6  77.087E-6 -2.11E-6   -31.226E-6 -38.28E-6  -18.118E-6  22.213E-6  1.7999    
 25.3E-9    3.6078E-9 -121.31E-6  157.28E-6 -52.869E-6 -59.63E-6   140.19E-6 -46.292E-6 -13.252E-6  17.19E-6   1.8       
 25.35E-9  -7.0202E-9  85.773E-6 -92.144E-6  124.47E-6 -23.377E-6 -86.564E-6 -14.184E-6 -8.4684E-6  10.846E-6  1.8       
 25.4E-9   -7.6862E-9 -106.27E-6  148.06E-6  110.98E-6 -74.068E-6 -72.16E-6  -55.635E-6 -84.342E-6  28.481E-6  1.7999    
 25.45E-9  -6.198E-9  -70.273E-6  107.12E-6  35.484E-6  94.826E-6 -7.5461E-6 -5.4514E-6 -12.122E-6  36.938E-6  1.7999    
 25.5E-9   -6.0889E-9 -75.578E-6 -69.139E-6  29.668E-6 -24.396E-6 -16.007E-6  12.622E-6 -1.3263E-6  7.6724E-6  1.7999    
 25.55E-9  -6.405E-9  -88.714E-6  66.578E-6  101.26E-6 -46.342E-6 -63.462E-6 -29.126E-6 -49.296E-6  32.714E-6  1.8001    
 25.6E-9   -6.5557E-9 -49.177E-6 -23.278E-6  65.109E-6 -15.699E-6 -42.33E-6  -9.5731E-6 -16.075E-6  9.0447E-6  1.7999    
 25.65E-9   2.7994E-9  133.77E-6 -54.604E-6 -174.53E-6  85.125E-6  124.91E-6  68.428E-6  78.58E-6  -79.974E-6  1.8001    
 25.7E-9   -7.7639E-9 -87.096E-6  317.69E-6  49.615E-6  57.22E-6   24.336E-6 -14.315E-6 -32.712E-6  21.415E-6  1.7999    
 25.75E-9   207.1E-12  72.465E-6  176.45E-6  356.3E-6   9.6483E-6 -63.547E-6  19.247E-6  33.386E-6 -13.869E-6  1.8001    
 25.8E-9   -8.8312E-9 -104.6E-6  -0.00542    99.303E-6 -24.059E-6 -1.7353E-6 -31.371E-6 -52.101E-6  44.491E-6  1.7999    
 25.85E-9   1.9429E-9  71.491E-6 -0.018242  -0.0034363  4.3883E-6  32.198E-6  2.1973E-6  19.919E-6 -11.625E-6  1.8001    
 25.9E-9   -8.422E-9  -55.865E-6  0.3635    -0.014167  -6.9847E-6 -28.848E-6 -4.4892E-6 -17.656E-6  5.0455E-6  1.8001    
 25.95E-9   708.6E-12  89.971E-6  1.3312     0.095426   37.156E-6  31.081E-6 -4.7873E-6  52.28E-6  -33.405E-6  1.8001    
 26.E-9     1.387E-9   125.64E-6  1.7852     0.99338    60.576E-6  25.339E-6  53.608E-6  66.255E-6 -7.5106E-6  1.7999    
 26.05E-9  -5.9591E-9 -114.62E-6  1.803      1.7472    -40.214E-6 -57.395E-6 -19.448E-6 -101.14E-6  62.951E-6  1.8       
 26.1E-9    2.551E-9   82.903E-6  1.7994     1.8105    -25.956E-6 -51.671E-6  9.3425E-6 -39.938E-6 -18.191E-6  1.8001    
 26.15E-9  -7.8053E-9 -64.66E-6   1.8        1.7983     289.57E-6 -6.8581E-6 -13.329E-6 -11.429E-6  21.701E-6  1.7999    
 26.2E-9    1.7613E-9  48.729E-6  1.8001     1.8005     145.64E-6  35.971E-6  34.043E-6  29.091E-6 -40.263E-6  1.8       
 26.25E-9  -6.008E-9  -80.779E-6  1.8        1.7996    -0.002471  -24.144E-6 -3.3024E-6 -9.2892E-6  9.0115E-6  1.7999    
 26.3E-9    2.6849E-9  54.071E-6  1.7999     1.8001    -0.01087    28.128E-6  6.3416E-6  10.177E-6 -8.6397E-6  1.8001    
 26.35E-9  -6.7587E-9 -50.156E-6  1.8001     1.8        0.038173  -71.272E-6 -590.79E-9 -41.748E-6  42.365E-6  1.7999    
 26.4E-9   -7.6981E-9 -75.775E-6  1.8001     1.8001     0.44924   -22.465E-6 -34.795E-6 -12.48E-6   47.703E-6  1.8001    
 26.45E-9   2.0438E-9  78.029E-6  1.7999     1.7998     1.1018     116.38E-6  36.926E-6  77.194E-6 -33.976E-6  1.8       
 26.5E-9   -7.4484E-9 -70.241E-6  1.7999     1.8002     1.5628     61.206E-6 -17.332E-6 -31.883E-6  22.62E-6   1.7999    
 26.55E-9   1.1744E-9  58.254E-6  1.8001     1.8001     1.7449     314.19E-6  5.4715E-6  33.345E-6 -11.857E-6  1.8001    
 26.6E-9   -7.3532E-9 -93.323E-6  1.8        1.8001     1.7898     41.173E-6 -31.476E-6 -53.48E-6   38.402E-6  1.8001    
 26.65E-9   3.1839E-9  63.523E-6  1.7999     1.7999     1.7985    -0.0047802  3.3173E-6  20.426E-6 -9.6665E-6  1.8001    
 26.7E-9   -6.5391E-9 -50.425E-6  1.7999     1.8001     1.7998    -0.016851  -9.066E-6  -17.96E-6   9.6426E-6  1.7999    
 26.75E-9   2.1391E-9  88.207E-6  1.8002     1.8001     1.7999     0.23358    34.656E-6  5.1333E-6 -2.4059E-6  1.8001    
 26.8E-9    2.0069E-9  88.51E-6   1.7999     1.7999     1.8        1.1251     5.9555E-6  68.4E-6   -42.643E-6  1.7999    
 26.85E-9  -5.8994E-9 -87.525E-6  1.7999     1.8        1.7999     1.7279    -76.09E-6  -42.365E-6  44.765E-6  1.8       
 26.9E-9    2.4802E-9  78.164E-6  1.8002     1.8001     1.8        1.8055     70.965E-6 -54.876E-6 -25.213E-6  1.8001    
 26.95E-9  -7.8993E-9 -64.159E-6  1.8        1.7998     1.7999     1.7995     301.94E-6  3.8076E-6  10.352E-6  1.7999    
 27.E-9     2.1145E-9  47.744E-6  1.8001     1.8        1.8        1.7999     20.364E-6  24.487E-6 -40.702E-6  1.7999    
 27.05E-9  -6.4472E-9 -88.203E-6  1.7998     1.7999     1.7999     1.8001    -0.0025308 -9.8541E-6  9.5626E-6  1.7999    
 27.1E-9    2.7401E-9  59.443E-6  1.7999     1.8002     1.7999     1.8       -0.010615   11.26E-6  -4.4096E-6  1.8001    
 27.15E-9  -6.9652E-9 -48.079E-6  1.7999     1.8001     1.7999     1.7999     0.035546  -8.2439E-6  39.125E-6  1.7999    
 27.2E-9   -7.6524E-9 -100.33E-6  1.8001     1.7999     1.7999     1.7999     0.41074   -8.1566E-6  48.389E-6  1.7999    
 27.25E-9  -8.1787E-9 -54.304E-6  1.7999     1.7998     1.8        1.8        1.0352    -3.1561E-6  19.912E-6  1.7999    
 27.3E-9   -8.7873E-9 -26.987E-6  1.7998     1.8001     1.8002     1.8002     1.4993     470.33E-6 -3.3814E-6  1.7999    
 27.35E-9  -8.0574E-9 -44.151E-6  1.8001     1.7999     1.8        1.8        1.7075     212.23E-6  40.6E-6    1.7999    
 27.4E-9   -6.453E-9  -103.6E-6   1.7999     1.7998     1.8        1.8        1.7755    -0.0022419  13.794E-6  1.8001    
 27.45E-9  -6.8167E-9 -40.194E-6  1.8001     1.8001     1.8        1.8001     1.7935    -0.0098025  93.294E-9  1.7999    
 27.5E-9   -6.9659E-9 -8.0208E-6  1.7999     1.7999     1.8        1.7999     1.7983     0.0063181  45.839E-6  1.7999    
 27.55E-9  -7.8601E-9 -29.001E-6  1.7999     1.7999     1.8        1.8        1.7993     0.47092    8.777E-6   1.8001    
 27.6E-9   -7.1231E-9 -56.868E-6  1.7999     1.7999     1.8        1.8        1.7997     1.2966     3.8037E-6  1.7999    
 27.65E-9  -7.0942E-9 -95.507E-6  1.7999     1.7999     1.8        1.8001     1.7999     1.7034     73.526E-6  1.7999    
 27.7E-9   -8.0295E-9 -60.25E-6   1.7999     1.7999     1.8        1.7999     1.7999     1.7872     204.38E-6  1.7999    
 27.75E-9  -7.7287E-9 -67.665E-6  1.7999     1.7999     1.8        1.8001     1.8        1.7984     74.835E-6  1.8001    
 27.8E-9   -6.4941E-9 -101.61E-6  1.8001     1.7999     1.8002     1.8001     1.8001     1.7998    -0.0017626  1.7999    
 27.85E-9  -6.9929E-9 -65.927E-6  1.7999     1.8001     1.8        1.8001     1.8001     1.7999    -0.0075081  1.7999    
 27.9E-9   -7.0123E-9  75.863E-6  1.8001     1.7999     1.8        1.8001     1.7999     1.7999    -0.0089467  1.8001    
 27.95E-9  -7.955E-9  -87.061E-6  1.7999     1.7999     1.8001     1.8001     1.8001     1.7999     0.26514    1.7999    
 28.E-9    -7.8366E-9 -75.489E-6  1.7999     1.7999     1.7999     1.8001     1.8001     1.7999     1.0126     1.7999    
 28.05E-9  -8.2137E-9 -1.0758E-6  1.8001     1.7999     1.8        1.8001     1.8001     1.8002     1.5722     1.7999    
 28.1E-9   -8.8081E-9  279.58E-6  1.7999     1.7999     1.8001     1.8001     1.8        1.8        1.7548     1.8001    
 28.15E-9  -7.6811E-9  228.76E-6  1.7999     1.7999     1.7999     1.7999     1.8        1.8        1.7925     1.7999    
 28.2E-9   -7.4166E-9  32.301E-6  1.8001     1.8001     1.8        1.8        1.8        1.8002     1.7987     1.7999    
 28.25E-9  -7.1342E-9 -189.23E-6  1.7999     1.7999     1.8        1.8001     1.8        1.7999     1.7997     1.7999    
 28.3E-9   -7.1315E-9 -657.51E-6  1.7999     1.7999     1.8        1.7999     1.8002     1.8        1.7999     1.7991    
 28.35E-9  -7.2687E-9 -0.0019369  1.7999     1.7999     1.8        1.8        1.8        1.8002     1.8        1.8026    
 28.4E-9   -8.0895E-9 -0.003656   1.8001     1.8001     1.8        1.8001     1.8        1.7999     1.8        1.8257    
 28.45E-9   3.192E-9  -0.0078447  1.8        1.8        1.8        1.8        1.8001     1.8        1.7999     1.099     
 28.5E-9   -6.8625E-9  0.0045887  1.7999     1.7999     1.8        1.8001     1.8001     1.8001     1.8        0.10211   
 28.55E-9   3.6637E-9  0.3096     1.8001     1.8001     1.8        1.7999     1.8        1.8        1.7999    -0.043287  
 28.6E-9   -7.4992E-9  1.176      1.8        1.8        1.8        1.8001     1.8        1.8        1.8001     0.022102  
 28.65E-9   4.6929E-9  1.7804     1.8001     1.8001     1.8001     1.7999     1.8        1.7999     1.7999    -0.011317  
 28.7E-9   -6.0529E-9  1.8035     1.7999     1.7999     1.8001     1.8001     1.8        1.8001     1.7999     0.0058784 
 28.75E-9   4.962E-9   1.7992     1.8001     1.8001     1.8        1.7999     1.8        1.7999     1.7999    -0.0030316 
 28.8E-9   -5.9428E-9  1.8002     1.7999     1.7999     1.7999     1.8001     1.8        1.8001     1.8001     0.001561  
 28.85E-9   5.1258E-9  1.7997     1.8001     1.8001     1.7999     1.7999     1.8001     1.7999     1.8001    -795.E-6   
 28.9E-9   -5.8473E-9  1.8001     1.7999     1.7999     1.8        1.7999     1.8001     1.8001     1.8        387.91E-6 
 28.95E-9   5.2667E-9  1.7999     1.7999     1.8001     1.8        1.7999     1.8        1.7999     1.7999    -297.05E-6 
 29.E-9    -5.7733E-9  1.8        1.7999     1.7999     1.8        1.8001     1.8        1.8001     1.7999     225.65E-6 
 29.05E-9   5.3871E-9  1.8        1.8001     1.8001     1.8        1.7999     1.8        1.7999     1.8       -103.7E-6  
 29.1E-9   -5.7323E-9  1.7999     1.7999     1.7999     1.8        1.8001     1.7999     1.8001     1.8001     37.248E-6 
 29.15E-9   5.4701E-9  1.8001     1.8001     1.8001     1.8        1.7999     1.7999     1.7999     1.8001    -81.385E-6 
 29.2E-9   -5.7214E-9  1.7999     1.7999     1.7999     1.8        1.8001     1.8        1.8001     1.8        14.924E-6 
 29.25E-9   5.5374E-9  1.8001     1.8001     1.8001     1.8001     1.7999     1.8        1.8001     1.7999     5.1383E-6 
 29.3E-9   -5.7059E-9  1.7999     1.7999     1.8001     1.8001     1.8001     1.8        1.8001     1.7999     52.812E-6 
 29.35E-9   5.5969E-9  1.8001     1.8001     1.8001     1.8        1.7999     1.8001     1.8        1.8       -77.477E-6 
 29.4E-9   -5.7017E-9  1.7999     1.7999     1.7999     1.8        1.8001     1.8001     1.8001     1.8001     26.89E-6  
 29.45E-9   5.6374E-9  1.8001     1.7999     1.7999     1.8        1.8001     1.8        1.7999     1.8001    -83.515E-6 
 29.5E-9   -5.7177E-9  1.7999     1.7999     1.7999     1.8        1.8001     1.8        1.8001     1.8        100.82E-6 
 29.55E-9   5.6758E-9  1.8001     1.8001     1.8001     1.8        1.7999     1.8        1.7999     1.7999     10.717E-6 
 29.6E-9   -5.7285E-9  1.7999     1.7999     1.7999     1.8        1.8001     1.8        1.7999     1.7999     63.397E-6 
 29.65E-9   5.7053E-9  1.8001     1.8001     1.8001     1.8        1.7999     1.8        1.7999     1.8       -79.731E-6 
 29.7E-9   -5.7469E-9  1.7999     1.7999     1.7999     1.8        1.8001     1.8        1.8        1.7999    -20.096E-6 
 29.75E-9   5.7416E-9  1.8001     1.7999     1.8001     1.8        1.7999     1.8001     1.7999     1.8       -53.313E-6 
 29.8E-9   -5.7733E-9  1.7999     1.7999     1.8001     1.8        1.8001     1.8001     1.8        1.8        72.093E-6 
 29.85E-9   5.7676E-9  1.8001     1.8001     1.8001     1.8        1.7999     1.8        1.8001     1.8        23.771E-6 
 29.9E-9   -5.802E-9   1.7999     1.7999     1.7999     1.8        1.8001     1.7999     1.8001     1.8        49.813E-6 
 29.95E-9   5.8013E-9  1.8001     1.8001     1.8001     1.8        1.7999     1.7999     1.8        1.8       -69.199E-6 
 30.E-9    -5.8197E-9  1.8        1.7999     1.8001     1.7999     1.8001     1.8        1.8001     1.8        68.316E-6 
