#Time       v(a0)      v(sum7)    v(sum0)    v(sum1)    v(sum2)    v(sum3)    v(sum4)    v(sum5)    v(sum6)    v(cout)   
 0.        -62.E-15    1.8        1.8        1.8        1.8        1.8        1.8        1.8        1.8        10.552E-9 
 50.E-12    0.9        1.8001     1.8        1.7999     1.8001     1.8        1.8001     1.8        1.8       -151.31E-6 
 100.E-12   1.8        1.8        1.7999     1.7999     1.8001     1.8001     1.8001     1.8        1.8       -89.657E-6 
 150.E-12   1.8        1.7999     1.8002     1.8001     1.7999     1.7998     1.7999     1.8        1.8        131.26E-6 
 200.E-12   1.8        1.7999     1.8002     1.8001     1.7999     1.7998     1.7999     1.8        1.8        96.591E-6 
 250.E-12   1.8        1.8001     1.7998     1.7998     1.8001     1.8002     1.8001     1.8        1.8       -113.78E-6 
 300.E-12   1.8        1.7999     1.8        1.8001     1.8001     1.8        1.8001     1.8        1.8        80.799E-6 
 350.E-12   1.8        1.8001     1.8        1.7999     1.8        1.8        1.8        1.8        1.8       -111.08E-6 
 400.E-12   1.8        1.7999     1.8001     1.8001     1.7999     1.7999     1.8        1.8        1.8        97.818E-6 
 450.E-12   1.8        1.8001     1.8001     1.7998     1.8        1.8001     1.8        1.8        1.8       -99.203E-6 
 500.E-12   1.8        1.7999     1.7998     1.8002     1.8        1.8        1.8        1.8        1.8        111.63E-6 
 550.E-12   1.8        1.8001     1.7995     1.7999     1.8001     1.8001     1.8001     1.8        1.8       -120.6E-6  
 600.E-12   1.8        1.7999     1.8023     1.7999     1.8001     1.8        1.8        1.8        1.8        113.56E-6 
 650.E-12   1.8        1.8001     1.8276     1.7998     1.8        1.7999     1.8        1.8        1.8       -111.14E-6 
 700.E-12   1.8        1.7999     1.4089     1.8021     1.7999     1.7999     1.7999     1.8        1.8        71.011E-6 
 750.E-12   1.8        1.8001     0.28835    1.8219     1.8        1.8        1.8        1.8        1.8       -97.899E-6 
 800.E-12   1.8        1.7999    -0.090791   1.5773     1.8        1.8001     1.8        1.8        1.8        92.269E-6 
 850.E-12   1.8        1.8001     0.048154   0.51855    1.8001     1.8001     1.8001     1.8        1.8       -95.421E-6 
 900.E-12   1.8        1.7999    -0.025264  -0.065369   1.8        1.8001     1.8        1.8        1.8        58.968E-6 
 950.E-12   1.8        1.8001     0.013719   0.034746   1.7999     1.7999     1.8        1.8        1.8       -88.397E-6 
 1.E-9      1.8        1.7999    -0.0074312 -0.018027   1.7998     1.7999     1.7999     1.8        1.8        85.023E-6 
 1.05E-9    1.8        1.8001     0.0040729  0.0095635  1.7997     1.8001     1.8        1.8        1.8       -90.098E-6 
 1.1E-9     1.8        1.7999    -0.0022412 -0.0050622  1.8025     1.8        1.8        1.8        1.8        54.734E-6 
 1.15E-9    1.8        1.8001     0.0012568  0.0027067  1.8179     1.7999     1.8001     1.8        1.8       -85.949E-6 
 1.2E-9     1.8        1.7999    -814.66E-6 -0.0014524  1.6291     1.7999     1.8        1.8        1.8        83.607E-6 
 1.25E-9    1.8        1.8001     538.45E-6  792.93E-6  0.99664    1.8001     1.7999     1.8        1.8       -95.85E-6  
 1.3E-9     1.8        1.7999    -367.E-6   -546.52E-6  0.26912    1.8        1.8        1.8        1.8        57.497E-6 
 1.35E-9    1.8        1.8001     244.42E-6  365.39E-6 -0.012155   1.7998     1.8        1.8        1.8       -72.079E-6 
 1.4E-9     1.8        1.7999    -158.09E-6 -251.74E-6  0.0024976  1.7997     1.8        1.8        1.8        75.307E-6 
 1.45E-9    1.8        1.8001     95.846E-6  169.82E-6 -526.36E-6  1.8009     1.7999     1.8        1.8       -44.13E-6  
 1.5E-9     1.8        1.7999    -49.586E-6 -113.98E-6  90.772E-6  1.8141     1.8        1.8        1.8        77.633E-6 
 1.55E-9    1.8        1.8002     14.391E-6  74.13E-6  -8.1889E-6  1.6999     1.8        1.8        1.8       -77.744E-6 
 1.6E-9     1.8        1.8002    -44.192E-6  4.3456E-6  43.071E-6  0.85306    1.8001     1.8        1.8       -61.597E-6 
 1.65E-9    1.8        1.8002    -79.201E-6 -23.509E-6  42.363E-6  0.014617   1.8        1.8        1.8       -35.235E-6 
 1.7E-9     1.8        1.8001    -101.28E-6 -40.663E-6  42.26E-6   578.79E-6  1.8        1.8        1.8       -76.683E-6 
 1.75E-9    1.8        1.7999    -118.18E-6 -50.413E-6  43.083E-6  4.6025E-6  1.7999     1.8        1.8       -54.583E-6 
 1.8E-9     1.8        1.7998     169.17E-6  75.291E-6 -78.062E-6  93.874E-6  1.7998     1.7999     1.8        108.04E-6 
 1.85E-9    1.8        1.8001    -159.4E-6  -71.239E-6  54.301E-6  9.3332E-6  1.8012     1.8001     1.8       -64.707E-6 
 1.9E-9     1.8        1.8        165.53E-6  74.334E-6 -56.496E-6 -3.9294E-6  1.811      1.7999     1.8        39.589E-6 
 1.95E-9    1.8        1.8001    -165.44E-6 -74.529E-6  53.344E-6  26.266E-6  1.7217     1.8001     1.8       -50.584E-6 
 2.E-9      1.8        1.7999     167.64E-6  75.915E-6 -53.273E-6 -26.077E-6  1.2641     1.7999     1.8        65.608E-6 
 2.05E-9    1.8        1.8       -168.64E-6 -76.219E-6  52.627E-6  38.557E-6  0.51531    1.8001     1.8       -33.101E-6 
 2.1E-9     1.8        1.7999     170.09E-6  77.307E-6 -52.435E-6 -42.259E-6  0.057354   1.7996     1.8        53.779E-6 
 2.15E-9    1.8        1.8001    -171.76E-6 -78.714E-6  52.564E-6  50.68E-6  -0.0044426  1.7997     1.8       -18.506E-6 
 2.2E-9     1.8        1.8        173.66E-6  79.571E-6 -52.573E-6 -56.169E-6  589.E-6    1.8024     1.8        7.8772E-6 
 2.25E-9    1.8        1.7999    -175.49E-6 -80.328E-6  52.853E-6  62.151E-6 -110.84E-6  1.8197     1.8       -30.749E-6 
 2.3E-9     1.8        1.7999     177.32E-6  81.412E-6 -53.018E-6 -66.775E-6  19.961E-6  1.6117     1.8        52.148E-6 
 2.35E-9    1.8        1.8001    -178.82E-6 -82.5E-6    53.372E-6  71.364E-6  12.346E-6  0.84665    1.8       -24.029E-6 
 2.4E-9     1.8        1.8        180.81E-6  83.566E-6 -53.746E-6 -74.963E-6 -15.507E-6  0.11364    1.8        47.656E-6 
 2.45E-9    1.8        1.7999    -183.21E-6 -84.49E-6   54.112E-6  78.582E-6  26.453E-6 -0.02614    1.7999    -13.754E-6 
 2.5E-9     1.8        1.7999     90.55E-6   85.19E-6  -54.345E-6 -81.473E-6 -25.905E-6  0.0079943  1.7996     4.3163E-6 
 2.55E-9    1.8        1.8001    -125.11E-6 -86.106E-6  54.977E-6  84.273E-6  31.085E-6 -0.0025157  1.7998    -29.262E-6 
 2.6E-9     1.8        1.8        130.04E-6  87.282E-6 -55.581E-6 -86.645E-6 -32.635E-6  821.28E-6  1.8028     51.749E-6 
 2.65E-9    1.8        1.8001    -141.95E-6 -87.912E-6  56.33E-6   89.123E-6  35.582E-6 -338.14E-6  1.8191    -26.214E-6 
 2.7E-9     1.8        1.7999    -141.77E-6 -78.959E-6  56.424E-6  83.205E-6  40.08E-6  -21.04E-6   1.6465    -50.665E-6 
 2.75E-9    1.8        1.8001    -158.9E-6  -82.646E-6  55.149E-6  89.753E-6  40.365E-6  11.591E-6  0.86546   -62.836E-6 
 2.8E-9     1.8        1.8       -175.56E-6 -88.075E-6 -41.013E-6  96.322E-6  42.295E-6  20.249E-6  0.1008    -5.3012E-6 
 2.85E-9    1.8        1.7998     247.37E-6  122.56E-6 -70.261E-6 -145.89E-6 -80.806E-6 -36.453E-6 -0.017542   38.308E-6 
 2.9E-9     1.8        1.7998    -71.657E-6 -113.29E-6  45.861E-6  127.87E-6 -17.875E-6  29.834E-6  0.0044035 -47.213E-6 
 2.95E-9    1.8        1.8        39.06E-6   117.19E-6  14.359E-6 -40.722E-6 -41.992E-6 -30.351E-6 -0.0011473  28.66E-6  
 3.E-9      1.8        1.7999    -76.672E-6 -116.8E-6   39.537E-6  78.828E-6  37.28E-6   30.447E-6  313.56E-6 -33.34E-6  
 3.05E-9    1.8        1.8009     99.07E-6   117.62E-6 -43.983E-6 -83.823E-6 -45.133E-6 -30.881E-6 -127.8E-6   61.298E-6 
 3.1E-9     1.8        1.8028    -119.43E-6 -117.17E-6  52.744E-6  94.452E-6  44.924E-6  31.617E-6  52.313E-6  0.0010198 
 3.15E-9    0.9        1.8092     136.44E-6  117.43E-6 -55.392E-6 -99.765E-6 -46.856E-6 -32.002E-6 -24.564E-6 -0.012904  
 3.2E-9    -3.5141E-9  1.8039    -151.06E-6 -118.23E-6 -14.003E-6  105.23E-6  47.657E-6  32.723E-6  13.288E-6  0.14292   
 3.25E-9   -3.494E-9   1.3701     163.38E-6  119.26E-6 -42.012E-6 -108.69E-6 -48.216E-6 -33.145E-6 -4.0269E-6  1.038     
 3.3E-9    -1.8501E-9  0.19049    291.65E-6  163.69E-6 -125.41E-6 -189.13E-6 -108.12E-6 -62.389E-6  10.359E-6  1.7485    
 3.35E-9   -2.6849E-9  0.0073452 -75.357E-6  157.64E-6 -91.364E-6 -121.71E-6  13.652E-6 -46.095E-6  10.686E-6  1.7993    
 3.4E-9    -3.1842E-9 -0.0023801 -11.387E-6 -207.63E-6  71.366E-6  158.46E-6  52.57E-6   70.519E-6 -15.911E-6  1.8002    
 3.45E-9   -1.7915E-9  0.0013037  55.382E-6  193.8E-6   43.158E-6 -4.3482E-6 -40.561E-6 -57.226E-6  13.486E-6  1.7998    
 3.5E-9    -1.3845E-9 -702.73E-6 -88.759E-6 -101.77E-6  39.138E-6  80.87E-6  -18.605E-6  57.737E-6 -13.977E-6  1.8001    
 3.55E-9   -1.8958E-9  506.27E-6  132.58E-6  132.44E-6 -29.47E-6  -89.684E-6 -36.268E-6 -55.152E-6  13.297E-6  1.8       
 3.6E-9    -1.9709E-9 -280.63E-6 -201.05E-6 -137.04E-6  52.348E-6  109.76E-6  37.767E-6  54.294E-6 -12.722E-6  1.8       
 3.65E-9   -1.7448E-9 -64.295E-6  16.203E-6 -144.33E-6  48.606E-6  117.08E-6  48.419E-6  48.422E-6 -10.88E-6   1.7999    
 3.7E-9    -3.0887E-9  75.467E-6  329.34E-6  163.85E-6 -98.767E-6 -173.E-6   -83.201E-6 -69.247E-6  15.156E-6  1.8001    
 3.75E-9   -4.2764E-9 -19.279E-6  184.17E-6  229.73E-6 -37.888E-6  6.9133E-6 -16.421E-6  57.592E-6 -13.004E-6  1.7999    
 3.8E-9    -4.4318E-9  20.669E-6 -0.0050525  244.28E-6 -37.201E-6  3.5468E-6  21.914E-6 -59.654E-6  13.977E-6  1.8001    
 3.85E-9   -2.6407E-9  9.9304E-6 -0.018515  -0.0030461  31.04E-6   47.106E-6  30.017E-6  57.679E-6 -12.705E-6  1.8       
 3.9E-9    -3.8117E-9 -22.492E-6  0.33679   -0.012818  -52.905E-6 -73.63E-6  -38.21E-6  -57.51E-6   12.544E-6  1.8       
 3.95E-9   -3.8202E-9  24.397E-6  1.2985     0.063037   56.297E-6  94.436E-6  46.981E-6  57.481E-6 -12.615E-6  1.7999    
 4.E-9     -3.2688E-9 -20.852E-6  1.8328     0.78843   -52.299E-6 -108.93E-6 -50.407E-6 -57.63E-6   12.611E-6  1.8001    
 4.05E-9   -1.5663E-9  32.733E-6  1.7897     1.6529     50.496E-6  120.74E-6 -12.267E-6  57.182E-6 -12.331E-6  1.8       
 4.1E-9    -1.9083E-9 -33.781E-6  1.8029     1.8268    -52.356E-6  8.6043E-6 -39.78E-6  -57.363E-6  12.621E-6  1.8       
 4.15E-9   -3.0383E-9  44.016E-6  1.799      1.793      298.66E-6  64.36E-6   33.366E-6  58.232E-6 -12.425E-6  1.7999    
 4.2E-9    -3.1051E-9 -47.502E-6  1.8003     1.8019     285.94E-6 -78.487E-6 -44.82E-6  -58.517E-6  12.377E-6  1.8001    
 4.25E-9   -1.3604E-9  55.472E-6  1.7999     1.7993    -0.0021196  102.01E-6  47.484E-6  58.598E-6 -12.689E-6  1.8       
 4.3E-9    -1.9509E-9 -59.614E-6  1.8        1.8001    -0.0094338 -115.76E-6 -57.012E-6 -59.097E-6  12.757E-6  1.8       
 4.35E-9   -1.9623E-9  65.835E-6  1.8        1.8        0.021104  -11.793E-6  53.432E-6  59.756E-6 -12.913E-6  1.7999    
 4.4E-9    -3.0353E-9  67.578E-6  1.8        1.8        0.3822     75.266E-6  54.396E-6  55.905E-6 -11.482E-6  1.7999    
 4.45E-9   -2.7331E-9 -95.566E-6  1.8        1.8        1.0346    -166.76E-6 -97.028E-6 -82.199E-6  17.222E-6  1.8002    
 4.5E-9    -2.6051E-9  92.716E-6  1.7999     1.8        1.5283     38.119E-6 -41.316E-6  69.027E-6 -14.911E-6  1.7999    
 4.55E-9   -3.4508E-9 -97.042E-6  1.8001     1.8        1.7346     305.95E-6 -36.694E-6 -72.575E-6  16.239E-6  1.8001    
 4.6E-9    -2.8947E-9 -88.579E-6  1.8001     1.8        1.7846     20.9E-6   -46.464E-6 -66.171E-6  14.071E-6  1.8001    
 4.65E-9   -1.6591E-9 -94.725E-6  1.8001     1.8001     1.7965    -0.0041009 -54.683E-6 -65.55E-6   13.968E-6  1.8001    
 4.7E-9    -1.9753E-9 -101.34E-6  1.8001     1.8001     1.7992    -0.015752  -51.873E-6 -68.884E-6  15.412E-6  1.8001    
 4.75E-9   -2.5432E-9 -107.69E-6  1.8002     1.8001     1.7997     0.10802   -51.964E-6 -72.722E-6  15.402E-6  1.8001    
 4.8E-9    -2.9442E-9 -113.75E-6  1.8002     1.8002     1.7999     0.96334   -44.868E-6 -71.599E-6  17.838E-6  1.8001    
 4.85E-9   -1.2498E-9  157.12E-6  1.7998     1.8        1.8        1.6691     88.861E-6  104.48E-6 -28.412E-6  1.7998    
 4.9E-9    -2.1533E-9 -146.53E-6  1.7999     1.8        1.8        1.8071     82.646E-6 -95.748E-6  22.373E-6  1.7999    
 4.95E-9   -3.0708E-9  151.5E-6   1.8001     1.7999     1.8        1.7991     216.01E-6  100.12E-6 -25.362E-6  1.8001    
 5.E-9     -2.8202E-9 -150.18E-6  1.8        1.8001     1.8        1.8001     144.83E-6 -82.561E-6  24.71E-6   1.8       
 5.05E-9   -1.6274E-9  151.1E-6   1.7999     1.8        1.8        1.7999    -0.0022997  74.974E-6 -25.09E-6   1.7999    
 5.1E-9    -2.0957E-9 -151.05E-6  1.8        1.8001     1.8        1.7999    -0.009566  -79.578E-6  24.701E-6  1.8001    
 5.15E-9   -2.0907E-9  151.6E-6   1.8        1.7999     1.8        1.8        0.02358    74.194E-6 -24.505E-6  1.7999    
 5.2E-9    -2.7868E-9  131.85E-6  1.7999     1.7998     1.8001     1.8001     0.36492    63.35E-6  -22.988E-6  1.7998    
 5.25E-9   -3.5373E-9 -173.87E-6  1.8        1.8002     1.7999     1.7999     0.97438   -99.6E-6    31.779E-6  1.8002    
 5.3E-9    -3.9008E-9  165.62E-6  1.8001     1.8        1.7999     1.8001     1.4631     362.15E-6 -27.288E-6  1.8001    
 5.35E-9   -3.6978E-9 -171.34E-6  1.8001     1.8        1.8        1.7999     1.7003     275.32E-6  30.987E-6  1.8       
 5.4E-9    -1.4964E-9  170.99E-6  1.7999     1.7999     1.8        1.8001     1.7762    -0.0019242 -29.989E-6  1.7999    
 5.45E-9   -2.07E-9   -172.36E-6  1.8        1.8001     1.7999     1.7999     1.7961    -0.0088885  30.403E-6  1.8001    
 5.5E-9    -1.8237E-9  173.16E-6  1.8        1.8        1.7999     1.8001     1.7992     0.010906  -29.787E-6  1.8       
 5.55E-9   -3.1774E-9 -174.44E-6  1.8001     1.8        1.7999     1.8001     1.7999     0.3937     28.55E-6   1.8       
 5.6E-9    -2.2427E-9  175.63E-6  1.8        1.7999     1.8        1.8001     1.7999     1.1664    -39.097E-6  1.7999    
 5.65E-9   -2.1141E-9 -176.71E-6  1.8        1.8001     1.8001     1.7999     1.8        1.6804     34.962E-6  1.8       
 5.7E-9    -2.6519E-9  178.26E-6  1.7999     1.8        1.8001     1.7999     1.8        1.7905     202.38E-6  1.8       
 5.75E-9   -3.4091E-9 -180.03E-6  1.8001     1.8        1.8001     1.7999     1.8        1.8002     261.39E-6  1.8001    
 5.8E-9    -1.3936E-9  181.76E-6  1.8        1.7999     1.8        1.8001     1.8        1.7998    -954.69E-6  1.7999    
 5.85E-9   -2.0448E-9 -183.61E-6  1.8        1.8        1.7999     1.8001     1.8        1.8001    -0.0053538  1.8       
 5.9E-9    -1.6308E-9  186.E-6    1.7999     1.8001     1.7999     1.8001     1.8        1.8001    -0.012825   1.8       
 5.95E-9   -2.9879E-9 -94.037E-6  1.8        1.8001     1.8        1.7999     1.8        1.7999     0.18917    1.8001    
 6.E-9     -2.5719E-9  122.42E-6  1.8        1.7999     1.8001     1.7999     1.8        1.8001     0.80758    1.7999    
 6.05E-9    0.9       -137.52E-6  1.8001     1.8        1.8001     1.8        1.7999     1.7999     1.4533     1.8       
 6.1E-9     1.8        286.68E-6  1.8        1.8        1.8        1.8001     1.8        1.8001     1.737      1.8       
 6.15E-9    1.8       -3.3814E-6  1.7999     1.8001     1.7999     1.7999     1.8        1.7999     1.7933     1.8001    
 6.2E-9     1.8        53.42E-6   1.7999     1.7999     1.7999     1.8        1.8        1.8001     1.8002     1.8       
 6.25E-9    1.8        51.984E-6  1.8        1.8        1.8        1.8        1.8        1.7999     1.8        1.8002    
 6.3E-9     1.8       -535.22E-6  1.8001     1.8001     1.8        1.8001     1.7999     1.7999     1.8        1.7996    
 6.35E-9    1.8       -0.0015     1.8001     1.7999     1.8        1.8001     1.7999     1.8001     1.8        1.7993    
 6.4E-9     1.8       -0.0028796  1.8001     1.7999     1.8001     1.7999     1.8        1.7999     1.8        1.8208    
 6.45E-9    1.8       -0.0055643  1.8003     1.8001     1.7999     1.8001     1.8001     1.7999     1.8        1.5936    
 6.5E-9     1.8       -0.010054   1.7998     1.8        1.8        1.7999     1.7999     1.8001     1.8        0.28176   
 6.55E-9    1.8        0.088524   1.7994     1.7998     1.8001     1.8        1.8        1.8        1.8       -0.085804  
 6.6E-9     1.8        0.77549    1.8031     1.7997     1.8001     1.8001     1.8001     1.8001     1.8       -0.0041377 
 6.65E-9    1.8        1.6678     1.8316     1.7994     1.7999     1.7998     1.7999     1.7999     1.8        143.07E-6 
 6.7E-9     1.8        1.7951     1.4043     1.8037     1.8002     1.8001     1.8001     1.8002     1.8       -121.96E-6 
 6.75E-9    1.8        1.7997     0.095647   1.8291     1.8        1.7999     1.7999     1.7999     1.8       -72.474E-6 
 6.8E-9     1.8        1.7999     0.0023738  1.4537     1.8        1.8        1.7998     1.8        1.8001     111.02E-6 
 6.85E-9    1.8        1.7999     30.143E-6  0.18503    1.8001     1.8001     1.8        1.8001     1.8        94.623E-6 
 6.9E-9     1.8        1.8        9.8806E-6 -0.062865   1.8002     1.8002     1.8001     1.8        1.7998    -194.28E-6 
 6.95E-9    1.8        1.7999     81.344E-6  0.032577   1.8        1.8        1.8        1.7999     1.8001     37.554E-6 
 7.E-9      1.8        1.8       -61.895E-6 -70.746E-6  1.7996     1.8        1.8        1.8        1.8       -132.64E-6 
 7.05E-9    1.8        1.8       -120.21E-6 -88.356E-6  1.8        1.8        1.8        1.7999     1.8        56.188E-6 
 7.1E-9     1.8        1.8001    -153.74E-6 -75.788E-6  1.8049     1.7999     1.8        1.8001     1.7999    -65.235E-6 
 7.15E-9    1.8        1.7999     176.59E-6  117.02E-6  1.8172     1.8        1.7999     1.7999     1.8001     119.22E-6 
 7.2E-9     1.8        1.7998    -34.785E-6  159.24E-6  1.4612     1.8001     1.8        1.8001     1.7999     84.087E-6 
 7.25E-9    1.8        1.7998     125.79E-6  173.84E-6  0.65762    1.7999     1.8001     1.8        1.8        133.71E-6 
 7.3E-9     1.8        1.7998     146.29E-6  38.889E-6  0.080354   1.8001     1.8        1.8001     1.8001     67.322E-6 
 7.35E-9    1.8        1.8        71.044E-6  129.36E-6  0.0038356  1.7999     1.7999     1.8001     1.8001     55.18E-6  
 7.4E-9     1.8        1.8001     58.421E-6 -118.71E-6  427.53E-6  1.7996     1.8001     1.8001     1.8        79.231E-6 
 7.45E-9    1.8        1.8001     65.041E-6  104.98E-6  76.771E-6  1.8031     1.8        1.8        1.7999     84.206E-6 
 7.5E-9     1.8        1.7999     52.926E-6  129.55E-6  8.2912E-6  1.8265     1.8        1.7999     1.8        91.404E-6 
 7.55E-9    1.8        1.7999     126.84E-6  73.667E-6 -21.832E-6  1.4932     1.8001     1.8        1.7999     126.45E-6 
 7.6E-9     1.8        1.8       -135.16E-6 -94.594E-6  88.095E-6  0.41636    1.8        1.8001     1.7999    -180.95E-6 
 7.65E-9    1.8        1.8        1.0992E-6  76.226E-6 -52.983E-6 -0.065736   1.8        1.8001     1.7999     26.858E-6 
 7.7E-9     1.8        1.8001    -34.037E-6 -75.764E-6  26.593E-6  0.027669   1.7999     1.8        1.8       -56.773E-6 
 7.75E-9    1.8        1.7999     119.98E-6  124.53E-6 -37.834E-6  230.02E-6  1.7998     1.7999     1.7999     39.99E-6  
 7.8E-9     1.8        1.8002    -108.45E-6 -122.72E-6  97.008E-6  43.24E-6   1.7997     1.8001     1.7999    -42.867E-6 
 7.85E-9    1.8        1.7999     122.3E-6   128.54E-6 -43.886E-6 -68.379E-6  1.8035     1.8        1.7999     79.391E-6 
 7.9E-9     1.8        1.8002    -92.328E-6 -66.145E-6  24.92E-6   102.33E-6  1.8187     1.7999     1.8       -26.001E-6 
 7.95E-9    1.8        1.7999    -79.692E-6 -99.28E-6   12.418E-6 -57.317E-6  1.5858     1.7999     1.8001    -78.697E-6 
 8.E-9      1.8        1.7999    -44.374E-6 -108.63E-6  24.163E-6  47.253E-6  0.88805    1.8001     1.8       -103.55E-6 
 8.05E-9    1.8        1.8001    -125.21E-6 -105.71E-6  43.692E-6  97.914E-6  0.1998     1.7998     1.8001    -63.611E-6 
 8.1E-9     1.8        1.7998     128.46E-6  102.8E-6   14.593E-6 -13.011E-6  0.017461   1.7996     1.7999     55.902E-6 
 8.15E-9    1.8        1.8001    -69.568E-6 -37.199E-6 -5.8688E-6  91.134E-6  0.0013357  1.8005     1.8001    -39.288E-6 
 8.2E-9     1.8        1.8        68.559E-6  53.922E-6 -15.602E-6 -21.443E-6  195.59E-6  1.8097     1.8        124.29E-6 
 8.25E-9    1.8        1.7999    -46.007E-6 -55.38E-6   63.917E-6  25.971E-6  83.678E-6  1.785      1.8001    -117.54E-6 
 8.3E-9     1.8        1.7999     46.193E-6 -73.286E-6  4.7599E-6  63.098E-6  62.635E-6  1.1547     1.8       -78.859E-6 
 8.35E-9    1.8        1.8001     89.027E-6  107.25E-6 -40.104E-6 -142.49E-6 -75.767E-6  0.26392    1.8        134.73E-6 
 8.4E-9     1.8        1.8       -90.506E-6 -109.88E-6  28.586E-6  65.04E-6   62.686E-6 -0.044323   1.8        2.412E-6  
 8.45E-9    1.8        1.8001     84.543E-6  84.801E-6 -1.1418E-6 -59.051E-6 -56.953E-6  0.013678   1.7998     43.82E-6  
 8.5E-9     1.8        1.8001     104.77E-6  88.262E-6 -32.651E-6 -92.361E-6 -45.732E-6  48.562E-6  1.7997     89.514E-6 
 8.55E-9    1.8        1.7999     57.681E-6  47.793E-6 -5.3882E-6 -24.795E-6 -47.857E-6 -22.783E-6  1.8009     62.195E-6 
 8.6E-9     1.8        1.8001     125.5E-6   57.891E-6  3.9983E-6 -88.23E-6  -450.32E-9 -42.607E-6  1.8096     70.49E-6  
 8.65E-9    1.8        1.7999     72.275E-6  90.633E-6 -40.165E-6 -34.805E-6  7.4064E-6 -59.755E-6  1.7781     118.23E-6 
 8.7E-9     1.8        1.8002    -151.99E-6 -119.32E-6  37.821E-6  62.463E-6  83.817E-6  121.21E-6  1.2552    -143.41E-6 
 8.75E-9    1.8        1.8        13.29E-6   97.031E-6 -307.58E-9 -78.734E-6 -21.378E-6 -97.088E-6  0.38207    100.32E-6 
 8.8E-9     1.8        1.7999    -44.07E-6  -70.93E-6  -2.8658E-6  47.928E-6  18.401E-6 -19.028E-6 -0.023217   13.815E-6 
 8.85E-9    1.8        1.7999     33.486E-6  72.755E-6 -595.28E-9 -72.029E-6 -26.58E-6  -63.02E-6  -296.35E-6  67.624E-6 
 8.9E-9     1.8        1.7999    -66.86E-6   52.978E-6  26.531E-6 -33.75E-6  -6.6727E-6 -84.27E-6   85.936E-6 -68.266E-6 
 8.95E-9    1.8        1.8        51.014E-6  106.56E-6 -43.916E-6 -28.702E-6 -31.181E-6 -88.179E-6  64.567E-6  37.822E-6 
 9.E-9      1.8        1.8006     42.892E-6  65.623E-6 -4.544E-6  -51.304E-6 -45.724E-6 -90.239E-6  39.576E-6 -14.766E-6 
 9.05E-9    1.8        1.8023     80.35E-6   61.611E-6 -27.942E-6 -20.908E-6  6.1528E-6 -85.195E-6  56.038E-6  0.0010183 
 9.1E-9     1.8        1.8064     65.45E-6   106.35E-6  6.6102E-6 -24.923E-6 -2.3308E-6 -38.082E-6  64.872E-6 -0.0091641 
 9.15E-9    0.9        1.8187     112.55E-6  64.669E-6 -3.1757E-6 -72.23E-6  -22.486E-6 -68.75E-6  -39.471E-6  0.019525  
 9.2E-9    -5.6084E-9  1.6333     52.022E-6  71.537E-6  14.E-6    -74.38E-6  -38.906E-6 -76.804E-6  49.217E-6  1.0001    
 9.25E-9    213.6E-12  0.52939   -79.599E-6  156.17E-6  74.479E-6  92.999E-6  37.622E-6  119.56E-6 -140.58E-6  1.7384    
 9.3E-9     755.2E-12  0.0068603 -73.244E-6 -63.43E-6  -80.328E-6  42.433E-6 -15.587E-6  17.354E-6 -56.103E-6  1.7975    
 9.35E-9   -4.6828E-9  702.62E-6  96.296E-6  65.257E-6 -8.5567E-6 -13.815E-6  3.1926E-6 -10.577E-6  79.418E-6  1.7998    
 9.4E-9    -1.0607E-9  58.713E-6 -135.16E-6 -38.976E-6 -79.272E-9  21.646E-6  22.525E-6  33.197E-6 -58.545E-6  1.7999    
 9.45E-9    538.4E-12  74.361E-6  39.689E-6 -83.39E-6   12.789E-6  19.111E-6 -7.3288E-6  11.24E-6  -3.7028E-6  1.7999    
 9.5E-9     542.1E-12  74.403E-6 -74.758E-6 -34.711E-6 -2.399E-6   55.189E-6  19.501E-6  41.56E-6   2.2934E-6  1.7999    
 9.55E-9    252.1E-12  71.737E-6 -90.921E-6 -30.869E-6  29.998E-6  14.55E-6   2.5242E-6  14.329E-6 -36.733E-6  1.7999    
 9.6E-9     192.2E-12  68.502E-6 -84.192E-6 -106.57E-6  6.2124E-6  16.192E-6 -6.3826E-6  6.6642E-6 -10.101E-6  1.7999    
 9.65E-9    318.4E-12  65.793E-6  64.795E-6 -63.522E-6  2.6808E-6  26.288E-6  38.933E-6  51.502E-6 -4.4214E-6  1.8       
 9.7E-9    -1.2262E-9  64.207E-6  479.23E-6 -74.407E-6 -3.5174E-6  4.4197E-6  35.731E-6  18.805E-6 -35.802E-6  1.7999    
 9.75E-9   -2.3494E-9  63.911E-6 -259.25E-6  444.54E-6  38.332E-6  61.854E-6  6.9615E-6  14.955E-6  1.9901E-6  1.7998    
 9.8E-9    -1.6543E-9  43.166E-6 -0.0064979 -54.707E-6  58.802E-6  25.867E-6 -3.7959E-6  61.822E-6 -11.415E-6  1.8001    
 9.85E-9   -593.4E-12  53.169E-6 -0.018128  -0.0044463 -83.175E-6  29.508E-6  23.239E-6  62.658E-6  6.9178E-6  1.8001    
 9.9E-9    -1.7498E-9  63.581E-6  0.35577   -0.01606    8.3962E-6  78.895E-6  2.869E-6   28.155E-6 -34.965E-6  1.7999    
 9.95E-9   -1.5459E-9  72.505E-6  1.5091     0.12481    48.697E-6  83.11E-6  -8.5008E-6  6.1136E-6 -9.5127E-6  1.8001    
 10.E-9    -772.5E-12  80.03E-6   1.7928     1.1436    -85.321E-6  41.803E-6  32.503E-6  54.658E-6 -4.8281E-6  1.7999    
 10.05E-9  -3.5174E-9 -107.01E-6  1.802      1.7944    -63.7E-6   -110.44E-6 -32.992E-6 -63.784E-6  28.558E-6  1.8       
 10.1E-9   -153.E-12   105.09E-6  1.7996     1.8005     91.156E-6  58.874E-6  12.889E-6  41.065E-6 -1.2969E-6  1.8001    
 10.15E-9  -5.5764E-9 -107.83E-6  1.8        1.8        375.05E-6 -57.185E-6  2.4316E-6 -19.803E-6  14.015E-6  1.7999    
 10.2E-9   -226.1E-12  110.75E-6  1.7999     1.7999    -139.88E-6  77.197E-6 -5.7332E-6  11.181E-6 -38.79E-6   1.7999    
 10.25E-9  -3.6756E-9 -111.04E-6  1.8001     1.7998    -0.0033752 -43.674E-6  1.6428E-6 -13.663E-6  8.6286E-6  1.8       
 10.3E-9    319.1E-12  113.33E-6  1.7999     1.8       -0.01338    37.672E-6  27.368E-6  47.007E-6 -8.9875E-6  1.8001    
 10.35E-9  -4.7007E-9 -113.68E-6  1.8001     1.7999     0.088235  -70.335E-6  164.06E-9 -21.192E-6  37.879E-6  1.8001    
 10.4E-9   -5.2947E-9 -100.57E-6  1.8001     1.8        0.58728   -98.763E-6 -34.224E-6 -55.629E-6  58.49E-6   1.8001    
 10.45E-9  -280.8E-12  135.15E-6  1.7997     1.7999     1.2208     143.83E-6  21.488E-6  115.31E-6 -42.69E-6   1.8       
 10.5E-9   -5.4021E-9 -128.56E-6  1.7999     1.8001     1.6192     135.58E-6 -11.17E-6   32.005E-6  27.919E-6  1.7999    
 10.55E-9  -1.207E-9   133.59E-6  1.8001     1.7999     1.7605     362.71E-6 -276.45E-9  9.2696E-6 -46.907E-6  1.8001    
 10.6E-9   -4.484E-9  -133.52E-6  1.8        1.8001     1.7928    -863.31E-6  4.1555E-6 -31.657E-6  12.688E-6  1.8001    
 10.65E-9   774.4E-12  135.44E-6  1.7999     1.7999     1.7989    -0.0070947  600.16E-9  14.597E-6 -14.344E-6  1.8       
 10.7E-9   -4.268E-9  -136.29E-6  1.8001     1.8001     1.7999    -0.008032  -29.31E-6  -15.353E-6  38.751E-6  1.7999    
 10.75E-9  -516.E-12   137.6E-6   1.8001     1.7999     1.7999     0.39114    763.08E-9  48.908E-6 -8.3608E-6  1.7999    
 10.8E-9    115.E-12   121.43E-6  1.7999     1.7999     1.8        1.3514     34.644E-6  69.482E-6 -43.821E-6  1.7999    
 10.85E-9  -3.6458E-9 -161.3E-6   1.7999     1.8001     1.7999     1.7829    -79.787E-6 -54.496E-6  36.091E-6  1.8       
 10.9E-9   -230.1E-12  154.22E-6  1.8001     1.8001     1.8        1.8009     158.58E-6 -44.067E-6 -23.337E-6  1.8001    
 10.95E-9  -939.7E-12  139.44E-6  1.7999     1.7999     1.8        1.8        234.01E-6  39.143E-6 -42.253E-6  1.7999    
 11.E-9     521.7E-12  145.26E-6  1.8        1.8        1.8        1.8       -544.19E-6  7.3877E-6 -19.561E-6  1.8001    
 11.05E-9   238.4E-12  154.14E-6  1.8001     1.8002     1.8001     1.8001    -0.0048501  17.496E-6  3.2112E-6  1.8001    
 11.1E-9    536.4E-12  82.79E-6   1.7999     1.8001     1.8        1.8001    -0.014139   21.098E-6 -40.067E-6  1.7999    
 11.15E-9  -176.9E-12  136.49E-6  1.8001     1.7999     1.7998     1.8001     0.10432    51.362E-6 -13.417E-6  1.8001    
 11.2E-9   -549.1E-12  124.08E-6  1.8002     1.8001     1.8        1.8001     0.63703    75.145E-6 -9.1481E-6  1.8001    
 11.25E-9  -1.4754E-9  69.27E-6   1.7999     1.8002     1.8001     1.7998     1.2335     159.21E-6  1.9066E-6  1.7999    
 11.3E-9   -1.5582E-9  135.47E-6  1.8001     1.7999     1.7999     1.8001     1.5998     237.42E-6 -43.572E-6  1.8001    
 11.35E-9   283.8E-12  46.689E-6  1.8001     1.8001     1.7999     1.8        1.7431    -465.06E-6 -14.803E-6  1.8001    
 11.4E-9    778.2E-12  125.79E-6  1.8001     1.8001     1.7999     1.7999     1.7849    -0.0051486 -11.034E-6  1.7999    
 11.45E-9   676.6E-12  42.311E-6  1.8001     1.7999     1.7999     1.7999     1.796     -0.016061  -57.034E-6  1.8001    
 11.5E-9   -94.39E-12  44.75E-6   1.8001     1.8001     1.8        1.7999     1.7988     0.13913   -58.297E-6  1.8001    
 11.55E-9  -5.4405E-9 -65.296E-6  1.7999     1.7999     1.8        1.8        1.7996     0.82457    47.52E-6   1.7999    
 11.6E-9    586.3E-12  41.886E-6  1.8001     1.8001     1.8        1.7999     1.7998     1.5126     44.702E-6  1.8       
 11.65E-9  -5.1936E-9 -41.825E-6  1.7999     1.7999     1.8        1.7999     1.7999     1.7682     151.05E-6  1.7999    
 11.7E-9   -680.3E-12  83.008E-6  1.8001     1.7999     1.8001     1.8001     1.8        1.7986     351.79E-6  1.8001    
 11.75E-9  -4.7659E-9 -52.668E-6  1.8001     1.7999     1.8001     1.8001     1.8        1.8002    -259.35E-6  1.7999    
 11.8E-9    1.0874E-9  41.819E-6  1.8        1.8001     1.8        1.7999     1.8        1.7998    -0.0032331  1.7999    
 11.85E-9  -4.5934E-9 -30.773E-6  1.7999     1.7999     1.8        1.7999     1.8        1.8       -0.01228    1.7999    
 11.9E-9    283.2E-12  73.933E-6  1.8001     1.7999     1.8        1.7999     1.8        1.8        0.058065   1.8001    
 11.95E-9  -264.8E-12  99.303E-6  1.7999     1.8001     1.8001     1.8001     1.8001     1.8        0.56047    1.7999    
 12.E-9    -5.4444E-9 -140.62E-6  1.8        1.8001     1.8        1.7998     1.7999     1.7999     1.2749     1.8       
 12.05E-9   0.9        184.21E-6  1.8001     1.8        1.7999     1.7999     1.7999     1.8001     1.6837     1.8001    
 12.1E-9    1.8        11.939E-6  1.7999     1.7999     1.8001     1.8001     1.8001     1.8001     1.7797     1.8001    
 12.15E-9   1.8        42.055E-6  1.8001     1.8001     1.8        1.7999     1.8001     1.7998     1.7966     1.7999    
 12.2E-9    1.8        50.884E-6  1.8001     1.7999     1.8001     1.7999     1.8001     1.7999     1.7995     1.8001    
 12.25E-9   1.8       -403.E-6    1.8002     1.8001     1.7999     1.7998     1.7999     1.7999     1.7998     1.7996    
 12.3E-9    1.8       -0.0011819  1.7998     1.7999     1.8002     1.8001     1.8002     1.8002     1.8        1.799     
 12.35E-9   1.8       -0.0026056  1.8        1.8001     1.7999     1.7999     1.8        1.8001     1.7998     1.8127    
 12.4E-9    1.8       -0.0047532  1.8001     1.7999     1.8        1.8001     1.8001     1.8        1.7999     1.7043    
 12.45E-9   1.8       -0.010106   1.8001     1.7999     1.7999     1.8001     1.8001     1.8002     1.7999     0.43102   
 12.5E-9    1.8        0.036316   1.7996     1.7999     1.8        1.7999     1.8        1.8        1.7999     930.99E-6 
 12.55E-9   1.8        0.58481    1.7995     1.7998     1.8        1.8        1.8        1.8        1.8        556.31E-6 
 12.6E-9    1.8        1.5677     1.8039     1.7997     1.8        1.8001     1.8001     1.8        1.8        11.887E-6 
 12.65E-9   1.8        1.7904     1.8332     1.7994     1.8        1.7998     1.8        1.8        1.8002     27.884E-6 
 12.7E-9    1.8        1.7997     1.3079     1.8041     1.8002     1.8001     1.8        1.8002     1.7999     110.12E-6 
 12.75E-9   1.8        1.7998     0.071847   1.829      1.8        1.7999     1.8001     1.8        1.7999     152.87E-6 
 12.8E-9    1.8        1.7998     0.0036598  1.3864     1.8        1.8        1.7999     1.8        1.8001     115.28E-6 
 12.85E-9   1.8        1.7999     158.68E-6  0.14063    1.8        1.8001     1.8        1.8001     1.8        159.88E-6 
 12.9E-9    1.8        1.8001     65.772E-6 -0.050993   1.8        1.8        1.8001     1.8        1.7999    -230.78E-6 
 12.95E-9   1.8        1.7999     73.68E-6   0.02639    1.7998     1.8001     1.8001     1.8001     1.7999     63.833E-6 
 13.E-9     1.8        1.8       -73.872E-6 -37.402E-6  1.7996     1.7999     1.7999     1.8        1.8001    -137.13E-6 
 13.05E-9   1.8        1.7999    -9.4026E-6  108.31E-6  1.8001     1.8001     1.8001     1.7999     1.8       -84.947E-6 
 13.1E-9    1.8        1.8001     5.5481E-6 -106.75E-6  1.8063     1.7999     1.7999     1.7998     1.8001    -165.63E-6 
 13.15E-9   1.8        1.7998    -108.26E-6  135.26E-6  1.8061     1.8001     1.8001     1.8001     1.8        143.22E-6 
 13.2E-9    1.8        1.7998     107.51E-6 -40.043E-6  1.3963     1.7999     1.7999     1.8001     1.8        97.485E-6 
 13.25E-9   1.8        1.7998     57.181E-6  69.04E-6   0.57871    1.7999     1.8        1.8001     1.8001     128.8E-6  
 13.3E-9    1.8        1.7998     125.26E-6  116.4E-6   0.061719   1.7999     1.8001     1.7999     1.8002     136.75E-6 
 13.35E-9   1.8        1.8        66.627E-6 -59.209E-6  0.0029127  1.7999     1.7999     1.8        1.7999     74.434E-6 
 13.4E-9    1.8        1.7999    -53.213E-6 -131.76E-6  182.77E-6  1.7995     1.8001     1.8        1.8       -161.04E-6 
 13.45E-9   1.8        1.8001    -68.188E-6 -86.415E-6  60.381E-6  1.8039     1.8        1.7999     1.8001     65.222E-6 
 13.5E-9    1.8        1.8002    -126.8E-6  -73.428E-6  46.154E-6  1.8252     1.7999     1.8001     1.7999    -70.642E-6 
 13.55E-9   1.8        1.8       -88.92E-6  -111.32E-6  55.571E-6  1.4108     1.8001     1.8        1.8       -115.66E-6 
 13.6E-9    1.8        1.7998     161.45E-6  1.9081E-6 -83.195E-6  0.33711    1.8        1.8        1.8001     176.2E-6  
 13.65E-9   1.8        1.8       -10.359E-6 -71.17E-6   3.7942E-6 -0.072628   1.8        1.7999     1.8001    -25.951E-6 
 13.7E-9    1.8        1.8       -50.109E-6  76.889E-6 -52.57E-6   0.030325   1.7998     1.8        1.8        55.709E-6 
 13.75E-9   1.8        1.7999    -35.391E-6 -74.75E-6   33.489E-6 -43.816E-6  1.7996     1.8001     1.7999    -109.04E-6 
 13.8E-9    1.8        1.8        50.299E-6  130.38E-6  100.71E-6 -65.402E-6  1.7999     1.7999     1.8        89.56E-6  
 13.85E-9   1.8        1.7999     115.91E-6 -90.815E-6  15.512E-6 -119.34E-6  1.8044     1.8001     1.7999    -37.844E-6 
 13.9E-9    1.8        1.8002    -162.47E-6 -105.92E-6  49.579E-6  143.67E-6  1.8076     1.8        1.8       -108.4E-6  
 13.95E-9   1.8        1.7999    -24.912E-6 -21.908E-6  30.822E-6  78.068E-6  1.5164     1.7999     1.8       -86.679E-6 
 14.E-9     1.8        1.7998     158.58E-6  164.98E-6 -120.71E-6 -146.35E-6  0.8132     1.7998     1.8002     177.28E-6 
 14.05E-9   1.8        1.8001    -3.1826E-6 -8.5129E-6 -41.373E-6 -3.3798E-6  0.19229    1.7997     1.8001    -17.547E-6 
 14.1E-9    1.8        1.7999     63.54E-6   61.779E-6 -44.352E-6 -96.463E-6  0.016535   1.7998     1.8        113.59E-6 
 14.15E-9   1.8        1.7999    -37.136E-6 -49.352E-6 -11.59E-6   88.856E-6  0.0012513  1.8007     1.8001    -68.576E-6 
 14.2E-9    1.8        1.8001     61.864E-6  74.831E-6 -2.576E-6  -78.132E-6  163.28E-6  1.812      1.7999     20.02E-6  
 14.25E-9   1.8        1.7999     59.697E-6  81.349E-6  863.31E-9 -57.385E-6  14.42E-6   1.7545     1.8001     52.628E-6 
 14.3E-9    1.8        1.8001     111.83E-6  113.57E-6 -27.162E-6 -41.753E-6 -22.156E-6  1.0519     1.8001     65.293E-6 
 14.35E-9   1.8        1.7999     58.557E-6  78.694E-6 -61.872E-6 -92.722E-6 -42.343E-6  0.14205    1.8        94.821E-6 
 14.4E-9    1.8        1.8       -168.9E-6  -137.53E-6  86.666E-6  98.42E-6   101.74E-6 -0.029534   1.7998    -116.39E-6 
 14.45E-9   1.8        1.8001    -94.973E-6 -81.9E-6    70.71E-6   89.96E-6   89.871E-6 -131.12E-6  1.7998    -110.4E-6  
 14.5E-9    1.8        1.7999    -82.975E-6 -82.207E-6  25.817E-6  52.508E-6  17.391E-6 -2.0477E-6  1.7997    -61.665E-6 
 14.55E-9   1.8        1.8001    -79.402E-6 -60.669E-6 -3.3918E-6  35.824E-6  3.1336E-6  21.666E-6  1.8016    -71.515E-6 
 14.6E-9    1.8        1.7999    -126.49E-6 -108.88E-6  34.612E-6  72.46E-6   55.721E-6  64.394E-6  1.8138    -102.02E-6 
 14.65E-9   1.8        1.8001    -81.418E-6 -73.162E-6  12.369E-6  34.994E-6  61.186E-6  75.757E-6  1.7195    -53.374E-6 
 14.7E-9    1.8        1.7999     70.688E-6 -60.558E-6 -825.29E-9  28.938E-6  22.717E-6  43.155E-6  1.0258     85.651E-6 
 14.75E-9   1.8        1.7999     69.305E-6  115.59E-6 -37.363E-6 -68.699E-6 -85.947E-6 -116.91E-6  0.23222    53.657E-6 
 14.8E-9    1.8        1.7999    -76.838E-6 -78.121E-6  6.1454E-6  38.97E-6   10.864E-6  82.635E-6 -0.030726  -64.809E-6 
 14.85E-9   1.8        1.7999     70.825E-6  91.039E-6 -20.278E-6 -65.988E-6 -23.302E-6 -10.497E-6 -686.41E-6  57.112E-6 
 14.9E-9    1.8        1.7999    -88.336E-6 -74.849E-6  60.117E-6  13.422E-6 -17.418E-6  50.019E-6 -107.86E-6 -83.36E-6  
 14.95E-9   1.8        1.8002     46.668E-6  92.746E-6  11.856E-6 -35.767E-6  2.7577E-6 -23.805E-6  65.187E-6  97.451E-6 
 15.E-9     1.8        1.8007    -60.634E-6 -64.901E-6  6.9182E-6  27.638E-6  28.189E-6  31.09E-6  -81.607E-6  9.6609E-6 
 15.05E-9   1.8        1.8026     63.27E-6  -48.935E-6  33.036E-6  15.018E-6  1.1731E-6  16.837E-6 -77.415E-6  0.0013554 
 15.1E-9    1.8        1.8077    -81.993E-6 -43.294E-6  11.661E-6  30.426E-6  36.249E-6  51.632E-6 -18.093E-6 -0.016352  
 15.15E-9   0.9        1.8136    -13.156E-6  109.99E-6 -75.206E-6 -120.79E-6 -35.603E-6 -55.214E-6  41.382E-6  0.20553   
 15.2E-9   -397.3E-12  1.4727    -59.197E-6  15.265E-6 -55.317E-6 -24.356E-6  17.651E-6  33.1E-6    58.467E-6  1.1415    
 15.25E-9  -5.182E-9   0.29038    139.73E-6  283.01E-6 -144.03E-6 -72.416E-6 -95.42E-6  -71.935E-6  75.664E-6  1.7567    
 15.3E-9   -4.902E-9   0.0045143 -106.64E-6 -97.915E-6  66.537E-6  106.27E-6  128.36E-6  85.061E-6 -66.665E-6  1.7982    
 15.35E-9   1.0643E-9  406.03E-6  107.87E-6  108.36E-6  15.952E-6  42.409E-6  41.289E-6  38.994E-6 -8.1594E-6  1.7998    
 15.4E-9   -6.8518E-9  275.88E-6  51.279E-6  76.698E-6 -12.382E-6 -32.908E-6 -7.9164E-6 -19.087E-6  11.525E-6  1.8       
 15.45E-9   2.2283E-9  116.92E-6 -28.504E-6 -127.96E-6  104.84E-6  24.307E-6  28.953E-6  103.9E-6  -77.303E-6  1.7998    
 15.5E-9    2.1873E-9  140.99E-6  87.06E-6   68.401E-6 -88.785E-6 -80.585E-6 -91.946E-6 -94.207E-6 -31.213E-6  1.8002    
 15.55E-9   1.9171E-9  135.71E-6 -110.75E-6 -37.935E-6  17.072E-6  69.67E-6   3.5475E-6  18.829E-6  867.38E-9  1.7999    
 15.6E-9    1.8811E-9  130.34E-6  53.057E-6 -47.697E-6 -12.87E-6   49.208E-6  51.924E-6 -2.7216E-6 -49.022E-6  1.7999    
 15.65E-9   1.9493E-9  127.59E-6  59.918E-6 -56.119E-6  8.1954E-6  46.899E-6  12.613E-6  10.363E-6 -58.965E-6  1.8002    
 15.7E-9   -7.2056E-9 -143.4E-6   339.59E-6  132.95E-6 -71.982E-6 -57.523E-6 -18.252E-6 -86.42E-6   37.369E-6  1.8002    
 15.75E-9  -670.5E-12  153.66E-6 -4.7295E-6  382.07E-6  11.974E-6  34.744E-6 -51.626E-9 -44.945E-6 -13.313E-6  1.7999    
 15.8E-9   -19.54E-12  110.55E-6 -0.0061136 -65.775E-6  41.484E-6  68.299E-6  33.186E-6  33.197E-6 -41.998E-6  1.7998    
 15.85E-9   1.0582E-9  139.47E-6 -0.01895   -0.0042427 -85.364E-6  41.092E-6  10.982E-6  13.628E-6 -16.78E-6   1.8001    
 15.9E-9   -85.85E-12  155.85E-6  0.31617   -0.015521   25.587E-6  27.417E-6  1.0965E-6  14.632E-6  5.8445E-6  1.7999    
 15.95E-9   17.11E-12  168.19E-6  1.4705     0.10726   -11.622E-6  78.594E-6  31.444E-6  48.115E-6 -41.182E-6  1.8001    
 16.E-9     796.8E-12  179.65E-6  1.7913     1.1049     47.78E-6   49.763E-6  8.9285E-6  18.707E-6 -10.831E-6  1.8001    
 16.05E-9  -5.1655E-9 -167.05E-6  1.8025     1.7846    -36.103E-6 -126.9E-6  -67.496E-6 -88.045E-6  68.959E-6  1.8       
 16.1E-9    1.479E-9   125.46E-6  1.7995     1.8027     85.684E-6 -24.044E-6 -59.476E-6 -42.552E-6 -21.824E-6  1.7999    
 16.15E-9  -7.1987E-9 -101.16E-6  1.8        1.7995     369.26E-6  62.458E-6 -8.3506E-6 -7.0655E-6  24.47E-6   1.8       
 16.2E-9   -6.1678E-9 -133.89E-6  1.8        1.7997    -37.414E-6 -44.05E-6  -45.864E-6 -67.152E-6 -1.4868E-6  1.8001    
 16.25E-9  -5.4565E-9 -162.63E-6  1.8001     1.7999    -0.0036135 -23.847E-6 -4.848E-6  -12.665E-6  41.336E-6  1.7999    
 16.3E-9   -5.7938E-9 -147.37E-6  1.8002     1.8       -0.013159  -32.214E-6 -65.729E-9 -15.795E-6  12.669E-6  1.7999    
 16.35E-9  -6.3903E-9 -89.465E-6  1.8002     1.8001     0.058079   89.492E-6 -32.598E-6 -47.096E-6  7.9398E-6  1.8001    
 16.4E-9   -6.9122E-9 -122.09E-6  1.8        1.8001     0.56506   -75.531E-6 -9.4796E-6 -25.85E-6   37.42E-6   1.7999    
 16.45E-9  -6.5144E-9 -80.442E-6  1.7998     1.8001     1.2202    -70.177E-6 -3.0954E-6 -7.9873E-6  12.049E-6  1.7999    
 16.5E-9   -7.1452E-9 -120.54E-6  1.8001     1.7998     1.6145     153.15E-6  1.6436E-6 -56.04E-6   2.952E-6   1.8001    
 16.55E-9  -7.4729E-9 -52.173E-6  1.8002     1.8001     1.7542     349.83E-6 -39.931E-6 -31.051E-6  48.983E-6  1.7999    
 16.6E-9   -5.8322E-9 -58.945E-6  1.7999     1.8002     1.7895    -0.0012207 -63.997E-6 -12.593E-6  15.763E-6  1.7999    
 16.65E-9  -5.6765E-9 -113.28E-6  1.7999     1.7998     1.7976    -0.0082447  79.578E-6 -40.247E-6  10.537E-6  1.8001    
 16.7E-9   -5.8889E-9 -50.066E-6  1.8001     1.8001     1.7995    -0.0077498 -23.6E-6    93.977E-6 -565.02E-9  1.7999    
 16.75E-9  -6.9074E-9 -60.383E-6  1.7999     1.7999     1.7998     0.43861    6.6126E-6 -47.799E-6  46.318E-6  1.7999    
 16.8E-9   -5.9975E-9 -38.421E-6  1.7999     1.7998     1.7999     1.4178    -7.5265E-6 -46.235E-6  16.838E-6  1.8001    
 16.85E-9  -5.4176E-9 -58.101E-6  1.8001     1.8001     1.7999     1.765      4.7671E-6 -27.236E-6  12.734E-6  1.7999    
 16.9E-9   -6.7262E-9 -38.937E-6  1.7999     1.7999     1.7999     1.7979     219.25E-6 -12.863E-6  2.3888E-6  1.7999    
 16.95E-9  -7.2277E-9 -32.083E-6  1.7999     1.8001     1.8001     1.7999     296.67E-6 -50.493E-6  48.043E-6  1.8001    
 17.E-9    -5.744E-9  -43.909E-6  1.7999     1.7999     1.8        1.7999    -788.85E-6 -21.492E-6  18.995E-6  1.7999    
 17.05E-9  -6.076E-9  -124.29E-6  1.7999     1.7998     1.7999     1.7999    -0.0053909  96.315E-6  15.493E-6  1.7999    
 17.1E-9   -5.8789E-9 -59.033E-6  1.7999     1.8001     1.8        1.7999    -0.013503  -46.966E-6  45.361E-6  1.8001    
 17.15E-9  -6.7048E-9 -76.422E-6  1.8001     1.7999     1.8002     1.7999     0.13846   -60.576E-6  61.354E-6  1.7999    
 17.2E-9   -7.0833E-9 -102.72E-6  1.7999     1.7999     1.8001     1.7999     0.70216   -19.726E-6 -82.077E-6  1.7999    
 17.25E-9  -8.0337E-9 -123.31E-6  1.7999     1.8001     1.7999     1.7998     1.2833     138.46E-6  36.682E-6  1.7999    
 17.3E-9   -8.0545E-9 -66.985E-6  1.7999     1.7999     1.8        1.8002     1.6222     336.54E-6  51.912E-6  1.7999    
 17.35E-9  -6.142E-9  -57.1E-6    1.7999     1.7999     1.8001     1.7999     1.75      -530.09E-6  26.353E-6  1.8001    
 17.4E-9   -5.8883E-9 -127.75E-6  1.8001     1.7999     1.7999     1.7999     1.7868    -0.0056371  4.2957E-6  1.7999    
 17.45E-9  -5.9781E-9 -68.123E-6  1.7999     1.8001     1.8        1.8001     1.7965    -0.015769   46.837E-6  1.7999    
 17.5E-9   -6.878E-9  -59.649E-6  1.8001     1.7999     1.8001     1.8001     1.7991     0.17904    24.242E-6  1.8001    
 17.55E-9  -6.8019E-9 -95.255E-6  1.7999     1.7999     1.8001     1.7999     1.7996     0.95925    3.9934E-6  1.7999    
 17.6E-9   -6.0705E-9 -56.066E-6  1.7999     1.7999     1.8        1.8        1.7998     1.5901     57.394E-6  1.7999    
 17.65E-9  -6.8954E-9 -54.564E-6  1.7999     1.7999     1.8001     1.8001     1.7999     1.7677     104.21E-6  1.8001    
 17.7E-9   -7.4685E-9 -96.841E-6  1.8001     1.8001     1.7999     1.8001     1.7999     1.796      180.6E-6   1.7999    
 17.75E-9  -5.9222E-9 -56.811E-6  1.7999     1.7999     1.8        1.8001     1.7999     1.7995    -488.37E-6  1.7999    
 17.8E-9   -5.9635E-9 -56.555E-6  1.7999     1.7999     1.8        1.7999     1.7999     1.7998    -0.0044854  1.8001    
 17.85E-9  -6.1096E-9 -101.31E-6  1.7999     1.7999     1.8001     1.8        1.8        1.7999    -0.014109   1.7999    
 17.9E-9   -6.7597E-9 -62.772E-6  1.7999     1.8001     1.7999     1.8001     1.8001     1.7999     0.078      1.7999    
 17.95E-9  -7.1086E-9 -58.261E-6  1.8001     1.7999     1.8        1.8001     1.7999     1.7999     0.67416    1.8001    
 18.E-9    -7.1177E-9 -115.6E-6   1.7999     1.7999     1.7999     1.8001     1.8        1.7999     1.3861     1.7999    
