This is pdfTeXk, Version 3.141592-1.40.3 (Web2C 7.5.6) (format=pdflatex 2010.1.12)  25 MAR 2010 21:30
entering extended mode
 %&-line parsing enabled.
**unc.tex
(./unc.tex
LaTeX2e <2005/12/01>
Babel <v3.8h> and hyphenation patterns for english, usenglishmax, dumylang, noh
yphenation, ukrainian, russian, bulgarian, latin, spanish, catalan, galician, u
kenglish, loaded.

! LaTeX Error: Environment titlepage undefined.

See the LaTeX manual or LaTeX Companion for explanation.
Type  H <return>  for immediate help.
 ...                                              
                                                  
l.1 \begin{titlepage}
                     
Your command was ignored.
Type  I <command> <return>  to replace it with another command,
or  <return>  to continue without it.


! LaTeX Error: Missing \begin{document}.

See the LaTeX manual or LaTeX Companion for explanation.
Type  H <return>  for immediate help.
 ...                                              
                                                  
l.4 \begin{center}
                  
You're in trouble here.  Try typing  <return>  to proceed.
If that doesn't work, type  X <return>  to quit.


Overfull \hbox (20.0pt too wide) in paragraph at lines 4--4
[] 
 []

! Undefined control sequence.
l.5 	\Huge
           \textbf{Universidad Nacional de C\'ordoba\\}
The control sequence at the end of the top line
of your error message was never \def'ed. If you have
misspelled it (e.g., `\hobx'), type `I' and the correct
spelling (e.g., `I\hbox'). Otherwise just continue,
and I'll forget about whatever was undefined.


Overfull \hbox (60.28577pt too wide) in paragraph at lines 5--5
 \OT1/cmr/bx/n/10 Universidad 
 []


Overfull \hbox (18.4235pt too wide) in paragraph at lines 5--5
 \OT1/cmr/bx/n/10 Na- 
 []


Overfull \hbox (29.22899pt too wide) in paragraph at lines 5--5
 \OT1/cmr/bx/n/10 cional 
 []


Overfull \hbox (11.65967pt too wide) in paragraph at lines 5--5
 \OT1/cmr/bx/n/10 de 
 []


Overfull \hbox (42.90948pt too wide) in paragraph at lines 5--5
 \OT1/cmr/bx/n/10 C^^Sordoba 
 []

! Undefined control sequence.
l.6 	\Huge
           \textbf{Facultad de Ingenier\'ia\\ \textbf{Ingenier\'ia Elect\'on...
The control sequence at the end of the top line
of your error message was never \def'ed. If you have
misspelled it (e.g., `\hobx'), type `I' and the correct
spelling (e.g., `I\hbox'). Otherwise just continue,
and I'll forget about whatever was undefined.


Overfull \hbox (43.01361pt too wide) in paragraph at lines 7--7
 []\OT1/cmr/bx/n/10 Facultad 
 []


Overfull \hbox (11.65967pt too wide) in paragraph at lines 7--7
 \OT1/cmr/bx/n/10 de 
 []


Overfull \hbox (14.58325pt too wide) in paragraph at lines 7--7
 \OT1/cmr/bx/n/10 In- 
 []


Overfull \hbox (14.8541pt too wide) in paragraph at lines 7--7
 \OT1/cmr/bx/n/10 ge- 
 []


Overfull \hbox (28.37485pt too wide) in paragraph at lines 7--7
 \OT1/cmr/bx/n/10 nier^^S^^Pa 
 []


Overfull \hbox (50.14557pt too wide) in paragraph at lines 7--7
 []\OT1/cmr/bx/n/10 Ingenier^^S^^Pa 
 []


Overfull \hbox (51.6386pt too wide) in paragraph at lines 7--7
 \OT1/cmr/bx/n/10 Elect^^Sonica 
 []

! Undefined control sequence.
l.8 	\includegraphics
                     [width=70mm]{caratula_UNC/escudo.pdf}
The control sequence at the end of the top line
of your error message was never \def'ed. If you have
misspelled it (e.g., `\hobx'), type `I' and the correct
spelling (e.g., `I\hbox'). Otherwise just continue,
and I'll forget about whatever was undefined.

Missing character: There is no [ in font nullfont!
Missing character: There is no w in font nullfont!
Missing character: There is no i in font nullfont!
Missing character: There is no d in font nullfont!
Missing character: There is no t in font nullfont!
Missing character: There is no h in font nullfont!
Missing character: There is no = in font nullfont!
Missing character: There is no 7 in font nullfont!
Missing character: There is no 0 in font nullfont!
Missing character: There is no m in font nullfont!
Missing character: There is no m in font nullfont!
Missing character: There is no ] in font nullfont!
Missing character: There is no c in font nullfont!
Missing character: There is no a in font nullfont!
Missing character: There is no r in font nullfont!
Missing character: There is no a in font nullfont!
Missing character: There is no t in font nullfont!
Missing character: There is no u in font nullfont!
Missing character: There is no l in font nullfont!
Missing character: There is no a in font nullfont!
! Missing $ inserted.
<inserted text> 
                $
l.8 	\includegraphics[width=70mm]{caratula_
                                           UNC/escudo.pdf}
I've inserted a begin-math/end-math symbol since I think
you left one out. Proceed, with fingers crossed.

LaTeX Font Info:    External font `cmex10' loaded for size
(Font)              <7> on input line 8.
LaTeX Font Info:    External font `cmex10' loaded for size
(Font)              <5> on input line 8.
! Extra }, or forgotten $.
l.8 ...aphics[width=70mm]{caratula_UNC/escudo.pdf}
                                                  
I've deleted a group-closing symbol because it seems to be
spurious, as in `$x}$'. But perhaps the } is legitimate and
you forgot something else, as in `\hbox{$x}'. In such cases
the way to recover is to insert both the forgotten and the
deleted material, e.g., by typing `I$}'.

! Undefined control sequence.
l.9 	\Huge
           \textbf{\\[2ex]TRABAJO FINAL:}
The control sequence at the end of the top line
of your error message was never \def'ed. If you have
misspelled it (e.g., `\hobx'), type `I' and the correct
spelling (e.g., `I\hbox'). Otherwise just continue,
and I'll forget about whatever was undefined.


! LaTeX Error: Something's wrong--perhaps a missing \item.

See the LaTeX manual or LaTeX Companion for explanation.
Type  H <return>  for immediate help.
 ...                                              
                                                  
l.9 	\Huge \textbf{\\[2ex]TRABAJO FINAL:}
                                         
Try typing  <return>  to proceed.
If that doesn't work, type  X <return>  to quit.

! Missing } inserted.
<inserted text> 
                }
l.9 	\Huge \textbf{\\[2ex]TRABAJO FINAL:}
                                         
I've inserted something that you may have forgotten.
(See the <inserted text> above.)
With luck, this will get me unwedged. But if you
really didn't forget anything, try typing `2' now; then
my insertion and my current dilemma will both disappear.

! Missing $ inserted.
<inserted text> 
                $
l.9 	\Huge \textbf{\\[2ex]TRABAJO FINAL:}
                                         
I've inserted a begin-math/end-math symbol since I think
you left one out. Proceed, with fingers crossed.

! Missing } inserted.
<inserted text> 
                }
l.9 	\Huge \textbf{\\[2ex]TRABAJO FINAL:}
                                         
I've inserted something that you may have forgotten.
(See the <inserted text> above.)
With luck, this will get me unwedged. But if you
really didn't forget anything, try typing `2' now; then
my insertion and my current dilemma will both disappear.


Overfull \hbox (75.17537pt too wide) in paragraph at lines 8--9
 []$[]\OML/cmm/m/it/10 NC=escudo:pdf[]$ 
 []

Missing character: There is no T in font nullfont!
Missing character: There is no R in font nullfont!
Missing character: There is no A in font nullfont!
Missing character: There is no B in font nullfont!
Missing character: There is no A in font nullfont!
Missing character: There is no J in font nullfont!
Missing character: There is no O in font nullfont!
Missing character: There is no F in font nullfont!
Missing character: There is no I in font nullfont!
Missing character: There is no N in font nullfont!
Missing character: There is no A in font nullfont!
Missing character: There is no L in font nullfont!
Missing character: There is no : in font nullfont!
! Extra }, or forgotten \endgroup.
\nfss@text #1->{\mbox {#1}}
                           
l.9 	\Huge \textbf{\\[2ex]TRABAJO FINAL:}
                                         
I've deleted a group-closing symbol because it seems to be
spurious, as in `$x}$'. But perhaps the } is legitimate and
you forgot something else, as in `\hbox{$x}'. In such cases
the way to recover is to insert both the forgotten and the
deleted material, e.g., by typing `I$}'.

! Undefined control sequence.
l.10 	\Large
             \textsl{\\[2ex] '' Dise\~no de un PLL de alta velocidad y bajo ...
The control sequence at the end of the top line
of your error message was never \def'ed. If you have
misspelled it (e.g., `\hobx'), type `I' and the correct
spelling (e.g., `I\hbox'). Otherwise just continue,
and I'll forget about whatever was undefined.


Overfull \hbox (5.00002pt too wide) in paragraph at lines 10--11
 []\OT1/cmr/m/sl/10 '' 
 []


Overfull \hbox (29.36116pt too wide) in paragraph at lines 10--11
 \OT1/cmr/m/sl/10 Dise~no 
 []


Overfull \hbox (10.00002pt too wide) in paragraph at lines 10--11
 \OT1/cmr/m/sl/10 de 
 []


Overfull \hbox (11.11115pt too wide) in paragraph at lines 10--11
 \OT1/cmr/m/sl/10 un 
 []


Overfull \hbox (19.3056pt too wide) in paragraph at lines 10--11
 \OT1/cmr/m/sl/10 PLL 
 []


Overfull \hbox (10.00002pt too wide) in paragraph at lines 10--11
 \OT1/cmr/m/sl/10 de 
 []


Overfull \hbox (16.66672pt too wide) in paragraph at lines 10--11
 \OT1/cmr/m/sl/10 alta 
 []


Overfull \hbox (12.77779pt too wide) in paragraph at lines 10--11
 \OT1/cmr/m/sl/10 ve- 
 []


Overfull \hbox (18.61115pt too wide) in paragraph at lines 10--11
 \OT1/cmr/m/sl/10 loci- 
 []


Overfull \hbox (16.11116pt too wide) in paragraph at lines 10--11
 \OT1/cmr/m/sl/10 dad 
 []


Overfull \hbox (5.2778pt too wide) in paragraph at lines 10--11
 \OT1/cmr/m/sl/10 y 
 []


Overfull \hbox (19.16672pt too wide) in paragraph at lines 10--11
 \OT1/cmr/m/sl/10 bajo 
 []


Overfull \hbox (18.33336pt too wide) in paragraph at lines 10--11
 \OT1/cmr/m/sl/10 con- 
 []


Overfull \hbox (22.83339pt too wide) in paragraph at lines 10--11
 \OT1/cmr/m/sl/10 sumo 
 []


Overfull \hbox (12.22224pt too wide) in paragraph at lines 10--11
 \OT1/cmr/m/sl/10 to- 
 []


Overfull \hbox (15.00003pt too wide) in paragraph at lines 10--11
 \OT1/cmr/m/sl/10 tal- 
 []


Overfull \hbox (26.38893pt too wide) in paragraph at lines 10--11
 \OT1/cmr/m/sl/10 mente 
 []


Overfull \hbox (11.66669pt too wide) in paragraph at lines 10--11
 \OT1/cmr/m/sl/10 in- 
 []


Overfull \hbox (11.66667pt too wide) in paragraph at lines 10--11
 \OT1/cmr/m/sl/10 te- 
 []


Overfull \hbox (24.47229pt too wide) in paragraph at lines 10--11
 \OT1/cmr/m/sl/10 grado 
 []


Overfull \hbox (15.00003pt too wide) in paragraph at lines 10--11
 \OT1/cmr/m/sl/10 con 
 []


Overfull \hbox (16.11111pt too wide) in paragraph at lines 10--11
 \OT1/cmr/m/sl/10 tec- 
 []


Overfull \hbox (31.1112pt too wide) in paragraph at lines 10--11
 \OT1/cmr/m/sl/10 nolog^^S^^Pa 
 []


Overfull \hbox (10.00002pt too wide) in paragraph at lines 10--11
 \OT1/cmr/m/sl/10 de 
 []


Overfull \hbox (23.88896pt too wide) in paragraph at lines 10--11
 \OT1/cmr/m/sl/10 65nm 
 []


Overfull \hbox (5.00002pt too wide) in paragraph at lines 10--11
 \OT1/cmr/m/sl/10 '' 
 []


! LaTeX Error: Environment Large undefined.

See the LaTeX manual or LaTeX Companion for explanation.
Type  H <return>  for immediate help.
 ...                                              
                                                  
l.13 	\begin{Large}
                   
Your command was ignored.
Type  I <command> <return>  to replace it with another command,
or  <return>  to continue without it.


Overfull \hbox (55.94553pt too wide) in paragraph at lines 14--15
[]\OT1/cmr/bx/n/10 Presentado 
 []


Overfull \hbox (20.3888pt too wide) in paragraph at lines 14--15
\OT1/cmr/bx/n/10 por:  
 []


! LaTeX Error: \begin{flushleft} on input line 12 ended by \end{Large}.

See the LaTeX manual or LaTeX Companion for explanation.
Type  H <return>  for immediate help.
 ...                                              
                                                  
l.17 	\end{Large}
                 
Your command was ignored.
Type  I <command> <return>  to replace it with another command,
or  <return>  to continue without it.


Overfull \hbox (33.11118pt too wide) in paragraph at lines 15--18
\OT1/cmr/m/sl/10 Aguirre 
 []


Overfull \hbox (18.05557pt too wide) in paragraph at lines 15--18
\OT1/cmr/m/sl/10 Ale- 
 []


Overfull \hbox (16.94449pt too wide) in paragraph at lines 15--18
\OT1/cmr/m/sl/10 jan- 
 []


Overfull \hbox (14.9746pt too wide) in paragraph at lines 15--18
\OT1/cmr/m/sl/10 dro  
 []


Overfull \hbox (20.0pt too wide) in paragraph at lines 20--20
[] 
 []


Overfull \hbox (31.58318pt too wide) in paragraph at lines 21--22
 []\OT1/cmr/bx/n/10 Tutor:
 []


Overfull \hbox (36.71785pt too wide) in paragraph at lines 22--23
 []\OT1/cmr/bx/n/10 Asesor:
 []


Overfull \hbox (61.47467pt too wide) in paragraph at lines 23--24
 []\OT1/cmr/bx/n/10 Asesor(ext):
 []


Overfull \hbox (28.47899pt too wide) in paragraph at lines 23--24
 \OT1/cmr/bx/sl/10 Luna,
 []


Overfull \hbox (40.61089pt too wide) in paragraph at lines 23--24
 \OT1/cmr/bx/sl/10 Germ^^San
 []


Overfull \hbox (20.0pt too wide) in paragraph at lines 26--26
[] 
 []


! LaTeX Error: Environment Large undefined.

See the LaTeX manual or LaTeX Companion for explanation.
Type  H <return>  for immediate help.
 ...                                              
                                                  
l.27 	\begin{Large}
                   
Your command was ignored.
Type  I <command> <return>  to replace it with another command,
or  <return>  to continue without it.


! LaTeX Error: \begin{center} on input line 26 ended by \end{Large}.

See the LaTeX manual or LaTeX Companion for explanation.
Type  H <return>  for immediate help.
 ...                                              
                                                  
l.29 	\end{Large}
                 
Your command was ignored.
Type  I <command> <return>  to replace it with another command,
or  <return>  to continue without it.


Overfull \hbox (38.43039pt too wide) in paragraph at lines 28--30
 []\OT1/cmr/bx/n/10 Febrero 
 []


Overfull \hbox (22.99988pt too wide) in paragraph at lines 28--30
 \OT1/cmr/bx/n/10 2010 
 []


! LaTeX Error: \begin{document} ended by \end{titlepage}.

See the LaTeX manual or LaTeX Companion for explanation.
Type  H <return>  for immediate help.
 ...                                              
                                                  
l.35 \end{titlepage}
                    
Your command was ignored.
Type  I <command> <return>  to replace it with another command,
or  <return>  to continue without it.

)
! Emergency stop.
<*> unc.tex
           
*** (job aborted, no legal \end found)

 
Here is how much of TeX's memory you used:
 21 strings out of 94768
 280 string characters out of 1177841
 48689 words of memory out of 1500000
 3309 multiletter control sequences out of 10000+50000
 4660 words of font info for 17 fonts, out of 1200000 for 2000
 246 hyphenation exceptions out of 8191
 18i,4n,12p,154b,154s stack positions out of 5000i,500n,6000p,200000b,5000s
!  ==> Fatal error occurred, no output PDF file produced!
