#Time       v(a0)      v(cout)    v(sum0)    v(sum1)    v(sum2)    v(sum3)    v(sum4)    v(sum5)    v(sum6)    v(sum7)    v(sum8)    v(sum9)    v(sum10)   v(sum11)   v(sum12)   v(sum13)   v(sum14)   v(sum15)  
 0.        -183.E-15   10.552E-9  1.8        1.8        1.8        1.8        1.8        1.8        1.8        1.8        1.8        1.8        1.8        1.8        1.8        1.8        1.8        1.8       
 100.E-12   1.8        59.013E-6  1.8        1.8        1.8        1.8001     1.7999     1.8        1.8001     1.8001     1.8        1.8        1.8002     1.8002     1.8002     1.8001     1.8        1.8001    
 200.E-12   1.8        18.378E-6  1.7999     1.8        1.8        1.7999     1.7999     1.7999     1.8        1.8        1.7999     1.8        1.8        1.8        1.8        1.8001     1.8        1.8       
 300.E-12   1.8       -7.8374E-6  1.7998     1.8        1.8        1.7999     1.8001     1.7999     1.8        1.8        1.7999     1.8        1.8        1.8        1.8001     1.8001     1.8        1.8       
 400.E-12   1.8        1.1086E-6  1.8258     1.8        1.8        1.7999     1.7999     1.7999     1.8        1.8        1.8        1.8        1.8        1.8        1.8001     1.8001     1.8        1.8001    
 500.E-12   1.8        12.72E-6   0.30244    1.7997     1.8        1.8        1.8001     1.8        1.8        1.7999     1.7999     1.8        1.8        1.8        1.8        1.8001     1.8        1.8       
 600.E-12   1.8        8.0746E-6  0.04087    1.8074     1.8        1.7999     1.7999     1.8        1.7999     1.8        1.8        1.8        1.8        1.8        1.8001     1.8001     1.8        1.7999    
 700.E-12   1.8        640.71E-9 -788.6E-6   1.2199     1.8        1.8001     1.8001     1.8        1.8001     1.8        1.7999     1.8        1.8        1.8001     1.7999     1.7999     1.8        1.8001    
 800.E-12   1.8        9.004E-6  -13.355E-6  0.0026641  1.8        1.7999     1.7999     1.8        1.8        1.8        1.8001     1.8        1.8        1.8        1.7999     1.7999     1.8        1.8       
 900.E-12   1.8       -6.9239E-6  14.381E-6  447.91E-6  1.8        1.8001     1.8        1.7999     1.8        1.7999     1.8        1.8        1.8        1.8        1.8        1.8        1.8        1.8       
 1.E-9      1.8       -11.413E-6  28.383E-6  255.09E-6  1.7999     1.8        1.8        1.8001     1.8        1.8        1.8001     1.8        1.8        1.8        1.7999     1.7999     1.8        1.8       
 1.1E-9     1.8       -9.3251E-6  34.937E-6  149.09E-6  1.8009     1.8001     1.8        1.8        1.8001     1.8        1.8        1.8        1.8        1.8        1.8001     1.7999     1.8        1.8001    
 1.2E-9     1.8        25.035E-6 -44.484E-6 -143.26E-6  1.8164     1.8        1.7999     1.7999     1.7999     1.8        1.8        1.8        1.7999     1.8        1.8001     1.8001     1.8        1.7999    
 1.3E-9     1.8        13.56E-6  -41.218E-6 -84.348E-6  0.6725     1.7999     1.8001     1.8        1.8        1.8        1.7999     1.8        1.8        1.8        1.8        1.8001     1.8        1.8       
 1.4E-9     1.8        16.768E-6 -41.793E-6 -60.876E-6  0.0071121  1.7999     1.7999     1.8        1.8        1.8        1.8001     1.8        1.8001     1.8        1.8001     1.8001     1.8        1.8       
 1.5E-9     1.8       -16.626E-6 -42.883E-6 -46.851E-6  0.0020202  1.7998     1.8        1.7999     1.8        1.8001     1.7999     1.8        1.8        1.8        1.8        1.8001     1.8        1.7999    
 1.6E-9     1.8       -11.108E-6  38.39E-6   28.51E-6  -159.96E-6  0.031268   1.8        1.8001     1.8        1.8        1.8001     1.8        1.7999     1.8        1.7999     1.7999     1.8001     1.8       
 1.7E-9     1.8       -1.3247E-6 -44.186E-6 -25.553E-6  59.308E-6 -647.57E-6  1.8        1.8        1.8        1.8        1.7999     1.8        1.8        1.8        1.8001     1.7999     1.7999     1.8       
 1.8E-9     1.8       -11.667E-6  47.775E-6  22.292E-6  2.9704E-6  123.53E-6  1.8003     1.7999     1.7999     1.8        1.7999     1.8        1.8001     1.8        1.7999     1.8001     1.8001     1.8       
 1.9E-9     1.8        13.606E-6  54.611E-6  25.544E-6  8.7946E-6  129.81E-6  1.8026     1.8        1.7999     1.7999     1.8        1.8        1.8        1.8        1.8        1.7999     1.8001     1.8       
 2.E-9      1.8       -2.6868E-6  57.439E-6  24.749E-6  11.174E-6  137.39E-6  1.8159     1.8        1.7997     1.7998     1.8        1.8        1.8        1.8        1.7999     1.7999     1.8001     1.8001    
 2.1E-9     1.8       -5.4592E-6  58.123E-6  25.154E-6  11.649E-6  51.719E-6  0.85006    1.7998     1.8044     1.8062     1.8        1.8        1.8        1.8        1.8        1.8        1.8001     1.8       
 2.2E-9     1.8        11.738E-6 -50.908E-6 -22.421E-6 -9.796E-6  -114.51E-6  0.0035891  1.8015     1.5561     1.5035     1.7999     1.8        1.8        1.7999     1.8001     1.8001     1.7999     1.8       
 2.3E-9     1.8       -3.5364E-6 -55.214E-6 -25.672E-6 -10.32E-6  -97.044E-6  217.18E-6  1.6787     0.42714    0.62635    1.7999     1.8        1.7999     1.8        1.8001     1.7999     1.7999     1.7999    
 2.4E-9     1.8       -446.15E-9  71.345E-6  29.35E-6   13.542E-6  25.247E-6  63.305E-6  0.23346    0.013173   0.076653   1.8001     1.8        1.8        1.8        1.7999     1.8001     1.8001     1.8       
 2.5E-9     1.8        15.765E-6  83.389E-6  33.524E-6  15.509E-6  112.12E-6  92.38E-6   0.0031585  29.653E-6  0.0037315  1.8        1.8        1.8        1.8        1.8001     1.8        1.8        1.8       
 2.6E-9     1.8       -1.2054E-6  88.779E-6  33.015E-6  16.004E-6  87.42E-6   102.36E-6  135.42E-6  5.7709E-6  145.14E-6  1.8001     1.8        1.8        1.8        1.7999     1.8        1.8001     1.7999    
 2.7E-9     1.8        15.067E-6  91.213E-6  33.528E-6  16.599E-6  123.96E-6  108.92E-6  36.207E-6  6.8758E-6  25.749E-6  1.7999     1.8        1.8        1.8        1.7999     1.8        1.8        1.8       
 2.8E-9     1.8       -1.8411E-6  94.547E-6  33.443E-6  16.975E-6  54.118E-6  114.21E-6  26.243E-6  12.529E-6  11.287E-6  1.8        1.8        1.8001     1.8        1.8        1.7999     1.8001     1.7999    
 2.9E-9     1.8        16.774E-6 -117.37E-6 -41.656E-6 -20.682E-6 -116.04E-6 -134.35E-6 -44.327E-6 -29.025E-6 -20.367E-6  1.8        1.8        1.8        1.8        1.8        1.8001     1.8        1.7999    
 3.E-9      1.8        8.985E-6   116.42E-6  40.175E-6  20.076E-6  122.67E-6  136.64E-6  40.318E-6  21.674E-6  12.621E-6  1.8003     1.8        1.8        1.8        1.8        1.8        1.8        1.8       
 3.1E-9     1.8       -11.464E-6 -118.45E-6 -40.245E-6 -20.453E-6 -80.59E-6  -137.73E-6 -41.622E-6 -22.244E-6 -13.016E-6  1.808      1.8        1.8        1.8        1.8001     1.8        1.8        1.8       
 3.2E-9     1.8       -4.8619E-6  115.28E-6  39.875E-6  20.576E-6  101.47E-6  135.32E-6  42.87E-6   22.537E-6  13.064E-6  1.203      1.8        1.8        1.8        1.8        1.8        1.8001     1.8       
 3.3E-9     1.8        156.92E-6 -114.54E-6 -39.593E-6 -20.637E-6 -110.85E-6 -130.31E-6 -44.281E-6 -23.274E-6 -13.353E-6  0.089943   1.8        1.8        1.7999     1.8        1.7999     1.7999     1.8       
 3.4E-9     1.8       -0.011611  -99.134E-6 -34.552E-6 -18.395E-6 -123.94E-6 -115.31E-6 -42.152E-6 -23.856E-6 -14.875E-6  0.02005    1.7998     1.7998     1.7999     1.7996     1.8005     1.7997     1.7999    
 3.5E-9     1.8        0.43482   -98.342E-6 -34.587E-6 -18.083E-6 -53.063E-6 -127.29E-6 -46.057E-6 -24.335E-6 -13.578E-6  0.0053194  1.8015     1.8071     1.8075     1.8049     1.7516     1.7999     1.8003    
 3.6E-9     1.8        1.1163    -88.176E-6 -30.637E-6 -16.288E-6 -139.04E-6 -135.75E-6 -44.336E-6 -21.593E-6 -10.822E-6  72.716E-6  1.7316     1.4579     1.187      1.3691     82.511E-6  1.824      1.8142    
 3.7E-9     1.8        1.5629    -115.55E-6 -38.053E-6 -21.199E-6 -145.75E-6 -106.11E-6 -56.801E-6 -25.813E-6 -12.62E-6  -87.248E-6  1.0181     0.43458    0.23497    0.007958  -9.0267E-6  0.35604    1.0834    
 3.8E-9     1.8        1.7347    -118.58E-6 -48.041E-6 -26.185E-6 -87.969E-6 -59.837E-6 -43.933E-6  30.161E-6 -13.707E-6 -132.82E-6  0.29507    0.018601   0.006726   0.0017307 -29.535E-6  0.043224   0.043102  
 3.9E-9     1.8        1.7839    -108.9E-6  -48.734E-6 -27.99E-6  -129.41E-6 -115.43E-6 -57.924E-6 -23.512E-6 -18.808E-6 -88.02E-6   0.029745   311.71E-6  126.54E-6  428.54E-6 -3.4374E-6  0.011191   125.05E-6 
 4.E-9      1.8        1.796     -108.69E-6 -48.192E-6 -28.71E-6  -152.52E-6 -144.03E-6 -41.901E-6 -29.483E-6 -19.233E-6 -111.82E-6  0.0021421  10.014E-6  12.745E-6  236.59E-6  39.898E-6  0.0030246 -4.8909E-6 
 4.1E-9     1.8        1.799     -99.306E-6 -48.953E-6 -29.192E-6 -160.69E-6 -67.18E-6  -53.35E-6  -31.248E-6 -19.232E-6 -131.7E-6   171.58E-6 -11.619E-6 -9.6858E-6  156.96E-6  68.483E-6  860.43E-6 -30.955E-6 
 4.2E-9     8.5009E-9  1.7998     118.92E-6  60.467E-6  36.045E-6  201.69E-6  125.4E-6   84.554E-6  58.494E-6  41.562E-6  171.19E-6  7.3735E-6  31.327E-6  31.328E-6 -175.04E-6 -98.321E-6 -722.39E-6  60.149E-6 
 4.3E-9    -11.672E-9  1.8       -81.202E-6 -61.92E-6  -40.317E-6 -102.78E-6 -9.8146E-6 -57.626E-6  32.648E-6 -2.5364E-6 -154.47E-6  12.647E-6 -27.925E-6 -56.154E-6  130.E-6    119.2E-6  -30.002E-6 -27.615E-6 
 4.4E-9     7.0301E-9  1.8       -51.272E-6  75.201E-6  55.061E-6  145.76E-6 -161.89E-9  52.856E-6  41.263E-6  18.007E-6  15.287E-6 -5.3338E-6  39.334E-6  16.847E-6 -52.143E-6 -46.217E-6  58.803E-6  27.902E-6 
 4.5E-9    -12.411E-9  1.8       -0.016566  -6.7844E-6 -47.976E-6 -114.21E-6 -122.16E-6 -29.465E-6 -9.0051E-6 -1.8192E-6 -103.46E-6  3.2996E-6 -8.6942E-6  3.6221E-6  120.97E-6 -2.9951E-6 -37.874E-6 -13.789E-6 
 4.6E-9    -14.319E-9  1.8        1.1514     98.852E-6 -52.197E-6 -118.84E-6 -135.9E-6  -43.18E-6  -22.964E-6 -9.8936E-6 -120.97E-6  7.9251E-6 -23.035E-6 -12.554E-6  110.48E-6  128.33E-6 -41.898E-6 -32.204E-6 
 4.7E-9     7.9552E-9  1.8001     1.7982    -0.012203   71.848E-6  66.978E-6  180.38E-6  12.949E-6  18.992E-6  19.853E-6  115.18E-6 -8.0171E-6  28.453E-6  24.773E-6 -144.84E-6 -118.71E-6  44.074E-6  29.257E-6 
 4.8E-9    -12.82E-9   1.7999     1.7998     0.76022   -96.664E-6 -65.048E-6 -108.38E-6 -17.31E-6   14.335E-6 -9.2359E-6 -183.19E-6  3.6824E-6 -17.38E-6   34.901E-6  15.578E-6  172.37E-6 -51.061E-6 -28.816E-6 
 4.9E-9    -10.544E-9  1.8        1.7999     1.8242    -115.65E-6 -74.317E-6 -147.59E-6 -38.881E-6 -21.114E-6 -10.435E-6 -158.79E-6  7.0006E-6 -16.12E-6  -2.2668E-6  103.23E-6  174.3E-6  -53.773E-6 -32.213E-6 
 5.E-9     -12.88E-9   1.8        1.7999     1.8014     38.293E-6 -94.308E-6 -99.493E-6 -57.987E-6 -20.737E-6 -10.137E-6 -164.86E-6  8.7014E-6 -24.61E-6  -14.234E-6  136.1E-6   177.87E-6 -45.957E-6 -31.531E-6 
 5.1E-9    -12.414E-9  1.7999     1.7999     1.8002     35.939E-6 -57.25E-6  -129.27E-6 -17.719E-6  3.4636E-6 -5.9322E-6 -127.71E-6  9.1567E-6 -22.092E-6 -21.9E-6    154.13E-6  167.66E-6 -46.979E-6 -31.235E-6 
 5.2E-9    -12.01E-9   1.8        1.7999     1.7999    -0.0019208 -58.468E-6 -87.653E-6 -44.554E-6 -20.865E-6 -14.081E-6 -139.13E-6  8.8664E-6 -16.876E-6 -19.145E-6  159.06E-6  162.87E-6 -40.002E-6 -31.394E-6 
 5.3E-9     7.1561E-9  1.8        1.8001     1.8001    -0.011715   107.02E-6  147.8E-6   36.779E-6  24.423E-6  9.9701E-6  118.57E-6 -11.809E-6  18.271E-6  26.624E-6 -134.95E-6 -132.96E-6  38.819E-6  34.849E-6 
 5.4E-9     5.397E-9   1.8        1.8001     1.8001     0.68112    388.17E-6  47.471E-6  30.587E-6 -9.7433E-6 -14.774E-6  30.805E-6 -6.774E-6  -27.758E-6  18.913E-6 -35.03E-6  -95.425E-6  45.533E-6  35.467E-6 
 5.5E-9     6.8947E-9  1.8        1.8001     1.8001     1.8306    -0.0027158  86.668E-6  33.781E-6  14.76E-6   1.2899E-6  100.98E-6 -9.6124E-6  7.5882E-6  19.08E-6  -107.76E-6 -129.82E-6  41.522E-6  34.399E-6 
 5.6E-9     3.8796E-9  1.8        1.8001     1.8001     1.8018     0.072341   36.242E-6  15.588E-6 -5.74E-6    16.663E-6  139.57E-6 -10.255E-6  23.245E-6  21.565E-6 -142.89E-6 -143.43E-6  38.911E-6  34.029E-6 
 5.7E-9     5.6595E-9  1.8001     1.8001     1.8001     1.8001     1.6581    -33.485E-6  47.201E-6  19.392E-6 -14.055E-6  100.95E-6 -10.421E-6  19.75E-6   19.364E-6 -151.86E-6 -162.69E-6  41.937E-6  34.312E-6 
 5.8E-9     7.0149E-9  1.8        1.8001     1.8001     1.7999     1.794     -14.142E-6  45.367E-6  18.808E-6  2.8063E-6  132.4E-6  -10.545E-6  20.666E-6  17.807E-6 -159.04E-6 -164.05E-6  37.706E-6  34.534E-6 
 5.9E-9     7.3364E-9  1.8        1.8001     1.8001     1.7999     1.7992    -614.64E-6  11.354E-6 -8.4101E-6  16.171E-6  129.26E-6 -8.5463E-6  19.944E-6  12.624E-6 -125.51E-6 -173.E-6    33.889E-6  35.098E-6 
 6.E-9      4.7756E-9  1.8        1.8001     1.8001     1.7999     1.8       -0.0022109  31.415E-6  87.463E-6  147.3E-6   93.161E-6 -8.8028E-6  15.244E-6  21.738E-6 -145.94E-6 -163.95E-6  36.727E-6  35.566E-6 
 6.1E-9    -15.363E-9  1.8        1.7998     1.7999     1.8        1.7999    -0.0066261 -52.131E-6 -72.783E-6 -718.81E-6 -136.56E-6  8.1914E-6 -18.634E-6 -26.475E-6  149.97E-6  142.41E-6 -40.001E-6 -39.63E-6  
 6.2E-9    -16.173E-9  1.8        1.8001     1.7999     1.8        1.7999     0.14132    213.47E-6 -0.012738  -0.0086471 -119.34E-6  16.188E-6  8.3915E-6  14.074E-6  152.53E-6 -47.294E-6 -39.835E-6 -36.427E-6 
 6.3E-9    -17.683E-9  1.8        1.7998     1.7999     1.8        1.8        1.6888    -0.0094587  0.45953    0.4474    -92.832E-6  253.08E-9 -14.532E-6 -25.315E-6  131.83E-6  131.12E-6 -58.766E-6 -39.132E-6 
 6.4E-9     4.1619E-9  1.8        1.8        1.8001     1.8        1.7999     1.7997     0.36935    1.3167     1.1165     38.885E-6 -2.7493E-6 -19.023E-6 -4.2013E-6 -112.5E-6  -161.29E-6  60.822E-6 -36.366E-6 
 6.5E-9     7.6113E-9  1.8001     1.8        1.8        1.8        1.8001     1.7999     1.5385     1.7061     1.558      87.244E-6  2.6471E-6  7.88E-6    9.1772E-6 -79.251E-6 -144.18E-6  79.731E-6  31.384E-6 
 6.6E-9     9.1547E-9  1.8        1.8001     1.8001     1.8        1.8001     1.8        1.79       1.787      1.7324     56.748E-6 -5.6111E-6 -5.7448E-6  15.691E-6 -75.068E-6 -88.891E-6  82.944E-6  39.928E-6 
 6.7E-9    -12.843E-9  1.8        1.7998     1.7999     1.7999     1.7998     1.7999     1.8023     1.7996     1.7868    -92.812E-6  15.329E-6 -33.025E-6 -10.866E-6  93.569E-6  135.68E-6 -105.04E-6 -7.9754E-6 
 6.8E-9     6.3153E-9  1.8        1.8001     1.8        1.8001     1.8        1.8001     1.7997     1.8        1.7981     88.196E-6 -4.8615E-6 -1.2297E-6 -5.6601E-6 -104.98E-6 -110.23E-6  95.837E-6  27.868E-6 
 6.9E-9    -16.701E-9  1.8        1.8        1.8        1.7999     1.8001     1.7999     1.8        1.8        1.7997     56.707E-6  8.0543E-6  41.518E-6  8.79E-6    89.285E-6  100.4E-6  -87.788E-6 -33.485E-6 
 7.E-9      3.5143E-9  1.8        1.8        1.8        1.8001     1.8        1.8001     1.7999     1.8        1.7999    -294.43E-6 -5.3331E-6  2.5103E-6  8.8857E-6 -80.168E-6 -86.356E-6  86.804E-6  37.966E-6 
 7.1E-9    -16.774E-9  1.8        1.7999     1.7999     1.7999     1.7999     1.7999     1.8001     1.8        1.8       -0.0060371  2.9464E-6 -7.3735E-6 -10.811E-6  99.293E-6  105.73E-6 -84.419E-6 -40.401E-6 
 7.2E-9     2.7792E-9  1.8        1.8        1.8        1.8001     1.8        1.8001     1.8        1.8        1.8        0.45194   -3.5369E-6 -5.653E-6  -8.4328E-6 -112.79E-6 -94.616E-6  79.754E-6 -3.0424E-6 
 7.3E-9    -19.475E-9  1.7999     1.8        1.8        1.7999     1.8        1.7999     1.8        1.8        1.8        1.5692     2.3591E-6  4.469E-6   93.68E-6   106.15E-6  277.71E-6 -81.688E-6 -17.659E-6 
 7.4E-9    -23.77E-9   1.7033     1.7999     1.7999     1.7999     1.7999     1.7999     1.8        1.8        1.8        1.791      164.26E-6  340.34E-6 -648.01E-6  245.05E-6 -0.0026402  150.51E-6  220.05E-6 
 7.5E-9    -18.936E-9  0.89631    1.8        1.7999     1.7999     1.8        1.7999     1.8        1.8        1.8        1.799     -0.0015944 -0.0057172 -0.0055429 -0.0082841  0.038037  -824.81E-6 -0.0017409 
 7.6E-9    -14.43E-12  0.16634    1.7999     1.8001     1.8001     1.8002     1.8001     1.8        1.8001     1.8        1.7999     0.0010593  0.16189    0.50526    0.46704    1.6522    -0.013658  -0.0097958 
 7.7E-9    -20.5E-9    0.011415   1.8        1.8        1.7999     1.7999     1.7999     1.8        1.8        1.8001     1.7999     0.46774    0.9637     1.2608     1.8021     1.8        1.4528     0.61329   
 7.8E-9    -15.329E-9  364.94E-6  1.8        1.7998     1.7999     1.8        1.7998     1.7999     1.8001     1.8        1.7999     1.0656     1.5422     1.6615     1.8        1.7999     1.8026     1.5273    
 7.9E-9    -12.452E-9  40.48E-6   1.7999     1.8        1.7999     1.8001     1.8001     1.8        1.8        1.8        1.7999     1.495      1.7454     1.7741     1.7999     1.8        1.7998     1.7745    
 8.E-9     -11.536E-9  20.013E-6  1.8        1.7999     1.7999     1.8        1.7999     1.8        1.7999     1.8        1.7999     1.6974     1.7902     1.7952     1.8        1.8001     1.8        1.7982    
 8.1E-9     1.8        24.01E-6   1.7999     1.8001     1.7999     1.7999     1.7998     1.7999     1.8        1.8        1.8        1.7697     1.7983     1.7991     1.8001     1.8001     1.8        1.7999    
 8.2E-9     1.8        23.387E-6  1.7999     1.8        1.7999     1.8        1.7999     1.7999     1.8001     1.8        1.7999     1.7911     1.7996     1.7998     1.8001     1.8001     1.8        1.8       
 8.3E-9     1.8       -21.315E-6  1.7997     1.8001     1.8001     1.8002     1.8002     1.8001     1.7999     1.8001     1.8001     1.7973     1.7999     1.8        1.7999     1.7998     1.8001     1.8       
 8.4E-9     1.8        2.0811E-6  1.8279     1.8001     1.8002     1.7999     1.8001     1.7999     1.8        1.7999     1.7998     1.7991     1.8001     1.8        1.8002     1.7999     1.8001     1.7999    
 8.5E-9     1.8        58.365E-6  0.11814    1.7994     1.7998     1.7999     1.7998     1.7999     1.7999     1.8        1.7999     1.7997     1.8        1.8        1.8001     1.8001     1.7999     1.7998    
 8.6E-9     1.8        1.9043E-6  86.566E-6  1.8095     1.8001     1.8002     1.8        1.8        1.8        1.8        1.8        1.8        1.8        1.7999     1.7999     1.8002     1.8001     1.8       
 8.7E-9     1.8        15.042E-6  49.363E-6  1.0112     1.7999     1.8001     1.8001     1.8        1.7999     1.8        1.7999     1.8        1.8        1.7999     1.7999     1.7999     1.7999     1.8       
 8.8E-9     1.8        8.2568E-6  71.887E-6 -0.035374   1.8        1.8        1.8        1.7999     1.8        1.8        1.8001     1.8        1.8        1.8        1.8        1.8        1.8001     1.8       
 8.9E-9     1.8       -11.201E-6  93.661E-6 -0.0085683  1.8        1.8        1.8001     1.8        1.8        1.7999     1.8        1.8        1.8        1.8        1.7999     1.7999     1.7999     1.7999    
 9.E-9      1.8        26.551E-6 -108.74E-6  235.11E-6  1.7997     1.8001     1.7999     1.7999     1.8001     1.7999     1.8001     1.8        1.8        1.8        1.8001     1.7999     1.8001     1.8001    
 9.1E-9     1.8       -39.332E-6  137.44E-6  76.59E-6   1.8012     1.8001     1.7999     1.8002     1.8        1.8001     1.7999     1.8        1.8001     1.8001     1.8        1.8001     1.8001     1.8       
 9.2E-9     1.8        36.486E-6 -122.64E-6 -153.38E-6  1.8219     1.8        1.8        1.7999     1.7999     1.8        1.8001     1.8        1.7999     1.8        1.8        1.8        1.7999     1.8       
 9.3E-9     1.8       -4.1892E-6 -91.162E-6 -84.004E-6  0.5605     1.7999     1.8        1.8        1.8        1.8001     1.7999     1.8        1.8        1.8001     1.8001     1.8001     1.8001     1.8       
 9.4E-9     1.8       -12.68E-6   134.1E-6   127.46E-6 -0.001733   1.8        1.8001     1.7999     1.8        1.8        1.8001     1.8        1.8        1.7999     1.7999     1.7999     1.7999     1.7999    
 9.5E-9     1.8        35.749E-6 -126.88E-6 -145.15E-6  46.902E-6  1.792      1.7998     1.8        1.7999     1.7999     1.7998     1.8001     1.7999     1.8        1.7999     1.8002     1.8002     1.8       
 9.6E-9     1.8       -20.12E-6  -58.468E-6 -68.854E-6 -63.382E-6 -0.011029   1.7998     1.7999     1.8        1.8        1.7999     1.8        1.8        1.8001     1.8001     1.7999     1.8        1.8       
 9.7E-9     1.8       -9.4191E-6 -97.506E-6 -95.705E-6 -108.43E-6 -0.0045431  1.8        1.8001     1.8001     1.8        1.8        1.8        1.8        1.8        1.8        1.8001     1.8        1.8       
 9.8E-9     1.8       -14.225E-6 -106.99E-6 -114.02E-6 -119.12E-6 -0.0012054  1.8005     1.8        1.8        1.8001     1.8        1.8        1.8        1.8        1.8001     1.8        1.8        1.8001    
 9.9E-9     1.8        12.805E-6 -89.127E-6 -85.255E-6 -108.62E-6 -283.64E-6  1.8032     1.8        1.8        1.7999     1.7999     1.8        1.8        1.8        1.8        1.8        1.8001     1.8       
 10.E-9     1.8        10.352E-6 -102.15E-6 -120.53E-6 -105.21E-6 -109.83E-6  1.8173     1.7999     1.7999     1.7997     1.7999     1.8        1.8001     1.8001     1.7999     1.7999     1.8001     1.8       
 10.1E-9    1.8        2.7036E-6  107.61E-6  63.439E-6  11.848E-6 -87.898E-6  0.6035     1.7996     1.8061     1.8071     1.8        1.7999     1.8001     1.8        1.7999     1.7999     1.7998     1.8       
 10.2E-9    1.8        7.3456E-6  64.913E-6  113.47E-6  117.11E-6 -73.835E-6  891.12E-6  1.8024     1.4454     1.4752     1.8        1.8        1.8001     1.8        1.8001     1.8001     1.7999     1.8       
 10.3E-9    1.8       -6.801E-6   21.913E-6  27.467E-6  139.14E-6  117.14E-6  81.134E-6  1.5842     0.3174     0.59052    1.8002     1.8        1.8        1.7999     1.8        1.8        1.7999     1.7999    
 10.4E-9    1.8        68.38E-6   80.965E-6  80.921E-6  13.331E-6  24.136E-6  19.734E-6  0.17578    0.0038953  0.067669   1.7999     1.8        1.7999     1.8        1.8        1.8        1.8001     1.8       
 10.5E-9    1.8        178.87E-9  85.906E-6  39.468E-6  91.208E-6  62.001E-6  67.288E-6  0.0031464 -5.6643E-6  0.0032484  1.8001     1.8        1.8        1.7999     1.7999     1.7999     1.7999     1.8       
 10.6E-9    1.8        30.567E-6 -86.219E-6 -96.656E-6 -104.21E-6 -77.029E-6 -59.977E-6 -0.0015527  4.6672E-6 -428.86E-6  1.7998     1.8        1.8        1.8        1.8002     1.8002     1.8        1.7999    
 10.7E-9    1.8        37.315E-6  73.542E-6  73.514E-6  87.956E-6  67.838E-6  97.978E-6  763.53E-6  7.5297E-6  50.41E-6   1.8        1.8        1.8        1.8        1.7999     1.7999     1.8        1.8       
 10.8E-9    1.8       -5.3759E-6 -63.248E-6 -62.658E-6 -76.048E-6 -62.182E-6 -90.766E-6 -421.78E-6 -11.437E-6 -32.505E-6  1.8        1.8        1.8        1.8        1.8        1.8        1.8        1.8       
 10.9E-9    1.8       -8.2141E-6  78.276E-6  79.772E-6  98.16E-6   81.522E-6  108.49E-6  240.01E-6  16.103E-6  20.468E-6  1.7999     1.8        1.8        1.8        1.7999     1.8        1.7999     1.8       
 11.E-9     1.8        11.689E-6 -61.749E-6 -88.86E-6  -112.07E-6 -97.278E-6 -110.26E-6 -139.09E-6 -18.46E-6  -20.021E-6  1.8006     1.8        1.8        1.8        1.8        1.8        1.8        1.8       
 11.1E-9    1.8        2.3437E-6  53.635E-6  70.196E-6  92.964E-6  83.953E-6  119.16E-6  85.61E-6   21.356E-6  21.328E-6  1.809      1.8        1.8        1.8        1.8        1.7999     1.8        1.8       
 11.2E-9    1.8       -7.4627E-6 -73.251E-6 -59.744E-6 -83.093E-6 -71.616E-6 -123.52E-6 -57.708E-6 -23.966E-6 -22.943E-6  1.1033     1.8        1.8        1.8        1.8        1.8        1.8        1.8       
 11.3E-9    1.8        265.84E-6 -46.091E-6 -40.971E-6 -107.98E-6 -103.11E-6 -115.24E-6 -28.783E-6 -28.139E-6 -27.187E-6 -0.067409   1.8001     1.8        1.7999     1.8        1.7997     1.8        1.7999    
 11.4E-9    1.8       -0.01659   -17.636E-6 -15.028E-6 -119.68E-6 -119.61E-6 -180.43E-6 -67.943E-6 -47.71E-6  -40.412E-6 -17.951E-6  1.7998     1.7998     1.7999     1.7994     1.8014     1.7997     1.7997    
 11.5E-9    1.8        0.51001    18.543E-6  19.772E-6  73.652E-6  56.482E-6  101.52E-6  37.904E-6  24.043E-6  41.686E-6  137.97E-6  1.8012     1.807      1.8054     1.8103     1.6978     1.7996     1.8007    
 11.6E-9    1.8        1.1726     71.401E-6  55.49E-6   39.045E-6  69.556E-6  123.53E-6  72.757E-6 -3.4353E-6 -975.22E-9  106.12E-6  1.7331     1.4396     1.0591     0.94083    0.00397    1.8287     1.8042    
 11.7E-9    1.8        1.5887     47.547E-6  97.657E-6  63.42E-6   31.776E-6  54.942E-6  42.333E-6  5.5112E-6  18.802E-6  26.159E-6  1.0129     0.41483    0.16796    463.53E-6  73.995E-6  0.22198    0.82555   
 11.8E-9    1.8        1.7422    -54.353E-6 -90.287E-6 -54.785E-6 -81.423E-6 -74.848E-6 -33.789E-6 -1.6211E-6 -16.113E-6 -37.839E-6  0.28435    0.021526   0.0066943  72.222E-6  98.355E-6 -0.0048353  0.019331  
 11.9E-9    1.8        1.7856    -72.77E-6  -63.483E-6 -75.452E-6 -69.228E-6 -87.841E-6 -8.3582E-6  7.8636E-6  1.0191E-6 -46.84E-6   0.028284   351.74E-6  116.66E-6  75.923E-6  103.16E-6 -0.0012707  82.757E-6 
 12.E-9     1.8        1.7964    -90.884E-6 -59.781E-6 -92.876E-6 -63.164E-6 -107.4E-6  -4.9142E-6 -19.838E-6  9.241E-6  -96.207E-6  0.0020388  9.0255E-6  10.146E-6  75.226E-6  119.65E-6 -356.66E-6 -966.67E-9 
 12.1E-9    1.8        1.7991    -58.538E-6 -84.888E-6 -53.873E-6 -38.856E-6 -65.477E-6 -30.128E-6  1.231E-6  -15.764E-6 -54.574E-6  148.29E-6 -17.299E-6 -14.671E-6  87.015E-6  139.75E-6 -192.96E-6 -23.981E-6 
 12.2E-9   -17.429E-9  1.7997    -66.609E-6 -42.659E-6 -57.589E-6 -33.706E-6 -82.443E-6 -3.9272E-6  7.7993E-6  376.4E-9  -43.04E-6   30.143E-6 -24.598E-6 -23.298E-6  109.32E-6  110.29E-6 -122.78E-6 -29.285E-6 
 12.3E-9   -17.414E-9  1.7998    -46.67E-6  -5.7439E-6 -71.965E-6 -32.534E-6 -74.94E-6  -13.282E-6  40.221E-6  21.901E-6 -46.489E-6  7.356E-6   36.317E-6  40.557E-6 -103.95E-6 -98.9E-6   -57.578E-6 -6.5326E-6 
 12.4E-9    13.244E-9  1.8        176.36E-6  89.751E-6  51.66E-6   66.86E-6   113.77E-6  14.955E-6 -12.023E-6 -1.6573E-6  65.721E-6 -13.646E-6  38.38E-6   43.119E-6 -114.11E-6 -121.4E-6   39.254E-6  42.509E-6 
 12.5E-9   -18.566E-9  1.7999    -0.0092425 -67.938E-6 -80.157E-6 -42.864E-6 -87.301E-6 -38.7E-6    5.0071E-6 -21.187E-6  39.753E-6  26.521E-6 -39.098E-6 -31.047E-6  112.03E-6  112.5E-6  -29.012E-6 -42.8E-6   
 12.6E-9    11.353E-9  1.8        0.54932    247.24E-6  69.825E-6  90.669E-6  53.991E-6  31.397E-6 -11.946E-6  11.218E-6 -50.846E-6 -13.392E-6  31.505E-6  17.863E-6 -51.418E-6 -62.526E-6  38.02E-6   43.065E-6 
 12.7E-9   -18.421E-9  1.8        1.7963    -0.0063611 -47.313E-6 -39.643E-6 -53.815E-6 -32.614E-6  9.6009E-6 -16.202E-6 -66.363E-6  6.3266E-6 -33.344E-6 -24.309E-6  103.64E-6  103.54E-6 -46.677E-6 -43.348E-6 
 12.8E-9    13.965E-9  1.8        1.7999     0.30069    53.007E-6  67.064E-6  36.465E-6  35.062E-6 -11.842E-6  16.617E-6  64.935E-6 -15.76E-6   30.908E-6  18.092E-6 -78.166E-6 -89.654E-6  52.226E-6  34.881E-6 
 12.9E-9    16.014E-9  1.8        1.8        1.808      55.505E-6  106.5E-6   43.613E-6  11.931E-6 -11.679E-6 -378.02E-9  89.586E-6 -13.09E-6   3.3452E-6  2.2573E-6 -59.21E-6  -96.931E-6  56.597E-6  4.7224E-6 
 13.E-9     14.415E-9  1.8        1.8001     1.8012     163.2E-6   64.648E-6  81.728E-6  1.2629E-6 -4.3516E-6 -11.442E-6  59.341E-6 -13.814E-6  18.648E-6  20.633E-6 -107.02E-6 -52.648E-6  61.025E-6 -1.3539E-6 
 13.1E-9    13.176E-9  1.8        1.8001     1.8002    -12.557E-6 -21.716E-6  76.591E-6  29.963E-6 -7.7427E-6  16.084E-6  64.987E-6 -12.303E-6 -983.4E-9   32.08E-6  -100.05E-6 -59.306E-6  60.38E-6  -310.37E-9 
 13.2E-9    15.098E-9  1.8        1.7999     1.8       -986.11E-6  70.969E-6  91.339E-6  6.962E-6   20.026E-6  1.3014E-6  45.075E-6 -16.182E-6 -5.3106E-6 -2.9093E-6 -53.402E-6 -80.06E-6   63.325E-6  30.938E-6 
 13.3E-9    14.039E-9  1.8        1.8001     1.8       -0.0075153  52.625E-6  61.71E-6   689.07E-9 -2.0293E-6 -11.512E-6  42.449E-6 -14.137E-6 -6.295E-6  -6.6713E-6 -90.598E-6 -75.65E-6   71.902E-6 -671.63E-9 
 13.4E-9    13.275E-9  1.8        1.8        1.8        0.31985    73.539E-6  60.63E-6   31.557E-6 -5.1368E-6  16.049E-6  59.681E-6 -13.231E-6  18.328E-6  18.229E-6 -54.177E-6 -67.577E-6  70.995E-6 -900.3E-9  
 13.5E-9   -20.165E-9  1.8        1.7998     1.7999     1.7634    -111.71E-6 -87.67E-6  -35.628E-6  9.1867E-6 -18.409E-6 -42.407E-6  22.421E-6 -35.767E-6 -36.971E-6  110.02E-6  96.695E-6 -68.364E-6 -36.819E-6 
 13.6E-9   -22.25E-9   1.7999     1.8001     1.7999     1.8       -0.018826   7.0456E-6 -135.55E-9 -3.088E-6  -1.799E-6  -61.779E-6  5.4497E-6  18.192E-6  9.0335E-6  34.29E-6   42.737E-6 -84.83E-6   3.6504E-6 
 13.7E-9    10.868E-9  1.8        1.7999     1.7999     1.8        1.2833     52.58E-6   8.2906E-6 -2.1493E-6  1.0877E-6  79.653E-6  21.082E-6 -10.804E-6  6.3861E-6 -83.201E-6 -56.778E-6  104.71E-6  2.3652E-6 
 13.8E-9   -20.197E-9  1.7999     1.8001     1.7999     1.7999     1.801     -34.498E-6  5.0668E-6  7.1135E-6  96.057E-9 -29.852E-6  3.4609E-6  19.056E-6  16.496E-6  24.087E-6  27.272E-6 -89.594E-6  12.432E-6 
 13.9E-9   -20.163E-9  1.8        1.8001     1.8001     1.8        1.8       -293.96E-6 -13.231E-6  5.4959E-6  14.335E-6  8.1934E-6 -22.816E-6 -9.7947E-6  12.E-6     65.876E-6  79.689E-6 -112.19E-6 -5.8598E-6 
 14.E-9    -21.691E-9  1.8        1.7999     1.8        1.7999     1.7999    -0.0016216 -35.513E-6 -25.672E-6  54.697E-6 -62.453E-6  6.2638E-6  1.0772E-6 -14.514E-6  89.56E-6   49.116E-6 -121.01E-6 -25.915E-6 
 14.1E-9    11.935E-9  1.8        1.8001     1.8001     1.8002     1.8001    -0.0049355  41.974E-6  190.89E-6 -34.622E-6  108.36E-6 -8.9653E-6  30.818E-6  30.388E-6 -70.768E-6 -108.E-6    99.023E-6  35.71E-6  
 14.2E-9    11.544E-9  1.8        1.7998     1.7999     1.7999     1.8001     0.035842   265.2E-6  -0.0080613 -0.0097498  59.571E-6  21.063E-6  12.324E-6 -11.467E-6 -29.718E-6 -78.654E-6  102.07E-6  17.822E-6 
 14.3E-9    9.674E-9   1.8        1.8        1.7998     1.8001     1.7999     1.4002    -0.0054543  0.25669    0.28199    81.011E-6 -16.501E-6 -14.7E-6    3.5493E-6 -32.616E-6 -47.624E-6  119.65E-6  36.757E-6 
 14.4E-9    11.538E-9  1.8        1.8001     1.8002     1.7999     1.7998     1.7991     0.14924    1.1592     0.97392    88.419E-6 -4.8443E-6  751.71E-9  11.77E-6  -64.149E-6 -39.819E-6  113.8E-6   29.228E-6 
 14.5E-9   -21.709E-9  1.8        1.7999     1.7999     1.8001     1.8002     1.8        1.3807     1.6586     1.4843    -44.472E-6  6.6032E-6 -1.603E-6  -21.543E-6  88.793E-6  56.81E-6  -132.98E-6  7.6179E-6 
 14.6E-9   -19.456E-9  1.8        1.8        1.8001     1.8        1.8        1.7999     1.7796     1.7813     1.7084    -46.128E-6 -4.3848E-6  10.815E-6 -607.32E-9  47.852E-6  71.604E-6 -144.83E-6 -21.527E-6 
 14.7E-9   -20.185E-9  1.8        1.8        1.7999     1.7999     1.8001     1.7999     1.7996     1.7976     1.7775    -41.581E-6 -17.713E-6 -20.708E-6  10.663E-6  69.045E-6  89.526E-6 -138.28E-6  6.104E-6  
 14.8E-9   -21.978E-9  1.8        1.8001     1.8001     1.8001     1.7999     1.7999     1.7999     1.7997     1.7945     14.908E-6  8.424E-6   8.2338E-6 -16.969E-6  38.223E-6  50.423E-6 -128.44E-6  1.2833E-6 
 14.9E-9   -23.753E-9  1.8        1.8        1.8001     1.8001     1.8001     1.7999     1.8        1.7999     1.7987     94.131E-6 -4.0652E-6 -17.583E-6 -497.03E-9  48.327E-6  55.348E-6 -128.28E-6  4.9738E-6 
 15.E-9     10.938E-9  1.7999     1.8        1.8001     1.7999     1.8        1.8002     1.8001     1.8        1.7997    -74.924E-6 -19.89E-6   11.801E-6  35.088E-6 -63.735E-6 -74.918E-6  157.16E-6  12.308E-6 
 15.1E-9   -24.679E-9  1.8        1.8001     1.8        1.8001     1.8001     1.7999     1.7999     1.8        1.7999    -0.0036183 -10.24E-6   2.1732E-6 -731.37E-9  75.493E-6  62.022E-6 -147.67E-6 -21.013E-6 
 15.2E-9    11.195E-9  1.8        1.7999     1.8        1.7999     1.7999     1.8001     1.8        1.8        1.8        0.083323   6.9864E-6 -5.0334E-6 -1.2214E-6 -60.748E-6 -57.422E-6  92.305E-6  2.3121E-6 
 15.3E-9   -26.869E-9  1.7997     1.8001     1.8        1.8001     1.8001     1.7998     1.8        1.8        1.8        1.2797    -12.573E-6  4.3826E-6  54.403E-6  50.505E-6  167.52E-6 -103.19E-6 -1.2564E-6 
 15.4E-9    4.8969E-9  1.7165     1.7999     1.8        1.8        1.7999     1.8002     1.8        1.8        1.8        1.9405     113.33E-6  168.24E-6  91.454E-6  135.36E-6 -389.5E-6   168.05E-6  115.34E-6 
 15.5E-9    10.413E-9  1.0539     1.8001     1.7999     1.7999     1.7999     1.8001     1.8001     1.8        1.8        1.8065    -879.94E-6 -0.0026651 -0.0097522 -0.0026565 -0.014905  -162.85E-6 -200.44E-6 
 15.6E-9   -28.614E-9  0.24383    1.7999     1.8001     1.8        1.8001     1.7998     1.7999     1.7999     1.8        1.7999    -0.0077073  0.04173    0.30565    0.019762   1.4308    -0.017795  -0.0072818 
 15.7E-9   -29.592E-9  0.019595   1.8001     1.7999     1.7999     1.8001     1.7998     1.8        1.7999     1.8        1.7999     0.39132    0.77556    1.1017     1.6763     1.7997     1.2556     0.19848   
 15.8E-9    13.309E-9  0.0012099  1.7999     1.7999     1.7999     1.7999     1.8001     1.8001     1.8001     1.8        1.8001     1.0019     1.4447     1.5988     1.8        1.7999     1.7998     1.2451    
 15.9E-9    17.057E-9  85.989E-6  1.8001     1.8        1.8        1.8        1.7999     1.7999     1.7999     1.8        1.8001     1.4585     1.7195     1.7577     1.7999     1.7999     1.7998     1.7293    
 16.E-9     18.541E-9 -8.4587E-6  1.7999     1.8001     1.8001     1.8001     1.8001     1.7999     1.8        1.8        1.8001     1.6832     1.786      1.7923     1.7999     1.7999     1.8        1.7949    
